<?xml version="1.0" encoding="UTF-8"?>
<testsuite xmlns:xsi="http://www.w3.org/2001/XMLSchema-instance" xsi:noNamespaceSchemaLocation="https://maven.apache.org/surefire/maven-surefire-plugin/xsd/surefire-test-report-3.0.xsd" version="3.0" name="TestSuite" time="10.956" tests="3" errors="0" skipped="0" failures="0">
  <properties>
    <property name="java.specification.version" value="16"/>
    <property name="sun.jnu.encoding" value="UTF-8"/>
    <property name="java.class.path" value="/Users/jonaksindhudas/.m2/repository/org/apache/maven/surefire/surefire-booter/3.0.0/surefire-booter-3.0.0.jar:/Users/jonaksindhudas/.m2/repository/org/apache/maven/surefire/surefire-api/3.0.0/surefire-api-3.0.0.jar:/Users/jonaksindhudas/.m2/repository/org/apache/maven/surefire/surefire-extensions-spi/3.0.0/surefire-extensions-spi-3.0.0.jar:/Users/jonaksindhudas/.m2/repository/org/apache/maven/surefire/surefire-logger-api/3.0.0/surefire-logger-api-3.0.0.jar:/Users/jonaksindhudas/.m2/repository/org/apache/maven/surefire/surefire-shared-utils/3.0.0/surefire-shared-utils-3.0.0.jar:/Users/jonaksindhudas/Desktop/api-health-monitor-bot/target/test-classes:/Users/jonaksindhudas/Desktop/api-health-monitor-bot/target/classes:/Users/jonaksindhudas/.m2/repository/org/springframework/boot/spring-boot-starter-web/2.7.18/spring-boot-starter-web-2.7.18.jar:/Users/jonaksindhudas/.m2/repository/org/springframework/boot/spring-boot-starter/2.7.18/spring-boot-starter-2.7.18.jar:/Users/jonaksindhudas/.m2/repository/org/springframework/boot/spring-boot/2.7.18/spring-boot-2.7.18.jar:/Users/jonaksindhudas/.m2/repository/org/springframework/boot/spring-boot-autoconfigure/2.7.18/spring-boot-autoconfigure-2.7.18.jar:/Users/jonaksindhudas/.m2/repository/org/springframework/boot/spring-boot-starter-logging/2.7.18/spring-boot-starter-logging-2.7.18.jar:/Users/jonaksindhudas/.m2/repository/ch/qos/logback/logback-classic/1.2.12/logback-classic-1.2.12.jar:/Users/jonaksindhudas/.m2/repository/ch/qos/logback/logback-core/1.2.12/logback-core-1.2.12.jar:/Users/jonaksindhudas/.m2/repository/org/apache/logging/log4j/log4j-to-slf4j/2.17.2/log4j-to-slf4j-2.17.2.jar:/Users/jonaksindhudas/.m2/repository/org/apache/logging/log4j/log4j-api/2.17.2/log4j-api-2.17.2.jar:/Users/jonaksindhudas/.m2/repository/org/slf4j/jul-to-slf4j/1.7.36/jul-to-slf4j-1.7.36.jar:/Users/jonaksindhudas/.m2/repository/jakarta/annotation/jakarta.annotation-api/1.3.5/jakarta.annotation-api-1.3.5.jar:/Users/jonaksindhudas/.m2/repository/org/yaml/snakeyaml/1.30/snakeyaml-1.30.jar:/Users/jonaksindhudas/.m2/repository/org/springframework/boot/spring-boot-starter-json/2.7.18/spring-boot-starter-json-2.7.18.jar:/Users/jonaksindhudas/.m2/repository/com/fasterxml/jackson/datatype/jackson-datatype-jdk8/2.13.5/jackson-datatype-jdk8-2.13.5.jar:/Users/jonaksindhudas/.m2/repository/com/fasterxml/jackson/datatype/jackson-datatype-jsr310/2.13.5/jackson-datatype-jsr310-2.13.5.jar:/Users/jonaksindhudas/.m2/repository/com/fasterxml/jackson/module/jackson-module-parameter-names/2.13.5/jackson-module-parameter-names-2.13.5.jar:/Users/jonaksindhudas/.m2/repository/org/springframework/boot/spring-boot-starter-tomcat/2.7.18/spring-boot-starter-tomcat-2.7.18.jar:/Users/jonaksindhudas/.m2/repository/org/apache/tomcat/embed/tomcat-embed-core/9.0.83/tomcat-embed-core-9.0.83.jar:/Users/jonaksindhudas/.m2/repository/org/apache/tomcat/embed/tomcat-embed-websocket/9.0.83/tomcat-embed-websocket-9.0.83.jar:/Users/jonaksindhudas/.m2/repository/org/springframework/spring-web/5.3.31/spring-web-5.3.31.jar:/Users/jonaksindhudas/.m2/repository/org/springframework/spring-beans/5.3.31/spring-beans-5.3.31.jar:/Users/jonaksindhudas/.m2/repository/org/springframework/spring-webmvc/5.3.31/spring-webmvc-5.3.31.jar:/Users/jonaksindhudas/.m2/repository/org/springframework/spring-aop/5.3.31/spring-aop-5.3.31.jar:/Users/jonaksindhudas/.m2/repository/org/springframework/spring-context/5.3.31/spring-context-5.3.31.jar:/Users/jonaksindhudas/.m2/repository/org/springframework/spring-expression/5.3.31/spring-expression-5.3.31.jar:/Users/jonaksindhudas/.m2/repository/org/springframework/boot/spring-boot-starter-validation/2.7.18/spring-boot-starter-validation-2.7.18.jar:/Users/jonaksindhudas/.m2/repository/org/apache/tomcat/embed/tomcat-embed-el/9.0.83/tomcat-embed-el-9.0.83.jar:/Users/jonaksindhudas/.m2/repository/org/hibernate/validator/hibernate-validator/6.2.5.Final/hibernate-validator-6.2.5.Final.jar:/Users/jonaksindhudas/.m2/repository/jakarta/validation/jakarta.validation-api/2.0.2/jakarta.validation-api-2.0.2.jar:/Users/jonaksindhudas/.m2/repository/org/jboss/logging/jboss-logging/3.4.3.Final/jboss-logging-3.4.3.Final.jar:/Users/jonaksindhudas/.m2/repository/com/fasterxml/classmate/1.5.1/classmate-1.5.1.jar:/Users/jonaksindhudas/.m2/repository/org/projectlombok/lombok/1.18.30/lombok-1.18.30.jar:/Users/jonaksindhudas/.m2/repository/org/springframework/boot/spring-boot-starter-test/2.7.18/spring-boot-starter-test-2.7.18.jar:/Users/jonaksindhudas/.m2/repository/org/springframework/boot/spring-boot-test/2.7.18/spring-boot-test-2.7.18.jar:/Users/jonaksindhudas/.m2/repository/org/springframework/boot/spring-boot-test-autoconfigure/2.7.18/spring-boot-test-autoconfigure-2.7.18.jar:/Users/jonaksindhudas/.m2/repository/com/jayway/jsonpath/json-path/2.7.0/json-path-2.7.0.jar:/Users/jonaksindhudas/.m2/repository/net/minidev/json-smart/2.4.11/json-smart-2.4.11.jar:/Users/jonaksindhudas/.m2/repository/net/minidev/accessors-smart/2.4.11/accessors-smart-2.4.11.jar:/Users/jonaksindhudas/.m2/repository/org/ow2/asm/asm/9.3/asm-9.3.jar:/Users/jonaksindhudas/.m2/repository/jakarta/xml/bind/jakarta.xml.bind-api/2.3.3/jakarta.xml.bind-api-2.3.3.jar:/Users/jonaksindhudas/.m2/repository/jakarta/activation/jakarta.activation-api/1.2.2/jakarta.activation-api-1.2.2.jar:/Users/jonaksindhudas/.m2/repository/org/assertj/assertj-core/3.22.0/assertj-core-3.22.0.jar:/Users/jonaksindhudas/.m2/repository/org/hamcrest/hamcrest/2.2/hamcrest-2.2.jar:/Users/jonaksindhudas/.m2/repository/org/junit/jupiter/junit-jupiter/5.8.2/junit-jupiter-5.8.2.jar:/Users/jonaksindhudas/.m2/repository/org/junit/jupiter/junit-jupiter-api/5.8.2/junit-jupiter-api-5.8.2.jar:/Users/jonaksindhudas/.m2/repository/org/opentest4j/opentest4j/1.2.0/opentest4j-1.2.0.jar:/Users/jonaksindhudas/.m2/repository/org/junit/platform/junit-platform-commons/1.8.2/junit-platform-commons-1.8.2.jar:/Users/jonaksindhudas/.m2/repository/org/apiguardian/apiguardian-api/1.1.2/apiguardian-api-1.1.2.jar:/Users/jonaksindhudas/.m2/repository/org/junit/jupiter/junit-jupiter-params/5.8.2/junit-jupiter-params-5.8.2.jar:/Users/jonaksindhudas/.m2/repository/org/junit/jupiter/junit-jupiter-engine/5.8.2/junit-jupiter-engine-5.8.2.jar:/Users/jonaksindhudas/.m2/repository/org/junit/platform/junit-platform-engine/1.8.2/junit-platform-engine-1.8.2.jar:/Users/jonaksindhudas/.m2/repository/org/mockito/mockito-core/4.5.1/mockito-core-4.5.1.jar:/Users/jonaksindhudas/.m2/repository/net/bytebuddy/byte-buddy/1.12.23/byte-buddy-1.12.23.jar:/Users/jonaksindhudas/.m2/repository/net/bytebuddy/byte-buddy-agent/1.12.23/byte-buddy-agent-1.12.23.jar:/Users/jonaksindhudas/.m2/repository/org/objenesis/objenesis/3.2/objenesis-3.2.jar:/Users/jonaksindhudas/.m2/repository/org/mockito/mockito-junit-jupiter/4.5.1/mockito-junit-jupiter-4.5.1.jar:/Users/jonaksindhudas/.m2/repository/org/skyscreamer/jsonassert/1.5.1/jsonassert-1.5.1.jar:/Users/jonaksindhudas/.m2/repository/com/vaadin/external/google/android-json/0.0.20131108.vaadin1/android-json-0.0.20131108.vaadin1.jar:/Users/jonaksindhudas/.m2/repository/org/springframework/spring-core/5.3.31/spring-core-5.3.31.jar:/Users/jonaksindhudas/.m2/repository/org/springframework/spring-jcl/5.3.31/spring-jcl-5.3.31.jar:/Users/jonaksindhudas/.m2/repository/org/springframework/spring-test/5.3.31/spring-test-5.3.31.jar:/Users/jonaksindhudas/.m2/repository/org/xmlunit/xmlunit-core/2.9.1/xmlunit-core-2.9.1.jar:/Users/jonaksindhudas/.m2/repository/com/fasterxml/jackson/core/jackson-databind/2.13.4.2/jackson-databind-2.13.4.2.jar:/Users/jonaksindhudas/.m2/repository/com/fasterxml/jackson/core/jackson-annotations/2.13.5/jackson-annotations-2.13.5.jar:/Users/jonaksindhudas/.m2/repository/com/fasterxml/jackson/core/jackson-core/2.13.5/jackson-core-2.13.5.jar:/Users/jonaksindhudas/.m2/repository/org/json/json/20231013/json-20231013.jar:/Users/jonaksindhudas/.m2/repository/io/rest-assured/rest-assured/4.5.1/rest-assured-4.5.1.jar:/Users/jonaksindhudas/.m2/repository/org/codehaus/groovy/groovy/3.0.19/groovy-3.0.19.jar:/Users/jonaksindhudas/.m2/repository/org/codehaus/groovy/groovy-xml/3.0.19/groovy-xml-3.0.19.jar:/Users/jonaksindhudas/.m2/repository/org/apache/httpcomponents/httpclient/4.5.14/httpclient-4.5.14.jar:/Users/jonaksindhudas/.m2/repository/org/apache/httpcomponents/httpcore/4.4.16/httpcore-4.4.16.jar:/Users/jonaksindhudas/.m2/repository/commons-codec/commons-codec/1.15/commons-codec-1.15.jar:/Users/jonaksindhudas/.m2/repository/org/apache/httpcomponents/httpmime/4.5.14/httpmime-4.5.14.jar:/Users/jonaksindhudas/.m2/repository/org/ccil/cowan/tagsoup/tagsoup/1.2.1/tagsoup-1.2.1.jar:/Users/jonaksindhudas/.m2/repository/io/rest-assured/json-path/4.5.1/json-path-4.5.1.jar:/Users/jonaksindhudas/.m2/repository/org/codehaus/groovy/groovy-json/3.0.19/groovy-json-3.0.19.jar:/Users/jonaksindhudas/.m2/repository/io/rest-assured/rest-assured-common/4.5.1/rest-assured-common-4.5.1.jar:/Users/jonaksindhudas/.m2/repository/io/rest-assured/xml-path/4.5.1/xml-path-4.5.1.jar:/Users/jonaksindhudas/.m2/repository/org/apache/commons/commons-lang3/3.12.0/commons-lang3-3.12.0.jar:/Users/jonaksindhudas/.m2/repository/com/aventstack/extentreports/5.0.9/extentreports-5.0.9.jar:/Users/jonaksindhudas/.m2/repository/io/reactivex/rxjava3/rxjava/3.0.4/rxjava-3.0.4.jar:/Users/jonaksindhudas/.m2/repository/org/reactivestreams/reactive-streams/1.0.4/reactive-streams-1.0.4.jar:/Users/jonaksindhudas/.m2/repository/org/freemarker/freemarker/2.3.32/freemarker-2.3.32.jar:/Users/jonaksindhudas/.m2/repository/com/google/code/gson/gson/2.9.1/gson-2.9.1.jar:/Users/jonaksindhudas/.m2/repository/org/testng/testng/7.7.1/testng-7.7.1.jar:/Users/jonaksindhudas/.m2/repository/org/slf4j/slf4j-api/1.7.36/slf4j-api-1.7.36.jar:/Users/jonaksindhudas/.m2/repository/com/beust/jcommander/1.82/jcommander-1.82.jar:/Users/jonaksindhudas/.m2/repository/org/webjars/jquery/3.6.1/jquery-3.6.1.jar:/Users/jonaksindhudas/.m2/repository/com/networknt/json-schema-validator/1.0.83/json-schema-validator-1.0.83.jar:/Users/jonaksindhudas/.m2/repository/com/ethlo/time/itu/1.7.0/itu-1.7.0.jar:/Users/jonaksindhudas/.m2/repository/com/fasterxml/jackson/dataformat/jackson-dataformat-yaml/2.13.5/jackson-dataformat-yaml-2.13.5.jar:/Users/jonaksindhudas/.m2/repository/org/apache/maven/surefire/surefire-testng/3.0.0/surefire-testng-3.0.0.jar:/Users/jonaksindhudas/.m2/repository/org/apache/maven/surefire/common-java5/3.0.0/common-java5-3.0.0.jar:/Users/jonaksindhudas/.m2/repository/org/apache/maven/surefire/surefire-testng-utils/3.0.0/surefire-testng-utils-3.0.0.jar:/Users/jonaksindhudas/.m2/repository/org/apache/maven/surefire/surefire-grouper/3.0.0/surefire-grouper-3.0.0.jar"/>
    <property name="java.vm.vendor" value="Oracle Corporation"/>
    <property name="sun.arch.data.model" value="64"/>
    <property name="java.vendor.url" value="https://java.oracle.com/"/>
    <property name="user.timezone" value="Asia/Kolkata"/>
    <property name="os.name" value="Mac OS X"/>
    <property name="java.vm.specification.version" value="16"/>
    <property name="sun.java.launcher" value="SUN_STANDARD"/>
    <property name="user.country" value="US"/>
    <property name="sun.boot.library.path" value="/Library/Java/JavaVirtualMachines/jdk-16.0.1.jdk/Contents/Home/lib"/>
    <property name="sun.java.command" value="org.apache.maven.surefire.booter.ForkedBooter /Users/jonaksindhudas/Desktop/api-health-monitor-bot/target/surefire 2025-05-21T00-20-57_433-jvmRun1 surefire-20250521002057579_1tmp surefire_0-20250521002057579_2tmp"/>
    <property name="http.nonProxyHosts" value="local|*.local|169.254/16|*.169.254/16"/>
    <property name="jdk.debug" value="release"/>
    <property name="surefire.test.class.path" value="/Users/jonaksindhudas/Desktop/api-health-monitor-bot/target/test-classes:/Users/jonaksindhudas/Desktop/api-health-monitor-bot/target/classes:/Users/jonaksindhudas/.m2/repository/org/springframework/boot/spring-boot-starter-web/2.7.18/spring-boot-starter-web-2.7.18.jar:/Users/jonaksindhudas/.m2/repository/org/springframework/boot/spring-boot-starter/2.7.18/spring-boot-starter-2.7.18.jar:/Users/jonaksindhudas/.m2/repository/org/springframework/boot/spring-boot/2.7.18/spring-boot-2.7.18.jar:/Users/jonaksindhudas/.m2/repository/org/springframework/boot/spring-boot-autoconfigure/2.7.18/spring-boot-autoconfigure-2.7.18.jar:/Users/jonaksindhudas/.m2/repository/org/springframework/boot/spring-boot-starter-logging/2.7.18/spring-boot-starter-logging-2.7.18.jar:/Users/jonaksindhudas/.m2/repository/ch/qos/logback/logback-classic/1.2.12/logback-classic-1.2.12.jar:/Users/jonaksindhudas/.m2/repository/ch/qos/logback/logback-core/1.2.12/logback-core-1.2.12.jar:/Users/jonaksindhudas/.m2/repository/org/apache/logging/log4j/log4j-to-slf4j/2.17.2/log4j-to-slf4j-2.17.2.jar:/Users/jonaksindhudas/.m2/repository/org/apache/logging/log4j/log4j-api/2.17.2/log4j-api-2.17.2.jar:/Users/jonaksindhudas/.m2/repository/org/slf4j/jul-to-slf4j/1.7.36/jul-to-slf4j-1.7.36.jar:/Users/jonaksindhudas/.m2/repository/jakarta/annotation/jakarta.annotation-api/1.3.5/jakarta.annotation-api-1.3.5.jar:/Users/jonaksindhudas/.m2/repository/org/yaml/snakeyaml/1.30/snakeyaml-1.30.jar:/Users/jonaksindhudas/.m2/repository/org/springframework/boot/spring-boot-starter-json/2.7.18/spring-boot-starter-json-2.7.18.jar:/Users/jonaksindhudas/.m2/repository/com/fasterxml/jackson/datatype/jackson-datatype-jdk8/2.13.5/jackson-datatype-jdk8-2.13.5.jar:/Users/jonaksindhudas/.m2/repository/com/fasterxml/jackson/datatype/jackson-datatype-jsr310/2.13.5/jackson-datatype-jsr310-2.13.5.jar:/Users/jonaksindhudas/.m2/repository/com/fasterxml/jackson/module/jackson-module-parameter-names/2.13.5/jackson-module-parameter-names-2.13.5.jar:/Users/jonaksindhudas/.m2/repository/org/springframework/boot/spring-boot-starter-tomcat/2.7.18/spring-boot-starter-tomcat-2.7.18.jar:/Users/jonaksindhudas/.m2/repository/org/apache/tomcat/embed/tomcat-embed-core/9.0.83/tomcat-embed-core-9.0.83.jar:/Users/jonaksindhudas/.m2/repository/org/apache/tomcat/embed/tomcat-embed-websocket/9.0.83/tomcat-embed-websocket-9.0.83.jar:/Users/jonaksindhudas/.m2/repository/org/springframework/spring-web/5.3.31/spring-web-5.3.31.jar:/Users/jonaksindhudas/.m2/repository/org/springframework/spring-beans/5.3.31/spring-beans-5.3.31.jar:/Users/jonaksindhudas/.m2/repository/org/springframework/spring-webmvc/5.3.31/spring-webmvc-5.3.31.jar:/Users/jonaksindhudas/.m2/repository/org/springframework/spring-aop/5.3.31/spring-aop-5.3.31.jar:/Users/jonaksindhudas/.m2/repository/org/springframework/spring-context/5.3.31/spring-context-5.3.31.jar:/Users/jonaksindhudas/.m2/repository/org/springframework/spring-expression/5.3.31/spring-expression-5.3.31.jar:/Users/jonaksindhudas/.m2/repository/org/springframework/boot/spring-boot-starter-validation/2.7.18/spring-boot-starter-validation-2.7.18.jar:/Users/jonaksindhudas/.m2/repository/org/apache/tomcat/embed/tomcat-embed-el/9.0.83/tomcat-embed-el-9.0.83.jar:/Users/jonaksindhudas/.m2/repository/org/hibernate/validator/hibernate-validator/6.2.5.Final/hibernate-validator-6.2.5.Final.jar:/Users/jonaksindhudas/.m2/repository/jakarta/validation/jakarta.validation-api/2.0.2/jakarta.validation-api-2.0.2.jar:/Users/jonaksindhudas/.m2/repository/org/jboss/logging/jboss-logging/3.4.3.Final/jboss-logging-3.4.3.Final.jar:/Users/jonaksindhudas/.m2/repository/com/fasterxml/classmate/1.5.1/classmate-1.5.1.jar:/Users/jonaksindhudas/.m2/repository/org/projectlombok/lombok/1.18.30/lombok-1.18.30.jar:/Users/jonaksindhudas/.m2/repository/org/springframework/boot/spring-boot-starter-test/2.7.18/spring-boot-starter-test-2.7.18.jar:/Users/jonaksindhudas/.m2/repository/org/springframework/boot/spring-boot-test/2.7.18/spring-boot-test-2.7.18.jar:/Users/jonaksindhudas/.m2/repository/org/springframework/boot/spring-boot-test-autoconfigure/2.7.18/spring-boot-test-autoconfigure-2.7.18.jar:/Users/jonaksindhudas/.m2/repository/com/jayway/jsonpath/json-path/2.7.0/json-path-2.7.0.jar:/Users/jonaksindhudas/.m2/repository/net/minidev/json-smart/2.4.11/json-smart-2.4.11.jar:/Users/jonaksindhudas/.m2/repository/net/minidev/accessors-smart/2.4.11/accessors-smart-2.4.11.jar:/Users/jonaksindhudas/.m2/repository/org/ow2/asm/asm/9.3/asm-9.3.jar:/Users/jonaksindhudas/.m2/repository/jakarta/xml/bind/jakarta.xml.bind-api/2.3.3/jakarta.xml.bind-api-2.3.3.jar:/Users/jonaksindhudas/.m2/repository/jakarta/activation/jakarta.activation-api/1.2.2/jakarta.activation-api-1.2.2.jar:/Users/jonaksindhudas/.m2/repository/org/assertj/assertj-core/3.22.0/assertj-core-3.22.0.jar:/Users/jonaksindhudas/.m2/repository/org/hamcrest/hamcrest/2.2/hamcrest-2.2.jar:/Users/jonaksindhudas/.m2/repository/org/junit/jupiter/junit-jupiter/5.8.2/junit-jupiter-5.8.2.jar:/Users/jonaksindhudas/.m2/repository/org/junit/jupiter/junit-jupiter-api/5.8.2/junit-jupiter-api-5.8.2.jar:/Users/jonaksindhudas/.m2/repository/org/opentest4j/opentest4j/1.2.0/opentest4j-1.2.0.jar:/Users/jonaksindhudas/.m2/repository/org/junit/platform/junit-platform-commons/1.8.2/junit-platform-commons-1.8.2.jar:/Users/jonaksindhudas/.m2/repository/org/apiguardian/apiguardian-api/1.1.2/apiguardian-api-1.1.2.jar:/Users/jonaksindhudas/.m2/repository/org/junit/jupiter/junit-jupiter-params/5.8.2/junit-jupiter-params-5.8.2.jar:/Users/jonaksindhudas/.m2/repository/org/junit/jupiter/junit-jupiter-engine/5.8.2/junit-jupiter-engine-5.8.2.jar:/Users/jonaksindhudas/.m2/repository/org/junit/platform/junit-platform-engine/1.8.2/junit-platform-engine-1.8.2.jar:/Users/jonaksindhudas/.m2/repository/org/mockito/mockito-core/4.5.1/mockito-core-4.5.1.jar:/Users/jonaksindhudas/.m2/repository/net/bytebuddy/byte-buddy/1.12.23/byte-buddy-1.12.23.jar:/Users/jonaksindhudas/.m2/repository/net/bytebuddy/byte-buddy-agent/1.12.23/byte-buddy-agent-1.12.23.jar:/Users/jonaksindhudas/.m2/repository/org/objenesis/objenesis/3.2/objenesis-3.2.jar:/Users/jonaksindhudas/.m2/repository/org/mockito/mockito-junit-jupiter/4.5.1/mockito-junit-jupiter-4.5.1.jar:/Users/jonaksindhudas/.m2/repository/org/skyscreamer/jsonassert/1.5.1/jsonassert-1.5.1.jar:/Users/jonaksindhudas/.m2/repository/com/vaadin/external/google/android-json/0.0.20131108.vaadin1/android-json-0.0.20131108.vaadin1.jar:/Users/jonaksindhudas/.m2/repository/org/springframework/spring-core/5.3.31/spring-core-5.3.31.jar:/Users/jonaksindhudas/.m2/repository/org/springframework/spring-jcl/5.3.31/spring-jcl-5.3.31.jar:/Users/jonaksindhudas/.m2/repository/org/springframework/spring-test/5.3.31/spring-test-5.3.31.jar:/Users/jonaksindhudas/.m2/repository/org/xmlunit/xmlunit-core/2.9.1/xmlunit-core-2.9.1.jar:/Users/jonaksindhudas/.m2/repository/com/fasterxml/jackson/core/jackson-databind/2.13.4.2/jackson-databind-2.13.4.2.jar:/Users/jonaksindhudas/.m2/repository/com/fasterxml/jackson/core/jackson-annotations/2.13.5/jackson-annotations-2.13.5.jar:/Users/jonaksindhudas/.m2/repository/com/fasterxml/jackson/core/jackson-core/2.13.5/jackson-core-2.13.5.jar:/Users/jonaksindhudas/.m2/repository/org/json/json/20231013/json-20231013.jar:/Users/jonaksindhudas/.m2/repository/io/rest-assured/rest-assured/4.5.1/rest-assured-4.5.1.jar:/Users/jonaksindhudas/.m2/repository/org/codehaus/groovy/groovy/3.0.19/groovy-3.0.19.jar:/Users/jonaksindhudas/.m2/repository/org/codehaus/groovy/groovy-xml/3.0.19/groovy-xml-3.0.19.jar:/Users/jonaksindhudas/.m2/repository/org/apache/httpcomponents/httpclient/4.5.14/httpclient-4.5.14.jar:/Users/jonaksindhudas/.m2/repository/org/apache/httpcomponents/httpcore/4.4.16/httpcore-4.4.16.jar:/Users/jonaksindhudas/.m2/repository/commons-codec/commons-codec/1.15/commons-codec-1.15.jar:/Users/jonaksindhudas/.m2/repository/org/apache/httpcomponents/httpmime/4.5.14/httpmime-4.5.14.jar:/Users/jonaksindhudas/.m2/repository/org/ccil/cowan/tagsoup/tagsoup/1.2.1/tagsoup-1.2.1.jar:/Users/jonaksindhudas/.m2/repository/io/rest-assured/json-path/4.5.1/json-path-4.5.1.jar:/Users/jonaksindhudas/.m2/repository/org/codehaus/groovy/groovy-json/3.0.19/groovy-json-3.0.19.jar:/Users/jonaksindhudas/.m2/repository/io/rest-assured/rest-assured-common/4.5.1/rest-assured-common-4.5.1.jar:/Users/jonaksindhudas/.m2/repository/io/rest-assured/xml-path/4.5.1/xml-path-4.5.1.jar:/Users/jonaksindhudas/.m2/repository/org/apache/commons/commons-lang3/3.12.0/commons-lang3-3.12.0.jar:/Users/jonaksindhudas/.m2/repository/com/aventstack/extentreports/5.0.9/extentreports-5.0.9.jar:/Users/jonaksindhudas/.m2/repository/io/reactivex/rxjava3/rxjava/3.0.4/rxjava-3.0.4.jar:/Users/jonaksindhudas/.m2/repository/org/reactivestreams/reactive-streams/1.0.4/reactive-streams-1.0.4.jar:/Users/jonaksindhudas/.m2/repository/org/freemarker/freemarker/2.3.32/freemarker-2.3.32.jar:/Users/jonaksindhudas/.m2/repository/com/google/code/gson/gson/2.9.1/gson-2.9.1.jar:/Users/jonaksindhudas/.m2/repository/org/testng/testng/7.7.1/testng-7.7.1.jar:/Users/jonaksindhudas/.m2/repository/org/slf4j/slf4j-api/1.7.36/slf4j-api-1.7.36.jar:/Users/jonaksindhudas/.m2/repository/com/beust/jcommander/1.82/jcommander-1.82.jar:/Users/jonaksindhudas/.m2/repository/org/webjars/jquery/3.6.1/jquery-3.6.1.jar:/Users/jonaksindhudas/.m2/repository/com/networknt/json-schema-validator/1.0.83/json-schema-validator-1.0.83.jar:/Users/jonaksindhudas/.m2/repository/com/ethlo/time/itu/1.7.0/itu-1.7.0.jar:/Users/jonaksindhudas/.m2/repository/com/fasterxml/jackson/dataformat/jackson-dataformat-yaml/2.13.5/jackson-dataformat-yaml-2.13.5.jar:"/>
    <property name="sun.cpu.endian" value="little"/>
    <property name="user.home" value="/Users/jonaksindhudas"/>
    <property name="user.language" value="en"/>
    <property name="java.specification.vendor" value="Oracle Corporation"/>
    <property name="java.version.date" value="2021-04-20"/>
    <property name="java.home" value="/Library/Java/JavaVirtualMachines/jdk-16.0.1.jdk/Contents/Home"/>
    <property name="file.separator" value="/"/>
    <property name="basedir" value="/Users/jonaksindhudas/Desktop/api-health-monitor-bot"/>
    <property name="java.vm.compressedOopsMode" value="Zero based"/>
    <property name="line.separator" value="&#10;"/>
    <property name="java.specification.name" value="Java Platform API Specification"/>
    <property name="java.vm.specification.vendor" value="Oracle Corporation"/>
    <property name="sun.management.compiler" value="HotSpot 64-Bit Tiered Compilers"/>
    <property name="ftp.nonProxyHosts" value="local|*.local|169.254/16|*.169.254/16"/>
    <property name="java.runtime.version" value="16.0.1+9-24"/>
    <property name="user.name" value="jonaksindhudas"/>
    <property name="path.separator" value=":"/>
    <property name="os.version" value="11.2"/>
    <property name="java.runtime.name" value="Java(TM) SE Runtime Environment"/>
    <property name="file.encoding" value="UTF-8"/>
    <property name="java.vm.name" value="Java HotSpot(TM) 64-Bit Server VM"/>
    <property name="localRepository" value="/Users/jonaksindhudas/.m2/repository"/>
    <property name="java.vendor.url.bug" value="https://bugreport.java.com/bugreport/"/>
    <property name="java.io.tmpdir" value="/var/folders/65/_g3qszxs28g6jmx2nkxf12h80000gn/T/"/>
    <property name="java.version" value="16.0.1"/>
    <property name="user.dir" value="/Users/jonaksindhudas/Desktop/api-health-monitor-bot"/>
    <property name="os.arch" value="x86_64"/>
    <property name="java.vm.specification.name" value="Java Virtual Machine Specification"/>
    <property name="java.library.path" value="/Users/jonaksindhudas/Library/Java/Extensions:/Library/Java/Extensions:/Network/Library/Java/Extensions:/System/Library/Java/Extensions:/usr/lib/java:."/>
    <property name="java.vm.info" value="mixed mode, sharing"/>
    <property name="java.vendor" value="Oracle Corporation"/>
    <property name="java.vm.version" value="16.0.1+9-24"/>
    <property name="sun.io.unicode.encoding" value="UnicodeBig"/>
    <property name="socksNonProxyHosts" value="local|*.local|169.254/16|*.169.254/16"/>
    <property name="java.class.version" value="60.0"/>
  </properties>
  <testcase name="testCoinDeskAPI" classname="com.healthmonitor.api.HealthCheckerTest" time="5.474">
    <system-out><![CDATA[00:20:58.502 [main] DEBUG org.testng.TestNG - suiteXmlPath: "/Users/jonaksindhudas/Desktop/api-health-monitor-bot/testng.xml"
00:21:02.775 [main] DEBUG org.apache.http.impl.conn.BasicClientConnectionManager - Get connection for route {s}->https://api.coindesk.com:443
00:21:02.912 [main] DEBUG org.apache.http.impl.conn.DefaultClientConnection - Connection org.apache.http.impl.conn.DefaultClientConnection@423b2b62 closed
00:21:02.912 [main] DEBUG org.apache.http.impl.conn.DefaultClientConnection - Connection org.apache.http.impl.conn.DefaultClientConnection@423b2b62 shut down
00:21:02.912 [main] DEBUG org.apache.http.impl.conn.BasicClientConnectionManager - Releasing connection org.apache.http.impl.conn.ManagedClientConnectionImpl@2b7962a2
00:21:02.913 [main] INFO com.healthmonitor.api.HealthChecker - 
Checking https://api.coindesk.com/v1/bpi/currentprice/USD.json:
00:21:02.914 [main] INFO com.healthmonitor.api.HealthChecker - Status: 0
00:21:02.914 [main] INFO com.healthmonitor.api.HealthChecker - Response Time: 2934ms
00:21:02.914 [main] INFO com.healthmonitor.api.HealthChecker - Schema Valid: false
00:21:02.914 [main] INFO com.healthmonitor.api.HealthChecker - Error: api.coindesk.com: nodename nor servname provided, or not known
00:21:02.914 [main] INFO com.healthmonitor.api.HealthChecker - 
Checking https://api.coindesk.com/v1/bpi/currentprice/USD.json:
00:21:02.914 [main] INFO com.healthmonitor.api.HealthChecker - Status: 0
00:21:02.914 [main] INFO com.healthmonitor.api.HealthChecker - Response Time: 2934ms
00:21:02.915 [main] INFO com.healthmonitor.api.HealthChecker - Schema Valid: false
00:21:02.915 [main] INFO com.healthmonitor.api.HealthChecker - Error: api.coindesk.com: nodename nor servname provided, or not known
00:21:02.946 [main] DEBUG org.apache.http.impl.conn.BasicClientConnectionManager - Get connection for route {s}->https://api.github.com:443
00:21:03.052 [main] DEBUG org.apache.http.impl.conn.DefaultClientConnectionOperator - Connecting to api.github.com:443
00:21:03.559 [main] DEBUG org.apache.http.client.protocol.RequestAddCookies - CookieSpec selected: ignoreCookies
00:21:03.561 [main] DEBUG org.apache.http.client.protocol.RequestAuthCache - Auth cache not set in the context
00:21:03.561 [main] DEBUG org.apache.http.client.protocol.RequestTargetAuthentication - Target auth state: UNCHALLENGED
00:21:03.562 [main] DEBUG org.apache.http.client.protocol.RequestProxyAuthentication - Proxy auth state: UNCHALLENGED
00:21:03.562 [main] DEBUG org.apache.http.impl.client.DefaultHttpClient - Attempt 1 to execute request
00:21:03.562 [main] DEBUG org.apache.http.impl.conn.DefaultClientConnection - Sending request: GET /repos/octocat/Hello-World HTTP/1.1
00:21:03.563 [main] DEBUG org.apache.http.wire -  >> "GET /repos/octocat/Hello-World HTTP/1.1[\r][\n]"
00:21:03.564 [main] DEBUG org.apache.http.wire -  >> "Accept: */*[\r][\n]"
00:21:03.565 [main] DEBUG org.apache.http.wire -  >> "Host: api.github.com[\r][\n]"
00:21:03.565 [main] DEBUG org.apache.http.wire -  >> "Connection: Keep-Alive[\r][\n]"
00:21:03.565 [main] DEBUG org.apache.http.wire -  >> "User-Agent: Apache-HttpClient/4.5.14 (Java/16.0.1)[\r][\n]"
00:21:03.565 [main] DEBUG org.apache.http.wire -  >> "Accept-Encoding: gzip,deflate[\r][\n]"
00:21:03.565 [main] DEBUG org.apache.http.wire -  >> "[\r][\n]"
00:21:03.566 [main] DEBUG org.apache.http.headers - >> GET /repos/octocat/Hello-World HTTP/1.1
00:21:03.566 [main] DEBUG org.apache.http.headers - >> Accept: */*
00:21:03.566 [main] DEBUG org.apache.http.headers - >> Host: api.github.com
00:21:03.566 [main] DEBUG org.apache.http.headers - >> Connection: Keep-Alive
00:21:03.567 [main] DEBUG org.apache.http.headers - >> User-Agent: Apache-HttpClient/4.5.14 (Java/16.0.1)
00:21:03.567 [main] DEBUG org.apache.http.headers - >> Accept-Encoding: gzip,deflate
00:21:03.874 [main] DEBUG org.apache.http.wire -  << "HTTP/1.1 200 OK[\r][\n]"
00:21:03.881 [main] DEBUG org.apache.http.wire -  << "Date: Tue, 20 May 2025 18:51:03 GMT[\r][\n]"
00:21:03.882 [main] DEBUG org.apache.http.wire -  << "Content-Type: application/json; charset=utf-8[\r][\n]"
00:21:03.882 [main] DEBUG org.apache.http.wire -  << "Cache-Control: public, max-age=60, s-maxage=60[\r][\n]"
00:21:03.882 [main] DEBUG org.apache.http.wire -  << "Vary: Accept,Accept-Encoding, Accept, X-Requested-With[\r][\n]"
00:21:03.883 [main] DEBUG org.apache.http.wire -  << "ETag: W/"b2ef838198bc3d904e0db0ecac751014e9daaa14009d2a426ae0f72204cf03e1"[\r][\n]"
00:21:03.883 [main] DEBUG org.apache.http.wire -  << "Last-Modified: Tue, 20 May 2025 13:33:01 GMT[\r][\n]"
00:21:03.883 [main] DEBUG org.apache.http.wire -  << "X-GitHub-Media-Type: github.v3; format=json[\r][\n]"
00:21:03.883 [main] DEBUG org.apache.http.wire -  << "x-github-api-version-selected: 2022-11-28[\r][\n]"
00:21:03.884 [main] DEBUG org.apache.http.wire -  << "Access-Control-Expose-Headers: ETag, Link, Location, Retry-After, X-GitHub-OTP, X-RateLimit-Limit, X-RateLimit-Remaining, X-RateLimit-Used, X-RateLimit-Resource, X-RateLimit-Reset, X-OAuth-Scopes, X-Accepted-OAuth-Scopes, X-Poll-Interval, X-GitHub-Media-Type, X-GitHub-SSO, X-GitHub-Request-Id, Deprecation, Sunset[\r][\n]"
00:21:03.886 [main] DEBUG org.apache.http.wire -  << "Access-Control-Allow-Origin: *[\r][\n]"
00:21:03.887 [main] DEBUG org.apache.http.wire -  << "Strict-Transport-Security: max-age=31536000; includeSubdomains; preload[\r][\n]"
00:21:03.888 [main] DEBUG org.apache.http.wire -  << "X-Frame-Options: deny[\r][\n]"
00:21:03.888 [main] DEBUG org.apache.http.wire -  << "X-Content-Type-Options: nosniff[\r][\n]"
00:21:03.888 [main] DEBUG org.apache.http.wire -  << "X-XSS-Protection: 0[\r][\n]"
00:21:03.889 [main] DEBUG org.apache.http.wire -  << "Referrer-Policy: origin-when-cross-origin, strict-origin-when-cross-origin[\r][\n]"
00:21:03.889 [main] DEBUG org.apache.http.wire -  << "Content-Security-Policy: default-src 'none'[\r][\n]"
00:21:03.889 [main] DEBUG org.apache.http.wire -  << "Content-Encoding: gzip[\r][\n]"
00:21:03.889 [main] DEBUG org.apache.http.wire -  << "Server: github.com[\r][\n]"
00:21:03.889 [main] DEBUG org.apache.http.wire -  << "Accept-Ranges: bytes[\r][\n]"
00:21:03.890 [main] DEBUG org.apache.http.wire -  << "X-RateLimit-Limit: 60[\r][\n]"
00:21:03.890 [main] DEBUG org.apache.http.wire -  << "X-RateLimit-Remaining: 55[\r][\n]"
00:21:03.891 [main] DEBUG org.apache.http.wire -  << "X-RateLimit-Reset: 1747769482[\r][\n]"
00:21:03.891 [main] DEBUG org.apache.http.wire -  << "X-RateLimit-Resource: core[\r][\n]"
00:21:03.892 [main] DEBUG org.apache.http.wire -  << "X-RateLimit-Used: 5[\r][\n]"
00:21:03.892 [main] DEBUG org.apache.http.wire -  << "Content-Length: 1289[\r][\n]"
00:21:03.892 [main] DEBUG org.apache.http.wire -  << "X-GitHub-Request-Id: CCAD:8D456:12CCFF9:16CC7C7:682CCF17[\r][\n]"
00:21:03.892 [main] DEBUG org.apache.http.wire -  << "[\r][\n]"
00:21:03.893 [main] DEBUG org.apache.http.impl.conn.DefaultClientConnection - Receiving response: HTTP/1.1 200 OK
00:21:03.894 [main] DEBUG org.apache.http.headers - << HTTP/1.1 200 OK
00:21:03.894 [main] DEBUG org.apache.http.headers - << Date: Tue, 20 May 2025 18:51:03 GMT
00:21:03.894 [main] DEBUG org.apache.http.headers - << Content-Type: application/json; charset=utf-8
00:21:03.894 [main] DEBUG org.apache.http.headers - << Cache-Control: public, max-age=60, s-maxage=60
00:21:03.894 [main] DEBUG org.apache.http.headers - << Vary: Accept,Accept-Encoding, Accept, X-Requested-With
00:21:03.894 [main] DEBUG org.apache.http.headers - << ETag: W/"b2ef838198bc3d904e0db0ecac751014e9daaa14009d2a426ae0f72204cf03e1"
00:21:03.894 [main] DEBUG org.apache.http.headers - << Last-Modified: Tue, 20 May 2025 13:33:01 GMT
00:21:03.895 [main] DEBUG org.apache.http.headers - << X-GitHub-Media-Type: github.v3; format=json
00:21:03.895 [main] DEBUG org.apache.http.headers - << x-github-api-version-selected: 2022-11-28
00:21:03.895 [main] DEBUG org.apache.http.headers - << Access-Control-Expose-Headers: ETag, Link, Location, Retry-After, X-GitHub-OTP, X-RateLimit-Limit, X-RateLimit-Remaining, X-RateLimit-Used, X-RateLimit-Resource, X-RateLimit-Reset, X-OAuth-Scopes, X-Accepted-OAuth-Scopes, X-Poll-Interval, X-GitHub-Media-Type, X-GitHub-SSO, X-GitHub-Request-Id, Deprecation, Sunset
00:21:03.895 [main] DEBUG org.apache.http.headers - << Access-Control-Allow-Origin: *
00:21:03.896 [main] DEBUG org.apache.http.headers - << Strict-Transport-Security: max-age=31536000; includeSubdomains; preload
00:21:03.896 [main] DEBUG org.apache.http.headers - << X-Frame-Options: deny
00:21:03.896 [main] DEBUG org.apache.http.headers - << X-Content-Type-Options: nosniff
00:21:03.896 [main] DEBUG org.apache.http.headers - << X-XSS-Protection: 0
00:21:03.896 [main] DEBUG org.apache.http.headers - << Referrer-Policy: origin-when-cross-origin, strict-origin-when-cross-origin
00:21:03.897 [main] DEBUG org.apache.http.headers - << Content-Security-Policy: default-src 'none'
00:21:03.898 [main] DEBUG org.apache.http.headers - << Content-Encoding: gzip
00:21:03.898 [main] DEBUG org.apache.http.headers - << Server: github.com
00:21:03.898 [main] DEBUG org.apache.http.headers - << Accept-Ranges: bytes
00:21:03.898 [main] DEBUG org.apache.http.headers - << X-RateLimit-Limit: 60
00:21:03.898 [main] DEBUG org.apache.http.headers - << X-RateLimit-Remaining: 55
00:21:03.898 [main] DEBUG org.apache.http.headers - << X-RateLimit-Reset: 1747769482
00:21:03.899 [main] DEBUG org.apache.http.headers - << X-RateLimit-Resource: core
00:21:03.899 [main] DEBUG org.apache.http.headers - << X-RateLimit-Used: 5
00:21:03.899 [main] DEBUG org.apache.http.headers - << Content-Length: 1289
00:21:03.899 [main] DEBUG org.apache.http.headers - << X-GitHub-Request-Id: CCAD:8D456:12CCFF9:16CC7C7:682CCF17
00:21:03.907 [main] DEBUG org.apache.http.impl.client.DefaultHttpClient - Connection can be kept alive indefinitely
00:21:03.977 [main] DEBUG io.restassured.internal.RequestSpecificationImpl$RestAssuredHttpBuilder - Parsing response as: application/json; charset=utf-8
00:21:03.978 [main] DEBUG org.apache.http.wire -  << "[0x1f][0x8b][0x8][0x0][0x0][0x0][0x0][0x0][0x0][0x3][0xa5]X]o[0xe3]6[0x10][0xfc]+[0xa9]^kG[0xb6][0xec][0xe4][0x12][0x3][0x87][0xeb]C[0x8b][0xbb][0x16]H[0x8b]+[0xee][0xda]k[0x8b]B[0xa0]$[0xda]bB[0x89]*I[0xd9]g[0xb][0xf9][0xef][0x1d][0x92][0xfa]"
00:21:03.979 [main] DEBUG org.apache.http.wire -  << "[0xb2][;[0xb1][0xfc][0x12][0xdb][0xc]g8[0xdc][0xe5].wYy,[0xf1][0x16][0xd3][0xe0][0xfe]6[0xb8][0xbd][0x1f]y[0xb9]HhhF[0xbc][0x87][0xef][0xd8][0xfc][0xc2][0xe2][0xf1][0xfb][0xfb][0x1d][0xf9][0xf2][0xeb]:[0xce][0x9f][0xbe]><>[0x5][0xf][0x8f][0xdc]x[0x98]H2[0x8a]Y[0x1f]([0xe7]b[0xfc][0xbb][0x90]<[0xc1][0xe0][0xb2][0xe4]<[0xac][0xff]#b-b[0xa2][0xfd][0xfd][0x19][0x85]dk[0xa2][0x81]\[0x12][0xae][0xe8][0xc8][0x13][0x9b][0x9c]JoQy\[0xac]X[0xe][0xc2][0x1a][0x6]2[0xa3][0xe2][0xe6]n[0x16][0xcc][0xa6][0xfb][0xb2]>[0xde][0xfe][0xf6][0xe5]g[0x1e]?~[0x9e]?[0xec]~[0xdc]=||[0xfb][0x16][0x93][0x9]X[0x89][0xc]K[0xc9][0xc1][0x91]j][0xa8][0x85][0xef][0xbb]Au[0xbd]b:-[0xa3]RQ[0x19][0x8b]\[0xd3]\_[0xc7]"[0xf3]K[0xdf][0xb1][0xbf][[0xbf][0x9d][0x83]a%k[0xe][0xbb]{[0xc][0x1c]p[0x15][0xac][0xe6]q`[0x90])[0xbf][0x13][0x9b][0xea][0x8c][0x1f][0xac][0xee]V[0xb5][0xb3][0xbb]yK[0x1]{m[0x80]=[0x94]z[0x82][0xde]oA[0xc6][0xc4][0x96][0x80][0xe5][0xab][0xf3][0x9][0x0][0xaa]|[0xa1]S[\n]"
00:21:03.980 [main] DEBUG org.apache.http.wire -  << ";A[0xfe][0xb3][0xd9]4S[0xfa],)[0x16]P[0xf9][0xe6][0x3][0xc7][0xc4]P([0xd8]][0xd2][0xe4][0x1c]95[0x4]b[0x8c][0xf7][0x9f]+_[0xd2]BX[0xae]2R[0xb1]d[0x85]f"?K[0xd6][0x1e][0x10]DB[0xae]H[0xce]v[0xe4]l"[0x0][0x15][0xf0]F[0xd0]Y[0x2],[0x0]@[0xba][0xc6][0xf1]:[0xb][0xe9][0x10][0x95]o##[0xde][0x1a]3H[0x1a]S[0xb6][0x86]M[0xcf]g;[0x80][0x82]Lo[0xb][0x13][0xa8][0x9f][0xe1]q[0xfc]2[0x8e][0xf][0xd7][0x8c]n[0xc2]z[0xbc](#[0xce]bc{[0xa6]iH[0x92][0xcc]D[0xa1][\r][0xce][0xe7][0x11][0x2][0xe9][0x15][0xa7][0xfa] [0xc2][0x13][0xda][0xba][0xd0]d[0x91][0xed][0xd5][0x92]I[0xa5][0xaf][0xac][0x81][0x98][0x16]r{%[0xf2][0xab][0xf7]L([0xa3]o[0xb0][0xec]R[0xc8][0xa7]6[0x1b][0x9c][0xc]9[0xcb][0xd0][0x84][0xd2][0xc1][0xa2][0x86][0xe5][0x5][0xab][0x1f][0x85]#[0xbc][0x0][0x86][0x94]'[0xba][0x1d][0xcc]a[0xb0][0x95][0x8f][0xbf]uT[0xc4][0x8]S[0x12][0x9]I[0xb0][0xe3][0xc1][0xa4]{$[0x95][0xdf][0xff]i[0x8e][0x89][0xa6]$[0x1b][0xcc]m[0xc1] I[0x85][0x18]n9[0xb][0x6][0x9]S[0xaa][0xa4][0xaf]:[0xad][0xc7][0xbd]`9[0x94][0xdf][0x84]C^f[0x91][0xcb]Q[0xaf][0x9][0x82][0xe3][0xb4][0xe][\r][0x8d]D)[0xb6][0xca])[0x1d]l[0xb1][0x96][0xa0][0xf2][0x9b][0xf4][0x19]I[0x92][0xc7][0xe9]p[0xca][0x6]_[0xf9][0xee][0x9b][0xf5]*Y[\r][0x96]h[0xb0][0xa0][0x88][0xb8][0x88][0x6]s[0xe0][0xda][0xf2]-A[0xe5][0xab][0x94][0xb8]KB[0x87][0x97][0xa8]2[0x8c][0x6][0xbf]G([0xe9][0xf2]"[0x89][0x6][0xdf][0x12]jy[0x81]_[0xad]<C[0xd0][0xd2][0xe1]~[0xd2]p[0xf1]`}[\r][0xde][0xaf]j[0xb]r[0x92][0xaf]J[0xb2][0x1a][0xce][0xd8][0x12][0xc0][0xbb][0xe6][0xf6]\[0x91][0xdd][0x8b]5[0xc4][0xf1][0x98][0xe8][0x18]@gJ"[0xc9][0xa2][0xf2][0xb2]D[0xd5]q[0x18][0x85][0xee][0x1a]G[0xfc][0xe]7aG[0xd1][0x11][0xda][0xba][0xe0]t[0xa1]qb[0xd3][0xbd][0xda][0xc2]n;[0xcb][0xd8]K7[0xf5]q[0xb6][0x1a][0xbe]w[0xa4]/[0xa4]4[0xe7][0xf0][0x90][0xd6][0xfc]~[0xb9][0xa0]8-[0xd3][0xe0]+[0xbf][0xcb][0xa7].Y[0xd7][0xcc]C[0xad]Yg[0xeb]F_[0x9f][0xbf][0xae][0xb1][0x7][0xbb][0xbe][0xc1][0xfb][0xd5][0xb7][0x5][0xd1][0xa9][0xc9]@X[0xa6] [0x92][0xe][0x15][[0xc3][0xfd]*"(k[0xae][0xaf][0xaf][0xab][0x94][0x12][[0xbc]fT^[0x10][0x95][0xe][\r][0x1a]"[0xe3][0x14][0x5][0xdb]P}U[0x83]G%[0x92][0x11]m[0xb][0xe2][0xa5][0x91][0x97][0xa0]@[0xe6][0x82]$[0x83]m[0xd9][0x12][0x80][0xcc][0xb9]l[0xa8]F[0x87][0xee][0xfb][0xb9]@[0xb3]7X[0x98][0x5][0xf7][0xd9]2[0xc6][0xa9][0xd2]"[0x1f][0x9e]#;[0x86]>o.4[24[0xa2]/[0xb7][0x14][0xc7][0xc3]h[0x8f][0xa4]z[0xa7]X[0x1e][0xd3][0x11][0xe1]|[0x84]S[0xa9]Y[0xcc]pN[0xd1]\[0x19][0x8f][0xa1][0xe8][0xa3][0xc3][0xad][0xe2][0xd0][0x90][0x8f][0xe6][0xda]5[0x2][0x9c][0xe2][0xc8][0xe][0xb6][0xb2][0xa4][0xe]_[0xf9][0xae]WKh[0xc1][0xc5][0xf6][0xa2][0x8c][0xd2][0xa3]0[0x81]))[0xba][0xf9]$$[0x1a][0xb5]~0[0x99]N[0xc7][0x93][0xe9]8[0xb8][0xfd]4[0xbd]_L[0xa6]xU[0xf8][0x13]s[0xca]"[0xe9][0xcf][0x9]n[0xc6][0x93][0x9b]q0[0xf9]4[0x9d]-f3L3s[0x8a]R[0xa5][0x1d]M0[0x1f]O[0xee][0xcc][0x94]`[0xb6][0xb8][0x99]/[0xe6][0x96][0x6][0xe9][0xb1]>[0xbb][0xf8][0x86][0xe6][0xfe][0xbf][0xed]u[0xbf]'0[0xbd]:@J[0xa5][0x1d][0xe8][0xbb][0xe][0xb2][0xf8][0x9f][0xd7][0x89][0x1a][0x12]s[0x1c][0xc2][0x83](y[0xdd]Z[0xeb][0xc3][0xbb][0xe9]4[0xc][0xf2]R[0x91][0xd1][0x2]u[0x81]{pPl[0x87]ox[0xed][0xe8][0xdd][0xf0][0xb1](s[0xd8]6[0xb8][0x9f][0xdf][0x8e][0xbc][\r][0xd1][0xa8]6q[0xa9][0xee][0x8d]6[0xb5][0x81][0xb7][0xc8][0x11]T %*t[0xd1][0xea]-[0xb4],[0xf1][0xc8]bF[\n]"
00:21:03.980 [main] DEBUG org.apache.http.wire -  << ")[0x1e]i[0xac]U[0xac][0xcb][0xe][0xbd][0x89][0x1b][0xf6][0xc4][0xf6][0x80][0xa6]ni;4C[0x95]0[0x15][0x97][0xa8][0xa6][0xd1][0xa3][0xb7][0xe3][0xae][0x1]ku[0xdd][0xcd][0x91][[0x99][0x94][0xa2]~[0x92]q[0xca][0xea]4[0x87][0xf7][0x95][0xfa][0xf5][0x7]L$[0xe2][0xb4][0x1b][0x10][0x5][0xcd]k[0xf1][0xcd]&[0xa7]o&[0x1][0xe2][0x8a][0xc5]4W0O[0xcd]d[0x1e]AB[0xb3]([0xe2][0xae]Q[0xcb]T[0xa8]iV[0xf0][0xfe][0xfb][0xd2][0x86]F 2W}h[0xca][0xb1]\[0x86][0x92][0xfe]S2[0xbc]X[0xb4]*[0xb4](X[0x8c][0xad][0xfc][0xf5][0xf7][0xc8][3[0xc5]"[0xc6][0x99][0xde][0xc2]'mo[0xec]:Dx[0xc1][0xec][0xab][0xa7][0x11][0xde][0xb2][0xea][0x1a][0xc7]4[0x8e]J[0xe8][0x92][0x94]\[0x87][0xae][0xaa][0x7]SF[0x94][0xb6][0xfd][0xb7][0x11][0x18][0xba]#[0xa6][0xc5][0x13]E[0xaf][0xed]6[0x94]S[0xbd][0xc1]n:[0xcf][0x9a][0x95][0xfa]uTm[0xda][0xe9][0x9b][0xd9][0xec][0xf9]_[0xdd][0xaa][0x83][0x89][0xb4][0x13][0x0][0x0]"
00:21:03.980 [main] DEBUG io.restassured.internal.RequestSpecificationImpl$RestAssuredHttpBuilder - Parsed data to instance of: class org.apache.http.conn.EofSensorInputStream
00:21:04.077 [main] DEBUG org.apache.http.impl.conn.BasicClientConnectionManager - Releasing connection org.apache.http.impl.conn.ManagedClientConnectionImpl@16a5eb6d
00:21:04.077 [main] DEBUG org.apache.http.impl.conn.BasicClientConnectionManager - Connection can be kept alive indefinitely
00:21:04.250 [main] DEBUG com.networknt.schema.PropertiesValidator - validate( {"id":1296269,"node_id":"MDEwOlJlcG9zaXRvcnkxMjk2MjY5","name":"Hello-World","full_name":"octocat/Hello-World","private":false,"owner":{"login":"octocat","id":583231,"node_id":"MDQ6VXNlcjU4MzIzMQ==","avatar_url":"https://avatars.githubusercontent.com/u/583231?v=4","gravatar_id":"","url":"https://api.github.com/users/octocat","html_url":"https://github.com/octocat","followers_url":"https://api.github.com/users/octocat/followers","following_url":"https://api.github.com/users/octocat/following{/other_user}","gists_url":"https://api.github.com/users/octocat/gists{/gist_id}","starred_url":"https://api.github.com/users/octocat/starred{/owner}{/repo}","subscriptions_url":"https://api.github.com/users/octocat/subscriptions","organizations_url":"https://api.github.com/users/octocat/orgs","repos_url":"https://api.github.com/users/octocat/repos","events_url":"https://api.github.com/users/octocat/events{/privacy}","received_events_url":"https://api.github.com/users/octocat/received_events","type":"User","user_view_type":"public","site_admin":false},"html_url":"https://github.com/octocat/Hello-World","description":"My first repository on GitHub!","fork":false,"url":"https://api.github.com/repos/octocat/Hello-World","forks_url":"https://api.github.com/repos/octocat/Hello-World/forks","keys_url":"https://api.github.com/repos/octocat/Hello-World/keys{/key_id}","collaborators_url":"https://api.github.com/repos/octocat/Hello-World/collaborators{/collaborator}","teams_url":"https://api.github.com/repos/octocat/Hello-World/teams","hooks_url":"https://api.github.com/repos/octocat/Hello-World/hooks","issue_events_url":"https://api.github.com/repos/octocat/Hello-World/issues/events{/number}","events_url":"https://api.github.com/repos/octocat/Hello-World/events","assignees_url":"https://api.github.com/repos/octocat/Hello-World/assignees{/user}","branches_url":"https://api.github.com/repos/octocat/Hello-World/branches{/branch}","tags_url":"https://api.github.com/repos/octocat/Hello-World/tags","blobs_url":"https://api.github.com/repos/octocat/Hello-World/git/blobs{/sha}","git_tags_url":"https://api.github.com/repos/octocat/Hello-World/git/tags{/sha}","git_refs_url":"https://api.github.com/repos/octocat/Hello-World/git/refs{/sha}","trees_url":"https://api.github.com/repos/octocat/Hello-World/git/trees{/sha}","statuses_url":"https://api.github.com/repos/octocat/Hello-World/statuses/{sha}","languages_url":"https://api.github.com/repos/octocat/Hello-World/languages","stargazers_url":"https://api.github.com/repos/octocat/Hello-World/stargazers","contributors_url":"https://api.github.com/repos/octocat/Hello-World/contributors","subscribers_url":"https://api.github.com/repos/octocat/Hello-World/subscribers","subscription_url":"https://api.github.com/repos/octocat/Hello-World/subscription","commits_url":"https://api.github.com/repos/octocat/Hello-World/commits{/sha}","git_commits_url":"https://api.github.com/repos/octocat/Hello-World/git/commits{/sha}","comments_url":"https://api.github.com/repos/octocat/Hello-World/comments{/number}","issue_comment_url":"https://api.github.com/repos/octocat/Hello-World/issues/comments{/number}","contents_url":"https://api.github.com/repos/octocat/Hello-World/contents/{+path}","compare_url":"https://api.github.com/repos/octocat/Hello-World/compare/{base}...{head}","merges_url":"https://api.github.com/repos/octocat/Hello-World/merges","archive_url":"https://api.github.com/repos/octocat/Hello-World/{archive_format}{/ref}","downloads_url":"https://api.github.com/repos/octocat/Hello-World/downloads","issues_url":"https://api.github.com/repos/octocat/Hello-World/issues{/number}","pulls_url":"https://api.github.com/repos/octocat/Hello-World/pulls{/number}","milestones_url":"https://api.github.com/repos/octocat/Hello-World/milestones{/number}","notifications_url":"https://api.github.com/repos/octocat/Hello-World/notifications{?since,all,participating}","labels_url":"https://api.github.com/repos/octocat/Hello-World/labels{/name}","releases_url":"https://api.github.com/repos/octocat/Hello-World/releases{/id}","deployments_url":"https://api.github.com/repos/octocat/Hello-World/deployments","created_at":"2011-01-26T19:01:12Z","updated_at":"2025-05-20T13:33:01Z","pushed_at":"2024-08-20T23:54:42Z","git_url":"git://github.com/octocat/Hello-World.git","ssh_url":"git@github.com:octocat/Hello-World.git","clone_url":"https://github.com/octocat/Hello-World.git","svn_url":"https://github.com/octocat/Hello-World","homepage":"","size":1,"stargazers_count":2946,"watchers_count":2946,"language":null,"has_issues":true,"has_projects":true,"has_downloads":true,"has_wiki":true,"has_pages":false,"has_discussions":false,"forks_count":2984,"mirror_url":null,"archived":false,"disabled":false,"open_issues_count":1702,"license":null,"allow_forking":true,"is_template":false,"web_commit_signoff_required":false,"topics":[],"visibility":"public","forks":2984,"open_issues":1702,"watchers":2946,"default_branch":"master","temp_clone_token":null,"network_count":2984,"subscribers_count":1733}, {"id":1296269,"node_id":"MDEwOlJlcG9zaXRvcnkxMjk2MjY5","name":"Hello-World","full_name":"octocat/Hello-World","private":false,"owner":{"login":"octocat","id":583231,"node_id":"MDQ6VXNlcjU4MzIzMQ==","avatar_url":"https://avatars.githubusercontent.com/u/583231?v=4","gravatar_id":"","url":"https://api.github.com/users/octocat","html_url":"https://github.com/octocat","followers_url":"https://api.github.com/users/octocat/followers","following_url":"https://api.github.com/users/octocat/following{/other_user}","gists_url":"https://api.github.com/users/octocat/gists{/gist_id}","starred_url":"https://api.github.com/users/octocat/starred{/owner}{/repo}","subscriptions_url":"https://api.github.com/users/octocat/subscriptions","organizations_url":"https://api.github.com/users/octocat/orgs","repos_url":"https://api.github.com/users/octocat/repos","events_url":"https://api.github.com/users/octocat/events{/privacy}","received_events_url":"https://api.github.com/users/octocat/received_events","type":"User","user_view_type":"public","site_admin":false},"html_url":"https://github.com/octocat/Hello-World","description":"My first repository on GitHub!","fork":false,"url":"https://api.github.com/repos/octocat/Hello-World","forks_url":"https://api.github.com/repos/octocat/Hello-World/forks","keys_url":"https://api.github.com/repos/octocat/Hello-World/keys{/key_id}","collaborators_url":"https://api.github.com/repos/octocat/Hello-World/collaborators{/collaborator}","teams_url":"https://api.github.com/repos/octocat/Hello-World/teams","hooks_url":"https://api.github.com/repos/octocat/Hello-World/hooks","issue_events_url":"https://api.github.com/repos/octocat/Hello-World/issues/events{/number}","events_url":"https://api.github.com/repos/octocat/Hello-World/events","assignees_url":"https://api.github.com/repos/octocat/Hello-World/assignees{/user}","branches_url":"https://api.github.com/repos/octocat/Hello-World/branches{/branch}","tags_url":"https://api.github.com/repos/octocat/Hello-World/tags","blobs_url":"https://api.github.com/repos/octocat/Hello-World/git/blobs{/sha}","git_tags_url":"https://api.github.com/repos/octocat/Hello-World/git/tags{/sha}","git_refs_url":"https://api.github.com/repos/octocat/Hello-World/git/refs{/sha}","trees_url":"https://api.github.com/repos/octocat/Hello-World/git/trees{/sha}","statuses_url":"https://api.github.com/repos/octocat/Hello-World/statuses/{sha}","languages_url":"https://api.github.com/repos/octocat/Hello-World/languages","stargazers_url":"https://api.github.com/repos/octocat/Hello-World/stargazers","contributors_url":"https://api.github.com/repos/octocat/Hello-World/contributors","subscribers_url":"https://api.github.com/repos/octocat/Hello-World/subscribers","subscription_url":"https://api.github.com/repos/octocat/Hello-World/subscription","commits_url":"https://api.github.com/repos/octocat/Hello-World/commits{/sha}","git_commits_url":"https://api.github.com/repos/octocat/Hello-World/git/commits{/sha}","comments_url":"https://api.github.com/repos/octocat/Hello-World/comments{/number}","issue_comment_url":"https://api.github.com/repos/octocat/Hello-World/issues/comments{/number}","contents_url":"https://api.github.com/repos/octocat/Hello-World/contents/{+path}","compare_url":"https://api.github.com/repos/octocat/Hello-World/compare/{base}...{head}","merges_url":"https://api.github.com/repos/octocat/Hello-World/merges","archive_url":"https://api.github.com/repos/octocat/Hello-World/{archive_format}{/ref}","downloads_url":"https://api.github.com/repos/octocat/Hello-World/downloads","issues_url":"https://api.github.com/repos/octocat/Hello-World/issues{/number}","pulls_url":"https://api.github.com/repos/octocat/Hello-World/pulls{/number}","milestones_url":"https://api.github.com/repos/octocat/Hello-World/milestones{/number}","notifications_url":"https://api.github.com/repos/octocat/Hello-World/notifications{?since,all,participating}","labels_url":"https://api.github.com/repos/octocat/Hello-World/labels{/name}","releases_url":"https://api.github.com/repos/octocat/Hello-World/releases{/id}","deployments_url":"https://api.github.com/repos/octocat/Hello-World/deployments","created_at":"2011-01-26T19:01:12Z","updated_at":"2025-05-20T13:33:01Z","pushed_at":"2024-08-20T23:54:42Z","git_url":"git://github.com/octocat/Hello-World.git","ssh_url":"git@github.com:octocat/Hello-World.git","clone_url":"https://github.com/octocat/Hello-World.git","svn_url":"https://github.com/octocat/Hello-World","homepage":"","size":1,"stargazers_count":2946,"watchers_count":2946,"language":null,"has_issues":true,"has_projects":true,"has_downloads":true,"has_wiki":true,"has_pages":false,"has_discussions":false,"forks_count":2984,"mirror_url":null,"archived":false,"disabled":false,"open_issues_count":1702,"license":null,"allow_forking":true,"is_template":false,"web_commit_signoff_required":false,"topics":[],"visibility":"public","forks":2984,"open_issues":1702,"watchers":2946,"default_branch":"master","temp_clone_token":null,"network_count":2984,"subscribers_count":1733}, $)
00:21:04.280 [main] DEBUG com.networknt.schema.TypeValidator - validate( 1296269, {"id":1296269,"node_id":"MDEwOlJlcG9zaXRvcnkxMjk2MjY5","name":"Hello-World","full_name":"octocat/Hello-World","private":false,"owner":{"login":"octocat","id":583231,"node_id":"MDQ6VXNlcjU4MzIzMQ==","avatar_url":"https://avatars.githubusercontent.com/u/583231?v=4","gravatar_id":"","url":"https://api.github.com/users/octocat","html_url":"https://github.com/octocat","followers_url":"https://api.github.com/users/octocat/followers","following_url":"https://api.github.com/users/octocat/following{/other_user}","gists_url":"https://api.github.com/users/octocat/gists{/gist_id}","starred_url":"https://api.github.com/users/octocat/starred{/owner}{/repo}","subscriptions_url":"https://api.github.com/users/octocat/subscriptions","organizations_url":"https://api.github.com/users/octocat/orgs","repos_url":"https://api.github.com/users/octocat/repos","events_url":"https://api.github.com/users/octocat/events{/privacy}","received_events_url":"https://api.github.com/users/octocat/received_events","type":"User","user_view_type":"public","site_admin":false},"html_url":"https://github.com/octocat/Hello-World","description":"My first repository on GitHub!","fork":false,"url":"https://api.github.com/repos/octocat/Hello-World","forks_url":"https://api.github.com/repos/octocat/Hello-World/forks","keys_url":"https://api.github.com/repos/octocat/Hello-World/keys{/key_id}","collaborators_url":"https://api.github.com/repos/octocat/Hello-World/collaborators{/collaborator}","teams_url":"https://api.github.com/repos/octocat/Hello-World/teams","hooks_url":"https://api.github.com/repos/octocat/Hello-World/hooks","issue_events_url":"https://api.github.com/repos/octocat/Hello-World/issues/events{/number}","events_url":"https://api.github.com/repos/octocat/Hello-World/events","assignees_url":"https://api.github.com/repos/octocat/Hello-World/assignees{/user}","branches_url":"https://api.github.com/repos/octocat/Hello-World/branches{/branch}","tags_url":"https://api.github.com/repos/octocat/Hello-World/tags","blobs_url":"https://api.github.com/repos/octocat/Hello-World/git/blobs{/sha}","git_tags_url":"https://api.github.com/repos/octocat/Hello-World/git/tags{/sha}","git_refs_url":"https://api.github.com/repos/octocat/Hello-World/git/refs{/sha}","trees_url":"https://api.github.com/repos/octocat/Hello-World/git/trees{/sha}","statuses_url":"https://api.github.com/repos/octocat/Hello-World/statuses/{sha}","languages_url":"https://api.github.com/repos/octocat/Hello-World/languages","stargazers_url":"https://api.github.com/repos/octocat/Hello-World/stargazers","contributors_url":"https://api.github.com/repos/octocat/Hello-World/contributors","subscribers_url":"https://api.github.com/repos/octocat/Hello-World/subscribers","subscription_url":"https://api.github.com/repos/octocat/Hello-World/subscription","commits_url":"https://api.github.com/repos/octocat/Hello-World/commits{/sha}","git_commits_url":"https://api.github.com/repos/octocat/Hello-World/git/commits{/sha}","comments_url":"https://api.github.com/repos/octocat/Hello-World/comments{/number}","issue_comment_url":"https://api.github.com/repos/octocat/Hello-World/issues/comments{/number}","contents_url":"https://api.github.com/repos/octocat/Hello-World/contents/{+path}","compare_url":"https://api.github.com/repos/octocat/Hello-World/compare/{base}...{head}","merges_url":"https://api.github.com/repos/octocat/Hello-World/merges","archive_url":"https://api.github.com/repos/octocat/Hello-World/{archive_format}{/ref}","downloads_url":"https://api.github.com/repos/octocat/Hello-World/downloads","issues_url":"https://api.github.com/repos/octocat/Hello-World/issues{/number}","pulls_url":"https://api.github.com/repos/octocat/Hello-World/pulls{/number}","milestones_url":"https://api.github.com/repos/octocat/Hello-World/milestones{/number}","notifications_url":"https://api.github.com/repos/octocat/Hello-World/notifications{?since,all,participating}","labels_url":"https://api.github.com/repos/octocat/Hello-World/labels{/name}","releases_url":"https://api.github.com/repos/octocat/Hello-World/releases{/id}","deployments_url":"https://api.github.com/repos/octocat/Hello-World/deployments","created_at":"2011-01-26T19:01:12Z","updated_at":"2025-05-20T13:33:01Z","pushed_at":"2024-08-20T23:54:42Z","git_url":"git://github.com/octocat/Hello-World.git","ssh_url":"git@github.com:octocat/Hello-World.git","clone_url":"https://github.com/octocat/Hello-World.git","svn_url":"https://github.com/octocat/Hello-World","homepage":"","size":1,"stargazers_count":2946,"watchers_count":2946,"language":null,"has_issues":true,"has_projects":true,"has_downloads":true,"has_wiki":true,"has_pages":false,"has_discussions":false,"forks_count":2984,"mirror_url":null,"archived":false,"disabled":false,"open_issues_count":1702,"license":null,"allow_forking":true,"is_template":false,"web_commit_signoff_required":false,"topics":[],"visibility":"public","forks":2984,"open_issues":1702,"watchers":2946,"default_branch":"master","temp_clone_token":null,"network_count":2984,"subscribers_count":1733}, $.id)
00:21:04.282 [main] DEBUG com.networknt.schema.TypeValidator - validate( "Hello-World", {"id":1296269,"node_id":"MDEwOlJlcG9zaXRvcnkxMjk2MjY5","name":"Hello-World","full_name":"octocat/Hello-World","private":false,"owner":{"login":"octocat","id":583231,"node_id":"MDQ6VXNlcjU4MzIzMQ==","avatar_url":"https://avatars.githubusercontent.com/u/583231?v=4","gravatar_id":"","url":"https://api.github.com/users/octocat","html_url":"https://github.com/octocat","followers_url":"https://api.github.com/users/octocat/followers","following_url":"https://api.github.com/users/octocat/following{/other_user}","gists_url":"https://api.github.com/users/octocat/gists{/gist_id}","starred_url":"https://api.github.com/users/octocat/starred{/owner}{/repo}","subscriptions_url":"https://api.github.com/users/octocat/subscriptions","organizations_url":"https://api.github.com/users/octocat/orgs","repos_url":"https://api.github.com/users/octocat/repos","events_url":"https://api.github.com/users/octocat/events{/privacy}","received_events_url":"https://api.github.com/users/octocat/received_events","type":"User","user_view_type":"public","site_admin":false},"html_url":"https://github.com/octocat/Hello-World","description":"My first repository on GitHub!","fork":false,"url":"https://api.github.com/repos/octocat/Hello-World","forks_url":"https://api.github.com/repos/octocat/Hello-World/forks","keys_url":"https://api.github.com/repos/octocat/Hello-World/keys{/key_id}","collaborators_url":"https://api.github.com/repos/octocat/Hello-World/collaborators{/collaborator}","teams_url":"https://api.github.com/repos/octocat/Hello-World/teams","hooks_url":"https://api.github.com/repos/octocat/Hello-World/hooks","issue_events_url":"https://api.github.com/repos/octocat/Hello-World/issues/events{/number}","events_url":"https://api.github.com/repos/octocat/Hello-World/events","assignees_url":"https://api.github.com/repos/octocat/Hello-World/assignees{/user}","branches_url":"https://api.github.com/repos/octocat/Hello-World/branches{/branch}","tags_url":"https://api.github.com/repos/octocat/Hello-World/tags","blobs_url":"https://api.github.com/repos/octocat/Hello-World/git/blobs{/sha}","git_tags_url":"https://api.github.com/repos/octocat/Hello-World/git/tags{/sha}","git_refs_url":"https://api.github.com/repos/octocat/Hello-World/git/refs{/sha}","trees_url":"https://api.github.com/repos/octocat/Hello-World/git/trees{/sha}","statuses_url":"https://api.github.com/repos/octocat/Hello-World/statuses/{sha}","languages_url":"https://api.github.com/repos/octocat/Hello-World/languages","stargazers_url":"https://api.github.com/repos/octocat/Hello-World/stargazers","contributors_url":"https://api.github.com/repos/octocat/Hello-World/contributors","subscribers_url":"https://api.github.com/repos/octocat/Hello-World/subscribers","subscription_url":"https://api.github.com/repos/octocat/Hello-World/subscription","commits_url":"https://api.github.com/repos/octocat/Hello-World/commits{/sha}","git_commits_url":"https://api.github.com/repos/octocat/Hello-World/git/commits{/sha}","comments_url":"https://api.github.com/repos/octocat/Hello-World/comments{/number}","issue_comment_url":"https://api.github.com/repos/octocat/Hello-World/issues/comments{/number}","contents_url":"https://api.github.com/repos/octocat/Hello-World/contents/{+path}","compare_url":"https://api.github.com/repos/octocat/Hello-World/compare/{base}...{head}","merges_url":"https://api.github.com/repos/octocat/Hello-World/merges","archive_url":"https://api.github.com/repos/octocat/Hello-World/{archive_format}{/ref}","downloads_url":"https://api.github.com/repos/octocat/Hello-World/downloads","issues_url":"https://api.github.com/repos/octocat/Hello-World/issues{/number}","pulls_url":"https://api.github.com/repos/octocat/Hello-World/pulls{/number}","milestones_url":"https://api.github.com/repos/octocat/Hello-World/milestones{/number}","notifications_url":"https://api.github.com/repos/octocat/Hello-World/notifications{?since,all,participating}","labels_url":"https://api.github.com/repos/octocat/Hello-World/labels{/name}","releases_url":"https://api.github.com/repos/octocat/Hello-World/releases{/id}","deployments_url":"https://api.github.com/repos/octocat/Hello-World/deployments","created_at":"2011-01-26T19:01:12Z","updated_at":"2025-05-20T13:33:01Z","pushed_at":"2024-08-20T23:54:42Z","git_url":"git://github.com/octocat/Hello-World.git","ssh_url":"git@github.com:octocat/Hello-World.git","clone_url":"https://github.com/octocat/Hello-World.git","svn_url":"https://github.com/octocat/Hello-World","homepage":"","size":1,"stargazers_count":2946,"watchers_count":2946,"language":null,"has_issues":true,"has_projects":true,"has_downloads":true,"has_wiki":true,"has_pages":false,"has_discussions":false,"forks_count":2984,"mirror_url":null,"archived":false,"disabled":false,"open_issues_count":1702,"license":null,"allow_forking":true,"is_template":false,"web_commit_signoff_required":false,"topics":[],"visibility":"public","forks":2984,"open_issues":1702,"watchers":2946,"default_branch":"master","temp_clone_token":null,"network_count":2984,"subscribers_count":1733}, $.name)
00:21:04.283 [main] DEBUG com.networknt.schema.TypeValidator - validate( "octocat/Hello-World", {"id":1296269,"node_id":"MDEwOlJlcG9zaXRvcnkxMjk2MjY5","name":"Hello-World","full_name":"octocat/Hello-World","private":false,"owner":{"login":"octocat","id":583231,"node_id":"MDQ6VXNlcjU4MzIzMQ==","avatar_url":"https://avatars.githubusercontent.com/u/583231?v=4","gravatar_id":"","url":"https://api.github.com/users/octocat","html_url":"https://github.com/octocat","followers_url":"https://api.github.com/users/octocat/followers","following_url":"https://api.github.com/users/octocat/following{/other_user}","gists_url":"https://api.github.com/users/octocat/gists{/gist_id}","starred_url":"https://api.github.com/users/octocat/starred{/owner}{/repo}","subscriptions_url":"https://api.github.com/users/octocat/subscriptions","organizations_url":"https://api.github.com/users/octocat/orgs","repos_url":"https://api.github.com/users/octocat/repos","events_url":"https://api.github.com/users/octocat/events{/privacy}","received_events_url":"https://api.github.com/users/octocat/received_events","type":"User","user_view_type":"public","site_admin":false},"html_url":"https://github.com/octocat/Hello-World","description":"My first repository on GitHub!","fork":false,"url":"https://api.github.com/repos/octocat/Hello-World","forks_url":"https://api.github.com/repos/octocat/Hello-World/forks","keys_url":"https://api.github.com/repos/octocat/Hello-World/keys{/key_id}","collaborators_url":"https://api.github.com/repos/octocat/Hello-World/collaborators{/collaborator}","teams_url":"https://api.github.com/repos/octocat/Hello-World/teams","hooks_url":"https://api.github.com/repos/octocat/Hello-World/hooks","issue_events_url":"https://api.github.com/repos/octocat/Hello-World/issues/events{/number}","events_url":"https://api.github.com/repos/octocat/Hello-World/events","assignees_url":"https://api.github.com/repos/octocat/Hello-World/assignees{/user}","branches_url":"https://api.github.com/repos/octocat/Hello-World/branches{/branch}","tags_url":"https://api.github.com/repos/octocat/Hello-World/tags","blobs_url":"https://api.github.com/repos/octocat/Hello-World/git/blobs{/sha}","git_tags_url":"https://api.github.com/repos/octocat/Hello-World/git/tags{/sha}","git_refs_url":"https://api.github.com/repos/octocat/Hello-World/git/refs{/sha}","trees_url":"https://api.github.com/repos/octocat/Hello-World/git/trees{/sha}","statuses_url":"https://api.github.com/repos/octocat/Hello-World/statuses/{sha}","languages_url":"https://api.github.com/repos/octocat/Hello-World/languages","stargazers_url":"https://api.github.com/repos/octocat/Hello-World/stargazers","contributors_url":"https://api.github.com/repos/octocat/Hello-World/contributors","subscribers_url":"https://api.github.com/repos/octocat/Hello-World/subscribers","subscription_url":"https://api.github.com/repos/octocat/Hello-World/subscription","commits_url":"https://api.github.com/repos/octocat/Hello-World/commits{/sha}","git_commits_url":"https://api.github.com/repos/octocat/Hello-World/git/commits{/sha}","comments_url":"https://api.github.com/repos/octocat/Hello-World/comments{/number}","issue_comment_url":"https://api.github.com/repos/octocat/Hello-World/issues/comments{/number}","contents_url":"https://api.github.com/repos/octocat/Hello-World/contents/{+path}","compare_url":"https://api.github.com/repos/octocat/Hello-World/compare/{base}...{head}","merges_url":"https://api.github.com/repos/octocat/Hello-World/merges","archive_url":"https://api.github.com/repos/octocat/Hello-World/{archive_format}{/ref}","downloads_url":"https://api.github.com/repos/octocat/Hello-World/downloads","issues_url":"https://api.github.com/repos/octocat/Hello-World/issues{/number}","pulls_url":"https://api.github.com/repos/octocat/Hello-World/pulls{/number}","milestones_url":"https://api.github.com/repos/octocat/Hello-World/milestones{/number}","notifications_url":"https://api.github.com/repos/octocat/Hello-World/notifications{?since,all,participating}","labels_url":"https://api.github.com/repos/octocat/Hello-World/labels{/name}","releases_url":"https://api.github.com/repos/octocat/Hello-World/releases{/id}","deployments_url":"https://api.github.com/repos/octocat/Hello-World/deployments","created_at":"2011-01-26T19:01:12Z","updated_at":"2025-05-20T13:33:01Z","pushed_at":"2024-08-20T23:54:42Z","git_url":"git://github.com/octocat/Hello-World.git","ssh_url":"git@github.com:octocat/Hello-World.git","clone_url":"https://github.com/octocat/Hello-World.git","svn_url":"https://github.com/octocat/Hello-World","homepage":"","size":1,"stargazers_count":2946,"watchers_count":2946,"language":null,"has_issues":true,"has_projects":true,"has_downloads":true,"has_wiki":true,"has_pages":false,"has_discussions":false,"forks_count":2984,"mirror_url":null,"archived":false,"disabled":false,"open_issues_count":1702,"license":null,"allow_forking":true,"is_template":false,"web_commit_signoff_required":false,"topics":[],"visibility":"public","forks":2984,"open_issues":1702,"watchers":2946,"default_branch":"master","temp_clone_token":null,"network_count":2984,"subscribers_count":1733}, $.full_name)
00:21:04.286 [main] DEBUG com.networknt.schema.TypeValidator - validate( false, {"id":1296269,"node_id":"MDEwOlJlcG9zaXRvcnkxMjk2MjY5","name":"Hello-World","full_name":"octocat/Hello-World","private":false,"owner":{"login":"octocat","id":583231,"node_id":"MDQ6VXNlcjU4MzIzMQ==","avatar_url":"https://avatars.githubusercontent.com/u/583231?v=4","gravatar_id":"","url":"https://api.github.com/users/octocat","html_url":"https://github.com/octocat","followers_url":"https://api.github.com/users/octocat/followers","following_url":"https://api.github.com/users/octocat/following{/other_user}","gists_url":"https://api.github.com/users/octocat/gists{/gist_id}","starred_url":"https://api.github.com/users/octocat/starred{/owner}{/repo}","subscriptions_url":"https://api.github.com/users/octocat/subscriptions","organizations_url":"https://api.github.com/users/octocat/orgs","repos_url":"https://api.github.com/users/octocat/repos","events_url":"https://api.github.com/users/octocat/events{/privacy}","received_events_url":"https://api.github.com/users/octocat/received_events","type":"User","user_view_type":"public","site_admin":false},"html_url":"https://github.com/octocat/Hello-World","description":"My first repository on GitHub!","fork":false,"url":"https://api.github.com/repos/octocat/Hello-World","forks_url":"https://api.github.com/repos/octocat/Hello-World/forks","keys_url":"https://api.github.com/repos/octocat/Hello-World/keys{/key_id}","collaborators_url":"https://api.github.com/repos/octocat/Hello-World/collaborators{/collaborator}","teams_url":"https://api.github.com/repos/octocat/Hello-World/teams","hooks_url":"https://api.github.com/repos/octocat/Hello-World/hooks","issue_events_url":"https://api.github.com/repos/octocat/Hello-World/issues/events{/number}","events_url":"https://api.github.com/repos/octocat/Hello-World/events","assignees_url":"https://api.github.com/repos/octocat/Hello-World/assignees{/user}","branches_url":"https://api.github.com/repos/octocat/Hello-World/branches{/branch}","tags_url":"https://api.github.com/repos/octocat/Hello-World/tags","blobs_url":"https://api.github.com/repos/octocat/Hello-World/git/blobs{/sha}","git_tags_url":"https://api.github.com/repos/octocat/Hello-World/git/tags{/sha}","git_refs_url":"https://api.github.com/repos/octocat/Hello-World/git/refs{/sha}","trees_url":"https://api.github.com/repos/octocat/Hello-World/git/trees{/sha}","statuses_url":"https://api.github.com/repos/octocat/Hello-World/statuses/{sha}","languages_url":"https://api.github.com/repos/octocat/Hello-World/languages","stargazers_url":"https://api.github.com/repos/octocat/Hello-World/stargazers","contributors_url":"https://api.github.com/repos/octocat/Hello-World/contributors","subscribers_url":"https://api.github.com/repos/octocat/Hello-World/subscribers","subscription_url":"https://api.github.com/repos/octocat/Hello-World/subscription","commits_url":"https://api.github.com/repos/octocat/Hello-World/commits{/sha}","git_commits_url":"https://api.github.com/repos/octocat/Hello-World/git/commits{/sha}","comments_url":"https://api.github.com/repos/octocat/Hello-World/comments{/number}","issue_comment_url":"https://api.github.com/repos/octocat/Hello-World/issues/comments{/number}","contents_url":"https://api.github.com/repos/octocat/Hello-World/contents/{+path}","compare_url":"https://api.github.com/repos/octocat/Hello-World/compare/{base}...{head}","merges_url":"https://api.github.com/repos/octocat/Hello-World/merges","archive_url":"https://api.github.com/repos/octocat/Hello-World/{archive_format}{/ref}","downloads_url":"https://api.github.com/repos/octocat/Hello-World/downloads","issues_url":"https://api.github.com/repos/octocat/Hello-World/issues{/number}","pulls_url":"https://api.github.com/repos/octocat/Hello-World/pulls{/number}","milestones_url":"https://api.github.com/repos/octocat/Hello-World/milestones{/number}","notifications_url":"https://api.github.com/repos/octocat/Hello-World/notifications{?since,all,participating}","labels_url":"https://api.github.com/repos/octocat/Hello-World/labels{/name}","releases_url":"https://api.github.com/repos/octocat/Hello-World/releases{/id}","deployments_url":"https://api.github.com/repos/octocat/Hello-World/deployments","created_at":"2011-01-26T19:01:12Z","updated_at":"2025-05-20T13:33:01Z","pushed_at":"2024-08-20T23:54:42Z","git_url":"git://github.com/octocat/Hello-World.git","ssh_url":"git@github.com:octocat/Hello-World.git","clone_url":"https://github.com/octocat/Hello-World.git","svn_url":"https://github.com/octocat/Hello-World","homepage":"","size":1,"stargazers_count":2946,"watchers_count":2946,"language":null,"has_issues":true,"has_projects":true,"has_downloads":true,"has_wiki":true,"has_pages":false,"has_discussions":false,"forks_count":2984,"mirror_url":null,"archived":false,"disabled":false,"open_issues_count":1702,"license":null,"allow_forking":true,"is_template":false,"web_commit_signoff_required":false,"topics":[],"visibility":"public","forks":2984,"open_issues":1702,"watchers":2946,"default_branch":"master","temp_clone_token":null,"network_count":2984,"subscribers_count":1733}, $.private)
00:21:04.286 [main] DEBUG com.networknt.schema.PropertiesValidator - validate( {"login":"octocat","id":583231,"node_id":"MDQ6VXNlcjU4MzIzMQ==","avatar_url":"https://avatars.githubusercontent.com/u/583231?v=4","gravatar_id":"","url":"https://api.github.com/users/octocat","html_url":"https://github.com/octocat","followers_url":"https://api.github.com/users/octocat/followers","following_url":"https://api.github.com/users/octocat/following{/other_user}","gists_url":"https://api.github.com/users/octocat/gists{/gist_id}","starred_url":"https://api.github.com/users/octocat/starred{/owner}{/repo}","subscriptions_url":"https://api.github.com/users/octocat/subscriptions","organizations_url":"https://api.github.com/users/octocat/orgs","repos_url":"https://api.github.com/users/octocat/repos","events_url":"https://api.github.com/users/octocat/events{/privacy}","received_events_url":"https://api.github.com/users/octocat/received_events","type":"User","user_view_type":"public","site_admin":false}, {"id":1296269,"node_id":"MDEwOlJlcG9zaXRvcnkxMjk2MjY5","name":"Hello-World","full_name":"octocat/Hello-World","private":false,"owner":{"login":"octocat","id":583231,"node_id":"MDQ6VXNlcjU4MzIzMQ==","avatar_url":"https://avatars.githubusercontent.com/u/583231?v=4","gravatar_id":"","url":"https://api.github.com/users/octocat","html_url":"https://github.com/octocat","followers_url":"https://api.github.com/users/octocat/followers","following_url":"https://api.github.com/users/octocat/following{/other_user}","gists_url":"https://api.github.com/users/octocat/gists{/gist_id}","starred_url":"https://api.github.com/users/octocat/starred{/owner}{/repo}","subscriptions_url":"https://api.github.com/users/octocat/subscriptions","organizations_url":"https://api.github.com/users/octocat/orgs","repos_url":"https://api.github.com/users/octocat/repos","events_url":"https://api.github.com/users/octocat/events{/privacy}","received_events_url":"https://api.github.com/users/octocat/received_events","type":"User","user_view_type":"public","site_admin":false},"html_url":"https://github.com/octocat/Hello-World","description":"My first repository on GitHub!","fork":false,"url":"https://api.github.com/repos/octocat/Hello-World","forks_url":"https://api.github.com/repos/octocat/Hello-World/forks","keys_url":"https://api.github.com/repos/octocat/Hello-World/keys{/key_id}","collaborators_url":"https://api.github.com/repos/octocat/Hello-World/collaborators{/collaborator}","teams_url":"https://api.github.com/repos/octocat/Hello-World/teams","hooks_url":"https://api.github.com/repos/octocat/Hello-World/hooks","issue_events_url":"https://api.github.com/repos/octocat/Hello-World/issues/events{/number}","events_url":"https://api.github.com/repos/octocat/Hello-World/events","assignees_url":"https://api.github.com/repos/octocat/Hello-World/assignees{/user}","branches_url":"https://api.github.com/repos/octocat/Hello-World/branches{/branch}","tags_url":"https://api.github.com/repos/octocat/Hello-World/tags","blobs_url":"https://api.github.com/repos/octocat/Hello-World/git/blobs{/sha}","git_tags_url":"https://api.github.com/repos/octocat/Hello-World/git/tags{/sha}","git_refs_url":"https://api.github.com/repos/octocat/Hello-World/git/refs{/sha}","trees_url":"https://api.github.com/repos/octocat/Hello-World/git/trees{/sha}","statuses_url":"https://api.github.com/repos/octocat/Hello-World/statuses/{sha}","languages_url":"https://api.github.com/repos/octocat/Hello-World/languages","stargazers_url":"https://api.github.com/repos/octocat/Hello-World/stargazers","contributors_url":"https://api.github.com/repos/octocat/Hello-World/contributors","subscribers_url":"https://api.github.com/repos/octocat/Hello-World/subscribers","subscription_url":"https://api.github.com/repos/octocat/Hello-World/subscription","commits_url":"https://api.github.com/repos/octocat/Hello-World/commits{/sha}","git_commits_url":"https://api.github.com/repos/octocat/Hello-World/git/commits{/sha}","comments_url":"https://api.github.com/repos/octocat/Hello-World/comments{/number}","issue_comment_url":"https://api.github.com/repos/octocat/Hello-World/issues/comments{/number}","contents_url":"https://api.github.com/repos/octocat/Hello-World/contents/{+path}","compare_url":"https://api.github.com/repos/octocat/Hello-World/compare/{base}...{head}","merges_url":"https://api.github.com/repos/octocat/Hello-World/merges","archive_url":"https://api.github.com/repos/octocat/Hello-World/{archive_format}{/ref}","downloads_url":"https://api.github.com/repos/octocat/Hello-World/downloads","issues_url":"https://api.github.com/repos/octocat/Hello-World/issues{/number}","pulls_url":"https://api.github.com/repos/octocat/Hello-World/pulls{/number}","milestones_url":"https://api.github.com/repos/octocat/Hello-World/milestones{/number}","notifications_url":"https://api.github.com/repos/octocat/Hello-World/notifications{?since,all,participating}","labels_url":"https://api.github.com/repos/octocat/Hello-World/labels{/name}","releases_url":"https://api.github.com/repos/octocat/Hello-World/releases{/id}","deployments_url":"https://api.github.com/repos/octocat/Hello-World/deployments","created_at":"2011-01-26T19:01:12Z","updated_at":"2025-05-20T13:33:01Z","pushed_at":"2024-08-20T23:54:42Z","git_url":"git://github.com/octocat/Hello-World.git","ssh_url":"git@github.com:octocat/Hello-World.git","clone_url":"https://github.com/octocat/Hello-World.git","svn_url":"https://github.com/octocat/Hello-World","homepage":"","size":1,"stargazers_count":2946,"watchers_count":2946,"language":null,"has_issues":true,"has_projects":true,"has_downloads":true,"has_wiki":true,"has_pages":false,"has_discussions":false,"forks_count":2984,"mirror_url":null,"archived":false,"disabled":false,"open_issues_count":1702,"license":null,"allow_forking":true,"is_template":false,"web_commit_signoff_required":false,"topics":[],"visibility":"public","forks":2984,"open_issues":1702,"watchers":2946,"default_branch":"master","temp_clone_token":null,"network_count":2984,"subscribers_count":1733}, $.owner)
00:21:04.287 [main] DEBUG com.networknt.schema.TypeValidator - validate( "octocat", {"id":1296269,"node_id":"MDEwOlJlcG9zaXRvcnkxMjk2MjY5","name":"Hello-World","full_name":"octocat/Hello-World","private":false,"owner":{"login":"octocat","id":583231,"node_id":"MDQ6VXNlcjU4MzIzMQ==","avatar_url":"https://avatars.githubusercontent.com/u/583231?v=4","gravatar_id":"","url":"https://api.github.com/users/octocat","html_url":"https://github.com/octocat","followers_url":"https://api.github.com/users/octocat/followers","following_url":"https://api.github.com/users/octocat/following{/other_user}","gists_url":"https://api.github.com/users/octocat/gists{/gist_id}","starred_url":"https://api.github.com/users/octocat/starred{/owner}{/repo}","subscriptions_url":"https://api.github.com/users/octocat/subscriptions","organizations_url":"https://api.github.com/users/octocat/orgs","repos_url":"https://api.github.com/users/octocat/repos","events_url":"https://api.github.com/users/octocat/events{/privacy}","received_events_url":"https://api.github.com/users/octocat/received_events","type":"User","user_view_type":"public","site_admin":false},"html_url":"https://github.com/octocat/Hello-World","description":"My first repository on GitHub!","fork":false,"url":"https://api.github.com/repos/octocat/Hello-World","forks_url":"https://api.github.com/repos/octocat/Hello-World/forks","keys_url":"https://api.github.com/repos/octocat/Hello-World/keys{/key_id}","collaborators_url":"https://api.github.com/repos/octocat/Hello-World/collaborators{/collaborator}","teams_url":"https://api.github.com/repos/octocat/Hello-World/teams","hooks_url":"https://api.github.com/repos/octocat/Hello-World/hooks","issue_events_url":"https://api.github.com/repos/octocat/Hello-World/issues/events{/number}","events_url":"https://api.github.com/repos/octocat/Hello-World/events","assignees_url":"https://api.github.com/repos/octocat/Hello-World/assignees{/user}","branches_url":"https://api.github.com/repos/octocat/Hello-World/branches{/branch}","tags_url":"https://api.github.com/repos/octocat/Hello-World/tags","blobs_url":"https://api.github.com/repos/octocat/Hello-World/git/blobs{/sha}","git_tags_url":"https://api.github.com/repos/octocat/Hello-World/git/tags{/sha}","git_refs_url":"https://api.github.com/repos/octocat/Hello-World/git/refs{/sha}","trees_url":"https://api.github.com/repos/octocat/Hello-World/git/trees{/sha}","statuses_url":"https://api.github.com/repos/octocat/Hello-World/statuses/{sha}","languages_url":"https://api.github.com/repos/octocat/Hello-World/languages","stargazers_url":"https://api.github.com/repos/octocat/Hello-World/stargazers","contributors_url":"https://api.github.com/repos/octocat/Hello-World/contributors","subscribers_url":"https://api.github.com/repos/octocat/Hello-World/subscribers","subscription_url":"https://api.github.com/repos/octocat/Hello-World/subscription","commits_url":"https://api.github.com/repos/octocat/Hello-World/commits{/sha}","git_commits_url":"https://api.github.com/repos/octocat/Hello-World/git/commits{/sha}","comments_url":"https://api.github.com/repos/octocat/Hello-World/comments{/number}","issue_comment_url":"https://api.github.com/repos/octocat/Hello-World/issues/comments{/number}","contents_url":"https://api.github.com/repos/octocat/Hello-World/contents/{+path}","compare_url":"https://api.github.com/repos/octocat/Hello-World/compare/{base}...{head}","merges_url":"https://api.github.com/repos/octocat/Hello-World/merges","archive_url":"https://api.github.com/repos/octocat/Hello-World/{archive_format}{/ref}","downloads_url":"https://api.github.com/repos/octocat/Hello-World/downloads","issues_url":"https://api.github.com/repos/octocat/Hello-World/issues{/number}","pulls_url":"https://api.github.com/repos/octocat/Hello-World/pulls{/number}","milestones_url":"https://api.github.com/repos/octocat/Hello-World/milestones{/number}","notifications_url":"https://api.github.com/repos/octocat/Hello-World/notifications{?since,all,participating}","labels_url":"https://api.github.com/repos/octocat/Hello-World/labels{/name}","releases_url":"https://api.github.com/repos/octocat/Hello-World/releases{/id}","deployments_url":"https://api.github.com/repos/octocat/Hello-World/deployments","created_at":"2011-01-26T19:01:12Z","updated_at":"2025-05-20T13:33:01Z","pushed_at":"2024-08-20T23:54:42Z","git_url":"git://github.com/octocat/Hello-World.git","ssh_url":"git@github.com:octocat/Hello-World.git","clone_url":"https://github.com/octocat/Hello-World.git","svn_url":"https://github.com/octocat/Hello-World","homepage":"","size":1,"stargazers_count":2946,"watchers_count":2946,"language":null,"has_issues":true,"has_projects":true,"has_downloads":true,"has_wiki":true,"has_pages":false,"has_discussions":false,"forks_count":2984,"mirror_url":null,"archived":false,"disabled":false,"open_issues_count":1702,"license":null,"allow_forking":true,"is_template":false,"web_commit_signoff_required":false,"topics":[],"visibility":"public","forks":2984,"open_issues":1702,"watchers":2946,"default_branch":"master","temp_clone_token":null,"network_count":2984,"subscribers_count":1733}, $.owner.login)
00:21:04.288 [main] DEBUG com.networknt.schema.TypeValidator - validate( 583231, {"id":1296269,"node_id":"MDEwOlJlcG9zaXRvcnkxMjk2MjY5","name":"Hello-World","full_name":"octocat/Hello-World","private":false,"owner":{"login":"octocat","id":583231,"node_id":"MDQ6VXNlcjU4MzIzMQ==","avatar_url":"https://avatars.githubusercontent.com/u/583231?v=4","gravatar_id":"","url":"https://api.github.com/users/octocat","html_url":"https://github.com/octocat","followers_url":"https://api.github.com/users/octocat/followers","following_url":"https://api.github.com/users/octocat/following{/other_user}","gists_url":"https://api.github.com/users/octocat/gists{/gist_id}","starred_url":"https://api.github.com/users/octocat/starred{/owner}{/repo}","subscriptions_url":"https://api.github.com/users/octocat/subscriptions","organizations_url":"https://api.github.com/users/octocat/orgs","repos_url":"https://api.github.com/users/octocat/repos","events_url":"https://api.github.com/users/octocat/events{/privacy}","received_events_url":"https://api.github.com/users/octocat/received_events","type":"User","user_view_type":"public","site_admin":false},"html_url":"https://github.com/octocat/Hello-World","description":"My first repository on GitHub!","fork":false,"url":"https://api.github.com/repos/octocat/Hello-World","forks_url":"https://api.github.com/repos/octocat/Hello-World/forks","keys_url":"https://api.github.com/repos/octocat/Hello-World/keys{/key_id}","collaborators_url":"https://api.github.com/repos/octocat/Hello-World/collaborators{/collaborator}","teams_url":"https://api.github.com/repos/octocat/Hello-World/teams","hooks_url":"https://api.github.com/repos/octocat/Hello-World/hooks","issue_events_url":"https://api.github.com/repos/octocat/Hello-World/issues/events{/number}","events_url":"https://api.github.com/repos/octocat/Hello-World/events","assignees_url":"https://api.github.com/repos/octocat/Hello-World/assignees{/user}","branches_url":"https://api.github.com/repos/octocat/Hello-World/branches{/branch}","tags_url":"https://api.github.com/repos/octocat/Hello-World/tags","blobs_url":"https://api.github.com/repos/octocat/Hello-World/git/blobs{/sha}","git_tags_url":"https://api.github.com/repos/octocat/Hello-World/git/tags{/sha}","git_refs_url":"https://api.github.com/repos/octocat/Hello-World/git/refs{/sha}","trees_url":"https://api.github.com/repos/octocat/Hello-World/git/trees{/sha}","statuses_url":"https://api.github.com/repos/octocat/Hello-World/statuses/{sha}","languages_url":"https://api.github.com/repos/octocat/Hello-World/languages","stargazers_url":"https://api.github.com/repos/octocat/Hello-World/stargazers","contributors_url":"https://api.github.com/repos/octocat/Hello-World/contributors","subscribers_url":"https://api.github.com/repos/octocat/Hello-World/subscribers","subscription_url":"https://api.github.com/repos/octocat/Hello-World/subscription","commits_url":"https://api.github.com/repos/octocat/Hello-World/commits{/sha}","git_commits_url":"https://api.github.com/repos/octocat/Hello-World/git/commits{/sha}","comments_url":"https://api.github.com/repos/octocat/Hello-World/comments{/number}","issue_comment_url":"https://api.github.com/repos/octocat/Hello-World/issues/comments{/number}","contents_url":"https://api.github.com/repos/octocat/Hello-World/contents/{+path}","compare_url":"https://api.github.com/repos/octocat/Hello-World/compare/{base}...{head}","merges_url":"https://api.github.com/repos/octocat/Hello-World/merges","archive_url":"https://api.github.com/repos/octocat/Hello-World/{archive_format}{/ref}","downloads_url":"https://api.github.com/repos/octocat/Hello-World/downloads","issues_url":"https://api.github.com/repos/octocat/Hello-World/issues{/number}","pulls_url":"https://api.github.com/repos/octocat/Hello-World/pulls{/number}","milestones_url":"https://api.github.com/repos/octocat/Hello-World/milestones{/number}","notifications_url":"https://api.github.com/repos/octocat/Hello-World/notifications{?since,all,participating}","labels_url":"https://api.github.com/repos/octocat/Hello-World/labels{/name}","releases_url":"https://api.github.com/repos/octocat/Hello-World/releases{/id}","deployments_url":"https://api.github.com/repos/octocat/Hello-World/deployments","created_at":"2011-01-26T19:01:12Z","updated_at":"2025-05-20T13:33:01Z","pushed_at":"2024-08-20T23:54:42Z","git_url":"git://github.com/octocat/Hello-World.git","ssh_url":"git@github.com:octocat/Hello-World.git","clone_url":"https://github.com/octocat/Hello-World.git","svn_url":"https://github.com/octocat/Hello-World","homepage":"","size":1,"stargazers_count":2946,"watchers_count":2946,"language":null,"has_issues":true,"has_projects":true,"has_downloads":true,"has_wiki":true,"has_pages":false,"has_discussions":false,"forks_count":2984,"mirror_url":null,"archived":false,"disabled":false,"open_issues_count":1702,"license":null,"allow_forking":true,"is_template":false,"web_commit_signoff_required":false,"topics":[],"visibility":"public","forks":2984,"open_issues":1702,"watchers":2946,"default_branch":"master","temp_clone_token":null,"network_count":2984,"subscribers_count":1733}, $.owner.id)
00:21:04.288 [main] DEBUG com.networknt.schema.RequiredValidator - validate( {"login":"octocat","id":583231,"node_id":"MDQ6VXNlcjU4MzIzMQ==","avatar_url":"https://avatars.githubusercontent.com/u/583231?v=4","gravatar_id":"","url":"https://api.github.com/users/octocat","html_url":"https://github.com/octocat","followers_url":"https://api.github.com/users/octocat/followers","following_url":"https://api.github.com/users/octocat/following{/other_user}","gists_url":"https://api.github.com/users/octocat/gists{/gist_id}","starred_url":"https://api.github.com/users/octocat/starred{/owner}{/repo}","subscriptions_url":"https://api.github.com/users/octocat/subscriptions","organizations_url":"https://api.github.com/users/octocat/orgs","repos_url":"https://api.github.com/users/octocat/repos","events_url":"https://api.github.com/users/octocat/events{/privacy}","received_events_url":"https://api.github.com/users/octocat/received_events","type":"User","user_view_type":"public","site_admin":false}, {"id":1296269,"node_id":"MDEwOlJlcG9zaXRvcnkxMjk2MjY5","name":"Hello-World","full_name":"octocat/Hello-World","private":false,"owner":{"login":"octocat","id":583231,"node_id":"MDQ6VXNlcjU4MzIzMQ==","avatar_url":"https://avatars.githubusercontent.com/u/583231?v=4","gravatar_id":"","url":"https://api.github.com/users/octocat","html_url":"https://github.com/octocat","followers_url":"https://api.github.com/users/octocat/followers","following_url":"https://api.github.com/users/octocat/following{/other_user}","gists_url":"https://api.github.com/users/octocat/gists{/gist_id}","starred_url":"https://api.github.com/users/octocat/starred{/owner}{/repo}","subscriptions_url":"https://api.github.com/users/octocat/subscriptions","organizations_url":"https://api.github.com/users/octocat/orgs","repos_url":"https://api.github.com/users/octocat/repos","events_url":"https://api.github.com/users/octocat/events{/privacy}","received_events_url":"https://api.github.com/users/octocat/received_events","type":"User","user_view_type":"public","site_admin":false},"html_url":"https://github.com/octocat/Hello-World","description":"My first repository on GitHub!","fork":false,"url":"https://api.github.com/repos/octocat/Hello-World","forks_url":"https://api.github.com/repos/octocat/Hello-World/forks","keys_url":"https://api.github.com/repos/octocat/Hello-World/keys{/key_id}","collaborators_url":"https://api.github.com/repos/octocat/Hello-World/collaborators{/collaborator}","teams_url":"https://api.github.com/repos/octocat/Hello-World/teams","hooks_url":"https://api.github.com/repos/octocat/Hello-World/hooks","issue_events_url":"https://api.github.com/repos/octocat/Hello-World/issues/events{/number}","events_url":"https://api.github.com/repos/octocat/Hello-World/events","assignees_url":"https://api.github.com/repos/octocat/Hello-World/assignees{/user}","branches_url":"https://api.github.com/repos/octocat/Hello-World/branches{/branch}","tags_url":"https://api.github.com/repos/octocat/Hello-World/tags","blobs_url":"https://api.github.com/repos/octocat/Hello-World/git/blobs{/sha}","git_tags_url":"https://api.github.com/repos/octocat/Hello-World/git/tags{/sha}","git_refs_url":"https://api.github.com/repos/octocat/Hello-World/git/refs{/sha}","trees_url":"https://api.github.com/repos/octocat/Hello-World/git/trees{/sha}","statuses_url":"https://api.github.com/repos/octocat/Hello-World/statuses/{sha}","languages_url":"https://api.github.com/repos/octocat/Hello-World/languages","stargazers_url":"https://api.github.com/repos/octocat/Hello-World/stargazers","contributors_url":"https://api.github.com/repos/octocat/Hello-World/contributors","subscribers_url":"https://api.github.com/repos/octocat/Hello-World/subscribers","subscription_url":"https://api.github.com/repos/octocat/Hello-World/subscription","commits_url":"https://api.github.com/repos/octocat/Hello-World/commits{/sha}","git_commits_url":"https://api.github.com/repos/octocat/Hello-World/git/commits{/sha}","comments_url":"https://api.github.com/repos/octocat/Hello-World/comments{/number}","issue_comment_url":"https://api.github.com/repos/octocat/Hello-World/issues/comments{/number}","contents_url":"https://api.github.com/repos/octocat/Hello-World/contents/{+path}","compare_url":"https://api.github.com/repos/octocat/Hello-World/compare/{base}...{head}","merges_url":"https://api.github.com/repos/octocat/Hello-World/merges","archive_url":"https://api.github.com/repos/octocat/Hello-World/{archive_format}{/ref}","downloads_url":"https://api.github.com/repos/octocat/Hello-World/downloads","issues_url":"https://api.github.com/repos/octocat/Hello-World/issues{/number}","pulls_url":"https://api.github.com/repos/octocat/Hello-World/pulls{/number}","milestones_url":"https://api.github.com/repos/octocat/Hello-World/milestones{/number}","notifications_url":"https://api.github.com/repos/octocat/Hello-World/notifications{?since,all,participating}","labels_url":"https://api.github.com/repos/octocat/Hello-World/labels{/name}","releases_url":"https://api.github.com/repos/octocat/Hello-World/releases{/id}","deployments_url":"https://api.github.com/repos/octocat/Hello-World/deployments","created_at":"2011-01-26T19:01:12Z","updated_at":"2025-05-20T13:33:01Z","pushed_at":"2024-08-20T23:54:42Z","git_url":"git://github.com/octocat/Hello-World.git","ssh_url":"git@github.com:octocat/Hello-World.git","clone_url":"https://github.com/octocat/Hello-World.git","svn_url":"https://github.com/octocat/Hello-World","homepage":"","size":1,"stargazers_count":2946,"watchers_count":2946,"language":null,"has_issues":true,"has_projects":true,"has_downloads":true,"has_wiki":true,"has_pages":false,"has_discussions":false,"forks_count":2984,"mirror_url":null,"archived":false,"disabled":false,"open_issues_count":1702,"license":null,"allow_forking":true,"is_template":false,"web_commit_signoff_required":false,"topics":[],"visibility":"public","forks":2984,"open_issues":1702,"watchers":2946,"default_branch":"master","temp_clone_token":null,"network_count":2984,"subscribers_count":1733}, $.owner)
00:21:04.288 [main] DEBUG com.networknt.schema.TypeValidator - validate( {"login":"octocat","id":583231,"node_id":"MDQ6VXNlcjU4MzIzMQ==","avatar_url":"https://avatars.githubusercontent.com/u/583231?v=4","gravatar_id":"","url":"https://api.github.com/users/octocat","html_url":"https://github.com/octocat","followers_url":"https://api.github.com/users/octocat/followers","following_url":"https://api.github.com/users/octocat/following{/other_user}","gists_url":"https://api.github.com/users/octocat/gists{/gist_id}","starred_url":"https://api.github.com/users/octocat/starred{/owner}{/repo}","subscriptions_url":"https://api.github.com/users/octocat/subscriptions","organizations_url":"https://api.github.com/users/octocat/orgs","repos_url":"https://api.github.com/users/octocat/repos","events_url":"https://api.github.com/users/octocat/events{/privacy}","received_events_url":"https://api.github.com/users/octocat/received_events","type":"User","user_view_type":"public","site_admin":false}, {"id":1296269,"node_id":"MDEwOlJlcG9zaXRvcnkxMjk2MjY5","name":"Hello-World","full_name":"octocat/Hello-World","private":false,"owner":{"login":"octocat","id":583231,"node_id":"MDQ6VXNlcjU4MzIzMQ==","avatar_url":"https://avatars.githubusercontent.com/u/583231?v=4","gravatar_id":"","url":"https://api.github.com/users/octocat","html_url":"https://github.com/octocat","followers_url":"https://api.github.com/users/octocat/followers","following_url":"https://api.github.com/users/octocat/following{/other_user}","gists_url":"https://api.github.com/users/octocat/gists{/gist_id}","starred_url":"https://api.github.com/users/octocat/starred{/owner}{/repo}","subscriptions_url":"https://api.github.com/users/octocat/subscriptions","organizations_url":"https://api.github.com/users/octocat/orgs","repos_url":"https://api.github.com/users/octocat/repos","events_url":"https://api.github.com/users/octocat/events{/privacy}","received_events_url":"https://api.github.com/users/octocat/received_events","type":"User","user_view_type":"public","site_admin":false},"html_url":"https://github.com/octocat/Hello-World","description":"My first repository on GitHub!","fork":false,"url":"https://api.github.com/repos/octocat/Hello-World","forks_url":"https://api.github.com/repos/octocat/Hello-World/forks","keys_url":"https://api.github.com/repos/octocat/Hello-World/keys{/key_id}","collaborators_url":"https://api.github.com/repos/octocat/Hello-World/collaborators{/collaborator}","teams_url":"https://api.github.com/repos/octocat/Hello-World/teams","hooks_url":"https://api.github.com/repos/octocat/Hello-World/hooks","issue_events_url":"https://api.github.com/repos/octocat/Hello-World/issues/events{/number}","events_url":"https://api.github.com/repos/octocat/Hello-World/events","assignees_url":"https://api.github.com/repos/octocat/Hello-World/assignees{/user}","branches_url":"https://api.github.com/repos/octocat/Hello-World/branches{/branch}","tags_url":"https://api.github.com/repos/octocat/Hello-World/tags","blobs_url":"https://api.github.com/repos/octocat/Hello-World/git/blobs{/sha}","git_tags_url":"https://api.github.com/repos/octocat/Hello-World/git/tags{/sha}","git_refs_url":"https://api.github.com/repos/octocat/Hello-World/git/refs{/sha}","trees_url":"https://api.github.com/repos/octocat/Hello-World/git/trees{/sha}","statuses_url":"https://api.github.com/repos/octocat/Hello-World/statuses/{sha}","languages_url":"https://api.github.com/repos/octocat/Hello-World/languages","stargazers_url":"https://api.github.com/repos/octocat/Hello-World/stargazers","contributors_url":"https://api.github.com/repos/octocat/Hello-World/contributors","subscribers_url":"https://api.github.com/repos/octocat/Hello-World/subscribers","subscription_url":"https://api.github.com/repos/octocat/Hello-World/subscription","commits_url":"https://api.github.com/repos/octocat/Hello-World/commits{/sha}","git_commits_url":"https://api.github.com/repos/octocat/Hello-World/git/commits{/sha}","comments_url":"https://api.github.com/repos/octocat/Hello-World/comments{/number}","issue_comment_url":"https://api.github.com/repos/octocat/Hello-World/issues/comments{/number}","contents_url":"https://api.github.com/repos/octocat/Hello-World/contents/{+path}","compare_url":"https://api.github.com/repos/octocat/Hello-World/compare/{base}...{head}","merges_url":"https://api.github.com/repos/octocat/Hello-World/merges","archive_url":"https://api.github.com/repos/octocat/Hello-World/{archive_format}{/ref}","downloads_url":"https://api.github.com/repos/octocat/Hello-World/downloads","issues_url":"https://api.github.com/repos/octocat/Hello-World/issues{/number}","pulls_url":"https://api.github.com/repos/octocat/Hello-World/pulls{/number}","milestones_url":"https://api.github.com/repos/octocat/Hello-World/milestones{/number}","notifications_url":"https://api.github.com/repos/octocat/Hello-World/notifications{?since,all,participating}","labels_url":"https://api.github.com/repos/octocat/Hello-World/labels{/name}","releases_url":"https://api.github.com/repos/octocat/Hello-World/releases{/id}","deployments_url":"https://api.github.com/repos/octocat/Hello-World/deployments","created_at":"2011-01-26T19:01:12Z","updated_at":"2025-05-20T13:33:01Z","pushed_at":"2024-08-20T23:54:42Z","git_url":"git://github.com/octocat/Hello-World.git","ssh_url":"git@github.com:octocat/Hello-World.git","clone_url":"https://github.com/octocat/Hello-World.git","svn_url":"https://github.com/octocat/Hello-World","homepage":"","size":1,"stargazers_count":2946,"watchers_count":2946,"language":null,"has_issues":true,"has_projects":true,"has_downloads":true,"has_wiki":true,"has_pages":false,"has_discussions":false,"forks_count":2984,"mirror_url":null,"archived":false,"disabled":false,"open_issues_count":1702,"license":null,"allow_forking":true,"is_template":false,"web_commit_signoff_required":false,"topics":[],"visibility":"public","forks":2984,"open_issues":1702,"watchers":2946,"default_branch":"master","temp_clone_token":null,"network_count":2984,"subscribers_count":1733}, $.owner)
00:21:04.289 [main] DEBUG com.networknt.schema.RequiredValidator - validate( {"id":1296269,"node_id":"MDEwOlJlcG9zaXRvcnkxMjk2MjY5","name":"Hello-World","full_name":"octocat/Hello-World","private":false,"owner":{"login":"octocat","id":583231,"node_id":"MDQ6VXNlcjU4MzIzMQ==","avatar_url":"https://avatars.githubusercontent.com/u/583231?v=4","gravatar_id":"","url":"https://api.github.com/users/octocat","html_url":"https://github.com/octocat","followers_url":"https://api.github.com/users/octocat/followers","following_url":"https://api.github.com/users/octocat/following{/other_user}","gists_url":"https://api.github.com/users/octocat/gists{/gist_id}","starred_url":"https://api.github.com/users/octocat/starred{/owner}{/repo}","subscriptions_url":"https://api.github.com/users/octocat/subscriptions","organizations_url":"https://api.github.com/users/octocat/orgs","repos_url":"https://api.github.com/users/octocat/repos","events_url":"https://api.github.com/users/octocat/events{/privacy}","received_events_url":"https://api.github.com/users/octocat/received_events","type":"User","user_view_type":"public","site_admin":false},"html_url":"https://github.com/octocat/Hello-World","description":"My first repository on GitHub!","fork":false,"url":"https://api.github.com/repos/octocat/Hello-World","forks_url":"https://api.github.com/repos/octocat/Hello-World/forks","keys_url":"https://api.github.com/repos/octocat/Hello-World/keys{/key_id}","collaborators_url":"https://api.github.com/repos/octocat/Hello-World/collaborators{/collaborator}","teams_url":"https://api.github.com/repos/octocat/Hello-World/teams","hooks_url":"https://api.github.com/repos/octocat/Hello-World/hooks","issue_events_url":"https://api.github.com/repos/octocat/Hello-World/issues/events{/number}","events_url":"https://api.github.com/repos/octocat/Hello-World/events","assignees_url":"https://api.github.com/repos/octocat/Hello-World/assignees{/user}","branches_url":"https://api.github.com/repos/octocat/Hello-World/branches{/branch}","tags_url":"https://api.github.com/repos/octocat/Hello-World/tags","blobs_url":"https://api.github.com/repos/octocat/Hello-World/git/blobs{/sha}","git_tags_url":"https://api.github.com/repos/octocat/Hello-World/git/tags{/sha}","git_refs_url":"https://api.github.com/repos/octocat/Hello-World/git/refs{/sha}","trees_url":"https://api.github.com/repos/octocat/Hello-World/git/trees{/sha}","statuses_url":"https://api.github.com/repos/octocat/Hello-World/statuses/{sha}","languages_url":"https://api.github.com/repos/octocat/Hello-World/languages","stargazers_url":"https://api.github.com/repos/octocat/Hello-World/stargazers","contributors_url":"https://api.github.com/repos/octocat/Hello-World/contributors","subscribers_url":"https://api.github.com/repos/octocat/Hello-World/subscribers","subscription_url":"https://api.github.com/repos/octocat/Hello-World/subscription","commits_url":"https://api.github.com/repos/octocat/Hello-World/commits{/sha}","git_commits_url":"https://api.github.com/repos/octocat/Hello-World/git/commits{/sha}","comments_url":"https://api.github.com/repos/octocat/Hello-World/comments{/number}","issue_comment_url":"https://api.github.com/repos/octocat/Hello-World/issues/comments{/number}","contents_url":"https://api.github.com/repos/octocat/Hello-World/contents/{+path}","compare_url":"https://api.github.com/repos/octocat/Hello-World/compare/{base}...{head}","merges_url":"https://api.github.com/repos/octocat/Hello-World/merges","archive_url":"https://api.github.com/repos/octocat/Hello-World/{archive_format}{/ref}","downloads_url":"https://api.github.com/repos/octocat/Hello-World/downloads","issues_url":"https://api.github.com/repos/octocat/Hello-World/issues{/number}","pulls_url":"https://api.github.com/repos/octocat/Hello-World/pulls{/number}","milestones_url":"https://api.github.com/repos/octocat/Hello-World/milestones{/number}","notifications_url":"https://api.github.com/repos/octocat/Hello-World/notifications{?since,all,participating}","labels_url":"https://api.github.com/repos/octocat/Hello-World/labels{/name}","releases_url":"https://api.github.com/repos/octocat/Hello-World/releases{/id}","deployments_url":"https://api.github.com/repos/octocat/Hello-World/deployments","created_at":"2011-01-26T19:01:12Z","updated_at":"2025-05-20T13:33:01Z","pushed_at":"2024-08-20T23:54:42Z","git_url":"git://github.com/octocat/Hello-World.git","ssh_url":"git@github.com:octocat/Hello-World.git","clone_url":"https://github.com/octocat/Hello-World.git","svn_url":"https://github.com/octocat/Hello-World","homepage":"","size":1,"stargazers_count":2946,"watchers_count":2946,"language":null,"has_issues":true,"has_projects":true,"has_downloads":true,"has_wiki":true,"has_pages":false,"has_discussions":false,"forks_count":2984,"mirror_url":null,"archived":false,"disabled":false,"open_issues_count":1702,"license":null,"allow_forking":true,"is_template":false,"web_commit_signoff_required":false,"topics":[],"visibility":"public","forks":2984,"open_issues":1702,"watchers":2946,"default_branch":"master","temp_clone_token":null,"network_count":2984,"subscribers_count":1733}, {"id":1296269,"node_id":"MDEwOlJlcG9zaXRvcnkxMjk2MjY5","name":"Hello-World","full_name":"octocat/Hello-World","private":false,"owner":{"login":"octocat","id":583231,"node_id":"MDQ6VXNlcjU4MzIzMQ==","avatar_url":"https://avatars.githubusercontent.com/u/583231?v=4","gravatar_id":"","url":"https://api.github.com/users/octocat","html_url":"https://github.com/octocat","followers_url":"https://api.github.com/users/octocat/followers","following_url":"https://api.github.com/users/octocat/following{/other_user}","gists_url":"https://api.github.com/users/octocat/gists{/gist_id}","starred_url":"https://api.github.com/users/octocat/starred{/owner}{/repo}","subscriptions_url":"https://api.github.com/users/octocat/subscriptions","organizations_url":"https://api.github.com/users/octocat/orgs","repos_url":"https://api.github.com/users/octocat/repos","events_url":"https://api.github.com/users/octocat/events{/privacy}","received_events_url":"https://api.github.com/users/octocat/received_events","type":"User","user_view_type":"public","site_admin":false},"html_url":"https://github.com/octocat/Hello-World","description":"My first repository on GitHub!","fork":false,"url":"https://api.github.com/repos/octocat/Hello-World","forks_url":"https://api.github.com/repos/octocat/Hello-World/forks","keys_url":"https://api.github.com/repos/octocat/Hello-World/keys{/key_id}","collaborators_url":"https://api.github.com/repos/octocat/Hello-World/collaborators{/collaborator}","teams_url":"https://api.github.com/repos/octocat/Hello-World/teams","hooks_url":"https://api.github.com/repos/octocat/Hello-World/hooks","issue_events_url":"https://api.github.com/repos/octocat/Hello-World/issues/events{/number}","events_url":"https://api.github.com/repos/octocat/Hello-World/events","assignees_url":"https://api.github.com/repos/octocat/Hello-World/assignees{/user}","branches_url":"https://api.github.com/repos/octocat/Hello-World/branches{/branch}","tags_url":"https://api.github.com/repos/octocat/Hello-World/tags","blobs_url":"https://api.github.com/repos/octocat/Hello-World/git/blobs{/sha}","git_tags_url":"https://api.github.com/repos/octocat/Hello-World/git/tags{/sha}","git_refs_url":"https://api.github.com/repos/octocat/Hello-World/git/refs{/sha}","trees_url":"https://api.github.com/repos/octocat/Hello-World/git/trees{/sha}","statuses_url":"https://api.github.com/repos/octocat/Hello-World/statuses/{sha}","languages_url":"https://api.github.com/repos/octocat/Hello-World/languages","stargazers_url":"https://api.github.com/repos/octocat/Hello-World/stargazers","contributors_url":"https://api.github.com/repos/octocat/Hello-World/contributors","subscribers_url":"https://api.github.com/repos/octocat/Hello-World/subscribers","subscription_url":"https://api.github.com/repos/octocat/Hello-World/subscription","commits_url":"https://api.github.com/repos/octocat/Hello-World/commits{/sha}","git_commits_url":"https://api.github.com/repos/octocat/Hello-World/git/commits{/sha}","comments_url":"https://api.github.com/repos/octocat/Hello-World/comments{/number}","issue_comment_url":"https://api.github.com/repos/octocat/Hello-World/issues/comments{/number}","contents_url":"https://api.github.com/repos/octocat/Hello-World/contents/{+path}","compare_url":"https://api.github.com/repos/octocat/Hello-World/compare/{base}...{head}","merges_url":"https://api.github.com/repos/octocat/Hello-World/merges","archive_url":"https://api.github.com/repos/octocat/Hello-World/{archive_format}{/ref}","downloads_url":"https://api.github.com/repos/octocat/Hello-World/downloads","issues_url":"https://api.github.com/repos/octocat/Hello-World/issues{/number}","pulls_url":"https://api.github.com/repos/octocat/Hello-World/pulls{/number}","milestones_url":"https://api.github.com/repos/octocat/Hello-World/milestones{/number}","notifications_url":"https://api.github.com/repos/octocat/Hello-World/notifications{?since,all,participating}","labels_url":"https://api.github.com/repos/octocat/Hello-World/labels{/name}","releases_url":"https://api.github.com/repos/octocat/Hello-World/releases{/id}","deployments_url":"https://api.github.com/repos/octocat/Hello-World/deployments","created_at":"2011-01-26T19:01:12Z","updated_at":"2025-05-20T13:33:01Z","pushed_at":"2024-08-20T23:54:42Z","git_url":"git://github.com/octocat/Hello-World.git","ssh_url":"git@github.com:octocat/Hello-World.git","clone_url":"https://github.com/octocat/Hello-World.git","svn_url":"https://github.com/octocat/Hello-World","homepage":"","size":1,"stargazers_count":2946,"watchers_count":2946,"language":null,"has_issues":true,"has_projects":true,"has_downloads":true,"has_wiki":true,"has_pages":false,"has_discussions":false,"forks_count":2984,"mirror_url":null,"archived":false,"disabled":false,"open_issues_count":1702,"license":null,"allow_forking":true,"is_template":false,"web_commit_signoff_required":false,"topics":[],"visibility":"public","forks":2984,"open_issues":1702,"watchers":2946,"default_branch":"master","temp_clone_token":null,"network_count":2984,"subscribers_count":1733}, $)
00:21:04.289 [main] DEBUG com.networknt.schema.TypeValidator - validate( {"id":1296269,"node_id":"MDEwOlJlcG9zaXRvcnkxMjk2MjY5","name":"Hello-World","full_name":"octocat/Hello-World","private":false,"owner":{"login":"octocat","id":583231,"node_id":"MDQ6VXNlcjU4MzIzMQ==","avatar_url":"https://avatars.githubusercontent.com/u/583231?v=4","gravatar_id":"","url":"https://api.github.com/users/octocat","html_url":"https://github.com/octocat","followers_url":"https://api.github.com/users/octocat/followers","following_url":"https://api.github.com/users/octocat/following{/other_user}","gists_url":"https://api.github.com/users/octocat/gists{/gist_id}","starred_url":"https://api.github.com/users/octocat/starred{/owner}{/repo}","subscriptions_url":"https://api.github.com/users/octocat/subscriptions","organizations_url":"https://api.github.com/users/octocat/orgs","repos_url":"https://api.github.com/users/octocat/repos","events_url":"https://api.github.com/users/octocat/events{/privacy}","received_events_url":"https://api.github.com/users/octocat/received_events","type":"User","user_view_type":"public","site_admin":false},"html_url":"https://github.com/octocat/Hello-World","description":"My first repository on GitHub!","fork":false,"url":"https://api.github.com/repos/octocat/Hello-World","forks_url":"https://api.github.com/repos/octocat/Hello-World/forks","keys_url":"https://api.github.com/repos/octocat/Hello-World/keys{/key_id}","collaborators_url":"https://api.github.com/repos/octocat/Hello-World/collaborators{/collaborator}","teams_url":"https://api.github.com/repos/octocat/Hello-World/teams","hooks_url":"https://api.github.com/repos/octocat/Hello-World/hooks","issue_events_url":"https://api.github.com/repos/octocat/Hello-World/issues/events{/number}","events_url":"https://api.github.com/repos/octocat/Hello-World/events","assignees_url":"https://api.github.com/repos/octocat/Hello-World/assignees{/user}","branches_url":"https://api.github.com/repos/octocat/Hello-World/branches{/branch}","tags_url":"https://api.github.com/repos/octocat/Hello-World/tags","blobs_url":"https://api.github.com/repos/octocat/Hello-World/git/blobs{/sha}","git_tags_url":"https://api.github.com/repos/octocat/Hello-World/git/tags{/sha}","git_refs_url":"https://api.github.com/repos/octocat/Hello-World/git/refs{/sha}","trees_url":"https://api.github.com/repos/octocat/Hello-World/git/trees{/sha}","statuses_url":"https://api.github.com/repos/octocat/Hello-World/statuses/{sha}","languages_url":"https://api.github.com/repos/octocat/Hello-World/languages","stargazers_url":"https://api.github.com/repos/octocat/Hello-World/stargazers","contributors_url":"https://api.github.com/repos/octocat/Hello-World/contributors","subscribers_url":"https://api.github.com/repos/octocat/Hello-World/subscribers","subscription_url":"https://api.github.com/repos/octocat/Hello-World/subscription","commits_url":"https://api.github.com/repos/octocat/Hello-World/commits{/sha}","git_commits_url":"https://api.github.com/repos/octocat/Hello-World/git/commits{/sha}","comments_url":"https://api.github.com/repos/octocat/Hello-World/comments{/number}","issue_comment_url":"https://api.github.com/repos/octocat/Hello-World/issues/comments{/number}","contents_url":"https://api.github.com/repos/octocat/Hello-World/contents/{+path}","compare_url":"https://api.github.com/repos/octocat/Hello-World/compare/{base}...{head}","merges_url":"https://api.github.com/repos/octocat/Hello-World/merges","archive_url":"https://api.github.com/repos/octocat/Hello-World/{archive_format}{/ref}","downloads_url":"https://api.github.com/repos/octocat/Hello-World/downloads","issues_url":"https://api.github.com/repos/octocat/Hello-World/issues{/number}","pulls_url":"https://api.github.com/repos/octocat/Hello-World/pulls{/number}","milestones_url":"https://api.github.com/repos/octocat/Hello-World/milestones{/number}","notifications_url":"https://api.github.com/repos/octocat/Hello-World/notifications{?since,all,participating}","labels_url":"https://api.github.com/repos/octocat/Hello-World/labels{/name}","releases_url":"https://api.github.com/repos/octocat/Hello-World/releases{/id}","deployments_url":"https://api.github.com/repos/octocat/Hello-World/deployments","created_at":"2011-01-26T19:01:12Z","updated_at":"2025-05-20T13:33:01Z","pushed_at":"2024-08-20T23:54:42Z","git_url":"git://github.com/octocat/Hello-World.git","ssh_url":"git@github.com:octocat/Hello-World.git","clone_url":"https://github.com/octocat/Hello-World.git","svn_url":"https://github.com/octocat/Hello-World","homepage":"","size":1,"stargazers_count":2946,"watchers_count":2946,"language":null,"has_issues":true,"has_projects":true,"has_downloads":true,"has_wiki":true,"has_pages":false,"has_discussions":false,"forks_count":2984,"mirror_url":null,"archived":false,"disabled":false,"open_issues_count":1702,"license":null,"allow_forking":true,"is_template":false,"web_commit_signoff_required":false,"topics":[],"visibility":"public","forks":2984,"open_issues":1702,"watchers":2946,"default_branch":"master","temp_clone_token":null,"network_count":2984,"subscribers_count":1733}, {"id":1296269,"node_id":"MDEwOlJlcG9zaXRvcnkxMjk2MjY5","name":"Hello-World","full_name":"octocat/Hello-World","private":false,"owner":{"login":"octocat","id":583231,"node_id":"MDQ6VXNlcjU4MzIzMQ==","avatar_url":"https://avatars.githubusercontent.com/u/583231?v=4","gravatar_id":"","url":"https://api.github.com/users/octocat","html_url":"https://github.com/octocat","followers_url":"https://api.github.com/users/octocat/followers","following_url":"https://api.github.com/users/octocat/following{/other_user}","gists_url":"https://api.github.com/users/octocat/gists{/gist_id}","starred_url":"https://api.github.com/users/octocat/starred{/owner}{/repo}","subscriptions_url":"https://api.github.com/users/octocat/subscriptions","organizations_url":"https://api.github.com/users/octocat/orgs","repos_url":"https://api.github.com/users/octocat/repos","events_url":"https://api.github.com/users/octocat/events{/privacy}","received_events_url":"https://api.github.com/users/octocat/received_events","type":"User","user_view_type":"public","site_admin":false},"html_url":"https://github.com/octocat/Hello-World","description":"My first repository on GitHub!","fork":false,"url":"https://api.github.com/repos/octocat/Hello-World","forks_url":"https://api.github.com/repos/octocat/Hello-World/forks","keys_url":"https://api.github.com/repos/octocat/Hello-World/keys{/key_id}","collaborators_url":"https://api.github.com/repos/octocat/Hello-World/collaborators{/collaborator}","teams_url":"https://api.github.com/repos/octocat/Hello-World/teams","hooks_url":"https://api.github.com/repos/octocat/Hello-World/hooks","issue_events_url":"https://api.github.com/repos/octocat/Hello-World/issues/events{/number}","events_url":"https://api.github.com/repos/octocat/Hello-World/events","assignees_url":"https://api.github.com/repos/octocat/Hello-World/assignees{/user}","branches_url":"https://api.github.com/repos/octocat/Hello-World/branches{/branch}","tags_url":"https://api.github.com/repos/octocat/Hello-World/tags","blobs_url":"https://api.github.com/repos/octocat/Hello-World/git/blobs{/sha}","git_tags_url":"https://api.github.com/repos/octocat/Hello-World/git/tags{/sha}","git_refs_url":"https://api.github.com/repos/octocat/Hello-World/git/refs{/sha}","trees_url":"https://api.github.com/repos/octocat/Hello-World/git/trees{/sha}","statuses_url":"https://api.github.com/repos/octocat/Hello-World/statuses/{sha}","languages_url":"https://api.github.com/repos/octocat/Hello-World/languages","stargazers_url":"https://api.github.com/repos/octocat/Hello-World/stargazers","contributors_url":"https://api.github.com/repos/octocat/Hello-World/contributors","subscribers_url":"https://api.github.com/repos/octocat/Hello-World/subscribers","subscription_url":"https://api.github.com/repos/octocat/Hello-World/subscription","commits_url":"https://api.github.com/repos/octocat/Hello-World/commits{/sha}","git_commits_url":"https://api.github.com/repos/octocat/Hello-World/git/commits{/sha}","comments_url":"https://api.github.com/repos/octocat/Hello-World/comments{/number}","issue_comment_url":"https://api.github.com/repos/octocat/Hello-World/issues/comments{/number}","contents_url":"https://api.github.com/repos/octocat/Hello-World/contents/{+path}","compare_url":"https://api.github.com/repos/octocat/Hello-World/compare/{base}...{head}","merges_url":"https://api.github.com/repos/octocat/Hello-World/merges","archive_url":"https://api.github.com/repos/octocat/Hello-World/{archive_format}{/ref}","downloads_url":"https://api.github.com/repos/octocat/Hello-World/downloads","issues_url":"https://api.github.com/repos/octocat/Hello-World/issues{/number}","pulls_url":"https://api.github.com/repos/octocat/Hello-World/pulls{/number}","milestones_url":"https://api.github.com/repos/octocat/Hello-World/milestones{/number}","notifications_url":"https://api.github.com/repos/octocat/Hello-World/notifications{?since,all,participating}","labels_url":"https://api.github.com/repos/octocat/Hello-World/labels{/name}","releases_url":"https://api.github.com/repos/octocat/Hello-World/releases{/id}","deployments_url":"https://api.github.com/repos/octocat/Hello-World/deployments","created_at":"2011-01-26T19:01:12Z","updated_at":"2025-05-20T13:33:01Z","pushed_at":"2024-08-20T23:54:42Z","git_url":"git://github.com/octocat/Hello-World.git","ssh_url":"git@github.com:octocat/Hello-World.git","clone_url":"https://github.com/octocat/Hello-World.git","svn_url":"https://github.com/octocat/Hello-World","homepage":"","size":1,"stargazers_count":2946,"watchers_count":2946,"language":null,"has_issues":true,"has_projects":true,"has_downloads":true,"has_wiki":true,"has_pages":false,"has_discussions":false,"forks_count":2984,"mirror_url":null,"archived":false,"disabled":false,"open_issues_count":1702,"license":null,"allow_forking":true,"is_template":false,"web_commit_signoff_required":false,"topics":[],"visibility":"public","forks":2984,"open_issues":1702,"watchers":2946,"default_branch":"master","temp_clone_token":null,"network_count":2984,"subscribers_count":1733}, $)
00:21:04.291 [main] INFO com.healthmonitor.api.HealthChecker - 
Checking https://api.github.com/repos/octocat/Hello-World:
00:21:04.291 [main] INFO com.healthmonitor.api.HealthChecker - Status: 200
00:21:04.291 [main] INFO com.healthmonitor.api.HealthChecker - Response Time: 1109ms
00:21:04.291 [main] INFO com.healthmonitor.api.HealthChecker - Schema Valid: true
00:21:04.291 [main] INFO com.healthmonitor.api.HealthChecker - 
Checking https://api.github.com/repos/octocat/Hello-World:
00:21:04.291 [main] INFO com.healthmonitor.api.HealthChecker - Status: 200
00:21:04.291 [main] INFO com.healthmonitor.api.HealthChecker - Response Time: 1109ms
00:21:04.291 [main] INFO com.healthmonitor.api.HealthChecker - Schema Valid: true
00:21:04.417 [main] DEBUG org.apache.http.impl.conn.BasicClientConnectionManager - Get connection for route {s}->https://api.open-meteo.com:443
00:21:04.472 [main] DEBUG org.apache.http.impl.conn.DefaultClientConnectionOperator - Connecting to api.open-meteo.com:443
00:21:05.069 [main] DEBUG org.apache.http.client.protocol.RequestAddCookies - CookieSpec selected: ignoreCookies
00:21:05.070 [main] DEBUG org.apache.http.client.protocol.RequestAuthCache - Auth cache not set in the context
00:21:05.070 [main] DEBUG org.apache.http.client.protocol.RequestTargetAuthentication - Target auth state: UNCHALLENGED
00:21:05.070 [main] DEBUG org.apache.http.client.protocol.RequestProxyAuthentication - Proxy auth state: UNCHALLENGED
00:21:05.070 [main] DEBUG org.apache.http.impl.client.DefaultHttpClient - Attempt 1 to execute request
00:21:05.070 [main] DEBUG org.apache.http.impl.conn.DefaultClientConnection - Sending request: GET /v1/forecast?latitude=35&longitude=139&current_weather=true HTTP/1.1
00:21:05.071 [main] DEBUG org.apache.http.wire -  >> "GET /v1/forecast?latitude=35&longitude=139&current_weather=true HTTP/1.1[\r][\n]"
00:21:05.071 [main] DEBUG org.apache.http.wire -  >> "Accept: */*[\r][\n]"
00:21:05.071 [main] DEBUG org.apache.http.wire -  >> "Host: api.open-meteo.com[\r][\n]"
00:21:05.071 [main] DEBUG org.apache.http.wire -  >> "Connection: Keep-Alive[\r][\n]"
00:21:05.071 [main] DEBUG org.apache.http.wire -  >> "User-Agent: Apache-HttpClient/4.5.14 (Java/16.0.1)[\r][\n]"
00:21:05.071 [main] DEBUG org.apache.http.wire -  >> "Accept-Encoding: gzip,deflate[\r][\n]"
00:21:05.071 [main] DEBUG org.apache.http.wire -  >> "[\r][\n]"
00:21:05.071 [main] DEBUG org.apache.http.headers - >> GET /v1/forecast?latitude=35&longitude=139&current_weather=true HTTP/1.1
00:21:05.071 [main] DEBUG org.apache.http.headers - >> Accept: */*
00:21:05.071 [main] DEBUG org.apache.http.headers - >> Host: api.open-meteo.com
00:21:05.071 [main] DEBUG org.apache.http.headers - >> Connection: Keep-Alive
00:21:05.071 [main] DEBUG org.apache.http.headers - >> User-Agent: Apache-HttpClient/4.5.14 (Java/16.0.1)
00:21:05.071 [main] DEBUG org.apache.http.headers - >> Accept-Encoding: gzip,deflate
00:21:05.266 [main] DEBUG org.apache.http.wire -  << "HTTP/1.1 200 OK[\r][\n]"
00:21:05.267 [main] DEBUG org.apache.http.wire -  << "Date: Tue, 20 May 2025 18:51:05 GMT[\r][\n]"
00:21:05.267 [main] DEBUG org.apache.http.wire -  << "Content-Type: application/json; charset=utf-8[\r][\n]"
00:21:05.268 [main] DEBUG org.apache.http.wire -  << "Transfer-Encoding: chunked[\r][\n]"
00:21:05.268 [main] DEBUG org.apache.http.wire -  << "Connection: keep-alive[\r][\n]"
00:21:05.268 [main] DEBUG org.apache.http.wire -  << "Content-Encoding: deflate[\r][\n]"
00:21:05.268 [main] DEBUG org.apache.http.wire -  << "[\r][\n]"
00:21:05.268 [main] DEBUG org.apache.http.impl.conn.DefaultClientConnection - Receiving response: HTTP/1.1 200 OK
00:21:05.268 [main] DEBUG org.apache.http.headers - << HTTP/1.1 200 OK
00:21:05.269 [main] DEBUG org.apache.http.headers - << Date: Tue, 20 May 2025 18:51:05 GMT
00:21:05.269 [main] DEBUG org.apache.http.headers - << Content-Type: application/json; charset=utf-8
00:21:05.269 [main] DEBUG org.apache.http.headers - << Transfer-Encoding: chunked
00:21:05.269 [main] DEBUG org.apache.http.headers - << Connection: keep-alive
00:21:05.269 [main] DEBUG org.apache.http.headers - << Content-Encoding: deflate
00:21:05.272 [main] DEBUG org.apache.http.impl.client.DefaultHttpClient - Connection can be kept alive indefinitely
00:21:05.273 [main] DEBUG io.restassured.internal.RequestSpecificationImpl$RestAssuredHttpBuilder - Parsing response as: application/json; charset=utf-8
00:21:05.274 [main] DEBUG io.restassured.internal.RequestSpecificationImpl$RestAssuredHttpBuilder - Parsed data to instance of: class org.apache.http.conn.EofSensorInputStream
00:21:05.276 [main] DEBUG org.apache.http.wire -  << "10b[\r][\n]"
00:21:05.277 [main] DEBUG org.apache.http.wire -  << "x[0x9c]d[0x90][0xcd]r[0x82]0[0x14]F_[0xa5][0x93]5[0xd2][0xcb][0xe5][0x9f]m[0x17]][0xb9]s[0x9f]A[0xb8]jFH[0x9c][0x10]`[0xac][0xc3];[0xf9][0xc]>Y[0x13]Jk[0xd5]]r[0xf2][0xdd][0xef][0x9e][0xc9][0x85]5[0xa5][0x11][0xa6][0xaf][0x89][0x15]a[0xec][0x83][0xc7][0x1a]%[0xf7][0xb][0x8][0xc2][0xdc][0x91]=I[0xd2]6[0xa5][0xa4][0x11]-[0xf1][0xb6]c[0x5][0xf8][0x10][0xe7]y[0x82][0x98]b[0x12]E[0x10]a[0x9e]z[0xac]7[0x15]W[0xbb]]G[0x86]wT)Y[0xbb][0xa0][0xc7][0xdc][0xd0][0x97][0x92][0xb6][0x8f]}[0xae]7[0xec][0xe]x[0xb9][0xdd]j[0x1a][0xc4]\[0xfd][0xf7]J[\r][\r][0xb][0xc1]0r[0xfb][0xab]^k[0x92][0x86][0x8f]T[0x9a][0x3]i[0xde]Kal[0xf5]e.[0xb2]s[0xa2]SY[0x2][0x81][0x9d][0x15][0xd2][0x90][0x1e][0xca][0xc6][0xc2]_[0x3][0xbb][0x8e][0xda][0x93][0xf3][0xef][0xb5][0xb][0xdf][0xae][0x1f][0x96][0x8d][0xc2][0xbe][0x9d][0x88]jK[0x8e][0xed][0xfb]aA[0xb5][0xd0]T-6[0xb7][0xab]+[0xec]x][0x9e][0xed][0xcd][0x5]~[0xd6]W[0xca]}[\r][0x1b][[0xf5]6[0x1f][0xa7][0x17][0xc1]j[0x8][0x18][0xaf] ^!l[0x82][0xac][0x88][0xe2][0x7][0xc7][0x1c][0xe0][0xc9][0xe][0xc1][0xf][0x1e][0xe4]R?y1[0xc3]4[0xbb][0x8b][0xc1][0x93][0x17]N[0xd3]7[0x0][0x0][0x0][0xff][0xff]"
00:21:05.277 [main] DEBUG org.apache.http.wire -  << "[\r][\n]"
00:21:05.277 [main] DEBUG org.apache.http.wire -  << "6[\r][\n]"
00:21:05.277 [main] DEBUG org.apache.http.wire -  << "[0x3][0x0][0xcd]Y[0x98][0xb7]"
00:21:05.277 [main] DEBUG org.apache.http.wire -  << "[\r][\n]"
00:21:05.277 [main] DEBUG org.apache.http.wire -  << "0[\r][\n]"
00:21:05.277 [main] DEBUG org.apache.http.wire -  << "[\r][\n]"
00:21:05.277 [main] DEBUG org.apache.http.impl.conn.BasicClientConnectionManager - Releasing connection org.apache.http.impl.conn.ManagedClientConnectionImpl@3c0e00a8
00:21:05.277 [main] DEBUG org.apache.http.impl.conn.BasicClientConnectionManager - Connection can be kept alive indefinitely
00:21:05.281 [main] DEBUG com.networknt.schema.PropertiesValidator - validate( {"latitude":35.0,"longitude":139.0,"generationtime_ms":0.05996227264404297,"utc_offset_seconds":0,"timezone":"GMT","timezone_abbreviation":"GMT","elevation":234.0,"current_weather_units":{"time":"iso8601","interval":"seconds","temperature":"°C","windspeed":"km/h","winddirection":"°","is_day":"","weathercode":"wmo code"},"current_weather":{"time":"2025-05-20T18:45","interval":900,"temperature":20.1,"windspeed":7.6,"winddirection":278,"is_day":0,"weathercode":2}}, {"latitude":35.0,"longitude":139.0,"generationtime_ms":0.05996227264404297,"utc_offset_seconds":0,"timezone":"GMT","timezone_abbreviation":"GMT","elevation":234.0,"current_weather_units":{"time":"iso8601","interval":"seconds","temperature":"°C","windspeed":"km/h","winddirection":"°","is_day":"","weathercode":"wmo code"},"current_weather":{"time":"2025-05-20T18:45","interval":900,"temperature":20.1,"windspeed":7.6,"winddirection":278,"is_day":0,"weathercode":2}}, $)
00:21:05.283 [main] DEBUG com.networknt.schema.TypeValidator - validate( 35.0, {"latitude":35.0,"longitude":139.0,"generationtime_ms":0.05996227264404297,"utc_offset_seconds":0,"timezone":"GMT","timezone_abbreviation":"GMT","elevation":234.0,"current_weather_units":{"time":"iso8601","interval":"seconds","temperature":"°C","windspeed":"km/h","winddirection":"°","is_day":"","weathercode":"wmo code"},"current_weather":{"time":"2025-05-20T18:45","interval":900,"temperature":20.1,"windspeed":7.6,"winddirection":278,"is_day":0,"weathercode":2}}, $.latitude)
00:21:05.287 [main] DEBUG com.networknt.schema.TypeValidator - validate( 139.0, {"latitude":35.0,"longitude":139.0,"generationtime_ms":0.05996227264404297,"utc_offset_seconds":0,"timezone":"GMT","timezone_abbreviation":"GMT","elevation":234.0,"current_weather_units":{"time":"iso8601","interval":"seconds","temperature":"°C","windspeed":"km/h","winddirection":"°","is_day":"","weathercode":"wmo code"},"current_weather":{"time":"2025-05-20T18:45","interval":900,"temperature":20.1,"windspeed":7.6,"winddirection":278,"is_day":0,"weathercode":2}}, $.longitude)
00:21:05.289 [main] DEBUG com.networknt.schema.PropertiesValidator - validate( {"time":"2025-05-20T18:45","interval":900,"temperature":20.1,"windspeed":7.6,"winddirection":278,"is_day":0,"weathercode":2}, {"latitude":35.0,"longitude":139.0,"generationtime_ms":0.05996227264404297,"utc_offset_seconds":0,"timezone":"GMT","timezone_abbreviation":"GMT","elevation":234.0,"current_weather_units":{"time":"iso8601","interval":"seconds","temperature":"°C","windspeed":"km/h","winddirection":"°","is_day":"","weathercode":"wmo code"},"current_weather":{"time":"2025-05-20T18:45","interval":900,"temperature":20.1,"windspeed":7.6,"winddirection":278,"is_day":0,"weathercode":2}}, $.current_weather)
00:21:05.290 [main] DEBUG com.networknt.schema.TypeValidator - validate( 20.1, {"latitude":35.0,"longitude":139.0,"generationtime_ms":0.05996227264404297,"utc_offset_seconds":0,"timezone":"GMT","timezone_abbreviation":"GMT","elevation":234.0,"current_weather_units":{"time":"iso8601","interval":"seconds","temperature":"°C","windspeed":"km/h","winddirection":"°","is_day":"","weathercode":"wmo code"},"current_weather":{"time":"2025-05-20T18:45","interval":900,"temperature":20.1,"windspeed":7.6,"winddirection":278,"is_day":0,"weathercode":2}}, $.current_weather.temperature)
00:21:05.290 [main] DEBUG com.networknt.schema.TypeValidator - validate( 7.6, {"latitude":35.0,"longitude":139.0,"generationtime_ms":0.05996227264404297,"utc_offset_seconds":0,"timezone":"GMT","timezone_abbreviation":"GMT","elevation":234.0,"current_weather_units":{"time":"iso8601","interval":"seconds","temperature":"°C","windspeed":"km/h","winddirection":"°","is_day":"","weathercode":"wmo code"},"current_weather":{"time":"2025-05-20T18:45","interval":900,"temperature":20.1,"windspeed":7.6,"winddirection":278,"is_day":0,"weathercode":2}}, $.current_weather.windspeed)
00:21:05.290 [main] DEBUG com.networknt.schema.TypeValidator - validate( 278, {"latitude":35.0,"longitude":139.0,"generationtime_ms":0.05996227264404297,"utc_offset_seconds":0,"timezone":"GMT","timezone_abbreviation":"GMT","elevation":234.0,"current_weather_units":{"time":"iso8601","interval":"seconds","temperature":"°C","windspeed":"km/h","winddirection":"°","is_day":"","weathercode":"wmo code"},"current_weather":{"time":"2025-05-20T18:45","interval":900,"temperature":20.1,"windspeed":7.6,"winddirection":278,"is_day":0,"weathercode":2}}, $.current_weather.winddirection)
00:21:05.291 [main] DEBUG com.networknt.schema.TypeValidator - validate( 2, {"latitude":35.0,"longitude":139.0,"generationtime_ms":0.05996227264404297,"utc_offset_seconds":0,"timezone":"GMT","timezone_abbreviation":"GMT","elevation":234.0,"current_weather_units":{"time":"iso8601","interval":"seconds","temperature":"°C","windspeed":"km/h","winddirection":"°","is_day":"","weathercode":"wmo code"},"current_weather":{"time":"2025-05-20T18:45","interval":900,"temperature":20.1,"windspeed":7.6,"winddirection":278,"is_day":0,"weathercode":2}}, $.current_weather.weathercode)
00:21:05.291 [main] DEBUG com.networknt.schema.TypeValidator - validate( "2025-05-20T18:45", {"latitude":35.0,"longitude":139.0,"generationtime_ms":0.05996227264404297,"utc_offset_seconds":0,"timezone":"GMT","timezone_abbreviation":"GMT","elevation":234.0,"current_weather_units":{"time":"iso8601","interval":"seconds","temperature":"°C","windspeed":"km/h","winddirection":"°","is_day":"","weathercode":"wmo code"},"current_weather":{"time":"2025-05-20T18:45","interval":900,"temperature":20.1,"windspeed":7.6,"winddirection":278,"is_day":0,"weathercode":2}}, $.current_weather.time)
00:21:05.292 [main] DEBUG com.networknt.schema.RequiredValidator - validate( {"time":"2025-05-20T18:45","interval":900,"temperature":20.1,"windspeed":7.6,"winddirection":278,"is_day":0,"weathercode":2}, {"latitude":35.0,"longitude":139.0,"generationtime_ms":0.05996227264404297,"utc_offset_seconds":0,"timezone":"GMT","timezone_abbreviation":"GMT","elevation":234.0,"current_weather_units":{"time":"iso8601","interval":"seconds","temperature":"°C","windspeed":"km/h","winddirection":"°","is_day":"","weathercode":"wmo code"},"current_weather":{"time":"2025-05-20T18:45","interval":900,"temperature":20.1,"windspeed":7.6,"winddirection":278,"is_day":0,"weathercode":2}}, $.current_weather)
00:21:05.292 [main] DEBUG com.networknt.schema.TypeValidator - validate( {"time":"2025-05-20T18:45","interval":900,"temperature":20.1,"windspeed":7.6,"winddirection":278,"is_day":0,"weathercode":2}, {"latitude":35.0,"longitude":139.0,"generationtime_ms":0.05996227264404297,"utc_offset_seconds":0,"timezone":"GMT","timezone_abbreviation":"GMT","elevation":234.0,"current_weather_units":{"time":"iso8601","interval":"seconds","temperature":"°C","windspeed":"km/h","winddirection":"°","is_day":"","weathercode":"wmo code"},"current_weather":{"time":"2025-05-20T18:45","interval":900,"temperature":20.1,"windspeed":7.6,"winddirection":278,"is_day":0,"weathercode":2}}, $.current_weather)
00:21:05.292 [main] DEBUG com.networknt.schema.RequiredValidator - validate( {"latitude":35.0,"longitude":139.0,"generationtime_ms":0.05996227264404297,"utc_offset_seconds":0,"timezone":"GMT","timezone_abbreviation":"GMT","elevation":234.0,"current_weather_units":{"time":"iso8601","interval":"seconds","temperature":"°C","windspeed":"km/h","winddirection":"°","is_day":"","weathercode":"wmo code"},"current_weather":{"time":"2025-05-20T18:45","interval":900,"temperature":20.1,"windspeed":7.6,"winddirection":278,"is_day":0,"weathercode":2}}, {"latitude":35.0,"longitude":139.0,"generationtime_ms":0.05996227264404297,"utc_offset_seconds":0,"timezone":"GMT","timezone_abbreviation":"GMT","elevation":234.0,"current_weather_units":{"time":"iso8601","interval":"seconds","temperature":"°C","windspeed":"km/h","winddirection":"°","is_day":"","weathercode":"wmo code"},"current_weather":{"time":"2025-05-20T18:45","interval":900,"temperature":20.1,"windspeed":7.6,"winddirection":278,"is_day":0,"weathercode":2}}, $)
00:21:05.293 [main] DEBUG com.networknt.schema.TypeValidator - validate( {"latitude":35.0,"longitude":139.0,"generationtime_ms":0.05996227264404297,"utc_offset_seconds":0,"timezone":"GMT","timezone_abbreviation":"GMT","elevation":234.0,"current_weather_units":{"time":"iso8601","interval":"seconds","temperature":"°C","windspeed":"km/h","winddirection":"°","is_day":"","weathercode":"wmo code"},"current_weather":{"time":"2025-05-20T18:45","interval":900,"temperature":20.1,"windspeed":7.6,"winddirection":278,"is_day":0,"weathercode":2}}, {"latitude":35.0,"longitude":139.0,"generationtime_ms":0.05996227264404297,"utc_offset_seconds":0,"timezone":"GMT","timezone_abbreviation":"GMT","elevation":234.0,"current_weather_units":{"time":"iso8601","interval":"seconds","temperature":"°C","windspeed":"km/h","winddirection":"°","is_day":"","weathercode":"wmo code"},"current_weather":{"time":"2025-05-20T18:45","interval":900,"temperature":20.1,"windspeed":7.6,"winddirection":278,"is_day":0,"weathercode":2}}, $)
00:21:05.294 [main] INFO com.healthmonitor.api.HealthChecker - 
Checking https://api.open-meteo.com/v1/forecast?latitude=35&longitude=139&current_weather=true:
00:21:05.295 [main] INFO com.healthmonitor.api.HealthChecker - Status: 200
00:21:05.295 [main] INFO com.healthmonitor.api.HealthChecker - Response Time: 984ms
00:21:05.295 [main] INFO com.healthmonitor.api.HealthChecker - Schema Valid: true
00:21:05.295 [main] INFO com.healthmonitor.api.HealthChecker - 
Checking https://api.open-meteo.com/v1/forecast?latitude=35&longitude=139&current_weather=true:
00:21:05.295 [main] INFO com.healthmonitor.api.HealthChecker - Status: 200
00:21:05.295 [main] INFO com.healthmonitor.api.HealthChecker - Response Time: 984ms
00:21:05.295 [main] INFO com.healthmonitor.api.HealthChecker - Schema Valid: true
]]></system-out>
  </testcase>
  <testcase name="testGitHubAPI" classname="com.healthmonitor.api.HealthCheckerTest" time="1.278">
    <system-out><![CDATA[00:21:05.417 [Finalizer] DEBUG org.apache.http.impl.conn.DefaultClientConnection - Connection 0.0.0.0:52397<->20.207.73.85:443 closed
00:21:05.419 [Finalizer] DEBUG org.apache.http.impl.conn.DefaultClientConnection - Connection 0.0.0.0:52398<->94.130.142.35:443 closed
00:21:05.451 [main] DEBUG org.apache.http.impl.conn.BasicClientConnectionManager - Get connection for route {s}->https://api.coindesk.com:443
00:21:05.452 [main] DEBUG org.apache.http.impl.conn.DefaultClientConnection - Connection org.apache.http.impl.conn.DefaultClientConnection@2a235b8e closed
00:21:05.452 [main] DEBUG org.apache.http.impl.conn.DefaultClientConnection - Connection org.apache.http.impl.conn.DefaultClientConnection@2a235b8e shut down
00:21:05.452 [main] DEBUG org.apache.http.impl.conn.BasicClientConnectionManager - Releasing connection org.apache.http.impl.conn.ManagedClientConnectionImpl@76536c53
00:21:05.453 [main] INFO com.healthmonitor.api.HealthChecker - 
Checking https://api.coindesk.com/v1/bpi/currentprice/USD.json:
00:21:05.454 [main] INFO com.healthmonitor.api.HealthChecker - Status: 0
00:21:05.455 [main] INFO com.healthmonitor.api.HealthChecker - Response Time: 68ms
00:21:05.455 [main] INFO com.healthmonitor.api.HealthChecker - Schema Valid: false
00:21:05.455 [main] INFO com.healthmonitor.api.HealthChecker - Error: api.coindesk.com
00:21:05.455 [main] INFO com.healthmonitor.api.HealthChecker - 
Checking https://api.coindesk.com/v1/bpi/currentprice/USD.json:
00:21:05.455 [main] INFO com.healthmonitor.api.HealthChecker - Status: 0
00:21:05.455 [main] INFO com.healthmonitor.api.HealthChecker - Response Time: 68ms
00:21:05.455 [main] INFO com.healthmonitor.api.HealthChecker - Schema Valid: false
00:21:05.455 [main] INFO com.healthmonitor.api.HealthChecker - Error: api.coindesk.com
00:21:05.490 [main] DEBUG org.apache.http.impl.conn.BasicClientConnectionManager - Get connection for route {s}->https://api.github.com:443
00:21:05.490 [main] DEBUG org.apache.http.impl.conn.DefaultClientConnectionOperator - Connecting to api.github.com:443
00:21:05.649 [main] DEBUG org.apache.http.client.protocol.RequestAddCookies - CookieSpec selected: ignoreCookies
00:21:05.650 [main] DEBUG org.apache.http.client.protocol.RequestAuthCache - Auth cache not set in the context
00:21:05.650 [main] DEBUG org.apache.http.client.protocol.RequestTargetAuthentication - Target auth state: UNCHALLENGED
00:21:05.650 [main] DEBUG org.apache.http.client.protocol.RequestProxyAuthentication - Proxy auth state: UNCHALLENGED
00:21:05.650 [main] DEBUG org.apache.http.impl.client.DefaultHttpClient - Attempt 1 to execute request
00:21:05.650 [main] DEBUG org.apache.http.impl.conn.DefaultClientConnection - Sending request: GET /repos/octocat/Hello-World HTTP/1.1
00:21:05.650 [main] DEBUG org.apache.http.wire -  >> "GET /repos/octocat/Hello-World HTTP/1.1[\r][\n]"
00:21:05.650 [main] DEBUG org.apache.http.wire -  >> "Accept: */*[\r][\n]"
00:21:05.650 [main] DEBUG org.apache.http.wire -  >> "Host: api.github.com[\r][\n]"
00:21:05.650 [main] DEBUG org.apache.http.wire -  >> "Connection: Keep-Alive[\r][\n]"
00:21:05.650 [main] DEBUG org.apache.http.wire -  >> "User-Agent: Apache-HttpClient/4.5.14 (Java/16.0.1)[\r][\n]"
00:21:05.650 [main] DEBUG org.apache.http.wire -  >> "Accept-Encoding: gzip,deflate[\r][\n]"
00:21:05.650 [main] DEBUG org.apache.http.wire -  >> "[\r][\n]"
00:21:05.650 [main] DEBUG org.apache.http.headers - >> GET /repos/octocat/Hello-World HTTP/1.1
00:21:05.651 [main] DEBUG org.apache.http.headers - >> Accept: */*
00:21:05.651 [main] DEBUG org.apache.http.headers - >> Host: api.github.com
00:21:05.651 [main] DEBUG org.apache.http.headers - >> Connection: Keep-Alive
00:21:05.651 [main] DEBUG org.apache.http.headers - >> User-Agent: Apache-HttpClient/4.5.14 (Java/16.0.1)
00:21:05.651 [main] DEBUG org.apache.http.headers - >> Accept-Encoding: gzip,deflate
00:21:05.713 [main] DEBUG org.apache.http.wire -  << "HTTP/1.1 200 OK[\r][\n]"
00:21:05.714 [main] DEBUG org.apache.http.wire -  << "Date: Tue, 20 May 2025 18:51:03 GMT[\r][\n]"
00:21:05.714 [main] DEBUG org.apache.http.wire -  << "Content-Type: application/json; charset=utf-8[\r][\n]"
00:21:05.714 [main] DEBUG org.apache.http.wire -  << "Cache-Control: public, max-age=60, s-maxage=60[\r][\n]"
00:21:05.714 [main] DEBUG org.apache.http.wire -  << "Vary: Accept,Accept-Encoding, Accept, X-Requested-With[\r][\n]"
00:21:05.714 [main] DEBUG org.apache.http.wire -  << "ETag: W/"b2ef838198bc3d904e0db0ecac751014e9daaa14009d2a426ae0f72204cf03e1"[\r][\n]"
00:21:05.714 [main] DEBUG org.apache.http.wire -  << "Last-Modified: Tue, 20 May 2025 13:33:01 GMT[\r][\n]"
00:21:05.714 [main] DEBUG org.apache.http.wire -  << "X-GitHub-Media-Type: github.v3; format=json[\r][\n]"
00:21:05.714 [main] DEBUG org.apache.http.wire -  << "x-github-api-version-selected: 2022-11-28[\r][\n]"
00:21:05.714 [main] DEBUG org.apache.http.wire -  << "Access-Control-Expose-Headers: ETag, Link, Location, Retry-After, X-GitHub-OTP, X-RateLimit-Limit, X-RateLimit-Remaining, X-RateLimit-Used, X-RateLimit-Resource, X-RateLimit-Reset, X-OAuth-Scopes, X-Accepted-OAuth-Scopes, X-Poll-Interval, X-GitHub-Media-Type, X-GitHub-SSO, X-GitHub-Request-Id, Deprecation, Sunset[\r][\n]"
00:21:05.715 [main] DEBUG org.apache.http.wire -  << "Access-Control-Allow-Origin: *[\r][\n]"
00:21:05.715 [main] DEBUG org.apache.http.wire -  << "Strict-Transport-Security: max-age=31536000; includeSubdomains; preload[\r][\n]"
00:21:05.715 [main] DEBUG org.apache.http.wire -  << "X-Frame-Options: deny[\r][\n]"
00:21:05.715 [main] DEBUG org.apache.http.wire -  << "X-Content-Type-Options: nosniff[\r][\n]"
00:21:05.715 [main] DEBUG org.apache.http.wire -  << "X-XSS-Protection: 0[\r][\n]"
00:21:05.715 [main] DEBUG org.apache.http.wire -  << "Referrer-Policy: origin-when-cross-origin, strict-origin-when-cross-origin[\r][\n]"
00:21:05.715 [main] DEBUG org.apache.http.wire -  << "Content-Security-Policy: default-src 'none'[\r][\n]"
00:21:05.715 [main] DEBUG org.apache.http.wire -  << "Content-Encoding: gzip[\r][\n]"
00:21:05.715 [main] DEBUG org.apache.http.wire -  << "Server: github.com[\r][\n]"
00:21:05.715 [main] DEBUG org.apache.http.wire -  << "Accept-Ranges: bytes[\r][\n]"
00:21:05.715 [main] DEBUG org.apache.http.wire -  << "X-RateLimit-Limit: 60[\r][\n]"
00:21:05.715 [main] DEBUG org.apache.http.wire -  << "X-RateLimit-Remaining: 54[\r][\n]"
00:21:05.716 [main] DEBUG org.apache.http.wire -  << "X-RateLimit-Reset: 1747769482[\r][\n]"
00:21:05.716 [main] DEBUG org.apache.http.wire -  << "X-RateLimit-Resource: core[\r][\n]"
00:21:05.717 [main] DEBUG org.apache.http.wire -  << "X-RateLimit-Used: 6[\r][\n]"
00:21:05.717 [main] DEBUG org.apache.http.wire -  << "Content-Length: 1289[\r][\n]"
00:21:05.717 [main] DEBUG org.apache.http.wire -  << "X-GitHub-Request-Id: CCAF:21C1BC:1CBD554:2471823:682CCF19[\r][\n]"
00:21:05.717 [main] DEBUG org.apache.http.wire -  << "[\r][\n]"
00:21:05.717 [main] DEBUG org.apache.http.impl.conn.DefaultClientConnection - Receiving response: HTTP/1.1 200 OK
00:21:05.717 [main] DEBUG org.apache.http.headers - << HTTP/1.1 200 OK
00:21:05.717 [main] DEBUG org.apache.http.headers - << Date: Tue, 20 May 2025 18:51:03 GMT
00:21:05.717 [main] DEBUG org.apache.http.headers - << Content-Type: application/json; charset=utf-8
00:21:05.717 [main] DEBUG org.apache.http.headers - << Cache-Control: public, max-age=60, s-maxage=60
00:21:05.717 [main] DEBUG org.apache.http.headers - << Vary: Accept,Accept-Encoding, Accept, X-Requested-With
00:21:05.717 [main] DEBUG org.apache.http.headers - << ETag: W/"b2ef838198bc3d904e0db0ecac751014e9daaa14009d2a426ae0f72204cf03e1"
00:21:05.717 [main] DEBUG org.apache.http.headers - << Last-Modified: Tue, 20 May 2025 13:33:01 GMT
00:21:05.718 [main] DEBUG org.apache.http.headers - << X-GitHub-Media-Type: github.v3; format=json
00:21:05.718 [main] DEBUG org.apache.http.headers - << x-github-api-version-selected: 2022-11-28
00:21:05.718 [main] DEBUG org.apache.http.headers - << Access-Control-Expose-Headers: ETag, Link, Location, Retry-After, X-GitHub-OTP, X-RateLimit-Limit, X-RateLimit-Remaining, X-RateLimit-Used, X-RateLimit-Resource, X-RateLimit-Reset, X-OAuth-Scopes, X-Accepted-OAuth-Scopes, X-Poll-Interval, X-GitHub-Media-Type, X-GitHub-SSO, X-GitHub-Request-Id, Deprecation, Sunset
00:21:05.718 [main] DEBUG org.apache.http.headers - << Access-Control-Allow-Origin: *
00:21:05.718 [main] DEBUG org.apache.http.headers - << Strict-Transport-Security: max-age=31536000; includeSubdomains; preload
00:21:05.718 [main] DEBUG org.apache.http.headers - << X-Frame-Options: deny
00:21:05.718 [main] DEBUG org.apache.http.headers - << X-Content-Type-Options: nosniff
00:21:05.718 [main] DEBUG org.apache.http.headers - << X-XSS-Protection: 0
00:21:05.718 [main] DEBUG org.apache.http.headers - << Referrer-Policy: origin-when-cross-origin, strict-origin-when-cross-origin
00:21:05.718 [main] DEBUG org.apache.http.headers - << Content-Security-Policy: default-src 'none'
00:21:05.718 [main] DEBUG org.apache.http.headers - << Content-Encoding: gzip
00:21:05.718 [main] DEBUG org.apache.http.headers - << Server: github.com
00:21:05.718 [main] DEBUG org.apache.http.headers - << Accept-Ranges: bytes
00:21:05.718 [main] DEBUG org.apache.http.headers - << X-RateLimit-Limit: 60
00:21:05.718 [main] DEBUG org.apache.http.headers - << X-RateLimit-Remaining: 54
00:21:05.718 [main] DEBUG org.apache.http.headers - << X-RateLimit-Reset: 1747769482
00:21:05.718 [main] DEBUG org.apache.http.headers - << X-RateLimit-Resource: core
00:21:05.719 [main] DEBUG org.apache.http.headers - << X-RateLimit-Used: 6
00:21:05.719 [main] DEBUG org.apache.http.headers - << Content-Length: 1289
00:21:05.719 [main] DEBUG org.apache.http.headers - << X-GitHub-Request-Id: CCAF:21C1BC:1CBD554:2471823:682CCF19
00:21:05.719 [main] DEBUG org.apache.http.impl.client.DefaultHttpClient - Connection can be kept alive indefinitely
00:21:05.720 [main] DEBUG io.restassured.internal.RequestSpecificationImpl$RestAssuredHttpBuilder - Parsing response as: application/json; charset=utf-8
00:21:05.720 [main] DEBUG org.apache.http.wire -  << "[0x1f][0x8b][0x8][0x0][0x0][0x0][0x0][0x0][0x0][0x3][0xa5]X]o[0xe3]6[0x10][0xfc]+[0xa9]^kG[0xb6][0xec][0xe4][0x12][0x3][0x87][0xeb]C[0x8b][0xbb][0x16]H[0x8b]+[0xee][0xda]k[0x8b]B[0xa0]$[0xda]bB[0x89]*I[0xd9]g[0xb][0xf9][0xef][0x1d][0x92]"
00:21:05.721 [main] DEBUG org.apache.http.wire -  << "[0xfa][0xb2][;[0xb1][0xfc][0x12][0xdb][0xc]g8[0xdc][0xe5].wYy,[0xf1][0x16][0xd3][0xe0][0xfe]6[0xb8][0xbd][0x1f]y[0xb9]HhhF[0xbc][0x87][0xef][0xd8][0xfc][0xc2][0xe2][0xf1][0xfb][0xfb][0x1d][0xf9][0xf2][0xeb]:[0xce][0x9f][0xbe]><>[0x5][0xf][0x8f][0xdc]x[0x98]H2[0x8a]Y[0x1f]([0xe7]b[0xfc][0xbb][0x90]<[0xc1][0xe0][0xb2][0xe4]<[0xac][0xff]#b-b[0xa2][0xfd][0xfd][0x19][0x85]dk[0xa2][0x81]\[0x12][0xae][0xe8][0xc8][0x13][0x9b][0x9c]JoQy\[0xac]X[0xe][0xc2][0x1a][0x6]2[0xa3][0xe2][0xe6]n[0x16][0xcc][0xa6][0xfb][0xb2]>[0xde][0xfe][0xf6][0xe5]g[0x1e]?~[0x9e]?[0xec]~[0xdc]=||[0xfb][0x16][0x93][0x9]X[0x89][0xc]K[0xc9][0xc1][0x91]j][0xa8][0x85][0xef][0xbb]Au[0xbd]b:-[0xa3]RQ[0x19][0x8b]\[0xd3]\_[0xc7]"[0xf3]K[0xdf][0xb1][0xbf][[0xbf][0x9d][0x83]a%k[0xe][0xbb]{[0xc][0x1c]p[0x15][0xac][0xe6]q`[0x90])[0xbf][0x13][0x9b][0xea][0x8c][0x1f][0xac][0xee]V[0xb5][0xb3][0xbb]yK[0x1]{m[0x80]=[0x94]z[0x82][0xde]oA[0xc6][0xc4][0x96][0x80][0xe5][0xab][0xf3][0x9][0x0][0xaa]|[0xa1]S[\n]"
00:21:05.721 [main] DEBUG org.apache.http.wire -  << ";A[0xfe][0xb3][0xd9]4S[0xfa],)[0x16]P[0xf9][0xe6][0x3][0xc7][0xc4]P([0xd8]][0xd2][0xe4][0x1c]95[0x4]b[0x8c][0xf7][0x9f]+_[0xd2]BX[0xae]2R[0xb1]d[0x85]f"?K[0xd6][0x1e][0x10]DB[0xae]H[0xce]v[0xe4]l"[0x0][0x15][0xf0]F[0xd0]Y[0x2],[0x0]@[0xba][0xc6][0xf1]:[0xb][0xe9][0x10][0x95]o##[0xde][0x1a]3H[0x1a]S[0xb6][0x86]M[0xcf]g;[0x80][0x82]Lo[0xb][0x13][0xa8][0x9f][0xe1]q[0xfc]2[0x8e][0xf][0xd7][0x8c]n[0xc2]z[0xbc](#[0xce]bc{[0xa6]iH[0x92][0xcc]D[0xa1][\r][0xce][0xe7][0x11][0x2][0xe9][0x15][0xa7][0xfa] [0xc2][0x13][0xda][0xba][0xd0]d[0x91][0xed][0xd5][0x92]I[0xa5][0xaf][0xac][0x81][0x98][0x16]r{%[0xf2][0xab][0xf7]L([0xa3]o[0xb0][0xec]R[0xc8][0xa7]6[0x1b][0x9c][0xc]9[0xcb][0xd0][0x84][0xd2][0xc1][0xa2][0x86][0xe5][0x5][0xab][0x1f][0x85]#[0xbc][0x0][0x86][0x94]'[0xba][0x1d][0xcc]a[0xb0][0x95][0x8f][0xbf]uT[0xc4][0x8]S[0x12][0x9]I[0xb0][0xe3][0xc1][0xa4]{$[0x95][0xdf][0xff]i[0x8e][0x89][0xa6]$[0x1b][0xcc]m[0xc1] I[0x85][0x18]n9[0xb][0x6][0x9]S[0xaa][0xa4][0xaf]:[0xad][0xc7][0xbd]`9[0x94][0xdf][0x84]C^f[0x91][0xcb]Q[0xaf][0x9][0x82][0xe3][0xb4][0xe][\r][0x8d]D)[0xb6][0xca])[0x1d]l[0xb1][0x96][0xa0][0xf2][0x9b][0xf4][0x19]I[0x92][0xc7][0xe9]p[0xca][0x6]_[0xf9][0xee][0x9b][0xf5]*Y[\r][0x96]h[0xb0][0xa0][0x88][0xb8][0x88][0x6]s[0xe0][0xda][0xf2]-A[0xe5][0xab][0x94][0xb8]KB[0x87][0x97][0xa8]2[0x8c][0x6][0xbf]G([0xe9][0xf2]"[0x89][0x6][0xdf][0x12]jy[0x81]_[0xad]<C[0xd0][0xd2][0xe1]~[0xd2]p[0xf1]`}[\r][0xde][0xaf]j[0xb]r[0x92][0xaf]J[0xb2][0x1a][0xce][0xd8][0x12][0xc0][0xbb][0xe6][0xf6]\[0x91][0xdd][0x8b]5[0xc4][0xf1][0x98][0xe8][0x18]@gJ"[0xc9][0xa2][0xf2][0xb2]D[0xd5]q[0x18][0x85][0xee][0x1a]G[0xfc][0xe]7aG[0xd1][0x11][0xda][0xba][0xe0]t[0xa1]qb[0xd3][0xbd][0xda][0xc2]n;[0xcb][0xd8]K7[0xf5]q[0xb6][0x1a][0xbe]w[0xa4]/[0xa4]4[0xe7][0xf0][0x90][0xd6][0xfc]~[0xb9][0xa0]8-[0xd3][0xe0]+[0xbf][0xcb][0xa7].Y[0xd7][0xcc]C[0xad]Yg[0xeb]F_[0x9f][0xbf][0xae][0xb1][0x7][0xbb][0xbe][0xc1][0xfb][0xd5][0xb7][0x5][0xd1][0xa9][0xc9]@X[0xa6] [0x92][0xe][0x15][[0xc3][0xfd]*"(k[0xae][0xaf][0xaf][0xab][0x94][0x12][[0xbc]fT^[0x10][0x95][0xe][\r][0x1a]"[0xe3][0x14][0x5][0xdb]P}U[0x83]G%[0x92][0x11]m[0xb][0xe2][0xa5][0x91][0x97][0xa0]@[0xe6][0x82]$[0x83]m[0xd9][0x12][0x80][0xcc][0xb9]l[0xa8]F[0x87][0xee][0xfb][0xb9]@[0xb3]7X[0x98][0x5][0xf7][0xd9]2[0xc6][0xa9][0xd2]"[0x1f][0x9e]#;[0x86]>o.4[24[0xa2]/[0xb7][0x14][0xc7][0xc3]h[0x8f][0xa4]z[0xa7]X[0x1e][0xd3][0x11][0xe1]|[0x84]S[0xa9]Y[0xcc]pN[0xd1]\[0x19][0x8f][0xa1][0xe8][0xa3][0xc3][0xad][0xe2][0xd0][0x90][0x8f][0xe6][0xda]5[0x2][0x9c][0xe2][0xc8][0xe][0xb6][0xb2][0xa4][0xe]_[0xf9][0xae]WKh[0xc1][0xc5][0xf6][0xa2][0x8c][0xd2][0xa3]0[0x81]))[0xba][0xf9]$$[0x1a][0xb5]~0[0x99]N[0xc7][0x93][0xe9]8[0xb8][0xfd]4[0xbd]_L[0xa6]xU[0xf8][0x13]s[0xca]"[0xe9][0xcf][0x9]n[0xc6][0x93][0x9b]q0[0xf9]4[0x9d]-f3L3s[0x8a]R[0xa5][0x1d]M0[0x1f]O[0xee][0xcc][0x94]`[0xb6][0xb8][0x99]/[0xe6][0x96][0x6][0xe9][0xb1]>[0xbb][0xf8][0x86][0xe6][0xfe][0xbf][0xed]u[0xbf]'0[0xbd]:@J[0xa5][0x1d][0xe8][0xbb][0xe][0xb2][0xf8][0x9f][0xd7][0x89][0x1a][0x12]s[0x1c][0xc2][0x83](y[0xdd]Z[0xeb][0xc3][0xbb][0xe9]4[0xc][0xf2]R[0x91][0xd1][0x2]u[0x81]{pPl[0x87]ox[0xed][0xe8][0xdd][0xf0][0xb1](s[0xd8]6[0xb8][0x9f][0xdf][0x8e][0xbc][\r][0xd1][0xa8]6q[0xa9][0xee][0x8d]6[0xb5][0x81][0xb7][0xc8][0x11]T %*t[0xd1][0xea]-[0xb4],[0xf1][0xc8]bF[\n]"
00:21:05.722 [main] DEBUG org.apache.http.wire -  << ")[0x1e]i[0xac]U[0xac][0xcb][0xe][0xbd][0x89][0x1b][0xf6][0xc4][0xf6][0x80][0xa6]ni;4C[0x95]0[0x15][0x97][0xa8][0xa6][0xd1][0xa3][0xb7][0xe3][0xae][0x1]ku[0xdd][0xcd][0x91][[0x99][0x94][0xa2]~[0x92]q[0xca][0xea]4[0x87][0xf7][0x95][0xfa][0xf5][0x7]L$[0xe2][0xb4][0x1b][0x10][0x5][0xcd]k[0xf1][0xcd]&[0xa7]o&[0x1][0xe2][0x8a][0xc5]4W0O[0xcd]d[0x1e]AB[0xb3]([0xe2][0xae]Q[0xcb]T[0xa8]iV[0xf0][0xfe][0xfb][0xd2][0x86]F 2W}h[0xca][0xb1]\[0x86][0x92][0xfe]S2[0xbc]X[0xb4]*[0xb4](X[0x8c][0xad][0xfc][0xf5][0xf7][0xc8][3[0xc5]"[0xc6][0x99][0xde][0xc2]'mo[0xec]:Dx[0xc1][0xec][0xab][0xa7][0x11][0xde][0xb2][0xea][0x1a][0xc7]4[0x8e]J[0xe8][0x92][0x94]\[0x87][0xae][0xaa][0x7]SF[0x94][0xb6][0xfd][0xb7][0x11][0x18][0xba]#[0xa6][0xc5][0x13]E[0xaf][0xed]6[0x94]S[0xbd][0xc1]n:[0xcf][0x9a][0x95][0xfa]uTm[0xda][0xe9][0x9b][0xd9][0xec][0xf9]_[0xdd][0xaa][0x83][0x89][0xb4][0x13][0x0][0x0]"
00:21:05.722 [main] DEBUG io.restassured.internal.RequestSpecificationImpl$RestAssuredHttpBuilder - Parsed data to instance of: class org.apache.http.conn.EofSensorInputStream
00:21:05.726 [main] DEBUG org.apache.http.impl.conn.BasicClientConnectionManager - Releasing connection org.apache.http.impl.conn.ManagedClientConnectionImpl@5b40de43
00:21:05.727 [main] DEBUG org.apache.http.impl.conn.BasicClientConnectionManager - Connection can be kept alive indefinitely
00:21:05.729 [main] DEBUG com.networknt.schema.PropertiesValidator - validate( {"id":1296269,"node_id":"MDEwOlJlcG9zaXRvcnkxMjk2MjY5","name":"Hello-World","full_name":"octocat/Hello-World","private":false,"owner":{"login":"octocat","id":583231,"node_id":"MDQ6VXNlcjU4MzIzMQ==","avatar_url":"https://avatars.githubusercontent.com/u/583231?v=4","gravatar_id":"","url":"https://api.github.com/users/octocat","html_url":"https://github.com/octocat","followers_url":"https://api.github.com/users/octocat/followers","following_url":"https://api.github.com/users/octocat/following{/other_user}","gists_url":"https://api.github.com/users/octocat/gists{/gist_id}","starred_url":"https://api.github.com/users/octocat/starred{/owner}{/repo}","subscriptions_url":"https://api.github.com/users/octocat/subscriptions","organizations_url":"https://api.github.com/users/octocat/orgs","repos_url":"https://api.github.com/users/octocat/repos","events_url":"https://api.github.com/users/octocat/events{/privacy}","received_events_url":"https://api.github.com/users/octocat/received_events","type":"User","user_view_type":"public","site_admin":false},"html_url":"https://github.com/octocat/Hello-World","description":"My first repository on GitHub!","fork":false,"url":"https://api.github.com/repos/octocat/Hello-World","forks_url":"https://api.github.com/repos/octocat/Hello-World/forks","keys_url":"https://api.github.com/repos/octocat/Hello-World/keys{/key_id}","collaborators_url":"https://api.github.com/repos/octocat/Hello-World/collaborators{/collaborator}","teams_url":"https://api.github.com/repos/octocat/Hello-World/teams","hooks_url":"https://api.github.com/repos/octocat/Hello-World/hooks","issue_events_url":"https://api.github.com/repos/octocat/Hello-World/issues/events{/number}","events_url":"https://api.github.com/repos/octocat/Hello-World/events","assignees_url":"https://api.github.com/repos/octocat/Hello-World/assignees{/user}","branches_url":"https://api.github.com/repos/octocat/Hello-World/branches{/branch}","tags_url":"https://api.github.com/repos/octocat/Hello-World/tags","blobs_url":"https://api.github.com/repos/octocat/Hello-World/git/blobs{/sha}","git_tags_url":"https://api.github.com/repos/octocat/Hello-World/git/tags{/sha}","git_refs_url":"https://api.github.com/repos/octocat/Hello-World/git/refs{/sha}","trees_url":"https://api.github.com/repos/octocat/Hello-World/git/trees{/sha}","statuses_url":"https://api.github.com/repos/octocat/Hello-World/statuses/{sha}","languages_url":"https://api.github.com/repos/octocat/Hello-World/languages","stargazers_url":"https://api.github.com/repos/octocat/Hello-World/stargazers","contributors_url":"https://api.github.com/repos/octocat/Hello-World/contributors","subscribers_url":"https://api.github.com/repos/octocat/Hello-World/subscribers","subscription_url":"https://api.github.com/repos/octocat/Hello-World/subscription","commits_url":"https://api.github.com/repos/octocat/Hello-World/commits{/sha}","git_commits_url":"https://api.github.com/repos/octocat/Hello-World/git/commits{/sha}","comments_url":"https://api.github.com/repos/octocat/Hello-World/comments{/number}","issue_comment_url":"https://api.github.com/repos/octocat/Hello-World/issues/comments{/number}","contents_url":"https://api.github.com/repos/octocat/Hello-World/contents/{+path}","compare_url":"https://api.github.com/repos/octocat/Hello-World/compare/{base}...{head}","merges_url":"https://api.github.com/repos/octocat/Hello-World/merges","archive_url":"https://api.github.com/repos/octocat/Hello-World/{archive_format}{/ref}","downloads_url":"https://api.github.com/repos/octocat/Hello-World/downloads","issues_url":"https://api.github.com/repos/octocat/Hello-World/issues{/number}","pulls_url":"https://api.github.com/repos/octocat/Hello-World/pulls{/number}","milestones_url":"https://api.github.com/repos/octocat/Hello-World/milestones{/number}","notifications_url":"https://api.github.com/repos/octocat/Hello-World/notifications{?since,all,participating}","labels_url":"https://api.github.com/repos/octocat/Hello-World/labels{/name}","releases_url":"https://api.github.com/repos/octocat/Hello-World/releases{/id}","deployments_url":"https://api.github.com/repos/octocat/Hello-World/deployments","created_at":"2011-01-26T19:01:12Z","updated_at":"2025-05-20T13:33:01Z","pushed_at":"2024-08-20T23:54:42Z","git_url":"git://github.com/octocat/Hello-World.git","ssh_url":"git@github.com:octocat/Hello-World.git","clone_url":"https://github.com/octocat/Hello-World.git","svn_url":"https://github.com/octocat/Hello-World","homepage":"","size":1,"stargazers_count":2946,"watchers_count":2946,"language":null,"has_issues":true,"has_projects":true,"has_downloads":true,"has_wiki":true,"has_pages":false,"has_discussions":false,"forks_count":2984,"mirror_url":null,"archived":false,"disabled":false,"open_issues_count":1702,"license":null,"allow_forking":true,"is_template":false,"web_commit_signoff_required":false,"topics":[],"visibility":"public","forks":2984,"open_issues":1702,"watchers":2946,"default_branch":"master","temp_clone_token":null,"network_count":2984,"subscribers_count":1733}, {"id":1296269,"node_id":"MDEwOlJlcG9zaXRvcnkxMjk2MjY5","name":"Hello-World","full_name":"octocat/Hello-World","private":false,"owner":{"login":"octocat","id":583231,"node_id":"MDQ6VXNlcjU4MzIzMQ==","avatar_url":"https://avatars.githubusercontent.com/u/583231?v=4","gravatar_id":"","url":"https://api.github.com/users/octocat","html_url":"https://github.com/octocat","followers_url":"https://api.github.com/users/octocat/followers","following_url":"https://api.github.com/users/octocat/following{/other_user}","gists_url":"https://api.github.com/users/octocat/gists{/gist_id}","starred_url":"https://api.github.com/users/octocat/starred{/owner}{/repo}","subscriptions_url":"https://api.github.com/users/octocat/subscriptions","organizations_url":"https://api.github.com/users/octocat/orgs","repos_url":"https://api.github.com/users/octocat/repos","events_url":"https://api.github.com/users/octocat/events{/privacy}","received_events_url":"https://api.github.com/users/octocat/received_events","type":"User","user_view_type":"public","site_admin":false},"html_url":"https://github.com/octocat/Hello-World","description":"My first repository on GitHub!","fork":false,"url":"https://api.github.com/repos/octocat/Hello-World","forks_url":"https://api.github.com/repos/octocat/Hello-World/forks","keys_url":"https://api.github.com/repos/octocat/Hello-World/keys{/key_id}","collaborators_url":"https://api.github.com/repos/octocat/Hello-World/collaborators{/collaborator}","teams_url":"https://api.github.com/repos/octocat/Hello-World/teams","hooks_url":"https://api.github.com/repos/octocat/Hello-World/hooks","issue_events_url":"https://api.github.com/repos/octocat/Hello-World/issues/events{/number}","events_url":"https://api.github.com/repos/octocat/Hello-World/events","assignees_url":"https://api.github.com/repos/octocat/Hello-World/assignees{/user}","branches_url":"https://api.github.com/repos/octocat/Hello-World/branches{/branch}","tags_url":"https://api.github.com/repos/octocat/Hello-World/tags","blobs_url":"https://api.github.com/repos/octocat/Hello-World/git/blobs{/sha}","git_tags_url":"https://api.github.com/repos/octocat/Hello-World/git/tags{/sha}","git_refs_url":"https://api.github.com/repos/octocat/Hello-World/git/refs{/sha}","trees_url":"https://api.github.com/repos/octocat/Hello-World/git/trees{/sha}","statuses_url":"https://api.github.com/repos/octocat/Hello-World/statuses/{sha}","languages_url":"https://api.github.com/repos/octocat/Hello-World/languages","stargazers_url":"https://api.github.com/repos/octocat/Hello-World/stargazers","contributors_url":"https://api.github.com/repos/octocat/Hello-World/contributors","subscribers_url":"https://api.github.com/repos/octocat/Hello-World/subscribers","subscription_url":"https://api.github.com/repos/octocat/Hello-World/subscription","commits_url":"https://api.github.com/repos/octocat/Hello-World/commits{/sha}","git_commits_url":"https://api.github.com/repos/octocat/Hello-World/git/commits{/sha}","comments_url":"https://api.github.com/repos/octocat/Hello-World/comments{/number}","issue_comment_url":"https://api.github.com/repos/octocat/Hello-World/issues/comments{/number}","contents_url":"https://api.github.com/repos/octocat/Hello-World/contents/{+path}","compare_url":"https://api.github.com/repos/octocat/Hello-World/compare/{base}...{head}","merges_url":"https://api.github.com/repos/octocat/Hello-World/merges","archive_url":"https://api.github.com/repos/octocat/Hello-World/{archive_format}{/ref}","downloads_url":"https://api.github.com/repos/octocat/Hello-World/downloads","issues_url":"https://api.github.com/repos/octocat/Hello-World/issues{/number}","pulls_url":"https://api.github.com/repos/octocat/Hello-World/pulls{/number}","milestones_url":"https://api.github.com/repos/octocat/Hello-World/milestones{/number}","notifications_url":"https://api.github.com/repos/octocat/Hello-World/notifications{?since,all,participating}","labels_url":"https://api.github.com/repos/octocat/Hello-World/labels{/name}","releases_url":"https://api.github.com/repos/octocat/Hello-World/releases{/id}","deployments_url":"https://api.github.com/repos/octocat/Hello-World/deployments","created_at":"2011-01-26T19:01:12Z","updated_at":"2025-05-20T13:33:01Z","pushed_at":"2024-08-20T23:54:42Z","git_url":"git://github.com/octocat/Hello-World.git","ssh_url":"git@github.com:octocat/Hello-World.git","clone_url":"https://github.com/octocat/Hello-World.git","svn_url":"https://github.com/octocat/Hello-World","homepage":"","size":1,"stargazers_count":2946,"watchers_count":2946,"language":null,"has_issues":true,"has_projects":true,"has_downloads":true,"has_wiki":true,"has_pages":false,"has_discussions":false,"forks_count":2984,"mirror_url":null,"archived":false,"disabled":false,"open_issues_count":1702,"license":null,"allow_forking":true,"is_template":false,"web_commit_signoff_required":false,"topics":[],"visibility":"public","forks":2984,"open_issues":1702,"watchers":2946,"default_branch":"master","temp_clone_token":null,"network_count":2984,"subscribers_count":1733}, $)
00:21:05.733 [main] DEBUG com.networknt.schema.TypeValidator - validate( 1296269, {"id":1296269,"node_id":"MDEwOlJlcG9zaXRvcnkxMjk2MjY5","name":"Hello-World","full_name":"octocat/Hello-World","private":false,"owner":{"login":"octocat","id":583231,"node_id":"MDQ6VXNlcjU4MzIzMQ==","avatar_url":"https://avatars.githubusercontent.com/u/583231?v=4","gravatar_id":"","url":"https://api.github.com/users/octocat","html_url":"https://github.com/octocat","followers_url":"https://api.github.com/users/octocat/followers","following_url":"https://api.github.com/users/octocat/following{/other_user}","gists_url":"https://api.github.com/users/octocat/gists{/gist_id}","starred_url":"https://api.github.com/users/octocat/starred{/owner}{/repo}","subscriptions_url":"https://api.github.com/users/octocat/subscriptions","organizations_url":"https://api.github.com/users/octocat/orgs","repos_url":"https://api.github.com/users/octocat/repos","events_url":"https://api.github.com/users/octocat/events{/privacy}","received_events_url":"https://api.github.com/users/octocat/received_events","type":"User","user_view_type":"public","site_admin":false},"html_url":"https://github.com/octocat/Hello-World","description":"My first repository on GitHub!","fork":false,"url":"https://api.github.com/repos/octocat/Hello-World","forks_url":"https://api.github.com/repos/octocat/Hello-World/forks","keys_url":"https://api.github.com/repos/octocat/Hello-World/keys{/key_id}","collaborators_url":"https://api.github.com/repos/octocat/Hello-World/collaborators{/collaborator}","teams_url":"https://api.github.com/repos/octocat/Hello-World/teams","hooks_url":"https://api.github.com/repos/octocat/Hello-World/hooks","issue_events_url":"https://api.github.com/repos/octocat/Hello-World/issues/events{/number}","events_url":"https://api.github.com/repos/octocat/Hello-World/events","assignees_url":"https://api.github.com/repos/octocat/Hello-World/assignees{/user}","branches_url":"https://api.github.com/repos/octocat/Hello-World/branches{/branch}","tags_url":"https://api.github.com/repos/octocat/Hello-World/tags","blobs_url":"https://api.github.com/repos/octocat/Hello-World/git/blobs{/sha}","git_tags_url":"https://api.github.com/repos/octocat/Hello-World/git/tags{/sha}","git_refs_url":"https://api.github.com/repos/octocat/Hello-World/git/refs{/sha}","trees_url":"https://api.github.com/repos/octocat/Hello-World/git/trees{/sha}","statuses_url":"https://api.github.com/repos/octocat/Hello-World/statuses/{sha}","languages_url":"https://api.github.com/repos/octocat/Hello-World/languages","stargazers_url":"https://api.github.com/repos/octocat/Hello-World/stargazers","contributors_url":"https://api.github.com/repos/octocat/Hello-World/contributors","subscribers_url":"https://api.github.com/repos/octocat/Hello-World/subscribers","subscription_url":"https://api.github.com/repos/octocat/Hello-World/subscription","commits_url":"https://api.github.com/repos/octocat/Hello-World/commits{/sha}","git_commits_url":"https://api.github.com/repos/octocat/Hello-World/git/commits{/sha}","comments_url":"https://api.github.com/repos/octocat/Hello-World/comments{/number}","issue_comment_url":"https://api.github.com/repos/octocat/Hello-World/issues/comments{/number}","contents_url":"https://api.github.com/repos/octocat/Hello-World/contents/{+path}","compare_url":"https://api.github.com/repos/octocat/Hello-World/compare/{base}...{head}","merges_url":"https://api.github.com/repos/octocat/Hello-World/merges","archive_url":"https://api.github.com/repos/octocat/Hello-World/{archive_format}{/ref}","downloads_url":"https://api.github.com/repos/octocat/Hello-World/downloads","issues_url":"https://api.github.com/repos/octocat/Hello-World/issues{/number}","pulls_url":"https://api.github.com/repos/octocat/Hello-World/pulls{/number}","milestones_url":"https://api.github.com/repos/octocat/Hello-World/milestones{/number}","notifications_url":"https://api.github.com/repos/octocat/Hello-World/notifications{?since,all,participating}","labels_url":"https://api.github.com/repos/octocat/Hello-World/labels{/name}","releases_url":"https://api.github.com/repos/octocat/Hello-World/releases{/id}","deployments_url":"https://api.github.com/repos/octocat/Hello-World/deployments","created_at":"2011-01-26T19:01:12Z","updated_at":"2025-05-20T13:33:01Z","pushed_at":"2024-08-20T23:54:42Z","git_url":"git://github.com/octocat/Hello-World.git","ssh_url":"git@github.com:octocat/Hello-World.git","clone_url":"https://github.com/octocat/Hello-World.git","svn_url":"https://github.com/octocat/Hello-World","homepage":"","size":1,"stargazers_count":2946,"watchers_count":2946,"language":null,"has_issues":true,"has_projects":true,"has_downloads":true,"has_wiki":true,"has_pages":false,"has_discussions":false,"forks_count":2984,"mirror_url":null,"archived":false,"disabled":false,"open_issues_count":1702,"license":null,"allow_forking":true,"is_template":false,"web_commit_signoff_required":false,"topics":[],"visibility":"public","forks":2984,"open_issues":1702,"watchers":2946,"default_branch":"master","temp_clone_token":null,"network_count":2984,"subscribers_count":1733}, $.id)
00:21:05.734 [main] DEBUG com.networknt.schema.TypeValidator - validate( "Hello-World", {"id":1296269,"node_id":"MDEwOlJlcG9zaXRvcnkxMjk2MjY5","name":"Hello-World","full_name":"octocat/Hello-World","private":false,"owner":{"login":"octocat","id":583231,"node_id":"MDQ6VXNlcjU4MzIzMQ==","avatar_url":"https://avatars.githubusercontent.com/u/583231?v=4","gravatar_id":"","url":"https://api.github.com/users/octocat","html_url":"https://github.com/octocat","followers_url":"https://api.github.com/users/octocat/followers","following_url":"https://api.github.com/users/octocat/following{/other_user}","gists_url":"https://api.github.com/users/octocat/gists{/gist_id}","starred_url":"https://api.github.com/users/octocat/starred{/owner}{/repo}","subscriptions_url":"https://api.github.com/users/octocat/subscriptions","organizations_url":"https://api.github.com/users/octocat/orgs","repos_url":"https://api.github.com/users/octocat/repos","events_url":"https://api.github.com/users/octocat/events{/privacy}","received_events_url":"https://api.github.com/users/octocat/received_events","type":"User","user_view_type":"public","site_admin":false},"html_url":"https://github.com/octocat/Hello-World","description":"My first repository on GitHub!","fork":false,"url":"https://api.github.com/repos/octocat/Hello-World","forks_url":"https://api.github.com/repos/octocat/Hello-World/forks","keys_url":"https://api.github.com/repos/octocat/Hello-World/keys{/key_id}","collaborators_url":"https://api.github.com/repos/octocat/Hello-World/collaborators{/collaborator}","teams_url":"https://api.github.com/repos/octocat/Hello-World/teams","hooks_url":"https://api.github.com/repos/octocat/Hello-World/hooks","issue_events_url":"https://api.github.com/repos/octocat/Hello-World/issues/events{/number}","events_url":"https://api.github.com/repos/octocat/Hello-World/events","assignees_url":"https://api.github.com/repos/octocat/Hello-World/assignees{/user}","branches_url":"https://api.github.com/repos/octocat/Hello-World/branches{/branch}","tags_url":"https://api.github.com/repos/octocat/Hello-World/tags","blobs_url":"https://api.github.com/repos/octocat/Hello-World/git/blobs{/sha}","git_tags_url":"https://api.github.com/repos/octocat/Hello-World/git/tags{/sha}","git_refs_url":"https://api.github.com/repos/octocat/Hello-World/git/refs{/sha}","trees_url":"https://api.github.com/repos/octocat/Hello-World/git/trees{/sha}","statuses_url":"https://api.github.com/repos/octocat/Hello-World/statuses/{sha}","languages_url":"https://api.github.com/repos/octocat/Hello-World/languages","stargazers_url":"https://api.github.com/repos/octocat/Hello-World/stargazers","contributors_url":"https://api.github.com/repos/octocat/Hello-World/contributors","subscribers_url":"https://api.github.com/repos/octocat/Hello-World/subscribers","subscription_url":"https://api.github.com/repos/octocat/Hello-World/subscription","commits_url":"https://api.github.com/repos/octocat/Hello-World/commits{/sha}","git_commits_url":"https://api.github.com/repos/octocat/Hello-World/git/commits{/sha}","comments_url":"https://api.github.com/repos/octocat/Hello-World/comments{/number}","issue_comment_url":"https://api.github.com/repos/octocat/Hello-World/issues/comments{/number}","contents_url":"https://api.github.com/repos/octocat/Hello-World/contents/{+path}","compare_url":"https://api.github.com/repos/octocat/Hello-World/compare/{base}...{head}","merges_url":"https://api.github.com/repos/octocat/Hello-World/merges","archive_url":"https://api.github.com/repos/octocat/Hello-World/{archive_format}{/ref}","downloads_url":"https://api.github.com/repos/octocat/Hello-World/downloads","issues_url":"https://api.github.com/repos/octocat/Hello-World/issues{/number}","pulls_url":"https://api.github.com/repos/octocat/Hello-World/pulls{/number}","milestones_url":"https://api.github.com/repos/octocat/Hello-World/milestones{/number}","notifications_url":"https://api.github.com/repos/octocat/Hello-World/notifications{?since,all,participating}","labels_url":"https://api.github.com/repos/octocat/Hello-World/labels{/name}","releases_url":"https://api.github.com/repos/octocat/Hello-World/releases{/id}","deployments_url":"https://api.github.com/repos/octocat/Hello-World/deployments","created_at":"2011-01-26T19:01:12Z","updated_at":"2025-05-20T13:33:01Z","pushed_at":"2024-08-20T23:54:42Z","git_url":"git://github.com/octocat/Hello-World.git","ssh_url":"git@github.com:octocat/Hello-World.git","clone_url":"https://github.com/octocat/Hello-World.git","svn_url":"https://github.com/octocat/Hello-World","homepage":"","size":1,"stargazers_count":2946,"watchers_count":2946,"language":null,"has_issues":true,"has_projects":true,"has_downloads":true,"has_wiki":true,"has_pages":false,"has_discussions":false,"forks_count":2984,"mirror_url":null,"archived":false,"disabled":false,"open_issues_count":1702,"license":null,"allow_forking":true,"is_template":false,"web_commit_signoff_required":false,"topics":[],"visibility":"public","forks":2984,"open_issues":1702,"watchers":2946,"default_branch":"master","temp_clone_token":null,"network_count":2984,"subscribers_count":1733}, $.name)
00:21:05.736 [main] DEBUG com.networknt.schema.TypeValidator - validate( "octocat/Hello-World", {"id":1296269,"node_id":"MDEwOlJlcG9zaXRvcnkxMjk2MjY5","name":"Hello-World","full_name":"octocat/Hello-World","private":false,"owner":{"login":"octocat","id":583231,"node_id":"MDQ6VXNlcjU4MzIzMQ==","avatar_url":"https://avatars.githubusercontent.com/u/583231?v=4","gravatar_id":"","url":"https://api.github.com/users/octocat","html_url":"https://github.com/octocat","followers_url":"https://api.github.com/users/octocat/followers","following_url":"https://api.github.com/users/octocat/following{/other_user}","gists_url":"https://api.github.com/users/octocat/gists{/gist_id}","starred_url":"https://api.github.com/users/octocat/starred{/owner}{/repo}","subscriptions_url":"https://api.github.com/users/octocat/subscriptions","organizations_url":"https://api.github.com/users/octocat/orgs","repos_url":"https://api.github.com/users/octocat/repos","events_url":"https://api.github.com/users/octocat/events{/privacy}","received_events_url":"https://api.github.com/users/octocat/received_events","type":"User","user_view_type":"public","site_admin":false},"html_url":"https://github.com/octocat/Hello-World","description":"My first repository on GitHub!","fork":false,"url":"https://api.github.com/repos/octocat/Hello-World","forks_url":"https://api.github.com/repos/octocat/Hello-World/forks","keys_url":"https://api.github.com/repos/octocat/Hello-World/keys{/key_id}","collaborators_url":"https://api.github.com/repos/octocat/Hello-World/collaborators{/collaborator}","teams_url":"https://api.github.com/repos/octocat/Hello-World/teams","hooks_url":"https://api.github.com/repos/octocat/Hello-World/hooks","issue_events_url":"https://api.github.com/repos/octocat/Hello-World/issues/events{/number}","events_url":"https://api.github.com/repos/octocat/Hello-World/events","assignees_url":"https://api.github.com/repos/octocat/Hello-World/assignees{/user}","branches_url":"https://api.github.com/repos/octocat/Hello-World/branches{/branch}","tags_url":"https://api.github.com/repos/octocat/Hello-World/tags","blobs_url":"https://api.github.com/repos/octocat/Hello-World/git/blobs{/sha}","git_tags_url":"https://api.github.com/repos/octocat/Hello-World/git/tags{/sha}","git_refs_url":"https://api.github.com/repos/octocat/Hello-World/git/refs{/sha}","trees_url":"https://api.github.com/repos/octocat/Hello-World/git/trees{/sha}","statuses_url":"https://api.github.com/repos/octocat/Hello-World/statuses/{sha}","languages_url":"https://api.github.com/repos/octocat/Hello-World/languages","stargazers_url":"https://api.github.com/repos/octocat/Hello-World/stargazers","contributors_url":"https://api.github.com/repos/octocat/Hello-World/contributors","subscribers_url":"https://api.github.com/repos/octocat/Hello-World/subscribers","subscription_url":"https://api.github.com/repos/octocat/Hello-World/subscription","commits_url":"https://api.github.com/repos/octocat/Hello-World/commits{/sha}","git_commits_url":"https://api.github.com/repos/octocat/Hello-World/git/commits{/sha}","comments_url":"https://api.github.com/repos/octocat/Hello-World/comments{/number}","issue_comment_url":"https://api.github.com/repos/octocat/Hello-World/issues/comments{/number}","contents_url":"https://api.github.com/repos/octocat/Hello-World/contents/{+path}","compare_url":"https://api.github.com/repos/octocat/Hello-World/compare/{base}...{head}","merges_url":"https://api.github.com/repos/octocat/Hello-World/merges","archive_url":"https://api.github.com/repos/octocat/Hello-World/{archive_format}{/ref}","downloads_url":"https://api.github.com/repos/octocat/Hello-World/downloads","issues_url":"https://api.github.com/repos/octocat/Hello-World/issues{/number}","pulls_url":"https://api.github.com/repos/octocat/Hello-World/pulls{/number}","milestones_url":"https://api.github.com/repos/octocat/Hello-World/milestones{/number}","notifications_url":"https://api.github.com/repos/octocat/Hello-World/notifications{?since,all,participating}","labels_url":"https://api.github.com/repos/octocat/Hello-World/labels{/name}","releases_url":"https://api.github.com/repos/octocat/Hello-World/releases{/id}","deployments_url":"https://api.github.com/repos/octocat/Hello-World/deployments","created_at":"2011-01-26T19:01:12Z","updated_at":"2025-05-20T13:33:01Z","pushed_at":"2024-08-20T23:54:42Z","git_url":"git://github.com/octocat/Hello-World.git","ssh_url":"git@github.com:octocat/Hello-World.git","clone_url":"https://github.com/octocat/Hello-World.git","svn_url":"https://github.com/octocat/Hello-World","homepage":"","size":1,"stargazers_count":2946,"watchers_count":2946,"language":null,"has_issues":true,"has_projects":true,"has_downloads":true,"has_wiki":true,"has_pages":false,"has_discussions":false,"forks_count":2984,"mirror_url":null,"archived":false,"disabled":false,"open_issues_count":1702,"license":null,"allow_forking":true,"is_template":false,"web_commit_signoff_required":false,"topics":[],"visibility":"public","forks":2984,"open_issues":1702,"watchers":2946,"default_branch":"master","temp_clone_token":null,"network_count":2984,"subscribers_count":1733}, $.full_name)
00:21:05.736 [main] DEBUG com.networknt.schema.TypeValidator - validate( false, {"id":1296269,"node_id":"MDEwOlJlcG9zaXRvcnkxMjk2MjY5","name":"Hello-World","full_name":"octocat/Hello-World","private":false,"owner":{"login":"octocat","id":583231,"node_id":"MDQ6VXNlcjU4MzIzMQ==","avatar_url":"https://avatars.githubusercontent.com/u/583231?v=4","gravatar_id":"","url":"https://api.github.com/users/octocat","html_url":"https://github.com/octocat","followers_url":"https://api.github.com/users/octocat/followers","following_url":"https://api.github.com/users/octocat/following{/other_user}","gists_url":"https://api.github.com/users/octocat/gists{/gist_id}","starred_url":"https://api.github.com/users/octocat/starred{/owner}{/repo}","subscriptions_url":"https://api.github.com/users/octocat/subscriptions","organizations_url":"https://api.github.com/users/octocat/orgs","repos_url":"https://api.github.com/users/octocat/repos","events_url":"https://api.github.com/users/octocat/events{/privacy}","received_events_url":"https://api.github.com/users/octocat/received_events","type":"User","user_view_type":"public","site_admin":false},"html_url":"https://github.com/octocat/Hello-World","description":"My first repository on GitHub!","fork":false,"url":"https://api.github.com/repos/octocat/Hello-World","forks_url":"https://api.github.com/repos/octocat/Hello-World/forks","keys_url":"https://api.github.com/repos/octocat/Hello-World/keys{/key_id}","collaborators_url":"https://api.github.com/repos/octocat/Hello-World/collaborators{/collaborator}","teams_url":"https://api.github.com/repos/octocat/Hello-World/teams","hooks_url":"https://api.github.com/repos/octocat/Hello-World/hooks","issue_events_url":"https://api.github.com/repos/octocat/Hello-World/issues/events{/number}","events_url":"https://api.github.com/repos/octocat/Hello-World/events","assignees_url":"https://api.github.com/repos/octocat/Hello-World/assignees{/user}","branches_url":"https://api.github.com/repos/octocat/Hello-World/branches{/branch}","tags_url":"https://api.github.com/repos/octocat/Hello-World/tags","blobs_url":"https://api.github.com/repos/octocat/Hello-World/git/blobs{/sha}","git_tags_url":"https://api.github.com/repos/octocat/Hello-World/git/tags{/sha}","git_refs_url":"https://api.github.com/repos/octocat/Hello-World/git/refs{/sha}","trees_url":"https://api.github.com/repos/octocat/Hello-World/git/trees{/sha}","statuses_url":"https://api.github.com/repos/octocat/Hello-World/statuses/{sha}","languages_url":"https://api.github.com/repos/octocat/Hello-World/languages","stargazers_url":"https://api.github.com/repos/octocat/Hello-World/stargazers","contributors_url":"https://api.github.com/repos/octocat/Hello-World/contributors","subscribers_url":"https://api.github.com/repos/octocat/Hello-World/subscribers","subscription_url":"https://api.github.com/repos/octocat/Hello-World/subscription","commits_url":"https://api.github.com/repos/octocat/Hello-World/commits{/sha}","git_commits_url":"https://api.github.com/repos/octocat/Hello-World/git/commits{/sha}","comments_url":"https://api.github.com/repos/octocat/Hello-World/comments{/number}","issue_comment_url":"https://api.github.com/repos/octocat/Hello-World/issues/comments{/number}","contents_url":"https://api.github.com/repos/octocat/Hello-World/contents/{+path}","compare_url":"https://api.github.com/repos/octocat/Hello-World/compare/{base}...{head}","merges_url":"https://api.github.com/repos/octocat/Hello-World/merges","archive_url":"https://api.github.com/repos/octocat/Hello-World/{archive_format}{/ref}","downloads_url":"https://api.github.com/repos/octocat/Hello-World/downloads","issues_url":"https://api.github.com/repos/octocat/Hello-World/issues{/number}","pulls_url":"https://api.github.com/repos/octocat/Hello-World/pulls{/number}","milestones_url":"https://api.github.com/repos/octocat/Hello-World/milestones{/number}","notifications_url":"https://api.github.com/repos/octocat/Hello-World/notifications{?since,all,participating}","labels_url":"https://api.github.com/repos/octocat/Hello-World/labels{/name}","releases_url":"https://api.github.com/repos/octocat/Hello-World/releases{/id}","deployments_url":"https://api.github.com/repos/octocat/Hello-World/deployments","created_at":"2011-01-26T19:01:12Z","updated_at":"2025-05-20T13:33:01Z","pushed_at":"2024-08-20T23:54:42Z","git_url":"git://github.com/octocat/Hello-World.git","ssh_url":"git@github.com:octocat/Hello-World.git","clone_url":"https://github.com/octocat/Hello-World.git","svn_url":"https://github.com/octocat/Hello-World","homepage":"","size":1,"stargazers_count":2946,"watchers_count":2946,"language":null,"has_issues":true,"has_projects":true,"has_downloads":true,"has_wiki":true,"has_pages":false,"has_discussions":false,"forks_count":2984,"mirror_url":null,"archived":false,"disabled":false,"open_issues_count":1702,"license":null,"allow_forking":true,"is_template":false,"web_commit_signoff_required":false,"topics":[],"visibility":"public","forks":2984,"open_issues":1702,"watchers":2946,"default_branch":"master","temp_clone_token":null,"network_count":2984,"subscribers_count":1733}, $.private)
00:21:05.737 [main] DEBUG com.networknt.schema.PropertiesValidator - validate( {"login":"octocat","id":583231,"node_id":"MDQ6VXNlcjU4MzIzMQ==","avatar_url":"https://avatars.githubusercontent.com/u/583231?v=4","gravatar_id":"","url":"https://api.github.com/users/octocat","html_url":"https://github.com/octocat","followers_url":"https://api.github.com/users/octocat/followers","following_url":"https://api.github.com/users/octocat/following{/other_user}","gists_url":"https://api.github.com/users/octocat/gists{/gist_id}","starred_url":"https://api.github.com/users/octocat/starred{/owner}{/repo}","subscriptions_url":"https://api.github.com/users/octocat/subscriptions","organizations_url":"https://api.github.com/users/octocat/orgs","repos_url":"https://api.github.com/users/octocat/repos","events_url":"https://api.github.com/users/octocat/events{/privacy}","received_events_url":"https://api.github.com/users/octocat/received_events","type":"User","user_view_type":"public","site_admin":false}, {"id":1296269,"node_id":"MDEwOlJlcG9zaXRvcnkxMjk2MjY5","name":"Hello-World","full_name":"octocat/Hello-World","private":false,"owner":{"login":"octocat","id":583231,"node_id":"MDQ6VXNlcjU4MzIzMQ==","avatar_url":"https://avatars.githubusercontent.com/u/583231?v=4","gravatar_id":"","url":"https://api.github.com/users/octocat","html_url":"https://github.com/octocat","followers_url":"https://api.github.com/users/octocat/followers","following_url":"https://api.github.com/users/octocat/following{/other_user}","gists_url":"https://api.github.com/users/octocat/gists{/gist_id}","starred_url":"https://api.github.com/users/octocat/starred{/owner}{/repo}","subscriptions_url":"https://api.github.com/users/octocat/subscriptions","organizations_url":"https://api.github.com/users/octocat/orgs","repos_url":"https://api.github.com/users/octocat/repos","events_url":"https://api.github.com/users/octocat/events{/privacy}","received_events_url":"https://api.github.com/users/octocat/received_events","type":"User","user_view_type":"public","site_admin":false},"html_url":"https://github.com/octocat/Hello-World","description":"My first repository on GitHub!","fork":false,"url":"https://api.github.com/repos/octocat/Hello-World","forks_url":"https://api.github.com/repos/octocat/Hello-World/forks","keys_url":"https://api.github.com/repos/octocat/Hello-World/keys{/key_id}","collaborators_url":"https://api.github.com/repos/octocat/Hello-World/collaborators{/collaborator}","teams_url":"https://api.github.com/repos/octocat/Hello-World/teams","hooks_url":"https://api.github.com/repos/octocat/Hello-World/hooks","issue_events_url":"https://api.github.com/repos/octocat/Hello-World/issues/events{/number}","events_url":"https://api.github.com/repos/octocat/Hello-World/events","assignees_url":"https://api.github.com/repos/octocat/Hello-World/assignees{/user}","branches_url":"https://api.github.com/repos/octocat/Hello-World/branches{/branch}","tags_url":"https://api.github.com/repos/octocat/Hello-World/tags","blobs_url":"https://api.github.com/repos/octocat/Hello-World/git/blobs{/sha}","git_tags_url":"https://api.github.com/repos/octocat/Hello-World/git/tags{/sha}","git_refs_url":"https://api.github.com/repos/octocat/Hello-World/git/refs{/sha}","trees_url":"https://api.github.com/repos/octocat/Hello-World/git/trees{/sha}","statuses_url":"https://api.github.com/repos/octocat/Hello-World/statuses/{sha}","languages_url":"https://api.github.com/repos/octocat/Hello-World/languages","stargazers_url":"https://api.github.com/repos/octocat/Hello-World/stargazers","contributors_url":"https://api.github.com/repos/octocat/Hello-World/contributors","subscribers_url":"https://api.github.com/repos/octocat/Hello-World/subscribers","subscription_url":"https://api.github.com/repos/octocat/Hello-World/subscription","commits_url":"https://api.github.com/repos/octocat/Hello-World/commits{/sha}","git_commits_url":"https://api.github.com/repos/octocat/Hello-World/git/commits{/sha}","comments_url":"https://api.github.com/repos/octocat/Hello-World/comments{/number}","issue_comment_url":"https://api.github.com/repos/octocat/Hello-World/issues/comments{/number}","contents_url":"https://api.github.com/repos/octocat/Hello-World/contents/{+path}","compare_url":"https://api.github.com/repos/octocat/Hello-World/compare/{base}...{head}","merges_url":"https://api.github.com/repos/octocat/Hello-World/merges","archive_url":"https://api.github.com/repos/octocat/Hello-World/{archive_format}{/ref}","downloads_url":"https://api.github.com/repos/octocat/Hello-World/downloads","issues_url":"https://api.github.com/repos/octocat/Hello-World/issues{/number}","pulls_url":"https://api.github.com/repos/octocat/Hello-World/pulls{/number}","milestones_url":"https://api.github.com/repos/octocat/Hello-World/milestones{/number}","notifications_url":"https://api.github.com/repos/octocat/Hello-World/notifications{?since,all,participating}","labels_url":"https://api.github.com/repos/octocat/Hello-World/labels{/name}","releases_url":"https://api.github.com/repos/octocat/Hello-World/releases{/id}","deployments_url":"https://api.github.com/repos/octocat/Hello-World/deployments","created_at":"2011-01-26T19:01:12Z","updated_at":"2025-05-20T13:33:01Z","pushed_at":"2024-08-20T23:54:42Z","git_url":"git://github.com/octocat/Hello-World.git","ssh_url":"git@github.com:octocat/Hello-World.git","clone_url":"https://github.com/octocat/Hello-World.git","svn_url":"https://github.com/octocat/Hello-World","homepage":"","size":1,"stargazers_count":2946,"watchers_count":2946,"language":null,"has_issues":true,"has_projects":true,"has_downloads":true,"has_wiki":true,"has_pages":false,"has_discussions":false,"forks_count":2984,"mirror_url":null,"archived":false,"disabled":false,"open_issues_count":1702,"license":null,"allow_forking":true,"is_template":false,"web_commit_signoff_required":false,"topics":[],"visibility":"public","forks":2984,"open_issues":1702,"watchers":2946,"default_branch":"master","temp_clone_token":null,"network_count":2984,"subscribers_count":1733}, $.owner)
00:21:05.738 [main] DEBUG com.networknt.schema.TypeValidator - validate( "octocat", {"id":1296269,"node_id":"MDEwOlJlcG9zaXRvcnkxMjk2MjY5","name":"Hello-World","full_name":"octocat/Hello-World","private":false,"owner":{"login":"octocat","id":583231,"node_id":"MDQ6VXNlcjU4MzIzMQ==","avatar_url":"https://avatars.githubusercontent.com/u/583231?v=4","gravatar_id":"","url":"https://api.github.com/users/octocat","html_url":"https://github.com/octocat","followers_url":"https://api.github.com/users/octocat/followers","following_url":"https://api.github.com/users/octocat/following{/other_user}","gists_url":"https://api.github.com/users/octocat/gists{/gist_id}","starred_url":"https://api.github.com/users/octocat/starred{/owner}{/repo}","subscriptions_url":"https://api.github.com/users/octocat/subscriptions","organizations_url":"https://api.github.com/users/octocat/orgs","repos_url":"https://api.github.com/users/octocat/repos","events_url":"https://api.github.com/users/octocat/events{/privacy}","received_events_url":"https://api.github.com/users/octocat/received_events","type":"User","user_view_type":"public","site_admin":false},"html_url":"https://github.com/octocat/Hello-World","description":"My first repository on GitHub!","fork":false,"url":"https://api.github.com/repos/octocat/Hello-World","forks_url":"https://api.github.com/repos/octocat/Hello-World/forks","keys_url":"https://api.github.com/repos/octocat/Hello-World/keys{/key_id}","collaborators_url":"https://api.github.com/repos/octocat/Hello-World/collaborators{/collaborator}","teams_url":"https://api.github.com/repos/octocat/Hello-World/teams","hooks_url":"https://api.github.com/repos/octocat/Hello-World/hooks","issue_events_url":"https://api.github.com/repos/octocat/Hello-World/issues/events{/number}","events_url":"https://api.github.com/repos/octocat/Hello-World/events","assignees_url":"https://api.github.com/repos/octocat/Hello-World/assignees{/user}","branches_url":"https://api.github.com/repos/octocat/Hello-World/branches{/branch}","tags_url":"https://api.github.com/repos/octocat/Hello-World/tags","blobs_url":"https://api.github.com/repos/octocat/Hello-World/git/blobs{/sha}","git_tags_url":"https://api.github.com/repos/octocat/Hello-World/git/tags{/sha}","git_refs_url":"https://api.github.com/repos/octocat/Hello-World/git/refs{/sha}","trees_url":"https://api.github.com/repos/octocat/Hello-World/git/trees{/sha}","statuses_url":"https://api.github.com/repos/octocat/Hello-World/statuses/{sha}","languages_url":"https://api.github.com/repos/octocat/Hello-World/languages","stargazers_url":"https://api.github.com/repos/octocat/Hello-World/stargazers","contributors_url":"https://api.github.com/repos/octocat/Hello-World/contributors","subscribers_url":"https://api.github.com/repos/octocat/Hello-World/subscribers","subscription_url":"https://api.github.com/repos/octocat/Hello-World/subscription","commits_url":"https://api.github.com/repos/octocat/Hello-World/commits{/sha}","git_commits_url":"https://api.github.com/repos/octocat/Hello-World/git/commits{/sha}","comments_url":"https://api.github.com/repos/octocat/Hello-World/comments{/number}","issue_comment_url":"https://api.github.com/repos/octocat/Hello-World/issues/comments{/number}","contents_url":"https://api.github.com/repos/octocat/Hello-World/contents/{+path}","compare_url":"https://api.github.com/repos/octocat/Hello-World/compare/{base}...{head}","merges_url":"https://api.github.com/repos/octocat/Hello-World/merges","archive_url":"https://api.github.com/repos/octocat/Hello-World/{archive_format}{/ref}","downloads_url":"https://api.github.com/repos/octocat/Hello-World/downloads","issues_url":"https://api.github.com/repos/octocat/Hello-World/issues{/number}","pulls_url":"https://api.github.com/repos/octocat/Hello-World/pulls{/number}","milestones_url":"https://api.github.com/repos/octocat/Hello-World/milestones{/number}","notifications_url":"https://api.github.com/repos/octocat/Hello-World/notifications{?since,all,participating}","labels_url":"https://api.github.com/repos/octocat/Hello-World/labels{/name}","releases_url":"https://api.github.com/repos/octocat/Hello-World/releases{/id}","deployments_url":"https://api.github.com/repos/octocat/Hello-World/deployments","created_at":"2011-01-26T19:01:12Z","updated_at":"2025-05-20T13:33:01Z","pushed_at":"2024-08-20T23:54:42Z","git_url":"git://github.com/octocat/Hello-World.git","ssh_url":"git@github.com:octocat/Hello-World.git","clone_url":"https://github.com/octocat/Hello-World.git","svn_url":"https://github.com/octocat/Hello-World","homepage":"","size":1,"stargazers_count":2946,"watchers_count":2946,"language":null,"has_issues":true,"has_projects":true,"has_downloads":true,"has_wiki":true,"has_pages":false,"has_discussions":false,"forks_count":2984,"mirror_url":null,"archived":false,"disabled":false,"open_issues_count":1702,"license":null,"allow_forking":true,"is_template":false,"web_commit_signoff_required":false,"topics":[],"visibility":"public","forks":2984,"open_issues":1702,"watchers":2946,"default_branch":"master","temp_clone_token":null,"network_count":2984,"subscribers_count":1733}, $.owner.login)
00:21:05.739 [main] DEBUG com.networknt.schema.TypeValidator - validate( 583231, {"id":1296269,"node_id":"MDEwOlJlcG9zaXRvcnkxMjk2MjY5","name":"Hello-World","full_name":"octocat/Hello-World","private":false,"owner":{"login":"octocat","id":583231,"node_id":"MDQ6VXNlcjU4MzIzMQ==","avatar_url":"https://avatars.githubusercontent.com/u/583231?v=4","gravatar_id":"","url":"https://api.github.com/users/octocat","html_url":"https://github.com/octocat","followers_url":"https://api.github.com/users/octocat/followers","following_url":"https://api.github.com/users/octocat/following{/other_user}","gists_url":"https://api.github.com/users/octocat/gists{/gist_id}","starred_url":"https://api.github.com/users/octocat/starred{/owner}{/repo}","subscriptions_url":"https://api.github.com/users/octocat/subscriptions","organizations_url":"https://api.github.com/users/octocat/orgs","repos_url":"https://api.github.com/users/octocat/repos","events_url":"https://api.github.com/users/octocat/events{/privacy}","received_events_url":"https://api.github.com/users/octocat/received_events","type":"User","user_view_type":"public","site_admin":false},"html_url":"https://github.com/octocat/Hello-World","description":"My first repository on GitHub!","fork":false,"url":"https://api.github.com/repos/octocat/Hello-World","forks_url":"https://api.github.com/repos/octocat/Hello-World/forks","keys_url":"https://api.github.com/repos/octocat/Hello-World/keys{/key_id}","collaborators_url":"https://api.github.com/repos/octocat/Hello-World/collaborators{/collaborator}","teams_url":"https://api.github.com/repos/octocat/Hello-World/teams","hooks_url":"https://api.github.com/repos/octocat/Hello-World/hooks","issue_events_url":"https://api.github.com/repos/octocat/Hello-World/issues/events{/number}","events_url":"https://api.github.com/repos/octocat/Hello-World/events","assignees_url":"https://api.github.com/repos/octocat/Hello-World/assignees{/user}","branches_url":"https://api.github.com/repos/octocat/Hello-World/branches{/branch}","tags_url":"https://api.github.com/repos/octocat/Hello-World/tags","blobs_url":"https://api.github.com/repos/octocat/Hello-World/git/blobs{/sha}","git_tags_url":"https://api.github.com/repos/octocat/Hello-World/git/tags{/sha}","git_refs_url":"https://api.github.com/repos/octocat/Hello-World/git/refs{/sha}","trees_url":"https://api.github.com/repos/octocat/Hello-World/git/trees{/sha}","statuses_url":"https://api.github.com/repos/octocat/Hello-World/statuses/{sha}","languages_url":"https://api.github.com/repos/octocat/Hello-World/languages","stargazers_url":"https://api.github.com/repos/octocat/Hello-World/stargazers","contributors_url":"https://api.github.com/repos/octocat/Hello-World/contributors","subscribers_url":"https://api.github.com/repos/octocat/Hello-World/subscribers","subscription_url":"https://api.github.com/repos/octocat/Hello-World/subscription","commits_url":"https://api.github.com/repos/octocat/Hello-World/commits{/sha}","git_commits_url":"https://api.github.com/repos/octocat/Hello-World/git/commits{/sha}","comments_url":"https://api.github.com/repos/octocat/Hello-World/comments{/number}","issue_comment_url":"https://api.github.com/repos/octocat/Hello-World/issues/comments{/number}","contents_url":"https://api.github.com/repos/octocat/Hello-World/contents/{+path}","compare_url":"https://api.github.com/repos/octocat/Hello-World/compare/{base}...{head}","merges_url":"https://api.github.com/repos/octocat/Hello-World/merges","archive_url":"https://api.github.com/repos/octocat/Hello-World/{archive_format}{/ref}","downloads_url":"https://api.github.com/repos/octocat/Hello-World/downloads","issues_url":"https://api.github.com/repos/octocat/Hello-World/issues{/number}","pulls_url":"https://api.github.com/repos/octocat/Hello-World/pulls{/number}","milestones_url":"https://api.github.com/repos/octocat/Hello-World/milestones{/number}","notifications_url":"https://api.github.com/repos/octocat/Hello-World/notifications{?since,all,participating}","labels_url":"https://api.github.com/repos/octocat/Hello-World/labels{/name}","releases_url":"https://api.github.com/repos/octocat/Hello-World/releases{/id}","deployments_url":"https://api.github.com/repos/octocat/Hello-World/deployments","created_at":"2011-01-26T19:01:12Z","updated_at":"2025-05-20T13:33:01Z","pushed_at":"2024-08-20T23:54:42Z","git_url":"git://github.com/octocat/Hello-World.git","ssh_url":"git@github.com:octocat/Hello-World.git","clone_url":"https://github.com/octocat/Hello-World.git","svn_url":"https://github.com/octocat/Hello-World","homepage":"","size":1,"stargazers_count":2946,"watchers_count":2946,"language":null,"has_issues":true,"has_projects":true,"has_downloads":true,"has_wiki":true,"has_pages":false,"has_discussions":false,"forks_count":2984,"mirror_url":null,"archived":false,"disabled":false,"open_issues_count":1702,"license":null,"allow_forking":true,"is_template":false,"web_commit_signoff_required":false,"topics":[],"visibility":"public","forks":2984,"open_issues":1702,"watchers":2946,"default_branch":"master","temp_clone_token":null,"network_count":2984,"subscribers_count":1733}, $.owner.id)
00:21:05.740 [main] DEBUG com.networknt.schema.RequiredValidator - validate( {"login":"octocat","id":583231,"node_id":"MDQ6VXNlcjU4MzIzMQ==","avatar_url":"https://avatars.githubusercontent.com/u/583231?v=4","gravatar_id":"","url":"https://api.github.com/users/octocat","html_url":"https://github.com/octocat","followers_url":"https://api.github.com/users/octocat/followers","following_url":"https://api.github.com/users/octocat/following{/other_user}","gists_url":"https://api.github.com/users/octocat/gists{/gist_id}","starred_url":"https://api.github.com/users/octocat/starred{/owner}{/repo}","subscriptions_url":"https://api.github.com/users/octocat/subscriptions","organizations_url":"https://api.github.com/users/octocat/orgs","repos_url":"https://api.github.com/users/octocat/repos","events_url":"https://api.github.com/users/octocat/events{/privacy}","received_events_url":"https://api.github.com/users/octocat/received_events","type":"User","user_view_type":"public","site_admin":false}, {"id":1296269,"node_id":"MDEwOlJlcG9zaXRvcnkxMjk2MjY5","name":"Hello-World","full_name":"octocat/Hello-World","private":false,"owner":{"login":"octocat","id":583231,"node_id":"MDQ6VXNlcjU4MzIzMQ==","avatar_url":"https://avatars.githubusercontent.com/u/583231?v=4","gravatar_id":"","url":"https://api.github.com/users/octocat","html_url":"https://github.com/octocat","followers_url":"https://api.github.com/users/octocat/followers","following_url":"https://api.github.com/users/octocat/following{/other_user}","gists_url":"https://api.github.com/users/octocat/gists{/gist_id}","starred_url":"https://api.github.com/users/octocat/starred{/owner}{/repo}","subscriptions_url":"https://api.github.com/users/octocat/subscriptions","organizations_url":"https://api.github.com/users/octocat/orgs","repos_url":"https://api.github.com/users/octocat/repos","events_url":"https://api.github.com/users/octocat/events{/privacy}","received_events_url":"https://api.github.com/users/octocat/received_events","type":"User","user_view_type":"public","site_admin":false},"html_url":"https://github.com/octocat/Hello-World","description":"My first repository on GitHub!","fork":false,"url":"https://api.github.com/repos/octocat/Hello-World","forks_url":"https://api.github.com/repos/octocat/Hello-World/forks","keys_url":"https://api.github.com/repos/octocat/Hello-World/keys{/key_id}","collaborators_url":"https://api.github.com/repos/octocat/Hello-World/collaborators{/collaborator}","teams_url":"https://api.github.com/repos/octocat/Hello-World/teams","hooks_url":"https://api.github.com/repos/octocat/Hello-World/hooks","issue_events_url":"https://api.github.com/repos/octocat/Hello-World/issues/events{/number}","events_url":"https://api.github.com/repos/octocat/Hello-World/events","assignees_url":"https://api.github.com/repos/octocat/Hello-World/assignees{/user}","branches_url":"https://api.github.com/repos/octocat/Hello-World/branches{/branch}","tags_url":"https://api.github.com/repos/octocat/Hello-World/tags","blobs_url":"https://api.github.com/repos/octocat/Hello-World/git/blobs{/sha}","git_tags_url":"https://api.github.com/repos/octocat/Hello-World/git/tags{/sha}","git_refs_url":"https://api.github.com/repos/octocat/Hello-World/git/refs{/sha}","trees_url":"https://api.github.com/repos/octocat/Hello-World/git/trees{/sha}","statuses_url":"https://api.github.com/repos/octocat/Hello-World/statuses/{sha}","languages_url":"https://api.github.com/repos/octocat/Hello-World/languages","stargazers_url":"https://api.github.com/repos/octocat/Hello-World/stargazers","contributors_url":"https://api.github.com/repos/octocat/Hello-World/contributors","subscribers_url":"https://api.github.com/repos/octocat/Hello-World/subscribers","subscription_url":"https://api.github.com/repos/octocat/Hello-World/subscription","commits_url":"https://api.github.com/repos/octocat/Hello-World/commits{/sha}","git_commits_url":"https://api.github.com/repos/octocat/Hello-World/git/commits{/sha}","comments_url":"https://api.github.com/repos/octocat/Hello-World/comments{/number}","issue_comment_url":"https://api.github.com/repos/octocat/Hello-World/issues/comments{/number}","contents_url":"https://api.github.com/repos/octocat/Hello-World/contents/{+path}","compare_url":"https://api.github.com/repos/octocat/Hello-World/compare/{base}...{head}","merges_url":"https://api.github.com/repos/octocat/Hello-World/merges","archive_url":"https://api.github.com/repos/octocat/Hello-World/{archive_format}{/ref}","downloads_url":"https://api.github.com/repos/octocat/Hello-World/downloads","issues_url":"https://api.github.com/repos/octocat/Hello-World/issues{/number}","pulls_url":"https://api.github.com/repos/octocat/Hello-World/pulls{/number}","milestones_url":"https://api.github.com/repos/octocat/Hello-World/milestones{/number}","notifications_url":"https://api.github.com/repos/octocat/Hello-World/notifications{?since,all,participating}","labels_url":"https://api.github.com/repos/octocat/Hello-World/labels{/name}","releases_url":"https://api.github.com/repos/octocat/Hello-World/releases{/id}","deployments_url":"https://api.github.com/repos/octocat/Hello-World/deployments","created_at":"2011-01-26T19:01:12Z","updated_at":"2025-05-20T13:33:01Z","pushed_at":"2024-08-20T23:54:42Z","git_url":"git://github.com/octocat/Hello-World.git","ssh_url":"git@github.com:octocat/Hello-World.git","clone_url":"https://github.com/octocat/Hello-World.git","svn_url":"https://github.com/octocat/Hello-World","homepage":"","size":1,"stargazers_count":2946,"watchers_count":2946,"language":null,"has_issues":true,"has_projects":true,"has_downloads":true,"has_wiki":true,"has_pages":false,"has_discussions":false,"forks_count":2984,"mirror_url":null,"archived":false,"disabled":false,"open_issues_count":1702,"license":null,"allow_forking":true,"is_template":false,"web_commit_signoff_required":false,"topics":[],"visibility":"public","forks":2984,"open_issues":1702,"watchers":2946,"default_branch":"master","temp_clone_token":null,"network_count":2984,"subscribers_count":1733}, $.owner)
00:21:05.741 [main] DEBUG com.networknt.schema.TypeValidator - validate( {"login":"octocat","id":583231,"node_id":"MDQ6VXNlcjU4MzIzMQ==","avatar_url":"https://avatars.githubusercontent.com/u/583231?v=4","gravatar_id":"","url":"https://api.github.com/users/octocat","html_url":"https://github.com/octocat","followers_url":"https://api.github.com/users/octocat/followers","following_url":"https://api.github.com/users/octocat/following{/other_user}","gists_url":"https://api.github.com/users/octocat/gists{/gist_id}","starred_url":"https://api.github.com/users/octocat/starred{/owner}{/repo}","subscriptions_url":"https://api.github.com/users/octocat/subscriptions","organizations_url":"https://api.github.com/users/octocat/orgs","repos_url":"https://api.github.com/users/octocat/repos","events_url":"https://api.github.com/users/octocat/events{/privacy}","received_events_url":"https://api.github.com/users/octocat/received_events","type":"User","user_view_type":"public","site_admin":false}, {"id":1296269,"node_id":"MDEwOlJlcG9zaXRvcnkxMjk2MjY5","name":"Hello-World","full_name":"octocat/Hello-World","private":false,"owner":{"login":"octocat","id":583231,"node_id":"MDQ6VXNlcjU4MzIzMQ==","avatar_url":"https://avatars.githubusercontent.com/u/583231?v=4","gravatar_id":"","url":"https://api.github.com/users/octocat","html_url":"https://github.com/octocat","followers_url":"https://api.github.com/users/octocat/followers","following_url":"https://api.github.com/users/octocat/following{/other_user}","gists_url":"https://api.github.com/users/octocat/gists{/gist_id}","starred_url":"https://api.github.com/users/octocat/starred{/owner}{/repo}","subscriptions_url":"https://api.github.com/users/octocat/subscriptions","organizations_url":"https://api.github.com/users/octocat/orgs","repos_url":"https://api.github.com/users/octocat/repos","events_url":"https://api.github.com/users/octocat/events{/privacy}","received_events_url":"https://api.github.com/users/octocat/received_events","type":"User","user_view_type":"public","site_admin":false},"html_url":"https://github.com/octocat/Hello-World","description":"My first repository on GitHub!","fork":false,"url":"https://api.github.com/repos/octocat/Hello-World","forks_url":"https://api.github.com/repos/octocat/Hello-World/forks","keys_url":"https://api.github.com/repos/octocat/Hello-World/keys{/key_id}","collaborators_url":"https://api.github.com/repos/octocat/Hello-World/collaborators{/collaborator}","teams_url":"https://api.github.com/repos/octocat/Hello-World/teams","hooks_url":"https://api.github.com/repos/octocat/Hello-World/hooks","issue_events_url":"https://api.github.com/repos/octocat/Hello-World/issues/events{/number}","events_url":"https://api.github.com/repos/octocat/Hello-World/events","assignees_url":"https://api.github.com/repos/octocat/Hello-World/assignees{/user}","branches_url":"https://api.github.com/repos/octocat/Hello-World/branches{/branch}","tags_url":"https://api.github.com/repos/octocat/Hello-World/tags","blobs_url":"https://api.github.com/repos/octocat/Hello-World/git/blobs{/sha}","git_tags_url":"https://api.github.com/repos/octocat/Hello-World/git/tags{/sha}","git_refs_url":"https://api.github.com/repos/octocat/Hello-World/git/refs{/sha}","trees_url":"https://api.github.com/repos/octocat/Hello-World/git/trees{/sha}","statuses_url":"https://api.github.com/repos/octocat/Hello-World/statuses/{sha}","languages_url":"https://api.github.com/repos/octocat/Hello-World/languages","stargazers_url":"https://api.github.com/repos/octocat/Hello-World/stargazers","contributors_url":"https://api.github.com/repos/octocat/Hello-World/contributors","subscribers_url":"https://api.github.com/repos/octocat/Hello-World/subscribers","subscription_url":"https://api.github.com/repos/octocat/Hello-World/subscription","commits_url":"https://api.github.com/repos/octocat/Hello-World/commits{/sha}","git_commits_url":"https://api.github.com/repos/octocat/Hello-World/git/commits{/sha}","comments_url":"https://api.github.com/repos/octocat/Hello-World/comments{/number}","issue_comment_url":"https://api.github.com/repos/octocat/Hello-World/issues/comments{/number}","contents_url":"https://api.github.com/repos/octocat/Hello-World/contents/{+path}","compare_url":"https://api.github.com/repos/octocat/Hello-World/compare/{base}...{head}","merges_url":"https://api.github.com/repos/octocat/Hello-World/merges","archive_url":"https://api.github.com/repos/octocat/Hello-World/{archive_format}{/ref}","downloads_url":"https://api.github.com/repos/octocat/Hello-World/downloads","issues_url":"https://api.github.com/repos/octocat/Hello-World/issues{/number}","pulls_url":"https://api.github.com/repos/octocat/Hello-World/pulls{/number}","milestones_url":"https://api.github.com/repos/octocat/Hello-World/milestones{/number}","notifications_url":"https://api.github.com/repos/octocat/Hello-World/notifications{?since,all,participating}","labels_url":"https://api.github.com/repos/octocat/Hello-World/labels{/name}","releases_url":"https://api.github.com/repos/octocat/Hello-World/releases{/id}","deployments_url":"https://api.github.com/repos/octocat/Hello-World/deployments","created_at":"2011-01-26T19:01:12Z","updated_at":"2025-05-20T13:33:01Z","pushed_at":"2024-08-20T23:54:42Z","git_url":"git://github.com/octocat/Hello-World.git","ssh_url":"git@github.com:octocat/Hello-World.git","clone_url":"https://github.com/octocat/Hello-World.git","svn_url":"https://github.com/octocat/Hello-World","homepage":"","size":1,"stargazers_count":2946,"watchers_count":2946,"language":null,"has_issues":true,"has_projects":true,"has_downloads":true,"has_wiki":true,"has_pages":false,"has_discussions":false,"forks_count":2984,"mirror_url":null,"archived":false,"disabled":false,"open_issues_count":1702,"license":null,"allow_forking":true,"is_template":false,"web_commit_signoff_required":false,"topics":[],"visibility":"public","forks":2984,"open_issues":1702,"watchers":2946,"default_branch":"master","temp_clone_token":null,"network_count":2984,"subscribers_count":1733}, $.owner)
00:21:05.743 [main] DEBUG com.networknt.schema.RequiredValidator - validate( {"id":1296269,"node_id":"MDEwOlJlcG9zaXRvcnkxMjk2MjY5","name":"Hello-World","full_name":"octocat/Hello-World","private":false,"owner":{"login":"octocat","id":583231,"node_id":"MDQ6VXNlcjU4MzIzMQ==","avatar_url":"https://avatars.githubusercontent.com/u/583231?v=4","gravatar_id":"","url":"https://api.github.com/users/octocat","html_url":"https://github.com/octocat","followers_url":"https://api.github.com/users/octocat/followers","following_url":"https://api.github.com/users/octocat/following{/other_user}","gists_url":"https://api.github.com/users/octocat/gists{/gist_id}","starred_url":"https://api.github.com/users/octocat/starred{/owner}{/repo}","subscriptions_url":"https://api.github.com/users/octocat/subscriptions","organizations_url":"https://api.github.com/users/octocat/orgs","repos_url":"https://api.github.com/users/octocat/repos","events_url":"https://api.github.com/users/octocat/events{/privacy}","received_events_url":"https://api.github.com/users/octocat/received_events","type":"User","user_view_type":"public","site_admin":false},"html_url":"https://github.com/octocat/Hello-World","description":"My first repository on GitHub!","fork":false,"url":"https://api.github.com/repos/octocat/Hello-World","forks_url":"https://api.github.com/repos/octocat/Hello-World/forks","keys_url":"https://api.github.com/repos/octocat/Hello-World/keys{/key_id}","collaborators_url":"https://api.github.com/repos/octocat/Hello-World/collaborators{/collaborator}","teams_url":"https://api.github.com/repos/octocat/Hello-World/teams","hooks_url":"https://api.github.com/repos/octocat/Hello-World/hooks","issue_events_url":"https://api.github.com/repos/octocat/Hello-World/issues/events{/number}","events_url":"https://api.github.com/repos/octocat/Hello-World/events","assignees_url":"https://api.github.com/repos/octocat/Hello-World/assignees{/user}","branches_url":"https://api.github.com/repos/octocat/Hello-World/branches{/branch}","tags_url":"https://api.github.com/repos/octocat/Hello-World/tags","blobs_url":"https://api.github.com/repos/octocat/Hello-World/git/blobs{/sha}","git_tags_url":"https://api.github.com/repos/octocat/Hello-World/git/tags{/sha}","git_refs_url":"https://api.github.com/repos/octocat/Hello-World/git/refs{/sha}","trees_url":"https://api.github.com/repos/octocat/Hello-World/git/trees{/sha}","statuses_url":"https://api.github.com/repos/octocat/Hello-World/statuses/{sha}","languages_url":"https://api.github.com/repos/octocat/Hello-World/languages","stargazers_url":"https://api.github.com/repos/octocat/Hello-World/stargazers","contributors_url":"https://api.github.com/repos/octocat/Hello-World/contributors","subscribers_url":"https://api.github.com/repos/octocat/Hello-World/subscribers","subscription_url":"https://api.github.com/repos/octocat/Hello-World/subscription","commits_url":"https://api.github.com/repos/octocat/Hello-World/commits{/sha}","git_commits_url":"https://api.github.com/repos/octocat/Hello-World/git/commits{/sha}","comments_url":"https://api.github.com/repos/octocat/Hello-World/comments{/number}","issue_comment_url":"https://api.github.com/repos/octocat/Hello-World/issues/comments{/number}","contents_url":"https://api.github.com/repos/octocat/Hello-World/contents/{+path}","compare_url":"https://api.github.com/repos/octocat/Hello-World/compare/{base}...{head}","merges_url":"https://api.github.com/repos/octocat/Hello-World/merges","archive_url":"https://api.github.com/repos/octocat/Hello-World/{archive_format}{/ref}","downloads_url":"https://api.github.com/repos/octocat/Hello-World/downloads","issues_url":"https://api.github.com/repos/octocat/Hello-World/issues{/number}","pulls_url":"https://api.github.com/repos/octocat/Hello-World/pulls{/number}","milestones_url":"https://api.github.com/repos/octocat/Hello-World/milestones{/number}","notifications_url":"https://api.github.com/repos/octocat/Hello-World/notifications{?since,all,participating}","labels_url":"https://api.github.com/repos/octocat/Hello-World/labels{/name}","releases_url":"https://api.github.com/repos/octocat/Hello-World/releases{/id}","deployments_url":"https://api.github.com/repos/octocat/Hello-World/deployments","created_at":"2011-01-26T19:01:12Z","updated_at":"2025-05-20T13:33:01Z","pushed_at":"2024-08-20T23:54:42Z","git_url":"git://github.com/octocat/Hello-World.git","ssh_url":"git@github.com:octocat/Hello-World.git","clone_url":"https://github.com/octocat/Hello-World.git","svn_url":"https://github.com/octocat/Hello-World","homepage":"","size":1,"stargazers_count":2946,"watchers_count":2946,"language":null,"has_issues":true,"has_projects":true,"has_downloads":true,"has_wiki":true,"has_pages":false,"has_discussions":false,"forks_count":2984,"mirror_url":null,"archived":false,"disabled":false,"open_issues_count":1702,"license":null,"allow_forking":true,"is_template":false,"web_commit_signoff_required":false,"topics":[],"visibility":"public","forks":2984,"open_issues":1702,"watchers":2946,"default_branch":"master","temp_clone_token":null,"network_count":2984,"subscribers_count":1733}, {"id":1296269,"node_id":"MDEwOlJlcG9zaXRvcnkxMjk2MjY5","name":"Hello-World","full_name":"octocat/Hello-World","private":false,"owner":{"login":"octocat","id":583231,"node_id":"MDQ6VXNlcjU4MzIzMQ==","avatar_url":"https://avatars.githubusercontent.com/u/583231?v=4","gravatar_id":"","url":"https://api.github.com/users/octocat","html_url":"https://github.com/octocat","followers_url":"https://api.github.com/users/octocat/followers","following_url":"https://api.github.com/users/octocat/following{/other_user}","gists_url":"https://api.github.com/users/octocat/gists{/gist_id}","starred_url":"https://api.github.com/users/octocat/starred{/owner}{/repo}","subscriptions_url":"https://api.github.com/users/octocat/subscriptions","organizations_url":"https://api.github.com/users/octocat/orgs","repos_url":"https://api.github.com/users/octocat/repos","events_url":"https://api.github.com/users/octocat/events{/privacy}","received_events_url":"https://api.github.com/users/octocat/received_events","type":"User","user_view_type":"public","site_admin":false},"html_url":"https://github.com/octocat/Hello-World","description":"My first repository on GitHub!","fork":false,"url":"https://api.github.com/repos/octocat/Hello-World","forks_url":"https://api.github.com/repos/octocat/Hello-World/forks","keys_url":"https://api.github.com/repos/octocat/Hello-World/keys{/key_id}","collaborators_url":"https://api.github.com/repos/octocat/Hello-World/collaborators{/collaborator}","teams_url":"https://api.github.com/repos/octocat/Hello-World/teams","hooks_url":"https://api.github.com/repos/octocat/Hello-World/hooks","issue_events_url":"https://api.github.com/repos/octocat/Hello-World/issues/events{/number}","events_url":"https://api.github.com/repos/octocat/Hello-World/events","assignees_url":"https://api.github.com/repos/octocat/Hello-World/assignees{/user}","branches_url":"https://api.github.com/repos/octocat/Hello-World/branches{/branch}","tags_url":"https://api.github.com/repos/octocat/Hello-World/tags","blobs_url":"https://api.github.com/repos/octocat/Hello-World/git/blobs{/sha}","git_tags_url":"https://api.github.com/repos/octocat/Hello-World/git/tags{/sha}","git_refs_url":"https://api.github.com/repos/octocat/Hello-World/git/refs{/sha}","trees_url":"https://api.github.com/repos/octocat/Hello-World/git/trees{/sha}","statuses_url":"https://api.github.com/repos/octocat/Hello-World/statuses/{sha}","languages_url":"https://api.github.com/repos/octocat/Hello-World/languages","stargazers_url":"https://api.github.com/repos/octocat/Hello-World/stargazers","contributors_url":"https://api.github.com/repos/octocat/Hello-World/contributors","subscribers_url":"https://api.github.com/repos/octocat/Hello-World/subscribers","subscription_url":"https://api.github.com/repos/octocat/Hello-World/subscription","commits_url":"https://api.github.com/repos/octocat/Hello-World/commits{/sha}","git_commits_url":"https://api.github.com/repos/octocat/Hello-World/git/commits{/sha}","comments_url":"https://api.github.com/repos/octocat/Hello-World/comments{/number}","issue_comment_url":"https://api.github.com/repos/octocat/Hello-World/issues/comments{/number}","contents_url":"https://api.github.com/repos/octocat/Hello-World/contents/{+path}","compare_url":"https://api.github.com/repos/octocat/Hello-World/compare/{base}...{head}","merges_url":"https://api.github.com/repos/octocat/Hello-World/merges","archive_url":"https://api.github.com/repos/octocat/Hello-World/{archive_format}{/ref}","downloads_url":"https://api.github.com/repos/octocat/Hello-World/downloads","issues_url":"https://api.github.com/repos/octocat/Hello-World/issues{/number}","pulls_url":"https://api.github.com/repos/octocat/Hello-World/pulls{/number}","milestones_url":"https://api.github.com/repos/octocat/Hello-World/milestones{/number}","notifications_url":"https://api.github.com/repos/octocat/Hello-World/notifications{?since,all,participating}","labels_url":"https://api.github.com/repos/octocat/Hello-World/labels{/name}","releases_url":"https://api.github.com/repos/octocat/Hello-World/releases{/id}","deployments_url":"https://api.github.com/repos/octocat/Hello-World/deployments","created_at":"2011-01-26T19:01:12Z","updated_at":"2025-05-20T13:33:01Z","pushed_at":"2024-08-20T23:54:42Z","git_url":"git://github.com/octocat/Hello-World.git","ssh_url":"git@github.com:octocat/Hello-World.git","clone_url":"https://github.com/octocat/Hello-World.git","svn_url":"https://github.com/octocat/Hello-World","homepage":"","size":1,"stargazers_count":2946,"watchers_count":2946,"language":null,"has_issues":true,"has_projects":true,"has_downloads":true,"has_wiki":true,"has_pages":false,"has_discussions":false,"forks_count":2984,"mirror_url":null,"archived":false,"disabled":false,"open_issues_count":1702,"license":null,"allow_forking":true,"is_template":false,"web_commit_signoff_required":false,"topics":[],"visibility":"public","forks":2984,"open_issues":1702,"watchers":2946,"default_branch":"master","temp_clone_token":null,"network_count":2984,"subscribers_count":1733}, $)
00:21:05.743 [main] DEBUG com.networknt.schema.TypeValidator - validate( {"id":1296269,"node_id":"MDEwOlJlcG9zaXRvcnkxMjk2MjY5","name":"Hello-World","full_name":"octocat/Hello-World","private":false,"owner":{"login":"octocat","id":583231,"node_id":"MDQ6VXNlcjU4MzIzMQ==","avatar_url":"https://avatars.githubusercontent.com/u/583231?v=4","gravatar_id":"","url":"https://api.github.com/users/octocat","html_url":"https://github.com/octocat","followers_url":"https://api.github.com/users/octocat/followers","following_url":"https://api.github.com/users/octocat/following{/other_user}","gists_url":"https://api.github.com/users/octocat/gists{/gist_id}","starred_url":"https://api.github.com/users/octocat/starred{/owner}{/repo}","subscriptions_url":"https://api.github.com/users/octocat/subscriptions","organizations_url":"https://api.github.com/users/octocat/orgs","repos_url":"https://api.github.com/users/octocat/repos","events_url":"https://api.github.com/users/octocat/events{/privacy}","received_events_url":"https://api.github.com/users/octocat/received_events","type":"User","user_view_type":"public","site_admin":false},"html_url":"https://github.com/octocat/Hello-World","description":"My first repository on GitHub!","fork":false,"url":"https://api.github.com/repos/octocat/Hello-World","forks_url":"https://api.github.com/repos/octocat/Hello-World/forks","keys_url":"https://api.github.com/repos/octocat/Hello-World/keys{/key_id}","collaborators_url":"https://api.github.com/repos/octocat/Hello-World/collaborators{/collaborator}","teams_url":"https://api.github.com/repos/octocat/Hello-World/teams","hooks_url":"https://api.github.com/repos/octocat/Hello-World/hooks","issue_events_url":"https://api.github.com/repos/octocat/Hello-World/issues/events{/number}","events_url":"https://api.github.com/repos/octocat/Hello-World/events","assignees_url":"https://api.github.com/repos/octocat/Hello-World/assignees{/user}","branches_url":"https://api.github.com/repos/octocat/Hello-World/branches{/branch}","tags_url":"https://api.github.com/repos/octocat/Hello-World/tags","blobs_url":"https://api.github.com/repos/octocat/Hello-World/git/blobs{/sha}","git_tags_url":"https://api.github.com/repos/octocat/Hello-World/git/tags{/sha}","git_refs_url":"https://api.github.com/repos/octocat/Hello-World/git/refs{/sha}","trees_url":"https://api.github.com/repos/octocat/Hello-World/git/trees{/sha}","statuses_url":"https://api.github.com/repos/octocat/Hello-World/statuses/{sha}","languages_url":"https://api.github.com/repos/octocat/Hello-World/languages","stargazers_url":"https://api.github.com/repos/octocat/Hello-World/stargazers","contributors_url":"https://api.github.com/repos/octocat/Hello-World/contributors","subscribers_url":"https://api.github.com/repos/octocat/Hello-World/subscribers","subscription_url":"https://api.github.com/repos/octocat/Hello-World/subscription","commits_url":"https://api.github.com/repos/octocat/Hello-World/commits{/sha}","git_commits_url":"https://api.github.com/repos/octocat/Hello-World/git/commits{/sha}","comments_url":"https://api.github.com/repos/octocat/Hello-World/comments{/number}","issue_comment_url":"https://api.github.com/repos/octocat/Hello-World/issues/comments{/number}","contents_url":"https://api.github.com/repos/octocat/Hello-World/contents/{+path}","compare_url":"https://api.github.com/repos/octocat/Hello-World/compare/{base}...{head}","merges_url":"https://api.github.com/repos/octocat/Hello-World/merges","archive_url":"https://api.github.com/repos/octocat/Hello-World/{archive_format}{/ref}","downloads_url":"https://api.github.com/repos/octocat/Hello-World/downloads","issues_url":"https://api.github.com/repos/octocat/Hello-World/issues{/number}","pulls_url":"https://api.github.com/repos/octocat/Hello-World/pulls{/number}","milestones_url":"https://api.github.com/repos/octocat/Hello-World/milestones{/number}","notifications_url":"https://api.github.com/repos/octocat/Hello-World/notifications{?since,all,participating}","labels_url":"https://api.github.com/repos/octocat/Hello-World/labels{/name}","releases_url":"https://api.github.com/repos/octocat/Hello-World/releases{/id}","deployments_url":"https://api.github.com/repos/octocat/Hello-World/deployments","created_at":"2011-01-26T19:01:12Z","updated_at":"2025-05-20T13:33:01Z","pushed_at":"2024-08-20T23:54:42Z","git_url":"git://github.com/octocat/Hello-World.git","ssh_url":"git@github.com:octocat/Hello-World.git","clone_url":"https://github.com/octocat/Hello-World.git","svn_url":"https://github.com/octocat/Hello-World","homepage":"","size":1,"stargazers_count":2946,"watchers_count":2946,"language":null,"has_issues":true,"has_projects":true,"has_downloads":true,"has_wiki":true,"has_pages":false,"has_discussions":false,"forks_count":2984,"mirror_url":null,"archived":false,"disabled":false,"open_issues_count":1702,"license":null,"allow_forking":true,"is_template":false,"web_commit_signoff_required":false,"topics":[],"visibility":"public","forks":2984,"open_issues":1702,"watchers":2946,"default_branch":"master","temp_clone_token":null,"network_count":2984,"subscribers_count":1733}, {"id":1296269,"node_id":"MDEwOlJlcG9zaXRvcnkxMjk2MjY5","name":"Hello-World","full_name":"octocat/Hello-World","private":false,"owner":{"login":"octocat","id":583231,"node_id":"MDQ6VXNlcjU4MzIzMQ==","avatar_url":"https://avatars.githubusercontent.com/u/583231?v=4","gravatar_id":"","url":"https://api.github.com/users/octocat","html_url":"https://github.com/octocat","followers_url":"https://api.github.com/users/octocat/followers","following_url":"https://api.github.com/users/octocat/following{/other_user}","gists_url":"https://api.github.com/users/octocat/gists{/gist_id}","starred_url":"https://api.github.com/users/octocat/starred{/owner}{/repo}","subscriptions_url":"https://api.github.com/users/octocat/subscriptions","organizations_url":"https://api.github.com/users/octocat/orgs","repos_url":"https://api.github.com/users/octocat/repos","events_url":"https://api.github.com/users/octocat/events{/privacy}","received_events_url":"https://api.github.com/users/octocat/received_events","type":"User","user_view_type":"public","site_admin":false},"html_url":"https://github.com/octocat/Hello-World","description":"My first repository on GitHub!","fork":false,"url":"https://api.github.com/repos/octocat/Hello-World","forks_url":"https://api.github.com/repos/octocat/Hello-World/forks","keys_url":"https://api.github.com/repos/octocat/Hello-World/keys{/key_id}","collaborators_url":"https://api.github.com/repos/octocat/Hello-World/collaborators{/collaborator}","teams_url":"https://api.github.com/repos/octocat/Hello-World/teams","hooks_url":"https://api.github.com/repos/octocat/Hello-World/hooks","issue_events_url":"https://api.github.com/repos/octocat/Hello-World/issues/events{/number}","events_url":"https://api.github.com/repos/octocat/Hello-World/events","assignees_url":"https://api.github.com/repos/octocat/Hello-World/assignees{/user}","branches_url":"https://api.github.com/repos/octocat/Hello-World/branches{/branch}","tags_url":"https://api.github.com/repos/octocat/Hello-World/tags","blobs_url":"https://api.github.com/repos/octocat/Hello-World/git/blobs{/sha}","git_tags_url":"https://api.github.com/repos/octocat/Hello-World/git/tags{/sha}","git_refs_url":"https://api.github.com/repos/octocat/Hello-World/git/refs{/sha}","trees_url":"https://api.github.com/repos/octocat/Hello-World/git/trees{/sha}","statuses_url":"https://api.github.com/repos/octocat/Hello-World/statuses/{sha}","languages_url":"https://api.github.com/repos/octocat/Hello-World/languages","stargazers_url":"https://api.github.com/repos/octocat/Hello-World/stargazers","contributors_url":"https://api.github.com/repos/octocat/Hello-World/contributors","subscribers_url":"https://api.github.com/repos/octocat/Hello-World/subscribers","subscription_url":"https://api.github.com/repos/octocat/Hello-World/subscription","commits_url":"https://api.github.com/repos/octocat/Hello-World/commits{/sha}","git_commits_url":"https://api.github.com/repos/octocat/Hello-World/git/commits{/sha}","comments_url":"https://api.github.com/repos/octocat/Hello-World/comments{/number}","issue_comment_url":"https://api.github.com/repos/octocat/Hello-World/issues/comments{/number}","contents_url":"https://api.github.com/repos/octocat/Hello-World/contents/{+path}","compare_url":"https://api.github.com/repos/octocat/Hello-World/compare/{base}...{head}","merges_url":"https://api.github.com/repos/octocat/Hello-World/merges","archive_url":"https://api.github.com/repos/octocat/Hello-World/{archive_format}{/ref}","downloads_url":"https://api.github.com/repos/octocat/Hello-World/downloads","issues_url":"https://api.github.com/repos/octocat/Hello-World/issues{/number}","pulls_url":"https://api.github.com/repos/octocat/Hello-World/pulls{/number}","milestones_url":"https://api.github.com/repos/octocat/Hello-World/milestones{/number}","notifications_url":"https://api.github.com/repos/octocat/Hello-World/notifications{?since,all,participating}","labels_url":"https://api.github.com/repos/octocat/Hello-World/labels{/name}","releases_url":"https://api.github.com/repos/octocat/Hello-World/releases{/id}","deployments_url":"https://api.github.com/repos/octocat/Hello-World/deployments","created_at":"2011-01-26T19:01:12Z","updated_at":"2025-05-20T13:33:01Z","pushed_at":"2024-08-20T23:54:42Z","git_url":"git://github.com/octocat/Hello-World.git","ssh_url":"git@github.com:octocat/Hello-World.git","clone_url":"https://github.com/octocat/Hello-World.git","svn_url":"https://github.com/octocat/Hello-World","homepage":"","size":1,"stargazers_count":2946,"watchers_count":2946,"language":null,"has_issues":true,"has_projects":true,"has_downloads":true,"has_wiki":true,"has_pages":false,"has_discussions":false,"forks_count":2984,"mirror_url":null,"archived":false,"disabled":false,"open_issues_count":1702,"license":null,"allow_forking":true,"is_template":false,"web_commit_signoff_required":false,"topics":[],"visibility":"public","forks":2984,"open_issues":1702,"watchers":2946,"default_branch":"master","temp_clone_token":null,"network_count":2984,"subscribers_count":1733}, $)
00:21:05.749 [main] INFO com.healthmonitor.api.HealthChecker - 
Checking https://api.github.com/repos/octocat/Hello-World:
00:21:05.750 [main] INFO com.healthmonitor.api.HealthChecker - Status: 200
00:21:05.751 [main] INFO com.healthmonitor.api.HealthChecker - Response Time: 270ms
00:21:05.751 [main] INFO com.healthmonitor.api.HealthChecker - Schema Valid: true
00:21:05.751 [main] INFO com.healthmonitor.api.HealthChecker - 
Checking https://api.github.com/repos/octocat/Hello-World:
00:21:05.751 [main] INFO com.healthmonitor.api.HealthChecker - Status: 200
00:21:05.751 [main] INFO com.healthmonitor.api.HealthChecker - Response Time: 270ms
00:21:05.751 [main] INFO com.healthmonitor.api.HealthChecker - Schema Valid: true
00:21:05.791 [main] DEBUG org.apache.http.impl.conn.BasicClientConnectionManager - Get connection for route {s}->https://api.open-meteo.com:443
00:21:05.792 [main] DEBUG org.apache.http.impl.conn.DefaultClientConnectionOperator - Connecting to api.open-meteo.com:443
00:21:06.414 [main] DEBUG org.apache.http.client.protocol.RequestAddCookies - CookieSpec selected: ignoreCookies
00:21:06.414 [main] DEBUG org.apache.http.client.protocol.RequestAuthCache - Auth cache not set in the context
00:21:06.414 [main] DEBUG org.apache.http.client.protocol.RequestTargetAuthentication - Target auth state: UNCHALLENGED
00:21:06.414 [main] DEBUG org.apache.http.client.protocol.RequestProxyAuthentication - Proxy auth state: UNCHALLENGED
00:21:06.414 [main] DEBUG org.apache.http.impl.client.DefaultHttpClient - Attempt 1 to execute request
00:21:06.414 [main] DEBUG org.apache.http.impl.conn.DefaultClientConnection - Sending request: GET /v1/forecast?latitude=35&longitude=139&current_weather=true HTTP/1.1
00:21:06.415 [main] DEBUG org.apache.http.wire -  >> "GET /v1/forecast?latitude=35&longitude=139&current_weather=true HTTP/1.1[\r][\n]"
00:21:06.415 [main] DEBUG org.apache.http.wire -  >> "Accept: */*[\r][\n]"
00:21:06.415 [main] DEBUG org.apache.http.wire -  >> "Host: api.open-meteo.com[\r][\n]"
00:21:06.415 [main] DEBUG org.apache.http.wire -  >> "Connection: Keep-Alive[\r][\n]"
00:21:06.415 [main] DEBUG org.apache.http.wire -  >> "User-Agent: Apache-HttpClient/4.5.14 (Java/16.0.1)[\r][\n]"
00:21:06.415 [main] DEBUG org.apache.http.wire -  >> "Accept-Encoding: gzip,deflate[\r][\n]"
00:21:06.415 [main] DEBUG org.apache.http.wire -  >> "[\r][\n]"
00:21:06.415 [main] DEBUG org.apache.http.headers - >> GET /v1/forecast?latitude=35&longitude=139&current_weather=true HTTP/1.1
00:21:06.415 [main] DEBUG org.apache.http.headers - >> Accept: */*
00:21:06.415 [main] DEBUG org.apache.http.headers - >> Host: api.open-meteo.com
00:21:06.415 [main] DEBUG org.apache.http.headers - >> Connection: Keep-Alive
00:21:06.415 [main] DEBUG org.apache.http.headers - >> User-Agent: Apache-HttpClient/4.5.14 (Java/16.0.1)
00:21:06.415 [main] DEBUG org.apache.http.headers - >> Accept-Encoding: gzip,deflate
00:21:06.617 [main] DEBUG org.apache.http.wire -  << "HTTP/1.1 200 OK[\r][\n]"
00:21:06.617 [main] DEBUG org.apache.http.wire -  << "Date: Tue, 20 May 2025 18:51:06 GMT[\r][\n]"
00:21:06.618 [main] DEBUG org.apache.http.wire -  << "Content-Type: application/json; charset=utf-8[\r][\n]"
00:21:06.618 [main] DEBUG org.apache.http.wire -  << "Transfer-Encoding: chunked[\r][\n]"
00:21:06.619 [main] DEBUG org.apache.http.wire -  << "Connection: keep-alive[\r][\n]"
00:21:06.619 [main] DEBUG org.apache.http.wire -  << "Content-Encoding: deflate[\r][\n]"
00:21:06.619 [main] DEBUG org.apache.http.wire -  << "[\r][\n]"
00:21:06.619 [main] DEBUG org.apache.http.impl.conn.DefaultClientConnection - Receiving response: HTTP/1.1 200 OK
00:21:06.619 [main] DEBUG org.apache.http.headers - << HTTP/1.1 200 OK
00:21:06.619 [main] DEBUG org.apache.http.headers - << Date: Tue, 20 May 2025 18:51:06 GMT
00:21:06.619 [main] DEBUG org.apache.http.headers - << Content-Type: application/json; charset=utf-8
00:21:06.619 [main] DEBUG org.apache.http.headers - << Transfer-Encoding: chunked
00:21:06.619 [main] DEBUG org.apache.http.headers - << Connection: keep-alive
00:21:06.619 [main] DEBUG org.apache.http.headers - << Content-Encoding: deflate
00:21:06.622 [main] DEBUG org.apache.http.impl.client.DefaultHttpClient - Connection can be kept alive indefinitely
00:21:06.624 [main] DEBUG io.restassured.internal.RequestSpecificationImpl$RestAssuredHttpBuilder - Parsing response as: application/json; charset=utf-8
00:21:06.628 [main] DEBUG io.restassured.internal.RequestSpecificationImpl$RestAssuredHttpBuilder - Parsed data to instance of: class org.apache.http.conn.EofSensorInputStream
00:21:06.631 [main] DEBUG org.apache.http.wire -  << "10c[\r][\n]"
00:21:06.631 [main] DEBUG org.apache.http.wire -  << "x[0x9c]d[0x90][0xcf]r[0x82]0[0x10][0x87]_[0xa5][0x93]3[0xd2]%![0xfc][0xbb][0xf6][0xd0][0x93]7[0xef][0x19][0x84]U3B[0xe2][0x84][0x0]c[0x1d][0xde][0xc9]g[0xf0][0xc9][0x9a]PZ[0xab][0xde][0x92]ow[0xfb]%[0x17][0xd2][0x94]V[0xda][0xbe]FR0[0x1e]B@[0x1a][0xad][0xf6][0xb][0x88]X[0xee][0xc9][0x1e][0x15][0x1a][0xd7][0xa5][0x95][0x95]-[0x8a][0xb6]#[0x5][0x84][0xc0]x[0x12]3[0x9e][0xa6]<[0xe5]I[0xc6]x[0x1e][0x7][0xa4][0xb7][0x95][0xd0][0xbb]][0x87]VtXiU[0xfb][0xce][0x80][0xf8][0xa9]/[0xad]\ [0xf9]\o[0xc8][0x1d][0x88]r[0xbb]58[0xc8]9[0xfb][0xaf][0x8a][\r][0xe][0xb][0xa1],[0xf6][0x2]Uo[0xc]*+F,[0xed][0x1][0x8d][0xe8][0x95][0xb4].[0xfa]2[0x7][0xb9]9[0xd9][0xe9],[0x81][0xc8][0xcd]Je[0xd1][0xc]e[0xe3][0xe0][0xaf][0x81][[0x87][0xed][0xc9]?[0xa0]7[0xbe][0xf9]v[0xfd]pl[0x94][0xae]vB[0xac][0x1d]9[0xb6][0xef][0x87][0x5][0xd5][0xd2]`[0xb5][0xd8][0xdc][0xae]>[0xb0][0x13]uyv7[0xdf][0xf0][0xb3][0xbe][0xd2][0xfe]o[0xc8][0xd8][0xea][0xb7][0xf9]8[0xbd][0x8][0xfe]S[0xa3]@[0xf9][\n]"
00:21:06.632 [main] DEBUG org.apache.http.wire -  << "[0xf8][0x8a][0xc2]&[0xca][0x8a][0x98]?8[0xe6][0x0]Ov[0x14][0xc2][0xe8]A.[\r][0x93][0x17]3[0x9a]fw1x[0xf2][0xa2][0xd3][0xf4][\r][0x0][0x0][0xff][0xff]"
00:21:06.633 [main] DEBUG org.apache.http.wire -  << "[\r][\n]"
00:21:06.633 [main] DEBUG org.apache.http.wire -  << "6[\r][\n]"
00:21:06.633 [main] DEBUG org.apache.http.wire -  << "[0x3][0x0]B[0xf8][0x98][0xf5]"
00:21:06.633 [main] DEBUG org.apache.http.wire -  << "[\r][\n]"
00:21:06.633 [main] DEBUG org.apache.http.wire -  << "0[\r][\n]"
00:21:06.633 [main] DEBUG org.apache.http.wire -  << "[\r][\n]"
00:21:06.633 [main] DEBUG org.apache.http.impl.conn.BasicClientConnectionManager - Releasing connection org.apache.http.impl.conn.ManagedClientConnectionImpl@7d528cf7
00:21:06.633 [main] DEBUG org.apache.http.impl.conn.BasicClientConnectionManager - Connection can be kept alive indefinitely
00:21:06.637 [main] DEBUG com.networknt.schema.PropertiesValidator - validate( {"latitude":35.0,"longitude":139.0,"generationtime_ms":0.035643577575683594,"utc_offset_seconds":0,"timezone":"GMT","timezone_abbreviation":"GMT","elevation":234.0,"current_weather_units":{"time":"iso8601","interval":"seconds","temperature":"°C","windspeed":"km/h","winddirection":"°","is_day":"","weathercode":"wmo code"},"current_weather":{"time":"2025-05-20T18:45","interval":900,"temperature":20.1,"windspeed":7.6,"winddirection":278,"is_day":0,"weathercode":2}}, {"latitude":35.0,"longitude":139.0,"generationtime_ms":0.035643577575683594,"utc_offset_seconds":0,"timezone":"GMT","timezone_abbreviation":"GMT","elevation":234.0,"current_weather_units":{"time":"iso8601","interval":"seconds","temperature":"°C","windspeed":"km/h","winddirection":"°","is_day":"","weathercode":"wmo code"},"current_weather":{"time":"2025-05-20T18:45","interval":900,"temperature":20.1,"windspeed":7.6,"winddirection":278,"is_day":0,"weathercode":2}}, $)
00:21:06.641 [main] DEBUG com.networknt.schema.TypeValidator - validate( 35.0, {"latitude":35.0,"longitude":139.0,"generationtime_ms":0.035643577575683594,"utc_offset_seconds":0,"timezone":"GMT","timezone_abbreviation":"GMT","elevation":234.0,"current_weather_units":{"time":"iso8601","interval":"seconds","temperature":"°C","windspeed":"km/h","winddirection":"°","is_day":"","weathercode":"wmo code"},"current_weather":{"time":"2025-05-20T18:45","interval":900,"temperature":20.1,"windspeed":7.6,"winddirection":278,"is_day":0,"weathercode":2}}, $.latitude)
00:21:06.643 [main] DEBUG com.networknt.schema.TypeValidator - validate( 139.0, {"latitude":35.0,"longitude":139.0,"generationtime_ms":0.035643577575683594,"utc_offset_seconds":0,"timezone":"GMT","timezone_abbreviation":"GMT","elevation":234.0,"current_weather_units":{"time":"iso8601","interval":"seconds","temperature":"°C","windspeed":"km/h","winddirection":"°","is_day":"","weathercode":"wmo code"},"current_weather":{"time":"2025-05-20T18:45","interval":900,"temperature":20.1,"windspeed":7.6,"winddirection":278,"is_day":0,"weathercode":2}}, $.longitude)
00:21:06.643 [main] DEBUG com.networknt.schema.PropertiesValidator - validate( {"time":"2025-05-20T18:45","interval":900,"temperature":20.1,"windspeed":7.6,"winddirection":278,"is_day":0,"weathercode":2}, {"latitude":35.0,"longitude":139.0,"generationtime_ms":0.035643577575683594,"utc_offset_seconds":0,"timezone":"GMT","timezone_abbreviation":"GMT","elevation":234.0,"current_weather_units":{"time":"iso8601","interval":"seconds","temperature":"°C","windspeed":"km/h","winddirection":"°","is_day":"","weathercode":"wmo code"},"current_weather":{"time":"2025-05-20T18:45","interval":900,"temperature":20.1,"windspeed":7.6,"winddirection":278,"is_day":0,"weathercode":2}}, $.current_weather)
00:21:06.643 [main] DEBUG com.networknt.schema.TypeValidator - validate( 20.1, {"latitude":35.0,"longitude":139.0,"generationtime_ms":0.035643577575683594,"utc_offset_seconds":0,"timezone":"GMT","timezone_abbreviation":"GMT","elevation":234.0,"current_weather_units":{"time":"iso8601","interval":"seconds","temperature":"°C","windspeed":"km/h","winddirection":"°","is_day":"","weathercode":"wmo code"},"current_weather":{"time":"2025-05-20T18:45","interval":900,"temperature":20.1,"windspeed":7.6,"winddirection":278,"is_day":0,"weathercode":2}}, $.current_weather.temperature)
00:21:06.644 [main] DEBUG com.networknt.schema.TypeValidator - validate( 7.6, {"latitude":35.0,"longitude":139.0,"generationtime_ms":0.035643577575683594,"utc_offset_seconds":0,"timezone":"GMT","timezone_abbreviation":"GMT","elevation":234.0,"current_weather_units":{"time":"iso8601","interval":"seconds","temperature":"°C","windspeed":"km/h","winddirection":"°","is_day":"","weathercode":"wmo code"},"current_weather":{"time":"2025-05-20T18:45","interval":900,"temperature":20.1,"windspeed":7.6,"winddirection":278,"is_day":0,"weathercode":2}}, $.current_weather.windspeed)
00:21:06.644 [main] DEBUG com.networknt.schema.TypeValidator - validate( 278, {"latitude":35.0,"longitude":139.0,"generationtime_ms":0.035643577575683594,"utc_offset_seconds":0,"timezone":"GMT","timezone_abbreviation":"GMT","elevation":234.0,"current_weather_units":{"time":"iso8601","interval":"seconds","temperature":"°C","windspeed":"km/h","winddirection":"°","is_day":"","weathercode":"wmo code"},"current_weather":{"time":"2025-05-20T18:45","interval":900,"temperature":20.1,"windspeed":7.6,"winddirection":278,"is_day":0,"weathercode":2}}, $.current_weather.winddirection)
00:21:06.644 [main] DEBUG com.networknt.schema.TypeValidator - validate( 2, {"latitude":35.0,"longitude":139.0,"generationtime_ms":0.035643577575683594,"utc_offset_seconds":0,"timezone":"GMT","timezone_abbreviation":"GMT","elevation":234.0,"current_weather_units":{"time":"iso8601","interval":"seconds","temperature":"°C","windspeed":"km/h","winddirection":"°","is_day":"","weathercode":"wmo code"},"current_weather":{"time":"2025-05-20T18:45","interval":900,"temperature":20.1,"windspeed":7.6,"winddirection":278,"is_day":0,"weathercode":2}}, $.current_weather.weathercode)
00:21:06.645 [main] DEBUG com.networknt.schema.TypeValidator - validate( "2025-05-20T18:45", {"latitude":35.0,"longitude":139.0,"generationtime_ms":0.035643577575683594,"utc_offset_seconds":0,"timezone":"GMT","timezone_abbreviation":"GMT","elevation":234.0,"current_weather_units":{"time":"iso8601","interval":"seconds","temperature":"°C","windspeed":"km/h","winddirection":"°","is_day":"","weathercode":"wmo code"},"current_weather":{"time":"2025-05-20T18:45","interval":900,"temperature":20.1,"windspeed":7.6,"winddirection":278,"is_day":0,"weathercode":2}}, $.current_weather.time)
00:21:06.645 [main] DEBUG com.networknt.schema.RequiredValidator - validate( {"time":"2025-05-20T18:45","interval":900,"temperature":20.1,"windspeed":7.6,"winddirection":278,"is_day":0,"weathercode":2}, {"latitude":35.0,"longitude":139.0,"generationtime_ms":0.035643577575683594,"utc_offset_seconds":0,"timezone":"GMT","timezone_abbreviation":"GMT","elevation":234.0,"current_weather_units":{"time":"iso8601","interval":"seconds","temperature":"°C","windspeed":"km/h","winddirection":"°","is_day":"","weathercode":"wmo code"},"current_weather":{"time":"2025-05-20T18:45","interval":900,"temperature":20.1,"windspeed":7.6,"winddirection":278,"is_day":0,"weathercode":2}}, $.current_weather)
00:21:06.645 [main] DEBUG com.networknt.schema.TypeValidator - validate( {"time":"2025-05-20T18:45","interval":900,"temperature":20.1,"windspeed":7.6,"winddirection":278,"is_day":0,"weathercode":2}, {"latitude":35.0,"longitude":139.0,"generationtime_ms":0.035643577575683594,"utc_offset_seconds":0,"timezone":"GMT","timezone_abbreviation":"GMT","elevation":234.0,"current_weather_units":{"time":"iso8601","interval":"seconds","temperature":"°C","windspeed":"km/h","winddirection":"°","is_day":"","weathercode":"wmo code"},"current_weather":{"time":"2025-05-20T18:45","interval":900,"temperature":20.1,"windspeed":7.6,"winddirection":278,"is_day":0,"weathercode":2}}, $.current_weather)
00:21:06.646 [main] DEBUG com.networknt.schema.RequiredValidator - validate( {"latitude":35.0,"longitude":139.0,"generationtime_ms":0.035643577575683594,"utc_offset_seconds":0,"timezone":"GMT","timezone_abbreviation":"GMT","elevation":234.0,"current_weather_units":{"time":"iso8601","interval":"seconds","temperature":"°C","windspeed":"km/h","winddirection":"°","is_day":"","weathercode":"wmo code"},"current_weather":{"time":"2025-05-20T18:45","interval":900,"temperature":20.1,"windspeed":7.6,"winddirection":278,"is_day":0,"weathercode":2}}, {"latitude":35.0,"longitude":139.0,"generationtime_ms":0.035643577575683594,"utc_offset_seconds":0,"timezone":"GMT","timezone_abbreviation":"GMT","elevation":234.0,"current_weather_units":{"time":"iso8601","interval":"seconds","temperature":"°C","windspeed":"km/h","winddirection":"°","is_day":"","weathercode":"wmo code"},"current_weather":{"time":"2025-05-20T18:45","interval":900,"temperature":20.1,"windspeed":7.6,"winddirection":278,"is_day":0,"weathercode":2}}, $)
00:21:06.646 [main] DEBUG com.networknt.schema.TypeValidator - validate( {"latitude":35.0,"longitude":139.0,"generationtime_ms":0.035643577575683594,"utc_offset_seconds":0,"timezone":"GMT","timezone_abbreviation":"GMT","elevation":234.0,"current_weather_units":{"time":"iso8601","interval":"seconds","temperature":"°C","windspeed":"km/h","winddirection":"°","is_day":"","weathercode":"wmo code"},"current_weather":{"time":"2025-05-20T18:45","interval":900,"temperature":20.1,"windspeed":7.6,"winddirection":278,"is_day":0,"weathercode":2}}, {"latitude":35.0,"longitude":139.0,"generationtime_ms":0.035643577575683594,"utc_offset_seconds":0,"timezone":"GMT","timezone_abbreviation":"GMT","elevation":234.0,"current_weather_units":{"time":"iso8601","interval":"seconds","temperature":"°C","windspeed":"km/h","winddirection":"°","is_day":"","weathercode":"wmo code"},"current_weather":{"time":"2025-05-20T18:45","interval":900,"temperature":20.1,"windspeed":7.6,"winddirection":278,"is_day":0,"weathercode":2}}, $)
00:21:06.646 [main] INFO com.healthmonitor.api.HealthChecker - 
Checking https://api.open-meteo.com/v1/forecast?latitude=35&longitude=139&current_weather=true:
00:21:06.646 [main] INFO com.healthmonitor.api.HealthChecker - Status: 200
00:21:06.646 [main] INFO com.healthmonitor.api.HealthChecker - Response Time: 879ms
00:21:06.646 [main] INFO com.healthmonitor.api.HealthChecker - Schema Valid: true
00:21:06.646 [main] INFO com.healthmonitor.api.HealthChecker - 
Checking https://api.open-meteo.com/v1/forecast?latitude=35&longitude=139&current_weather=true:
00:21:06.646 [main] INFO com.healthmonitor.api.HealthChecker - Status: 200
00:21:06.647 [main] INFO com.healthmonitor.api.HealthChecker - Response Time: 879ms
00:21:06.647 [main] INFO com.healthmonitor.api.HealthChecker - Schema Valid: true
]]></system-out>
  </testcase>
  <testcase name="testOpenMeteoAPI" classname="com.healthmonitor.api.HealthCheckerTest" time="1.251">
    <system-out><![CDATA[00:21:06.691 [main] DEBUG org.apache.http.impl.conn.BasicClientConnectionManager - Get connection for route {s}->https://api.coindesk.com:443
00:21:06.693 [main] DEBUG org.apache.http.impl.conn.DefaultClientConnection - Connection org.apache.http.impl.conn.DefaultClientConnection@6cbe68e9 closed
00:21:06.695 [main] DEBUG org.apache.http.impl.conn.DefaultClientConnection - Connection org.apache.http.impl.conn.DefaultClientConnection@6cbe68e9 shut down
00:21:06.696 [main] DEBUG org.apache.http.impl.conn.BasicClientConnectionManager - Releasing connection org.apache.http.impl.conn.ManagedClientConnectionImpl@6f5e16cf
00:21:06.696 [main] INFO com.healthmonitor.api.HealthChecker - 
Checking https://api.coindesk.com/v1/bpi/currentprice/USD.json:
00:21:06.696 [main] INFO com.healthmonitor.api.HealthChecker - Status: 0
00:21:06.696 [main] INFO com.healthmonitor.api.HealthChecker - Response Time: 36ms
00:21:06.696 [main] INFO com.healthmonitor.api.HealthChecker - Schema Valid: false
00:21:06.697 [main] INFO com.healthmonitor.api.HealthChecker - Error: api.coindesk.com
00:21:06.697 [main] INFO com.healthmonitor.api.HealthChecker - 
Checking https://api.coindesk.com/v1/bpi/currentprice/USD.json:
00:21:06.697 [main] INFO com.healthmonitor.api.HealthChecker - Status: 0
00:21:06.697 [main] INFO com.healthmonitor.api.HealthChecker - Response Time: 36ms
00:21:06.697 [main] INFO com.healthmonitor.api.HealthChecker - Schema Valid: false
00:21:06.697 [main] INFO com.healthmonitor.api.HealthChecker - Error: api.coindesk.com
00:21:06.727 [main] DEBUG org.apache.http.impl.conn.BasicClientConnectionManager - Get connection for route {s}->https://api.github.com:443
00:21:06.728 [main] DEBUG org.apache.http.impl.conn.DefaultClientConnectionOperator - Connecting to api.github.com:443
00:21:06.903 [main] DEBUG org.apache.http.client.protocol.RequestAddCookies - CookieSpec selected: ignoreCookies
00:21:06.904 [main] DEBUG org.apache.http.client.protocol.RequestAuthCache - Auth cache not set in the context
00:21:06.904 [main] DEBUG org.apache.http.client.protocol.RequestTargetAuthentication - Target auth state: UNCHALLENGED
00:21:06.904 [main] DEBUG org.apache.http.client.protocol.RequestProxyAuthentication - Proxy auth state: UNCHALLENGED
00:21:06.904 [main] DEBUG org.apache.http.impl.client.DefaultHttpClient - Attempt 1 to execute request
00:21:06.904 [main] DEBUG org.apache.http.impl.conn.DefaultClientConnection - Sending request: GET /repos/octocat/Hello-World HTTP/1.1
00:21:06.904 [main] DEBUG org.apache.http.wire -  >> "GET /repos/octocat/Hello-World HTTP/1.1[\r][\n]"
00:21:06.904 [main] DEBUG org.apache.http.wire -  >> "Accept: */*[\r][\n]"
00:21:06.904 [main] DEBUG org.apache.http.wire -  >> "Host: api.github.com[\r][\n]"
00:21:06.904 [main] DEBUG org.apache.http.wire -  >> "Connection: Keep-Alive[\r][\n]"
00:21:06.904 [main] DEBUG org.apache.http.wire -  >> "User-Agent: Apache-HttpClient/4.5.14 (Java/16.0.1)[\r][\n]"
00:21:06.904 [main] DEBUG org.apache.http.wire -  >> "Accept-Encoding: gzip,deflate[\r][\n]"
00:21:06.904 [main] DEBUG org.apache.http.wire -  >> "[\r][\n]"
00:21:06.905 [main] DEBUG org.apache.http.headers - >> GET /repos/octocat/Hello-World HTTP/1.1
00:21:06.905 [main] DEBUG org.apache.http.headers - >> Accept: */*
00:21:06.905 [main] DEBUG org.apache.http.headers - >> Host: api.github.com
00:21:06.905 [main] DEBUG org.apache.http.headers - >> Connection: Keep-Alive
00:21:06.905 [main] DEBUG org.apache.http.headers - >> User-Agent: Apache-HttpClient/4.5.14 (Java/16.0.1)
00:21:06.905 [main] DEBUG org.apache.http.headers - >> Accept-Encoding: gzip,deflate
00:21:06.964 [main] DEBUG org.apache.http.wire -  << "HTTP/1.1 200 OK[\r][\n]"
00:21:06.964 [main] DEBUG org.apache.http.wire -  << "Date: Tue, 20 May 2025 18:51:03 GMT[\r][\n]"
00:21:06.964 [main] DEBUG org.apache.http.wire -  << "Content-Type: application/json; charset=utf-8[\r][\n]"
00:21:06.964 [main] DEBUG org.apache.http.wire -  << "Cache-Control: public, max-age=60, s-maxage=60[\r][\n]"
00:21:06.964 [main] DEBUG org.apache.http.wire -  << "Vary: Accept,Accept-Encoding, Accept, X-Requested-With[\r][\n]"
00:21:06.964 [main] DEBUG org.apache.http.wire -  << "ETag: W/"b2ef838198bc3d904e0db0ecac751014e9daaa14009d2a426ae0f72204cf03e1"[\r][\n]"
00:21:06.964 [main] DEBUG org.apache.http.wire -  << "Last-Modified: Tue, 20 May 2025 13:33:01 GMT[\r][\n]"
00:21:06.964 [main] DEBUG org.apache.http.wire -  << "X-GitHub-Media-Type: github.v3; format=json[\r][\n]"
00:21:06.964 [main] DEBUG org.apache.http.wire -  << "x-github-api-version-selected: 2022-11-28[\r][\n]"
00:21:06.964 [main] DEBUG org.apache.http.wire -  << "Access-Control-Expose-Headers: ETag, Link, Location, Retry-After, X-GitHub-OTP, X-RateLimit-Limit, X-RateLimit-Remaining, X-RateLimit-Used, X-RateLimit-Resource, X-RateLimit-Reset, X-OAuth-Scopes, X-Accepted-OAuth-Scopes, X-Poll-Interval, X-GitHub-Media-Type, X-GitHub-SSO, X-GitHub-Request-Id, Deprecation, Sunset[\r][\n]"
00:21:06.964 [main] DEBUG org.apache.http.wire -  << "Access-Control-Allow-Origin: *[\r][\n]"
00:21:06.965 [main] DEBUG org.apache.http.wire -  << "Strict-Transport-Security: max-age=31536000; includeSubdomains; preload[\r][\n]"
00:21:06.965 [main] DEBUG org.apache.http.wire -  << "X-Frame-Options: deny[\r][\n]"
00:21:06.965 [main] DEBUG org.apache.http.wire -  << "X-Content-Type-Options: nosniff[\r][\n]"
00:21:06.965 [main] DEBUG org.apache.http.wire -  << "X-XSS-Protection: 0[\r][\n]"
00:21:06.965 [main] DEBUG org.apache.http.wire -  << "Referrer-Policy: origin-when-cross-origin, strict-origin-when-cross-origin[\r][\n]"
00:21:06.965 [main] DEBUG org.apache.http.wire -  << "Content-Security-Policy: default-src 'none'[\r][\n]"
00:21:06.965 [main] DEBUG org.apache.http.wire -  << "Content-Encoding: gzip[\r][\n]"
00:21:06.965 [main] DEBUG org.apache.http.wire -  << "Server: github.com[\r][\n]"
00:21:06.965 [main] DEBUG org.apache.http.wire -  << "Accept-Ranges: bytes[\r][\n]"
00:21:06.965 [main] DEBUG org.apache.http.wire -  << "X-RateLimit-Limit: 60[\r][\n]"
00:21:06.965 [main] DEBUG org.apache.http.wire -  << "X-RateLimit-Remaining: 53[\r][\n]"
00:21:06.965 [main] DEBUG org.apache.http.wire -  << "X-RateLimit-Reset: 1747769482[\r][\n]"
00:21:06.965 [main] DEBUG org.apache.http.wire -  << "X-RateLimit-Resource: core[\r][\n]"
00:21:06.965 [main] DEBUG org.apache.http.wire -  << "X-RateLimit-Used: 7[\r][\n]"
00:21:06.965 [main] DEBUG org.apache.http.wire -  << "Content-Length: 1289[\r][\n]"
00:21:06.965 [main] DEBUG org.apache.http.wire -  << "X-GitHub-Request-Id: CCB1:1CBC67:199F596:207DF28:682CCF1A[\r][\n]"
00:21:06.965 [main] DEBUG org.apache.http.wire -  << "[\r][\n]"
00:21:06.965 [main] DEBUG org.apache.http.impl.conn.DefaultClientConnection - Receiving response: HTTP/1.1 200 OK
00:21:06.965 [main] DEBUG org.apache.http.headers - << HTTP/1.1 200 OK
00:21:06.965 [main] DEBUG org.apache.http.headers - << Date: Tue, 20 May 2025 18:51:03 GMT
00:21:06.965 [main] DEBUG org.apache.http.headers - << Content-Type: application/json; charset=utf-8
00:21:06.965 [main] DEBUG org.apache.http.headers - << Cache-Control: public, max-age=60, s-maxage=60
00:21:06.965 [main] DEBUG org.apache.http.headers - << Vary: Accept,Accept-Encoding, Accept, X-Requested-With
00:21:06.965 [main] DEBUG org.apache.http.headers - << ETag: W/"b2ef838198bc3d904e0db0ecac751014e9daaa14009d2a426ae0f72204cf03e1"
00:21:06.965 [main] DEBUG org.apache.http.headers - << Last-Modified: Tue, 20 May 2025 13:33:01 GMT
00:21:06.965 [main] DEBUG org.apache.http.headers - << X-GitHub-Media-Type: github.v3; format=json
00:21:06.965 [main] DEBUG org.apache.http.headers - << x-github-api-version-selected: 2022-11-28
00:21:06.965 [main] DEBUG org.apache.http.headers - << Access-Control-Expose-Headers: ETag, Link, Location, Retry-After, X-GitHub-OTP, X-RateLimit-Limit, X-RateLimit-Remaining, X-RateLimit-Used, X-RateLimit-Resource, X-RateLimit-Reset, X-OAuth-Scopes, X-Accepted-OAuth-Scopes, X-Poll-Interval, X-GitHub-Media-Type, X-GitHub-SSO, X-GitHub-Request-Id, Deprecation, Sunset
00:21:06.965 [main] DEBUG org.apache.http.headers - << Access-Control-Allow-Origin: *
00:21:06.965 [main] DEBUG org.apache.http.headers - << Strict-Transport-Security: max-age=31536000; includeSubdomains; preload
00:21:06.965 [main] DEBUG org.apache.http.headers - << X-Frame-Options: deny
00:21:06.965 [main] DEBUG org.apache.http.headers - << X-Content-Type-Options: nosniff
00:21:06.965 [main] DEBUG org.apache.http.headers - << X-XSS-Protection: 0
00:21:06.965 [main] DEBUG org.apache.http.headers - << Referrer-Policy: origin-when-cross-origin, strict-origin-when-cross-origin
00:21:06.965 [main] DEBUG org.apache.http.headers - << Content-Security-Policy: default-src 'none'
00:21:06.965 [main] DEBUG org.apache.http.headers - << Content-Encoding: gzip
00:21:06.965 [main] DEBUG org.apache.http.headers - << Server: github.com
00:21:06.965 [main] DEBUG org.apache.http.headers - << Accept-Ranges: bytes
00:21:06.965 [main] DEBUG org.apache.http.headers - << X-RateLimit-Limit: 60
00:21:06.965 [main] DEBUG org.apache.http.headers - << X-RateLimit-Remaining: 53
00:21:06.965 [main] DEBUG org.apache.http.headers - << X-RateLimit-Reset: 1747769482
00:21:06.965 [main] DEBUG org.apache.http.headers - << X-RateLimit-Resource: core
00:21:06.965 [main] DEBUG org.apache.http.headers - << X-RateLimit-Used: 7
00:21:06.965 [main] DEBUG org.apache.http.headers - << Content-Length: 1289
00:21:06.965 [main] DEBUG org.apache.http.headers - << X-GitHub-Request-Id: CCB1:1CBC67:199F596:207DF28:682CCF1A
00:21:06.965 [main] DEBUG org.apache.http.impl.client.DefaultHttpClient - Connection can be kept alive indefinitely
00:21:06.966 [main] DEBUG io.restassured.internal.RequestSpecificationImpl$RestAssuredHttpBuilder - Parsing response as: application/json; charset=utf-8
00:21:06.971 [main] DEBUG org.apache.http.wire -  << "[0x1f][0x8b][0x8][0x0][0x0][0x0][0x0][0x0][0x0][0x3][0xa5]X]o[0xe3]6[0x10][0xfc]+[0xa9]^kG[0xb6][0xec][0xe4][0x12][0x3][0x87][0xeb]C[0x8b][0xbb][0x16]H[0x8b]+[0xee][0xda]k[0x8b]B[0xa0]$[0xda]bB[0x89]*I[0xd9]g[0xb][0xf9][0xef][0x1d][0x92]"
00:21:06.974 [main] DEBUG org.apache.http.wire -  << "[0xfa][0xb2][;[0xb1][0xfc][0x12][0xdb][0xc]g8[0xdc][0xe5].wYy,[0xf1][0x16][0xd3][0xe0][0xfe]6[0xb8][0xbd][0x1f]y[0xb9]HhhF[0xbc][0x87][0xef][0xd8][0xfc][0xc2][0xe2][0xf1][0xfb][0xfb][0x1d][0xf9][0xf2][0xeb]:[0xce][0x9f][0xbe]><>[0x5][0xf][0x8f][0xdc]x[0x98]H2[0x8a]Y[0x1f]([0xe7]b[0xfc][0xbb][0x90]<[0xc1][0xe0][0xb2][0xe4]<[0xac][0xff]#b-b[0xa2][0xfd][0xfd][0x19][0x85]dk[0xa2][0x81]\[0x12][0xae][0xe8][0xc8][0x13][0x9b][0x9c]JoQy\[0xac]X[0xe][0xc2][0x1a][0x6]2[0xa3][0xe2][0xe6]n[0x16][0xcc][0xa6][0xfb][0xb2]>[0xde][0xfe][0xf6][0xe5]g[0x1e]?~[0x9e]?[0xec]~[0xdc]=||[0xfb][0x16][0x93][0x9]X[0x89][0xc]K[0xc9][0xc1][0x91]j][0xa8][0x85][0xef][0xbb]Au[0xbd]b:-[0xa3]RQ[0x19][0x8b]\[0xd3]\_[0xc7]"[0xf3]K[0xdf][0xb1][0xbf][[0xbf][0x9d][0x83]a%k[0xe][0xbb]{[0xc][0x1c]p[0x15][0xac][0xe6]q`[0x90])[0xbf][0x13][0x9b][0xea][0x8c][0x1f][0xac][0xee]V[0xb5][0xb3][0xbb]yK[0x1]{m[0x80]=[0x94]z[0x82][0xde]oA[0xc6][0xc4][0x96][0x80][0xe5][0xab][0xf3][0x9][0x0][0xaa]|[0xa1]S[\n]"
00:21:06.976 [main] DEBUG org.apache.http.wire -  << ";A[0xfe][0xb3][0xd9]4S[0xfa],)[0x16]P[0xf9][0xe6][0x3][0xc7][0xc4]P([0xd8]][0xd2][0xe4][0x1c]95[0x4]b[0x8c][0xf7][0x9f]+_[0xd2]BX[0xae]2R[0xb1]d[0x85]f"?K[0xd6][0x1e][0x10]DB[0xae]H[0xce]v[0xe4]l"[0x0][0x15][0xf0]F[0xd0]Y[0x2],[0x0]@[0xba][0xc6][0xf1]:[0xb][0xe9][0x10][0x95]o##[0xde][0x1a]3H[0x1a]S[0xb6][0x86]M[0xcf]g;[0x80][0x82]Lo[0xb][0x13][0xa8][0x9f][0xe1]q[0xfc]2[0x8e][0xf][0xd7][0x8c]n[0xc2]z[0xbc](#[0xce]bc{[0xa6]iH[0x92][0xcc]D[0xa1][\r][0xce][0xe7][0x11][0x2][0xe9][0x15][0xa7][0xfa] [0xc2][0x13][0xda][0xba][0xd0]d[0x91][0xed][0xd5][0x92]I[0xa5][0xaf][0xac][0x81][0x98][0x16]r{%[0xf2][0xab][0xf7]L([0xa3]o[0xb0][0xec]R[0xc8][0xa7]6[0x1b][0x9c][0xc]9[0xcb][0xd0][0x84][0xd2][0xc1][0xa2][0x86][0xe5][0x5][0xab][0x1f][0x85]#[0xbc][0x0][0x86][0x94]'[0xba][0x1d][0xcc]a[0xb0][0x95][0x8f][0xbf]uT[0xc4][0x8]S[0x12][0x9]I[0xb0][0xe3][0xc1][0xa4]{$[0x95][0xdf][0xff]i[0x8e][0x89][0xa6]$[0x1b][0xcc]m[0xc1] I[0x85][0x18]n9[0xb][0x6][0x9]S[0xaa][0xa4][0xaf]:[0xad][0xc7][0xbd]`9[0x94][0xdf][0x84]C^f[0x91][0xcb]Q[0xaf][0x9][0x82][0xe3][0xb4][0xe][\r][0x8d]D)[0xb6][0xca])[0x1d]l[0xb1][0x96][0xa0][0xf2][0x9b][0xf4][0x19]I[0x92][0xc7][0xe9]p[0xca][0x6]_[0xf9][0xee][0x9b][0xf5]*Y[\r][0x96]h[0xb0][0xa0][0x88][0xb8][0x88][0x6]s[0xe0][0xda][0xf2]-A[0xe5][0xab][0x94][0xb8]KB[0x87][0x97][0xa8]2[0x8c][0x6][0xbf]G([0xe9][0xf2]"[0x89][0x6][0xdf][0x12]jy[0x81]_[0xad]<C[0xd0][0xd2][0xe1]~[0xd2]p[0xf1]`}[\r][0xde][0xaf]j[0xb]r[0x92][0xaf]J[0xb2][0x1a][0xce][0xd8][0x12][0xc0][0xbb][0xe6][0xf6]\[0x91][0xdd][0x8b]5[0xc4][0xf1][0x98][0xe8][0x18]@gJ"[0xc9][0xa2][0xf2][0xb2]D[0xd5]q[0x18][0x85][0xee][0x1a]G[0xfc][0xe]7aG[0xd1][0x11][0xda][0xba][0xe0]t[0xa1]qb[0xd3][0xbd][0xda][0xc2]n;[0xcb][0xd8]K7[0xf5]q[0xb6][0x1a][0xbe]w[0xa4]/[0xa4]4[0xe7][0xf0][0x90][0xd6][0xfc]~[0xb9][0xa0]8-[0xd3][0xe0]+[0xbf][0xcb][0xa7].Y[0xd7][0xcc]C[0xad]Yg[0xeb]F_[0x9f][0xbf][0xae][0xb1][0x7][0xbb][0xbe][0xc1][0xfb][0xd5][0xb7][0x5][0xd1][0xa9][0xc9]@X[0xa6] [0x92][0xe][0x15][[0xc3][0xfd]*"(k[0xae][0xaf][0xaf][0xab][0x94][0x12][[0xbc]fT^[0x10][0x95][0xe][\r][0x1a]"[0xe3][0x14][0x5][0xdb]P}U[0x83]G%[0x92][0x11]m[0xb][0xe2][0xa5][0x91][0x97][0xa0]@[0xe6][0x82]$[0x83]m[0xd9][0x12][0x80][0xcc][0xb9]l[0xa8]F[0x87][0xee][0xfb][0xb9]@[0xb3]7X[0x98][0x5][0xf7][0xd9]2[0xc6][0xa9][0xd2]"[0x1f][0x9e]#;[0x86]>o.4[24[0xa2]/[0xb7][0x14][0xc7][0xc3]h[0x8f][0xa4]z[0xa7]X[0x1e][0xd3][0x11][0xe1]|[0x84]S[0xa9]Y[0xcc]pN[0xd1]\[0x19][0x8f][0xa1][0xe8][0xa3][0xc3][0xad][0xe2][0xd0][0x90][0x8f][0xe6][0xda]5[0x2][0x9c][0xe2][0xc8][0xe][0xb6][0xb2][0xa4][0xe]_[0xf9][0xae]WKh[0xc1][0xc5][0xf6][0xa2][0x8c][0xd2][0xa3]0[0x81]))[0xba][0xf9]$$[0x1a][0xb5]~0[0x99]N[0xc7][0x93][0xe9]8[0xb8][0xfd]4[0xbd]_L[0xa6]xU[0xf8][0x13]s[0xca]"[0xe9][0xcf][0x9]n[0xc6][0x93][0x9b]q0[0xf9]4[0x9d]-f3L3s[0x8a]R[0xa5][0x1d]M0[0x1f]O[0xee][0xcc][0x94]`[0xb6][0xb8][0x99]/[0xe6][0x96][0x6][0xe9][0xb1]>[0xbb][0xf8][0x86][0xe6][0xfe][0xbf][0xed]u[0xbf]'0[0xbd]:@J[0xa5][0x1d][0xe8][0xbb][0xe][0xb2][0xf8][0x9f][0xd7][0x89][0x1a][0x12]s[0x1c][0xc2][0x83](y[0xdd]Z[0xeb][0xc3][0xbb][0xe9]4[0xc][0xf2]R[0x91][0xd1][0x2]u[0x81]{pPl[0x87]ox[0xed][0xe8][0xdd][0xf0][0xb1](s[0xd8]6[0xb8][0x9f][0xdf][0x8e][0xbc][\r][0xd1][0xa8]6q[0xa9][0xee][0x8d]6[0xb5][0x81][0xb7][0xc8][0x11]T %*t[0xd1][0xea]-[0xb4],[0xf1][0xc8]bF[\n]"
00:21:06.976 [main] DEBUG org.apache.http.wire -  << ")[0x1e]i[0xac]U[0xac][0xcb][0xe][0xbd][0x89][0x1b][0xf6][0xc4][0xf6][0x80][0xa6]ni;4C[0x95]0[0x15][0x97][0xa8][0xa6][0xd1][0xa3][0xb7][0xe3][0xae][0x1]ku[0xdd][0xcd][0x91][[0x99][0x94][0xa2]~[0x92]q[0xca][0xea]4[0x87][0xf7][0x95][0xfa][0xf5][0x7]L$[0xe2][0xb4][0x1b][0x10][0x5][0xcd]k[0xf1][0xcd]&[0xa7]o&[0x1][0xe2][0x8a][0xc5]4W0O[0xcd]d[0x1e]AB[0xb3]([0xe2][0xae]Q[0xcb]T[0xa8]iV[0xf0][0xfe][0xfb][0xd2][0x86]F 2W}h[0xca][0xb1]\[0x86][0x92][0xfe]S2[0xbc]X[0xb4]*[0xb4](X[0x8c][0xad][0xfc][0xf5][0xf7][0xc8][3[0xc5]"[0xc6][0x99][0xde][0xc2]'mo[0xec]:Dx[0xc1][0xec][0xab][0xa7][0x11][0xde][0xb2][0xea][0x1a][0xc7]4[0x8e]J[0xe8][0x92][0x94]\[0x87][0xae][0xaa][0x7]SF[0x94][0xb6][0xfd][0xb7][0x11][0x18][0xba]#[0xa6][0xc5][0x13]E[0xaf][0xed]6[0x94]S[0xbd][0xc1]n:[0xcf][0x9a][0x95][0xfa]uTm[0xda][0xe9][0x9b][0xd9][0xec][0xf9]_[0xdd][0xaa][0x83][0x89][0xb4][0x13][0x0][0x0]"
00:21:06.976 [main] DEBUG io.restassured.internal.RequestSpecificationImpl$RestAssuredHttpBuilder - Parsed data to instance of: class org.apache.http.conn.EofSensorInputStream
00:21:06.979 [main] DEBUG org.apache.http.impl.conn.BasicClientConnectionManager - Releasing connection org.apache.http.impl.conn.ManagedClientConnectionImpl@2cca611f
00:21:06.979 [main] DEBUG org.apache.http.impl.conn.BasicClientConnectionManager - Connection can be kept alive indefinitely
00:21:06.988 [main] DEBUG com.networknt.schema.PropertiesValidator - validate( {"id":1296269,"node_id":"MDEwOlJlcG9zaXRvcnkxMjk2MjY5","name":"Hello-World","full_name":"octocat/Hello-World","private":false,"owner":{"login":"octocat","id":583231,"node_id":"MDQ6VXNlcjU4MzIzMQ==","avatar_url":"https://avatars.githubusercontent.com/u/583231?v=4","gravatar_id":"","url":"https://api.github.com/users/octocat","html_url":"https://github.com/octocat","followers_url":"https://api.github.com/users/octocat/followers","following_url":"https://api.github.com/users/octocat/following{/other_user}","gists_url":"https://api.github.com/users/octocat/gists{/gist_id}","starred_url":"https://api.github.com/users/octocat/starred{/owner}{/repo}","subscriptions_url":"https://api.github.com/users/octocat/subscriptions","organizations_url":"https://api.github.com/users/octocat/orgs","repos_url":"https://api.github.com/users/octocat/repos","events_url":"https://api.github.com/users/octocat/events{/privacy}","received_events_url":"https://api.github.com/users/octocat/received_events","type":"User","user_view_type":"public","site_admin":false},"html_url":"https://github.com/octocat/Hello-World","description":"My first repository on GitHub!","fork":false,"url":"https://api.github.com/repos/octocat/Hello-World","forks_url":"https://api.github.com/repos/octocat/Hello-World/forks","keys_url":"https://api.github.com/repos/octocat/Hello-World/keys{/key_id}","collaborators_url":"https://api.github.com/repos/octocat/Hello-World/collaborators{/collaborator}","teams_url":"https://api.github.com/repos/octocat/Hello-World/teams","hooks_url":"https://api.github.com/repos/octocat/Hello-World/hooks","issue_events_url":"https://api.github.com/repos/octocat/Hello-World/issues/events{/number}","events_url":"https://api.github.com/repos/octocat/Hello-World/events","assignees_url":"https://api.github.com/repos/octocat/Hello-World/assignees{/user}","branches_url":"https://api.github.com/repos/octocat/Hello-World/branches{/branch}","tags_url":"https://api.github.com/repos/octocat/Hello-World/tags","blobs_url":"https://api.github.com/repos/octocat/Hello-World/git/blobs{/sha}","git_tags_url":"https://api.github.com/repos/octocat/Hello-World/git/tags{/sha}","git_refs_url":"https://api.github.com/repos/octocat/Hello-World/git/refs{/sha}","trees_url":"https://api.github.com/repos/octocat/Hello-World/git/trees{/sha}","statuses_url":"https://api.github.com/repos/octocat/Hello-World/statuses/{sha}","languages_url":"https://api.github.com/repos/octocat/Hello-World/languages","stargazers_url":"https://api.github.com/repos/octocat/Hello-World/stargazers","contributors_url":"https://api.github.com/repos/octocat/Hello-World/contributors","subscribers_url":"https://api.github.com/repos/octocat/Hello-World/subscribers","subscription_url":"https://api.github.com/repos/octocat/Hello-World/subscription","commits_url":"https://api.github.com/repos/octocat/Hello-World/commits{/sha}","git_commits_url":"https://api.github.com/repos/octocat/Hello-World/git/commits{/sha}","comments_url":"https://api.github.com/repos/octocat/Hello-World/comments{/number}","issue_comment_url":"https://api.github.com/repos/octocat/Hello-World/issues/comments{/number}","contents_url":"https://api.github.com/repos/octocat/Hello-World/contents/{+path}","compare_url":"https://api.github.com/repos/octocat/Hello-World/compare/{base}...{head}","merges_url":"https://api.github.com/repos/octocat/Hello-World/merges","archive_url":"https://api.github.com/repos/octocat/Hello-World/{archive_format}{/ref}","downloads_url":"https://api.github.com/repos/octocat/Hello-World/downloads","issues_url":"https://api.github.com/repos/octocat/Hello-World/issues{/number}","pulls_url":"https://api.github.com/repos/octocat/Hello-World/pulls{/number}","milestones_url":"https://api.github.com/repos/octocat/Hello-World/milestones{/number}","notifications_url":"https://api.github.com/repos/octocat/Hello-World/notifications{?since,all,participating}","labels_url":"https://api.github.com/repos/octocat/Hello-World/labels{/name}","releases_url":"https://api.github.com/repos/octocat/Hello-World/releases{/id}","deployments_url":"https://api.github.com/repos/octocat/Hello-World/deployments","created_at":"2011-01-26T19:01:12Z","updated_at":"2025-05-20T13:33:01Z","pushed_at":"2024-08-20T23:54:42Z","git_url":"git://github.com/octocat/Hello-World.git","ssh_url":"git@github.com:octocat/Hello-World.git","clone_url":"https://github.com/octocat/Hello-World.git","svn_url":"https://github.com/octocat/Hello-World","homepage":"","size":1,"stargazers_count":2946,"watchers_count":2946,"language":null,"has_issues":true,"has_projects":true,"has_downloads":true,"has_wiki":true,"has_pages":false,"has_discussions":false,"forks_count":2984,"mirror_url":null,"archived":false,"disabled":false,"open_issues_count":1702,"license":null,"allow_forking":true,"is_template":false,"web_commit_signoff_required":false,"topics":[],"visibility":"public","forks":2984,"open_issues":1702,"watchers":2946,"default_branch":"master","temp_clone_token":null,"network_count":2984,"subscribers_count":1733}, {"id":1296269,"node_id":"MDEwOlJlcG9zaXRvcnkxMjk2MjY5","name":"Hello-World","full_name":"octocat/Hello-World","private":false,"owner":{"login":"octocat","id":583231,"node_id":"MDQ6VXNlcjU4MzIzMQ==","avatar_url":"https://avatars.githubusercontent.com/u/583231?v=4","gravatar_id":"","url":"https://api.github.com/users/octocat","html_url":"https://github.com/octocat","followers_url":"https://api.github.com/users/octocat/followers","following_url":"https://api.github.com/users/octocat/following{/other_user}","gists_url":"https://api.github.com/users/octocat/gists{/gist_id}","starred_url":"https://api.github.com/users/octocat/starred{/owner}{/repo}","subscriptions_url":"https://api.github.com/users/octocat/subscriptions","organizations_url":"https://api.github.com/users/octocat/orgs","repos_url":"https://api.github.com/users/octocat/repos","events_url":"https://api.github.com/users/octocat/events{/privacy}","received_events_url":"https://api.github.com/users/octocat/received_events","type":"User","user_view_type":"public","site_admin":false},"html_url":"https://github.com/octocat/Hello-World","description":"My first repository on GitHub!","fork":false,"url":"https://api.github.com/repos/octocat/Hello-World","forks_url":"https://api.github.com/repos/octocat/Hello-World/forks","keys_url":"https://api.github.com/repos/octocat/Hello-World/keys{/key_id}","collaborators_url":"https://api.github.com/repos/octocat/Hello-World/collaborators{/collaborator}","teams_url":"https://api.github.com/repos/octocat/Hello-World/teams","hooks_url":"https://api.github.com/repos/octocat/Hello-World/hooks","issue_events_url":"https://api.github.com/repos/octocat/Hello-World/issues/events{/number}","events_url":"https://api.github.com/repos/octocat/Hello-World/events","assignees_url":"https://api.github.com/repos/octocat/Hello-World/assignees{/user}","branches_url":"https://api.github.com/repos/octocat/Hello-World/branches{/branch}","tags_url":"https://api.github.com/repos/octocat/Hello-World/tags","blobs_url":"https://api.github.com/repos/octocat/Hello-World/git/blobs{/sha}","git_tags_url":"https://api.github.com/repos/octocat/Hello-World/git/tags{/sha}","git_refs_url":"https://api.github.com/repos/octocat/Hello-World/git/refs{/sha}","trees_url":"https://api.github.com/repos/octocat/Hello-World/git/trees{/sha}","statuses_url":"https://api.github.com/repos/octocat/Hello-World/statuses/{sha}","languages_url":"https://api.github.com/repos/octocat/Hello-World/languages","stargazers_url":"https://api.github.com/repos/octocat/Hello-World/stargazers","contributors_url":"https://api.github.com/repos/octocat/Hello-World/contributors","subscribers_url":"https://api.github.com/repos/octocat/Hello-World/subscribers","subscription_url":"https://api.github.com/repos/octocat/Hello-World/subscription","commits_url":"https://api.github.com/repos/octocat/Hello-World/commits{/sha}","git_commits_url":"https://api.github.com/repos/octocat/Hello-World/git/commits{/sha}","comments_url":"https://api.github.com/repos/octocat/Hello-World/comments{/number}","issue_comment_url":"https://api.github.com/repos/octocat/Hello-World/issues/comments{/number}","contents_url":"https://api.github.com/repos/octocat/Hello-World/contents/{+path}","compare_url":"https://api.github.com/repos/octocat/Hello-World/compare/{base}...{head}","merges_url":"https://api.github.com/repos/octocat/Hello-World/merges","archive_url":"https://api.github.com/repos/octocat/Hello-World/{archive_format}{/ref}","downloads_url":"https://api.github.com/repos/octocat/Hello-World/downloads","issues_url":"https://api.github.com/repos/octocat/Hello-World/issues{/number}","pulls_url":"https://api.github.com/repos/octocat/Hello-World/pulls{/number}","milestones_url":"https://api.github.com/repos/octocat/Hello-World/milestones{/number}","notifications_url":"https://api.github.com/repos/octocat/Hello-World/notifications{?since,all,participating}","labels_url":"https://api.github.com/repos/octocat/Hello-World/labels{/name}","releases_url":"https://api.github.com/repos/octocat/Hello-World/releases{/id}","deployments_url":"https://api.github.com/repos/octocat/Hello-World/deployments","created_at":"2011-01-26T19:01:12Z","updated_at":"2025-05-20T13:33:01Z","pushed_at":"2024-08-20T23:54:42Z","git_url":"git://github.com/octocat/Hello-World.git","ssh_url":"git@github.com:octocat/Hello-World.git","clone_url":"https://github.com/octocat/Hello-World.git","svn_url":"https://github.com/octocat/Hello-World","homepage":"","size":1,"stargazers_count":2946,"watchers_count":2946,"language":null,"has_issues":true,"has_projects":true,"has_downloads":true,"has_wiki":true,"has_pages":false,"has_discussions":false,"forks_count":2984,"mirror_url":null,"archived":false,"disabled":false,"open_issues_count":1702,"license":null,"allow_forking":true,"is_template":false,"web_commit_signoff_required":false,"topics":[],"visibility":"public","forks":2984,"open_issues":1702,"watchers":2946,"default_branch":"master","temp_clone_token":null,"network_count":2984,"subscribers_count":1733}, $)
00:21:06.989 [main] DEBUG com.networknt.schema.TypeValidator - validate( 1296269, {"id":1296269,"node_id":"MDEwOlJlcG9zaXRvcnkxMjk2MjY5","name":"Hello-World","full_name":"octocat/Hello-World","private":false,"owner":{"login":"octocat","id":583231,"node_id":"MDQ6VXNlcjU4MzIzMQ==","avatar_url":"https://avatars.githubusercontent.com/u/583231?v=4","gravatar_id":"","url":"https://api.github.com/users/octocat","html_url":"https://github.com/octocat","followers_url":"https://api.github.com/users/octocat/followers","following_url":"https://api.github.com/users/octocat/following{/other_user}","gists_url":"https://api.github.com/users/octocat/gists{/gist_id}","starred_url":"https://api.github.com/users/octocat/starred{/owner}{/repo}","subscriptions_url":"https://api.github.com/users/octocat/subscriptions","organizations_url":"https://api.github.com/users/octocat/orgs","repos_url":"https://api.github.com/users/octocat/repos","events_url":"https://api.github.com/users/octocat/events{/privacy}","received_events_url":"https://api.github.com/users/octocat/received_events","type":"User","user_view_type":"public","site_admin":false},"html_url":"https://github.com/octocat/Hello-World","description":"My first repository on GitHub!","fork":false,"url":"https://api.github.com/repos/octocat/Hello-World","forks_url":"https://api.github.com/repos/octocat/Hello-World/forks","keys_url":"https://api.github.com/repos/octocat/Hello-World/keys{/key_id}","collaborators_url":"https://api.github.com/repos/octocat/Hello-World/collaborators{/collaborator}","teams_url":"https://api.github.com/repos/octocat/Hello-World/teams","hooks_url":"https://api.github.com/repos/octocat/Hello-World/hooks","issue_events_url":"https://api.github.com/repos/octocat/Hello-World/issues/events{/number}","events_url":"https://api.github.com/repos/octocat/Hello-World/events","assignees_url":"https://api.github.com/repos/octocat/Hello-World/assignees{/user}","branches_url":"https://api.github.com/repos/octocat/Hello-World/branches{/branch}","tags_url":"https://api.github.com/repos/octocat/Hello-World/tags","blobs_url":"https://api.github.com/repos/octocat/Hello-World/git/blobs{/sha}","git_tags_url":"https://api.github.com/repos/octocat/Hello-World/git/tags{/sha}","git_refs_url":"https://api.github.com/repos/octocat/Hello-World/git/refs{/sha}","trees_url":"https://api.github.com/repos/octocat/Hello-World/git/trees{/sha}","statuses_url":"https://api.github.com/repos/octocat/Hello-World/statuses/{sha}","languages_url":"https://api.github.com/repos/octocat/Hello-World/languages","stargazers_url":"https://api.github.com/repos/octocat/Hello-World/stargazers","contributors_url":"https://api.github.com/repos/octocat/Hello-World/contributors","subscribers_url":"https://api.github.com/repos/octocat/Hello-World/subscribers","subscription_url":"https://api.github.com/repos/octocat/Hello-World/subscription","commits_url":"https://api.github.com/repos/octocat/Hello-World/commits{/sha}","git_commits_url":"https://api.github.com/repos/octocat/Hello-World/git/commits{/sha}","comments_url":"https://api.github.com/repos/octocat/Hello-World/comments{/number}","issue_comment_url":"https://api.github.com/repos/octocat/Hello-World/issues/comments{/number}","contents_url":"https://api.github.com/repos/octocat/Hello-World/contents/{+path}","compare_url":"https://api.github.com/repos/octocat/Hello-World/compare/{base}...{head}","merges_url":"https://api.github.com/repos/octocat/Hello-World/merges","archive_url":"https://api.github.com/repos/octocat/Hello-World/{archive_format}{/ref}","downloads_url":"https://api.github.com/repos/octocat/Hello-World/downloads","issues_url":"https://api.github.com/repos/octocat/Hello-World/issues{/number}","pulls_url":"https://api.github.com/repos/octocat/Hello-World/pulls{/number}","milestones_url":"https://api.github.com/repos/octocat/Hello-World/milestones{/number}","notifications_url":"https://api.github.com/repos/octocat/Hello-World/notifications{?since,all,participating}","labels_url":"https://api.github.com/repos/octocat/Hello-World/labels{/name}","releases_url":"https://api.github.com/repos/octocat/Hello-World/releases{/id}","deployments_url":"https://api.github.com/repos/octocat/Hello-World/deployments","created_at":"2011-01-26T19:01:12Z","updated_at":"2025-05-20T13:33:01Z","pushed_at":"2024-08-20T23:54:42Z","git_url":"git://github.com/octocat/Hello-World.git","ssh_url":"git@github.com:octocat/Hello-World.git","clone_url":"https://github.com/octocat/Hello-World.git","svn_url":"https://github.com/octocat/Hello-World","homepage":"","size":1,"stargazers_count":2946,"watchers_count":2946,"language":null,"has_issues":true,"has_projects":true,"has_downloads":true,"has_wiki":true,"has_pages":false,"has_discussions":false,"forks_count":2984,"mirror_url":null,"archived":false,"disabled":false,"open_issues_count":1702,"license":null,"allow_forking":true,"is_template":false,"web_commit_signoff_required":false,"topics":[],"visibility":"public","forks":2984,"open_issues":1702,"watchers":2946,"default_branch":"master","temp_clone_token":null,"network_count":2984,"subscribers_count":1733}, $.id)
00:21:06.990 [main] DEBUG com.networknt.schema.TypeValidator - validate( "Hello-World", {"id":1296269,"node_id":"MDEwOlJlcG9zaXRvcnkxMjk2MjY5","name":"Hello-World","full_name":"octocat/Hello-World","private":false,"owner":{"login":"octocat","id":583231,"node_id":"MDQ6VXNlcjU4MzIzMQ==","avatar_url":"https://avatars.githubusercontent.com/u/583231?v=4","gravatar_id":"","url":"https://api.github.com/users/octocat","html_url":"https://github.com/octocat","followers_url":"https://api.github.com/users/octocat/followers","following_url":"https://api.github.com/users/octocat/following{/other_user}","gists_url":"https://api.github.com/users/octocat/gists{/gist_id}","starred_url":"https://api.github.com/users/octocat/starred{/owner}{/repo}","subscriptions_url":"https://api.github.com/users/octocat/subscriptions","organizations_url":"https://api.github.com/users/octocat/orgs","repos_url":"https://api.github.com/users/octocat/repos","events_url":"https://api.github.com/users/octocat/events{/privacy}","received_events_url":"https://api.github.com/users/octocat/received_events","type":"User","user_view_type":"public","site_admin":false},"html_url":"https://github.com/octocat/Hello-World","description":"My first repository on GitHub!","fork":false,"url":"https://api.github.com/repos/octocat/Hello-World","forks_url":"https://api.github.com/repos/octocat/Hello-World/forks","keys_url":"https://api.github.com/repos/octocat/Hello-World/keys{/key_id}","collaborators_url":"https://api.github.com/repos/octocat/Hello-World/collaborators{/collaborator}","teams_url":"https://api.github.com/repos/octocat/Hello-World/teams","hooks_url":"https://api.github.com/repos/octocat/Hello-World/hooks","issue_events_url":"https://api.github.com/repos/octocat/Hello-World/issues/events{/number}","events_url":"https://api.github.com/repos/octocat/Hello-World/events","assignees_url":"https://api.github.com/repos/octocat/Hello-World/assignees{/user}","branches_url":"https://api.github.com/repos/octocat/Hello-World/branches{/branch}","tags_url":"https://api.github.com/repos/octocat/Hello-World/tags","blobs_url":"https://api.github.com/repos/octocat/Hello-World/git/blobs{/sha}","git_tags_url":"https://api.github.com/repos/octocat/Hello-World/git/tags{/sha}","git_refs_url":"https://api.github.com/repos/octocat/Hello-World/git/refs{/sha}","trees_url":"https://api.github.com/repos/octocat/Hello-World/git/trees{/sha}","statuses_url":"https://api.github.com/repos/octocat/Hello-World/statuses/{sha}","languages_url":"https://api.github.com/repos/octocat/Hello-World/languages","stargazers_url":"https://api.github.com/repos/octocat/Hello-World/stargazers","contributors_url":"https://api.github.com/repos/octocat/Hello-World/contributors","subscribers_url":"https://api.github.com/repos/octocat/Hello-World/subscribers","subscription_url":"https://api.github.com/repos/octocat/Hello-World/subscription","commits_url":"https://api.github.com/repos/octocat/Hello-World/commits{/sha}","git_commits_url":"https://api.github.com/repos/octocat/Hello-World/git/commits{/sha}","comments_url":"https://api.github.com/repos/octocat/Hello-World/comments{/number}","issue_comment_url":"https://api.github.com/repos/octocat/Hello-World/issues/comments{/number}","contents_url":"https://api.github.com/repos/octocat/Hello-World/contents/{+path}","compare_url":"https://api.github.com/repos/octocat/Hello-World/compare/{base}...{head}","merges_url":"https://api.github.com/repos/octocat/Hello-World/merges","archive_url":"https://api.github.com/repos/octocat/Hello-World/{archive_format}{/ref}","downloads_url":"https://api.github.com/repos/octocat/Hello-World/downloads","issues_url":"https://api.github.com/repos/octocat/Hello-World/issues{/number}","pulls_url":"https://api.github.com/repos/octocat/Hello-World/pulls{/number}","milestones_url":"https://api.github.com/repos/octocat/Hello-World/milestones{/number}","notifications_url":"https://api.github.com/repos/octocat/Hello-World/notifications{?since,all,participating}","labels_url":"https://api.github.com/repos/octocat/Hello-World/labels{/name}","releases_url":"https://api.github.com/repos/octocat/Hello-World/releases{/id}","deployments_url":"https://api.github.com/repos/octocat/Hello-World/deployments","created_at":"2011-01-26T19:01:12Z","updated_at":"2025-05-20T13:33:01Z","pushed_at":"2024-08-20T23:54:42Z","git_url":"git://github.com/octocat/Hello-World.git","ssh_url":"git@github.com:octocat/Hello-World.git","clone_url":"https://github.com/octocat/Hello-World.git","svn_url":"https://github.com/octocat/Hello-World","homepage":"","size":1,"stargazers_count":2946,"watchers_count":2946,"language":null,"has_issues":true,"has_projects":true,"has_downloads":true,"has_wiki":true,"has_pages":false,"has_discussions":false,"forks_count":2984,"mirror_url":null,"archived":false,"disabled":false,"open_issues_count":1702,"license":null,"allow_forking":true,"is_template":false,"web_commit_signoff_required":false,"topics":[],"visibility":"public","forks":2984,"open_issues":1702,"watchers":2946,"default_branch":"master","temp_clone_token":null,"network_count":2984,"subscribers_count":1733}, $.name)
00:21:06.990 [main] DEBUG com.networknt.schema.TypeValidator - validate( "octocat/Hello-World", {"id":1296269,"node_id":"MDEwOlJlcG9zaXRvcnkxMjk2MjY5","name":"Hello-World","full_name":"octocat/Hello-World","private":false,"owner":{"login":"octocat","id":583231,"node_id":"MDQ6VXNlcjU4MzIzMQ==","avatar_url":"https://avatars.githubusercontent.com/u/583231?v=4","gravatar_id":"","url":"https://api.github.com/users/octocat","html_url":"https://github.com/octocat","followers_url":"https://api.github.com/users/octocat/followers","following_url":"https://api.github.com/users/octocat/following{/other_user}","gists_url":"https://api.github.com/users/octocat/gists{/gist_id}","starred_url":"https://api.github.com/users/octocat/starred{/owner}{/repo}","subscriptions_url":"https://api.github.com/users/octocat/subscriptions","organizations_url":"https://api.github.com/users/octocat/orgs","repos_url":"https://api.github.com/users/octocat/repos","events_url":"https://api.github.com/users/octocat/events{/privacy}","received_events_url":"https://api.github.com/users/octocat/received_events","type":"User","user_view_type":"public","site_admin":false},"html_url":"https://github.com/octocat/Hello-World","description":"My first repository on GitHub!","fork":false,"url":"https://api.github.com/repos/octocat/Hello-World","forks_url":"https://api.github.com/repos/octocat/Hello-World/forks","keys_url":"https://api.github.com/repos/octocat/Hello-World/keys{/key_id}","collaborators_url":"https://api.github.com/repos/octocat/Hello-World/collaborators{/collaborator}","teams_url":"https://api.github.com/repos/octocat/Hello-World/teams","hooks_url":"https://api.github.com/repos/octocat/Hello-World/hooks","issue_events_url":"https://api.github.com/repos/octocat/Hello-World/issues/events{/number}","events_url":"https://api.github.com/repos/octocat/Hello-World/events","assignees_url":"https://api.github.com/repos/octocat/Hello-World/assignees{/user}","branches_url":"https://api.github.com/repos/octocat/Hello-World/branches{/branch}","tags_url":"https://api.github.com/repos/octocat/Hello-World/tags","blobs_url":"https://api.github.com/repos/octocat/Hello-World/git/blobs{/sha}","git_tags_url":"https://api.github.com/repos/octocat/Hello-World/git/tags{/sha}","git_refs_url":"https://api.github.com/repos/octocat/Hello-World/git/refs{/sha}","trees_url":"https://api.github.com/repos/octocat/Hello-World/git/trees{/sha}","statuses_url":"https://api.github.com/repos/octocat/Hello-World/statuses/{sha}","languages_url":"https://api.github.com/repos/octocat/Hello-World/languages","stargazers_url":"https://api.github.com/repos/octocat/Hello-World/stargazers","contributors_url":"https://api.github.com/repos/octocat/Hello-World/contributors","subscribers_url":"https://api.github.com/repos/octocat/Hello-World/subscribers","subscription_url":"https://api.github.com/repos/octocat/Hello-World/subscription","commits_url":"https://api.github.com/repos/octocat/Hello-World/commits{/sha}","git_commits_url":"https://api.github.com/repos/octocat/Hello-World/git/commits{/sha}","comments_url":"https://api.github.com/repos/octocat/Hello-World/comments{/number}","issue_comment_url":"https://api.github.com/repos/octocat/Hello-World/issues/comments{/number}","contents_url":"https://api.github.com/repos/octocat/Hello-World/contents/{+path}","compare_url":"https://api.github.com/repos/octocat/Hello-World/compare/{base}...{head}","merges_url":"https://api.github.com/repos/octocat/Hello-World/merges","archive_url":"https://api.github.com/repos/octocat/Hello-World/{archive_format}{/ref}","downloads_url":"https://api.github.com/repos/octocat/Hello-World/downloads","issues_url":"https://api.github.com/repos/octocat/Hello-World/issues{/number}","pulls_url":"https://api.github.com/repos/octocat/Hello-World/pulls{/number}","milestones_url":"https://api.github.com/repos/octocat/Hello-World/milestones{/number}","notifications_url":"https://api.github.com/repos/octocat/Hello-World/notifications{?since,all,participating}","labels_url":"https://api.github.com/repos/octocat/Hello-World/labels{/name}","releases_url":"https://api.github.com/repos/octocat/Hello-World/releases{/id}","deployments_url":"https://api.github.com/repos/octocat/Hello-World/deployments","created_at":"2011-01-26T19:01:12Z","updated_at":"2025-05-20T13:33:01Z","pushed_at":"2024-08-20T23:54:42Z","git_url":"git://github.com/octocat/Hello-World.git","ssh_url":"git@github.com:octocat/Hello-World.git","clone_url":"https://github.com/octocat/Hello-World.git","svn_url":"https://github.com/octocat/Hello-World","homepage":"","size":1,"stargazers_count":2946,"watchers_count":2946,"language":null,"has_issues":true,"has_projects":true,"has_downloads":true,"has_wiki":true,"has_pages":false,"has_discussions":false,"forks_count":2984,"mirror_url":null,"archived":false,"disabled":false,"open_issues_count":1702,"license":null,"allow_forking":true,"is_template":false,"web_commit_signoff_required":false,"topics":[],"visibility":"public","forks":2984,"open_issues":1702,"watchers":2946,"default_branch":"master","temp_clone_token":null,"network_count":2984,"subscribers_count":1733}, $.full_name)
00:21:06.990 [main] DEBUG com.networknt.schema.TypeValidator - validate( false, {"id":1296269,"node_id":"MDEwOlJlcG9zaXRvcnkxMjk2MjY5","name":"Hello-World","full_name":"octocat/Hello-World","private":false,"owner":{"login":"octocat","id":583231,"node_id":"MDQ6VXNlcjU4MzIzMQ==","avatar_url":"https://avatars.githubusercontent.com/u/583231?v=4","gravatar_id":"","url":"https://api.github.com/users/octocat","html_url":"https://github.com/octocat","followers_url":"https://api.github.com/users/octocat/followers","following_url":"https://api.github.com/users/octocat/following{/other_user}","gists_url":"https://api.github.com/users/octocat/gists{/gist_id}","starred_url":"https://api.github.com/users/octocat/starred{/owner}{/repo}","subscriptions_url":"https://api.github.com/users/octocat/subscriptions","organizations_url":"https://api.github.com/users/octocat/orgs","repos_url":"https://api.github.com/users/octocat/repos","events_url":"https://api.github.com/users/octocat/events{/privacy}","received_events_url":"https://api.github.com/users/octocat/received_events","type":"User","user_view_type":"public","site_admin":false},"html_url":"https://github.com/octocat/Hello-World","description":"My first repository on GitHub!","fork":false,"url":"https://api.github.com/repos/octocat/Hello-World","forks_url":"https://api.github.com/repos/octocat/Hello-World/forks","keys_url":"https://api.github.com/repos/octocat/Hello-World/keys{/key_id}","collaborators_url":"https://api.github.com/repos/octocat/Hello-World/collaborators{/collaborator}","teams_url":"https://api.github.com/repos/octocat/Hello-World/teams","hooks_url":"https://api.github.com/repos/octocat/Hello-World/hooks","issue_events_url":"https://api.github.com/repos/octocat/Hello-World/issues/events{/number}","events_url":"https://api.github.com/repos/octocat/Hello-World/events","assignees_url":"https://api.github.com/repos/octocat/Hello-World/assignees{/user}","branches_url":"https://api.github.com/repos/octocat/Hello-World/branches{/branch}","tags_url":"https://api.github.com/repos/octocat/Hello-World/tags","blobs_url":"https://api.github.com/repos/octocat/Hello-World/git/blobs{/sha}","git_tags_url":"https://api.github.com/repos/octocat/Hello-World/git/tags{/sha}","git_refs_url":"https://api.github.com/repos/octocat/Hello-World/git/refs{/sha}","trees_url":"https://api.github.com/repos/octocat/Hello-World/git/trees{/sha}","statuses_url":"https://api.github.com/repos/octocat/Hello-World/statuses/{sha}","languages_url":"https://api.github.com/repos/octocat/Hello-World/languages","stargazers_url":"https://api.github.com/repos/octocat/Hello-World/stargazers","contributors_url":"https://api.github.com/repos/octocat/Hello-World/contributors","subscribers_url":"https://api.github.com/repos/octocat/Hello-World/subscribers","subscription_url":"https://api.github.com/repos/octocat/Hello-World/subscription","commits_url":"https://api.github.com/repos/octocat/Hello-World/commits{/sha}","git_commits_url":"https://api.github.com/repos/octocat/Hello-World/git/commits{/sha}","comments_url":"https://api.github.com/repos/octocat/Hello-World/comments{/number}","issue_comment_url":"https://api.github.com/repos/octocat/Hello-World/issues/comments{/number}","contents_url":"https://api.github.com/repos/octocat/Hello-World/contents/{+path}","compare_url":"https://api.github.com/repos/octocat/Hello-World/compare/{base}...{head}","merges_url":"https://api.github.com/repos/octocat/Hello-World/merges","archive_url":"https://api.github.com/repos/octocat/Hello-World/{archive_format}{/ref}","downloads_url":"https://api.github.com/repos/octocat/Hello-World/downloads","issues_url":"https://api.github.com/repos/octocat/Hello-World/issues{/number}","pulls_url":"https://api.github.com/repos/octocat/Hello-World/pulls{/number}","milestones_url":"https://api.github.com/repos/octocat/Hello-World/milestones{/number}","notifications_url":"https://api.github.com/repos/octocat/Hello-World/notifications{?since,all,participating}","labels_url":"https://api.github.com/repos/octocat/Hello-World/labels{/name}","releases_url":"https://api.github.com/repos/octocat/Hello-World/releases{/id}","deployments_url":"https://api.github.com/repos/octocat/Hello-World/deployments","created_at":"2011-01-26T19:01:12Z","updated_at":"2025-05-20T13:33:01Z","pushed_at":"2024-08-20T23:54:42Z","git_url":"git://github.com/octocat/Hello-World.git","ssh_url":"git@github.com:octocat/Hello-World.git","clone_url":"https://github.com/octocat/Hello-World.git","svn_url":"https://github.com/octocat/Hello-World","homepage":"","size":1,"stargazers_count":2946,"watchers_count":2946,"language":null,"has_issues":true,"has_projects":true,"has_downloads":true,"has_wiki":true,"has_pages":false,"has_discussions":false,"forks_count":2984,"mirror_url":null,"archived":false,"disabled":false,"open_issues_count":1702,"license":null,"allow_forking":true,"is_template":false,"web_commit_signoff_required":false,"topics":[],"visibility":"public","forks":2984,"open_issues":1702,"watchers":2946,"default_branch":"master","temp_clone_token":null,"network_count":2984,"subscribers_count":1733}, $.private)
00:21:06.990 [main] DEBUG com.networknt.schema.PropertiesValidator - validate( {"login":"octocat","id":583231,"node_id":"MDQ6VXNlcjU4MzIzMQ==","avatar_url":"https://avatars.githubusercontent.com/u/583231?v=4","gravatar_id":"","url":"https://api.github.com/users/octocat","html_url":"https://github.com/octocat","followers_url":"https://api.github.com/users/octocat/followers","following_url":"https://api.github.com/users/octocat/following{/other_user}","gists_url":"https://api.github.com/users/octocat/gists{/gist_id}","starred_url":"https://api.github.com/users/octocat/starred{/owner}{/repo}","subscriptions_url":"https://api.github.com/users/octocat/subscriptions","organizations_url":"https://api.github.com/users/octocat/orgs","repos_url":"https://api.github.com/users/octocat/repos","events_url":"https://api.github.com/users/octocat/events{/privacy}","received_events_url":"https://api.github.com/users/octocat/received_events","type":"User","user_view_type":"public","site_admin":false}, {"id":1296269,"node_id":"MDEwOlJlcG9zaXRvcnkxMjk2MjY5","name":"Hello-World","full_name":"octocat/Hello-World","private":false,"owner":{"login":"octocat","id":583231,"node_id":"MDQ6VXNlcjU4MzIzMQ==","avatar_url":"https://avatars.githubusercontent.com/u/583231?v=4","gravatar_id":"","url":"https://api.github.com/users/octocat","html_url":"https://github.com/octocat","followers_url":"https://api.github.com/users/octocat/followers","following_url":"https://api.github.com/users/octocat/following{/other_user}","gists_url":"https://api.github.com/users/octocat/gists{/gist_id}","starred_url":"https://api.github.com/users/octocat/starred{/owner}{/repo}","subscriptions_url":"https://api.github.com/users/octocat/subscriptions","organizations_url":"https://api.github.com/users/octocat/orgs","repos_url":"https://api.github.com/users/octocat/repos","events_url":"https://api.github.com/users/octocat/events{/privacy}","received_events_url":"https://api.github.com/users/octocat/received_events","type":"User","user_view_type":"public","site_admin":false},"html_url":"https://github.com/octocat/Hello-World","description":"My first repository on GitHub!","fork":false,"url":"https://api.github.com/repos/octocat/Hello-World","forks_url":"https://api.github.com/repos/octocat/Hello-World/forks","keys_url":"https://api.github.com/repos/octocat/Hello-World/keys{/key_id}","collaborators_url":"https://api.github.com/repos/octocat/Hello-World/collaborators{/collaborator}","teams_url":"https://api.github.com/repos/octocat/Hello-World/teams","hooks_url":"https://api.github.com/repos/octocat/Hello-World/hooks","issue_events_url":"https://api.github.com/repos/octocat/Hello-World/issues/events{/number}","events_url":"https://api.github.com/repos/octocat/Hello-World/events","assignees_url":"https://api.github.com/repos/octocat/Hello-World/assignees{/user}","branches_url":"https://api.github.com/repos/octocat/Hello-World/branches{/branch}","tags_url":"https://api.github.com/repos/octocat/Hello-World/tags","blobs_url":"https://api.github.com/repos/octocat/Hello-World/git/blobs{/sha}","git_tags_url":"https://api.github.com/repos/octocat/Hello-World/git/tags{/sha}","git_refs_url":"https://api.github.com/repos/octocat/Hello-World/git/refs{/sha}","trees_url":"https://api.github.com/repos/octocat/Hello-World/git/trees{/sha}","statuses_url":"https://api.github.com/repos/octocat/Hello-World/statuses/{sha}","languages_url":"https://api.github.com/repos/octocat/Hello-World/languages","stargazers_url":"https://api.github.com/repos/octocat/Hello-World/stargazers","contributors_url":"https://api.github.com/repos/octocat/Hello-World/contributors","subscribers_url":"https://api.github.com/repos/octocat/Hello-World/subscribers","subscription_url":"https://api.github.com/repos/octocat/Hello-World/subscription","commits_url":"https://api.github.com/repos/octocat/Hello-World/commits{/sha}","git_commits_url":"https://api.github.com/repos/octocat/Hello-World/git/commits{/sha}","comments_url":"https://api.github.com/repos/octocat/Hello-World/comments{/number}","issue_comment_url":"https://api.github.com/repos/octocat/Hello-World/issues/comments{/number}","contents_url":"https://api.github.com/repos/octocat/Hello-World/contents/{+path}","compare_url":"https://api.github.com/repos/octocat/Hello-World/compare/{base}...{head}","merges_url":"https://api.github.com/repos/octocat/Hello-World/merges","archive_url":"https://api.github.com/repos/octocat/Hello-World/{archive_format}{/ref}","downloads_url":"https://api.github.com/repos/octocat/Hello-World/downloads","issues_url":"https://api.github.com/repos/octocat/Hello-World/issues{/number}","pulls_url":"https://api.github.com/repos/octocat/Hello-World/pulls{/number}","milestones_url":"https://api.github.com/repos/octocat/Hello-World/milestones{/number}","notifications_url":"https://api.github.com/repos/octocat/Hello-World/notifications{?since,all,participating}","labels_url":"https://api.github.com/repos/octocat/Hello-World/labels{/name}","releases_url":"https://api.github.com/repos/octocat/Hello-World/releases{/id}","deployments_url":"https://api.github.com/repos/octocat/Hello-World/deployments","created_at":"2011-01-26T19:01:12Z","updated_at":"2025-05-20T13:33:01Z","pushed_at":"2024-08-20T23:54:42Z","git_url":"git://github.com/octocat/Hello-World.git","ssh_url":"git@github.com:octocat/Hello-World.git","clone_url":"https://github.com/octocat/Hello-World.git","svn_url":"https://github.com/octocat/Hello-World","homepage":"","size":1,"stargazers_count":2946,"watchers_count":2946,"language":null,"has_issues":true,"has_projects":true,"has_downloads":true,"has_wiki":true,"has_pages":false,"has_discussions":false,"forks_count":2984,"mirror_url":null,"archived":false,"disabled":false,"open_issues_count":1702,"license":null,"allow_forking":true,"is_template":false,"web_commit_signoff_required":false,"topics":[],"visibility":"public","forks":2984,"open_issues":1702,"watchers":2946,"default_branch":"master","temp_clone_token":null,"network_count":2984,"subscribers_count":1733}, $.owner)
00:21:06.991 [main] DEBUG com.networknt.schema.TypeValidator - validate( "octocat", {"id":1296269,"node_id":"MDEwOlJlcG9zaXRvcnkxMjk2MjY5","name":"Hello-World","full_name":"octocat/Hello-World","private":false,"owner":{"login":"octocat","id":583231,"node_id":"MDQ6VXNlcjU4MzIzMQ==","avatar_url":"https://avatars.githubusercontent.com/u/583231?v=4","gravatar_id":"","url":"https://api.github.com/users/octocat","html_url":"https://github.com/octocat","followers_url":"https://api.github.com/users/octocat/followers","following_url":"https://api.github.com/users/octocat/following{/other_user}","gists_url":"https://api.github.com/users/octocat/gists{/gist_id}","starred_url":"https://api.github.com/users/octocat/starred{/owner}{/repo}","subscriptions_url":"https://api.github.com/users/octocat/subscriptions","organizations_url":"https://api.github.com/users/octocat/orgs","repos_url":"https://api.github.com/users/octocat/repos","events_url":"https://api.github.com/users/octocat/events{/privacy}","received_events_url":"https://api.github.com/users/octocat/received_events","type":"User","user_view_type":"public","site_admin":false},"html_url":"https://github.com/octocat/Hello-World","description":"My first repository on GitHub!","fork":false,"url":"https://api.github.com/repos/octocat/Hello-World","forks_url":"https://api.github.com/repos/octocat/Hello-World/forks","keys_url":"https://api.github.com/repos/octocat/Hello-World/keys{/key_id}","collaborators_url":"https://api.github.com/repos/octocat/Hello-World/collaborators{/collaborator}","teams_url":"https://api.github.com/repos/octocat/Hello-World/teams","hooks_url":"https://api.github.com/repos/octocat/Hello-World/hooks","issue_events_url":"https://api.github.com/repos/octocat/Hello-World/issues/events{/number}","events_url":"https://api.github.com/repos/octocat/Hello-World/events","assignees_url":"https://api.github.com/repos/octocat/Hello-World/assignees{/user}","branches_url":"https://api.github.com/repos/octocat/Hello-World/branches{/branch}","tags_url":"https://api.github.com/repos/octocat/Hello-World/tags","blobs_url":"https://api.github.com/repos/octocat/Hello-World/git/blobs{/sha}","git_tags_url":"https://api.github.com/repos/octocat/Hello-World/git/tags{/sha}","git_refs_url":"https://api.github.com/repos/octocat/Hello-World/git/refs{/sha}","trees_url":"https://api.github.com/repos/octocat/Hello-World/git/trees{/sha}","statuses_url":"https://api.github.com/repos/octocat/Hello-World/statuses/{sha}","languages_url":"https://api.github.com/repos/octocat/Hello-World/languages","stargazers_url":"https://api.github.com/repos/octocat/Hello-World/stargazers","contributors_url":"https://api.github.com/repos/octocat/Hello-World/contributors","subscribers_url":"https://api.github.com/repos/octocat/Hello-World/subscribers","subscription_url":"https://api.github.com/repos/octocat/Hello-World/subscription","commits_url":"https://api.github.com/repos/octocat/Hello-World/commits{/sha}","git_commits_url":"https://api.github.com/repos/octocat/Hello-World/git/commits{/sha}","comments_url":"https://api.github.com/repos/octocat/Hello-World/comments{/number}","issue_comment_url":"https://api.github.com/repos/octocat/Hello-World/issues/comments{/number}","contents_url":"https://api.github.com/repos/octocat/Hello-World/contents/{+path}","compare_url":"https://api.github.com/repos/octocat/Hello-World/compare/{base}...{head}","merges_url":"https://api.github.com/repos/octocat/Hello-World/merges","archive_url":"https://api.github.com/repos/octocat/Hello-World/{archive_format}{/ref}","downloads_url":"https://api.github.com/repos/octocat/Hello-World/downloads","issues_url":"https://api.github.com/repos/octocat/Hello-World/issues{/number}","pulls_url":"https://api.github.com/repos/octocat/Hello-World/pulls{/number}","milestones_url":"https://api.github.com/repos/octocat/Hello-World/milestones{/number}","notifications_url":"https://api.github.com/repos/octocat/Hello-World/notifications{?since,all,participating}","labels_url":"https://api.github.com/repos/octocat/Hello-World/labels{/name}","releases_url":"https://api.github.com/repos/octocat/Hello-World/releases{/id}","deployments_url":"https://api.github.com/repos/octocat/Hello-World/deployments","created_at":"2011-01-26T19:01:12Z","updated_at":"2025-05-20T13:33:01Z","pushed_at":"2024-08-20T23:54:42Z","git_url":"git://github.com/octocat/Hello-World.git","ssh_url":"git@github.com:octocat/Hello-World.git","clone_url":"https://github.com/octocat/Hello-World.git","svn_url":"https://github.com/octocat/Hello-World","homepage":"","size":1,"stargazers_count":2946,"watchers_count":2946,"language":null,"has_issues":true,"has_projects":true,"has_downloads":true,"has_wiki":true,"has_pages":false,"has_discussions":false,"forks_count":2984,"mirror_url":null,"archived":false,"disabled":false,"open_issues_count":1702,"license":null,"allow_forking":true,"is_template":false,"web_commit_signoff_required":false,"topics":[],"visibility":"public","forks":2984,"open_issues":1702,"watchers":2946,"default_branch":"master","temp_clone_token":null,"network_count":2984,"subscribers_count":1733}, $.owner.login)
00:21:06.991 [main] DEBUG com.networknt.schema.TypeValidator - validate( 583231, {"id":1296269,"node_id":"MDEwOlJlcG9zaXRvcnkxMjk2MjY5","name":"Hello-World","full_name":"octocat/Hello-World","private":false,"owner":{"login":"octocat","id":583231,"node_id":"MDQ6VXNlcjU4MzIzMQ==","avatar_url":"https://avatars.githubusercontent.com/u/583231?v=4","gravatar_id":"","url":"https://api.github.com/users/octocat","html_url":"https://github.com/octocat","followers_url":"https://api.github.com/users/octocat/followers","following_url":"https://api.github.com/users/octocat/following{/other_user}","gists_url":"https://api.github.com/users/octocat/gists{/gist_id}","starred_url":"https://api.github.com/users/octocat/starred{/owner}{/repo}","subscriptions_url":"https://api.github.com/users/octocat/subscriptions","organizations_url":"https://api.github.com/users/octocat/orgs","repos_url":"https://api.github.com/users/octocat/repos","events_url":"https://api.github.com/users/octocat/events{/privacy}","received_events_url":"https://api.github.com/users/octocat/received_events","type":"User","user_view_type":"public","site_admin":false},"html_url":"https://github.com/octocat/Hello-World","description":"My first repository on GitHub!","fork":false,"url":"https://api.github.com/repos/octocat/Hello-World","forks_url":"https://api.github.com/repos/octocat/Hello-World/forks","keys_url":"https://api.github.com/repos/octocat/Hello-World/keys{/key_id}","collaborators_url":"https://api.github.com/repos/octocat/Hello-World/collaborators{/collaborator}","teams_url":"https://api.github.com/repos/octocat/Hello-World/teams","hooks_url":"https://api.github.com/repos/octocat/Hello-World/hooks","issue_events_url":"https://api.github.com/repos/octocat/Hello-World/issues/events{/number}","events_url":"https://api.github.com/repos/octocat/Hello-World/events","assignees_url":"https://api.github.com/repos/octocat/Hello-World/assignees{/user}","branches_url":"https://api.github.com/repos/octocat/Hello-World/branches{/branch}","tags_url":"https://api.github.com/repos/octocat/Hello-World/tags","blobs_url":"https://api.github.com/repos/octocat/Hello-World/git/blobs{/sha}","git_tags_url":"https://api.github.com/repos/octocat/Hello-World/git/tags{/sha}","git_refs_url":"https://api.github.com/repos/octocat/Hello-World/git/refs{/sha}","trees_url":"https://api.github.com/repos/octocat/Hello-World/git/trees{/sha}","statuses_url":"https://api.github.com/repos/octocat/Hello-World/statuses/{sha}","languages_url":"https://api.github.com/repos/octocat/Hello-World/languages","stargazers_url":"https://api.github.com/repos/octocat/Hello-World/stargazers","contributors_url":"https://api.github.com/repos/octocat/Hello-World/contributors","subscribers_url":"https://api.github.com/repos/octocat/Hello-World/subscribers","subscription_url":"https://api.github.com/repos/octocat/Hello-World/subscription","commits_url":"https://api.github.com/repos/octocat/Hello-World/commits{/sha}","git_commits_url":"https://api.github.com/repos/octocat/Hello-World/git/commits{/sha}","comments_url":"https://api.github.com/repos/octocat/Hello-World/comments{/number}","issue_comment_url":"https://api.github.com/repos/octocat/Hello-World/issues/comments{/number}","contents_url":"https://api.github.com/repos/octocat/Hello-World/contents/{+path}","compare_url":"https://api.github.com/repos/octocat/Hello-World/compare/{base}...{head}","merges_url":"https://api.github.com/repos/octocat/Hello-World/merges","archive_url":"https://api.github.com/repos/octocat/Hello-World/{archive_format}{/ref}","downloads_url":"https://api.github.com/repos/octocat/Hello-World/downloads","issues_url":"https://api.github.com/repos/octocat/Hello-World/issues{/number}","pulls_url":"https://api.github.com/repos/octocat/Hello-World/pulls{/number}","milestones_url":"https://api.github.com/repos/octocat/Hello-World/milestones{/number}","notifications_url":"https://api.github.com/repos/octocat/Hello-World/notifications{?since,all,participating}","labels_url":"https://api.github.com/repos/octocat/Hello-World/labels{/name}","releases_url":"https://api.github.com/repos/octocat/Hello-World/releases{/id}","deployments_url":"https://api.github.com/repos/octocat/Hello-World/deployments","created_at":"2011-01-26T19:01:12Z","updated_at":"2025-05-20T13:33:01Z","pushed_at":"2024-08-20T23:54:42Z","git_url":"git://github.com/octocat/Hello-World.git","ssh_url":"git@github.com:octocat/Hello-World.git","clone_url":"https://github.com/octocat/Hello-World.git","svn_url":"https://github.com/octocat/Hello-World","homepage":"","size":1,"stargazers_count":2946,"watchers_count":2946,"language":null,"has_issues":true,"has_projects":true,"has_downloads":true,"has_wiki":true,"has_pages":false,"has_discussions":false,"forks_count":2984,"mirror_url":null,"archived":false,"disabled":false,"open_issues_count":1702,"license":null,"allow_forking":true,"is_template":false,"web_commit_signoff_required":false,"topics":[],"visibility":"public","forks":2984,"open_issues":1702,"watchers":2946,"default_branch":"master","temp_clone_token":null,"network_count":2984,"subscribers_count":1733}, $.owner.id)
00:21:06.991 [main] DEBUG com.networknt.schema.RequiredValidator - validate( {"login":"octocat","id":583231,"node_id":"MDQ6VXNlcjU4MzIzMQ==","avatar_url":"https://avatars.githubusercontent.com/u/583231?v=4","gravatar_id":"","url":"https://api.github.com/users/octocat","html_url":"https://github.com/octocat","followers_url":"https://api.github.com/users/octocat/followers","following_url":"https://api.github.com/users/octocat/following{/other_user}","gists_url":"https://api.github.com/users/octocat/gists{/gist_id}","starred_url":"https://api.github.com/users/octocat/starred{/owner}{/repo}","subscriptions_url":"https://api.github.com/users/octocat/subscriptions","organizations_url":"https://api.github.com/users/octocat/orgs","repos_url":"https://api.github.com/users/octocat/repos","events_url":"https://api.github.com/users/octocat/events{/privacy}","received_events_url":"https://api.github.com/users/octocat/received_events","type":"User","user_view_type":"public","site_admin":false}, {"id":1296269,"node_id":"MDEwOlJlcG9zaXRvcnkxMjk2MjY5","name":"Hello-World","full_name":"octocat/Hello-World","private":false,"owner":{"login":"octocat","id":583231,"node_id":"MDQ6VXNlcjU4MzIzMQ==","avatar_url":"https://avatars.githubusercontent.com/u/583231?v=4","gravatar_id":"","url":"https://api.github.com/users/octocat","html_url":"https://github.com/octocat","followers_url":"https://api.github.com/users/octocat/followers","following_url":"https://api.github.com/users/octocat/following{/other_user}","gists_url":"https://api.github.com/users/octocat/gists{/gist_id}","starred_url":"https://api.github.com/users/octocat/starred{/owner}{/repo}","subscriptions_url":"https://api.github.com/users/octocat/subscriptions","organizations_url":"https://api.github.com/users/octocat/orgs","repos_url":"https://api.github.com/users/octocat/repos","events_url":"https://api.github.com/users/octocat/events{/privacy}","received_events_url":"https://api.github.com/users/octocat/received_events","type":"User","user_view_type":"public","site_admin":false},"html_url":"https://github.com/octocat/Hello-World","description":"My first repository on GitHub!","fork":false,"url":"https://api.github.com/repos/octocat/Hello-World","forks_url":"https://api.github.com/repos/octocat/Hello-World/forks","keys_url":"https://api.github.com/repos/octocat/Hello-World/keys{/key_id}","collaborators_url":"https://api.github.com/repos/octocat/Hello-World/collaborators{/collaborator}","teams_url":"https://api.github.com/repos/octocat/Hello-World/teams","hooks_url":"https://api.github.com/repos/octocat/Hello-World/hooks","issue_events_url":"https://api.github.com/repos/octocat/Hello-World/issues/events{/number}","events_url":"https://api.github.com/repos/octocat/Hello-World/events","assignees_url":"https://api.github.com/repos/octocat/Hello-World/assignees{/user}","branches_url":"https://api.github.com/repos/octocat/Hello-World/branches{/branch}","tags_url":"https://api.github.com/repos/octocat/Hello-World/tags","blobs_url":"https://api.github.com/repos/octocat/Hello-World/git/blobs{/sha}","git_tags_url":"https://api.github.com/repos/octocat/Hello-World/git/tags{/sha}","git_refs_url":"https://api.github.com/repos/octocat/Hello-World/git/refs{/sha}","trees_url":"https://api.github.com/repos/octocat/Hello-World/git/trees{/sha}","statuses_url":"https://api.github.com/repos/octocat/Hello-World/statuses/{sha}","languages_url":"https://api.github.com/repos/octocat/Hello-World/languages","stargazers_url":"https://api.github.com/repos/octocat/Hello-World/stargazers","contributors_url":"https://api.github.com/repos/octocat/Hello-World/contributors","subscribers_url":"https://api.github.com/repos/octocat/Hello-World/subscribers","subscription_url":"https://api.github.com/repos/octocat/Hello-World/subscription","commits_url":"https://api.github.com/repos/octocat/Hello-World/commits{/sha}","git_commits_url":"https://api.github.com/repos/octocat/Hello-World/git/commits{/sha}","comments_url":"https://api.github.com/repos/octocat/Hello-World/comments{/number}","issue_comment_url":"https://api.github.com/repos/octocat/Hello-World/issues/comments{/number}","contents_url":"https://api.github.com/repos/octocat/Hello-World/contents/{+path}","compare_url":"https://api.github.com/repos/octocat/Hello-World/compare/{base}...{head}","merges_url":"https://api.github.com/repos/octocat/Hello-World/merges","archive_url":"https://api.github.com/repos/octocat/Hello-World/{archive_format}{/ref}","downloads_url":"https://api.github.com/repos/octocat/Hello-World/downloads","issues_url":"https://api.github.com/repos/octocat/Hello-World/issues{/number}","pulls_url":"https://api.github.com/repos/octocat/Hello-World/pulls{/number}","milestones_url":"https://api.github.com/repos/octocat/Hello-World/milestones{/number}","notifications_url":"https://api.github.com/repos/octocat/Hello-World/notifications{?since,all,participating}","labels_url":"https://api.github.com/repos/octocat/Hello-World/labels{/name}","releases_url":"https://api.github.com/repos/octocat/Hello-World/releases{/id}","deployments_url":"https://api.github.com/repos/octocat/Hello-World/deployments","created_at":"2011-01-26T19:01:12Z","updated_at":"2025-05-20T13:33:01Z","pushed_at":"2024-08-20T23:54:42Z","git_url":"git://github.com/octocat/Hello-World.git","ssh_url":"git@github.com:octocat/Hello-World.git","clone_url":"https://github.com/octocat/Hello-World.git","svn_url":"https://github.com/octocat/Hello-World","homepage":"","size":1,"stargazers_count":2946,"watchers_count":2946,"language":null,"has_issues":true,"has_projects":true,"has_downloads":true,"has_wiki":true,"has_pages":false,"has_discussions":false,"forks_count":2984,"mirror_url":null,"archived":false,"disabled":false,"open_issues_count":1702,"license":null,"allow_forking":true,"is_template":false,"web_commit_signoff_required":false,"topics":[],"visibility":"public","forks":2984,"open_issues":1702,"watchers":2946,"default_branch":"master","temp_clone_token":null,"network_count":2984,"subscribers_count":1733}, $.owner)
00:21:06.991 [main] DEBUG com.networknt.schema.TypeValidator - validate( {"login":"octocat","id":583231,"node_id":"MDQ6VXNlcjU4MzIzMQ==","avatar_url":"https://avatars.githubusercontent.com/u/583231?v=4","gravatar_id":"","url":"https://api.github.com/users/octocat","html_url":"https://github.com/octocat","followers_url":"https://api.github.com/users/octocat/followers","following_url":"https://api.github.com/users/octocat/following{/other_user}","gists_url":"https://api.github.com/users/octocat/gists{/gist_id}","starred_url":"https://api.github.com/users/octocat/starred{/owner}{/repo}","subscriptions_url":"https://api.github.com/users/octocat/subscriptions","organizations_url":"https://api.github.com/users/octocat/orgs","repos_url":"https://api.github.com/users/octocat/repos","events_url":"https://api.github.com/users/octocat/events{/privacy}","received_events_url":"https://api.github.com/users/octocat/received_events","type":"User","user_view_type":"public","site_admin":false}, {"id":1296269,"node_id":"MDEwOlJlcG9zaXRvcnkxMjk2MjY5","name":"Hello-World","full_name":"octocat/Hello-World","private":false,"owner":{"login":"octocat","id":583231,"node_id":"MDQ6VXNlcjU4MzIzMQ==","avatar_url":"https://avatars.githubusercontent.com/u/583231?v=4","gravatar_id":"","url":"https://api.github.com/users/octocat","html_url":"https://github.com/octocat","followers_url":"https://api.github.com/users/octocat/followers","following_url":"https://api.github.com/users/octocat/following{/other_user}","gists_url":"https://api.github.com/users/octocat/gists{/gist_id}","starred_url":"https://api.github.com/users/octocat/starred{/owner}{/repo}","subscriptions_url":"https://api.github.com/users/octocat/subscriptions","organizations_url":"https://api.github.com/users/octocat/orgs","repos_url":"https://api.github.com/users/octocat/repos","events_url":"https://api.github.com/users/octocat/events{/privacy}","received_events_url":"https://api.github.com/users/octocat/received_events","type":"User","user_view_type":"public","site_admin":false},"html_url":"https://github.com/octocat/Hello-World","description":"My first repository on GitHub!","fork":false,"url":"https://api.github.com/repos/octocat/Hello-World","forks_url":"https://api.github.com/repos/octocat/Hello-World/forks","keys_url":"https://api.github.com/repos/octocat/Hello-World/keys{/key_id}","collaborators_url":"https://api.github.com/repos/octocat/Hello-World/collaborators{/collaborator}","teams_url":"https://api.github.com/repos/octocat/Hello-World/teams","hooks_url":"https://api.github.com/repos/octocat/Hello-World/hooks","issue_events_url":"https://api.github.com/repos/octocat/Hello-World/issues/events{/number}","events_url":"https://api.github.com/repos/octocat/Hello-World/events","assignees_url":"https://api.github.com/repos/octocat/Hello-World/assignees{/user}","branches_url":"https://api.github.com/repos/octocat/Hello-World/branches{/branch}","tags_url":"https://api.github.com/repos/octocat/Hello-World/tags","blobs_url":"https://api.github.com/repos/octocat/Hello-World/git/blobs{/sha}","git_tags_url":"https://api.github.com/repos/octocat/Hello-World/git/tags{/sha}","git_refs_url":"https://api.github.com/repos/octocat/Hello-World/git/refs{/sha}","trees_url":"https://api.github.com/repos/octocat/Hello-World/git/trees{/sha}","statuses_url":"https://api.github.com/repos/octocat/Hello-World/statuses/{sha}","languages_url":"https://api.github.com/repos/octocat/Hello-World/languages","stargazers_url":"https://api.github.com/repos/octocat/Hello-World/stargazers","contributors_url":"https://api.github.com/repos/octocat/Hello-World/contributors","subscribers_url":"https://api.github.com/repos/octocat/Hello-World/subscribers","subscription_url":"https://api.github.com/repos/octocat/Hello-World/subscription","commits_url":"https://api.github.com/repos/octocat/Hello-World/commits{/sha}","git_commits_url":"https://api.github.com/repos/octocat/Hello-World/git/commits{/sha}","comments_url":"https://api.github.com/repos/octocat/Hello-World/comments{/number}","issue_comment_url":"https://api.github.com/repos/octocat/Hello-World/issues/comments{/number}","contents_url":"https://api.github.com/repos/octocat/Hello-World/contents/{+path}","compare_url":"https://api.github.com/repos/octocat/Hello-World/compare/{base}...{head}","merges_url":"https://api.github.com/repos/octocat/Hello-World/merges","archive_url":"https://api.github.com/repos/octocat/Hello-World/{archive_format}{/ref}","downloads_url":"https://api.github.com/repos/octocat/Hello-World/downloads","issues_url":"https://api.github.com/repos/octocat/Hello-World/issues{/number}","pulls_url":"https://api.github.com/repos/octocat/Hello-World/pulls{/number}","milestones_url":"https://api.github.com/repos/octocat/Hello-World/milestones{/number}","notifications_url":"https://api.github.com/repos/octocat/Hello-World/notifications{?since,all,participating}","labels_url":"https://api.github.com/repos/octocat/Hello-World/labels{/name}","releases_url":"https://api.github.com/repos/octocat/Hello-World/releases{/id}","deployments_url":"https://api.github.com/repos/octocat/Hello-World/deployments","created_at":"2011-01-26T19:01:12Z","updated_at":"2025-05-20T13:33:01Z","pushed_at":"2024-08-20T23:54:42Z","git_url":"git://github.com/octocat/Hello-World.git","ssh_url":"git@github.com:octocat/Hello-World.git","clone_url":"https://github.com/octocat/Hello-World.git","svn_url":"https://github.com/octocat/Hello-World","homepage":"","size":1,"stargazers_count":2946,"watchers_count":2946,"language":null,"has_issues":true,"has_projects":true,"has_downloads":true,"has_wiki":true,"has_pages":false,"has_discussions":false,"forks_count":2984,"mirror_url":null,"archived":false,"disabled":false,"open_issues_count":1702,"license":null,"allow_forking":true,"is_template":false,"web_commit_signoff_required":false,"topics":[],"visibility":"public","forks":2984,"open_issues":1702,"watchers":2946,"default_branch":"master","temp_clone_token":null,"network_count":2984,"subscribers_count":1733}, $.owner)
00:21:06.992 [main] DEBUG com.networknt.schema.RequiredValidator - validate( {"id":1296269,"node_id":"MDEwOlJlcG9zaXRvcnkxMjk2MjY5","name":"Hello-World","full_name":"octocat/Hello-World","private":false,"owner":{"login":"octocat","id":583231,"node_id":"MDQ6VXNlcjU4MzIzMQ==","avatar_url":"https://avatars.githubusercontent.com/u/583231?v=4","gravatar_id":"","url":"https://api.github.com/users/octocat","html_url":"https://github.com/octocat","followers_url":"https://api.github.com/users/octocat/followers","following_url":"https://api.github.com/users/octocat/following{/other_user}","gists_url":"https://api.github.com/users/octocat/gists{/gist_id}","starred_url":"https://api.github.com/users/octocat/starred{/owner}{/repo}","subscriptions_url":"https://api.github.com/users/octocat/subscriptions","organizations_url":"https://api.github.com/users/octocat/orgs","repos_url":"https://api.github.com/users/octocat/repos","events_url":"https://api.github.com/users/octocat/events{/privacy}","received_events_url":"https://api.github.com/users/octocat/received_events","type":"User","user_view_type":"public","site_admin":false},"html_url":"https://github.com/octocat/Hello-World","description":"My first repository on GitHub!","fork":false,"url":"https://api.github.com/repos/octocat/Hello-World","forks_url":"https://api.github.com/repos/octocat/Hello-World/forks","keys_url":"https://api.github.com/repos/octocat/Hello-World/keys{/key_id}","collaborators_url":"https://api.github.com/repos/octocat/Hello-World/collaborators{/collaborator}","teams_url":"https://api.github.com/repos/octocat/Hello-World/teams","hooks_url":"https://api.github.com/repos/octocat/Hello-World/hooks","issue_events_url":"https://api.github.com/repos/octocat/Hello-World/issues/events{/number}","events_url":"https://api.github.com/repos/octocat/Hello-World/events","assignees_url":"https://api.github.com/repos/octocat/Hello-World/assignees{/user}","branches_url":"https://api.github.com/repos/octocat/Hello-World/branches{/branch}","tags_url":"https://api.github.com/repos/octocat/Hello-World/tags","blobs_url":"https://api.github.com/repos/octocat/Hello-World/git/blobs{/sha}","git_tags_url":"https://api.github.com/repos/octocat/Hello-World/git/tags{/sha}","git_refs_url":"https://api.github.com/repos/octocat/Hello-World/git/refs{/sha}","trees_url":"https://api.github.com/repos/octocat/Hello-World/git/trees{/sha}","statuses_url":"https://api.github.com/repos/octocat/Hello-World/statuses/{sha}","languages_url":"https://api.github.com/repos/octocat/Hello-World/languages","stargazers_url":"https://api.github.com/repos/octocat/Hello-World/stargazers","contributors_url":"https://api.github.com/repos/octocat/Hello-World/contributors","subscribers_url":"https://api.github.com/repos/octocat/Hello-World/subscribers","subscription_url":"https://api.github.com/repos/octocat/Hello-World/subscription","commits_url":"https://api.github.com/repos/octocat/Hello-World/commits{/sha}","git_commits_url":"https://api.github.com/repos/octocat/Hello-World/git/commits{/sha}","comments_url":"https://api.github.com/repos/octocat/Hello-World/comments{/number}","issue_comment_url":"https://api.github.com/repos/octocat/Hello-World/issues/comments{/number}","contents_url":"https://api.github.com/repos/octocat/Hello-World/contents/{+path}","compare_url":"https://api.github.com/repos/octocat/Hello-World/compare/{base}...{head}","merges_url":"https://api.github.com/repos/octocat/Hello-World/merges","archive_url":"https://api.github.com/repos/octocat/Hello-World/{archive_format}{/ref}","downloads_url":"https://api.github.com/repos/octocat/Hello-World/downloads","issues_url":"https://api.github.com/repos/octocat/Hello-World/issues{/number}","pulls_url":"https://api.github.com/repos/octocat/Hello-World/pulls{/number}","milestones_url":"https://api.github.com/repos/octocat/Hello-World/milestones{/number}","notifications_url":"https://api.github.com/repos/octocat/Hello-World/notifications{?since,all,participating}","labels_url":"https://api.github.com/repos/octocat/Hello-World/labels{/name}","releases_url":"https://api.github.com/repos/octocat/Hello-World/releases{/id}","deployments_url":"https://api.github.com/repos/octocat/Hello-World/deployments","created_at":"2011-01-26T19:01:12Z","updated_at":"2025-05-20T13:33:01Z","pushed_at":"2024-08-20T23:54:42Z","git_url":"git://github.com/octocat/Hello-World.git","ssh_url":"git@github.com:octocat/Hello-World.git","clone_url":"https://github.com/octocat/Hello-World.git","svn_url":"https://github.com/octocat/Hello-World","homepage":"","size":1,"stargazers_count":2946,"watchers_count":2946,"language":null,"has_issues":true,"has_projects":true,"has_downloads":true,"has_wiki":true,"has_pages":false,"has_discussions":false,"forks_count":2984,"mirror_url":null,"archived":false,"disabled":false,"open_issues_count":1702,"license":null,"allow_forking":true,"is_template":false,"web_commit_signoff_required":false,"topics":[],"visibility":"public","forks":2984,"open_issues":1702,"watchers":2946,"default_branch":"master","temp_clone_token":null,"network_count":2984,"subscribers_count":1733}, {"id":1296269,"node_id":"MDEwOlJlcG9zaXRvcnkxMjk2MjY5","name":"Hello-World","full_name":"octocat/Hello-World","private":false,"owner":{"login":"octocat","id":583231,"node_id":"MDQ6VXNlcjU4MzIzMQ==","avatar_url":"https://avatars.githubusercontent.com/u/583231?v=4","gravatar_id":"","url":"https://api.github.com/users/octocat","html_url":"https://github.com/octocat","followers_url":"https://api.github.com/users/octocat/followers","following_url":"https://api.github.com/users/octocat/following{/other_user}","gists_url":"https://api.github.com/users/octocat/gists{/gist_id}","starred_url":"https://api.github.com/users/octocat/starred{/owner}{/repo}","subscriptions_url":"https://api.github.com/users/octocat/subscriptions","organizations_url":"https://api.github.com/users/octocat/orgs","repos_url":"https://api.github.com/users/octocat/repos","events_url":"https://api.github.com/users/octocat/events{/privacy}","received_events_url":"https://api.github.com/users/octocat/received_events","type":"User","user_view_type":"public","site_admin":false},"html_url":"https://github.com/octocat/Hello-World","description":"My first repository on GitHub!","fork":false,"url":"https://api.github.com/repos/octocat/Hello-World","forks_url":"https://api.github.com/repos/octocat/Hello-World/forks","keys_url":"https://api.github.com/repos/octocat/Hello-World/keys{/key_id}","collaborators_url":"https://api.github.com/repos/octocat/Hello-World/collaborators{/collaborator}","teams_url":"https://api.github.com/repos/octocat/Hello-World/teams","hooks_url":"https://api.github.com/repos/octocat/Hello-World/hooks","issue_events_url":"https://api.github.com/repos/octocat/Hello-World/issues/events{/number}","events_url":"https://api.github.com/repos/octocat/Hello-World/events","assignees_url":"https://api.github.com/repos/octocat/Hello-World/assignees{/user}","branches_url":"https://api.github.com/repos/octocat/Hello-World/branches{/branch}","tags_url":"https://api.github.com/repos/octocat/Hello-World/tags","blobs_url":"https://api.github.com/repos/octocat/Hello-World/git/blobs{/sha}","git_tags_url":"https://api.github.com/repos/octocat/Hello-World/git/tags{/sha}","git_refs_url":"https://api.github.com/repos/octocat/Hello-World/git/refs{/sha}","trees_url":"https://api.github.com/repos/octocat/Hello-World/git/trees{/sha}","statuses_url":"https://api.github.com/repos/octocat/Hello-World/statuses/{sha}","languages_url":"https://api.github.com/repos/octocat/Hello-World/languages","stargazers_url":"https://api.github.com/repos/octocat/Hello-World/stargazers","contributors_url":"https://api.github.com/repos/octocat/Hello-World/contributors","subscribers_url":"https://api.github.com/repos/octocat/Hello-World/subscribers","subscription_url":"https://api.github.com/repos/octocat/Hello-World/subscription","commits_url":"https://api.github.com/repos/octocat/Hello-World/commits{/sha}","git_commits_url":"https://api.github.com/repos/octocat/Hello-World/git/commits{/sha}","comments_url":"https://api.github.com/repos/octocat/Hello-World/comments{/number}","issue_comment_url":"https://api.github.com/repos/octocat/Hello-World/issues/comments{/number}","contents_url":"https://api.github.com/repos/octocat/Hello-World/contents/{+path}","compare_url":"https://api.github.com/repos/octocat/Hello-World/compare/{base}...{head}","merges_url":"https://api.github.com/repos/octocat/Hello-World/merges","archive_url":"https://api.github.com/repos/octocat/Hello-World/{archive_format}{/ref}","downloads_url":"https://api.github.com/repos/octocat/Hello-World/downloads","issues_url":"https://api.github.com/repos/octocat/Hello-World/issues{/number}","pulls_url":"https://api.github.com/repos/octocat/Hello-World/pulls{/number}","milestones_url":"https://api.github.com/repos/octocat/Hello-World/milestones{/number}","notifications_url":"https://api.github.com/repos/octocat/Hello-World/notifications{?since,all,participating}","labels_url":"https://api.github.com/repos/octocat/Hello-World/labels{/name}","releases_url":"https://api.github.com/repos/octocat/Hello-World/releases{/id}","deployments_url":"https://api.github.com/repos/octocat/Hello-World/deployments","created_at":"2011-01-26T19:01:12Z","updated_at":"2025-05-20T13:33:01Z","pushed_at":"2024-08-20T23:54:42Z","git_url":"git://github.com/octocat/Hello-World.git","ssh_url":"git@github.com:octocat/Hello-World.git","clone_url":"https://github.com/octocat/Hello-World.git","svn_url":"https://github.com/octocat/Hello-World","homepage":"","size":1,"stargazers_count":2946,"watchers_count":2946,"language":null,"has_issues":true,"has_projects":true,"has_downloads":true,"has_wiki":true,"has_pages":false,"has_discussions":false,"forks_count":2984,"mirror_url":null,"archived":false,"disabled":false,"open_issues_count":1702,"license":null,"allow_forking":true,"is_template":false,"web_commit_signoff_required":false,"topics":[],"visibility":"public","forks":2984,"open_issues":1702,"watchers":2946,"default_branch":"master","temp_clone_token":null,"network_count":2984,"subscribers_count":1733}, $)
00:21:06.992 [main] DEBUG com.networknt.schema.TypeValidator - validate( {"id":1296269,"node_id":"MDEwOlJlcG9zaXRvcnkxMjk2MjY5","name":"Hello-World","full_name":"octocat/Hello-World","private":false,"owner":{"login":"octocat","id":583231,"node_id":"MDQ6VXNlcjU4MzIzMQ==","avatar_url":"https://avatars.githubusercontent.com/u/583231?v=4","gravatar_id":"","url":"https://api.github.com/users/octocat","html_url":"https://github.com/octocat","followers_url":"https://api.github.com/users/octocat/followers","following_url":"https://api.github.com/users/octocat/following{/other_user}","gists_url":"https://api.github.com/users/octocat/gists{/gist_id}","starred_url":"https://api.github.com/users/octocat/starred{/owner}{/repo}","subscriptions_url":"https://api.github.com/users/octocat/subscriptions","organizations_url":"https://api.github.com/users/octocat/orgs","repos_url":"https://api.github.com/users/octocat/repos","events_url":"https://api.github.com/users/octocat/events{/privacy}","received_events_url":"https://api.github.com/users/octocat/received_events","type":"User","user_view_type":"public","site_admin":false},"html_url":"https://github.com/octocat/Hello-World","description":"My first repository on GitHub!","fork":false,"url":"https://api.github.com/repos/octocat/Hello-World","forks_url":"https://api.github.com/repos/octocat/Hello-World/forks","keys_url":"https://api.github.com/repos/octocat/Hello-World/keys{/key_id}","collaborators_url":"https://api.github.com/repos/octocat/Hello-World/collaborators{/collaborator}","teams_url":"https://api.github.com/repos/octocat/Hello-World/teams","hooks_url":"https://api.github.com/repos/octocat/Hello-World/hooks","issue_events_url":"https://api.github.com/repos/octocat/Hello-World/issues/events{/number}","events_url":"https://api.github.com/repos/octocat/Hello-World/events","assignees_url":"https://api.github.com/repos/octocat/Hello-World/assignees{/user}","branches_url":"https://api.github.com/repos/octocat/Hello-World/branches{/branch}","tags_url":"https://api.github.com/repos/octocat/Hello-World/tags","blobs_url":"https://api.github.com/repos/octocat/Hello-World/git/blobs{/sha}","git_tags_url":"https://api.github.com/repos/octocat/Hello-World/git/tags{/sha}","git_refs_url":"https://api.github.com/repos/octocat/Hello-World/git/refs{/sha}","trees_url":"https://api.github.com/repos/octocat/Hello-World/git/trees{/sha}","statuses_url":"https://api.github.com/repos/octocat/Hello-World/statuses/{sha}","languages_url":"https://api.github.com/repos/octocat/Hello-World/languages","stargazers_url":"https://api.github.com/repos/octocat/Hello-World/stargazers","contributors_url":"https://api.github.com/repos/octocat/Hello-World/contributors","subscribers_url":"https://api.github.com/repos/octocat/Hello-World/subscribers","subscription_url":"https://api.github.com/repos/octocat/Hello-World/subscription","commits_url":"https://api.github.com/repos/octocat/Hello-World/commits{/sha}","git_commits_url":"https://api.github.com/repos/octocat/Hello-World/git/commits{/sha}","comments_url":"https://api.github.com/repos/octocat/Hello-World/comments{/number}","issue_comment_url":"https://api.github.com/repos/octocat/Hello-World/issues/comments{/number}","contents_url":"https://api.github.com/repos/octocat/Hello-World/contents/{+path}","compare_url":"https://api.github.com/repos/octocat/Hello-World/compare/{base}...{head}","merges_url":"https://api.github.com/repos/octocat/Hello-World/merges","archive_url":"https://api.github.com/repos/octocat/Hello-World/{archive_format}{/ref}","downloads_url":"https://api.github.com/repos/octocat/Hello-World/downloads","issues_url":"https://api.github.com/repos/octocat/Hello-World/issues{/number}","pulls_url":"https://api.github.com/repos/octocat/Hello-World/pulls{/number}","milestones_url":"https://api.github.com/repos/octocat/Hello-World/milestones{/number}","notifications_url":"https://api.github.com/repos/octocat/Hello-World/notifications{?since,all,participating}","labels_url":"https://api.github.com/repos/octocat/Hello-World/labels{/name}","releases_url":"https://api.github.com/repos/octocat/Hello-World/releases{/id}","deployments_url":"https://api.github.com/repos/octocat/Hello-World/deployments","created_at":"2011-01-26T19:01:12Z","updated_at":"2025-05-20T13:33:01Z","pushed_at":"2024-08-20T23:54:42Z","git_url":"git://github.com/octocat/Hello-World.git","ssh_url":"git@github.com:octocat/Hello-World.git","clone_url":"https://github.com/octocat/Hello-World.git","svn_url":"https://github.com/octocat/Hello-World","homepage":"","size":1,"stargazers_count":2946,"watchers_count":2946,"language":null,"has_issues":true,"has_projects":true,"has_downloads":true,"has_wiki":true,"has_pages":false,"has_discussions":false,"forks_count":2984,"mirror_url":null,"archived":false,"disabled":false,"open_issues_count":1702,"license":null,"allow_forking":true,"is_template":false,"web_commit_signoff_required":false,"topics":[],"visibility":"public","forks":2984,"open_issues":1702,"watchers":2946,"default_branch":"master","temp_clone_token":null,"network_count":2984,"subscribers_count":1733}, {"id":1296269,"node_id":"MDEwOlJlcG9zaXRvcnkxMjk2MjY5","name":"Hello-World","full_name":"octocat/Hello-World","private":false,"owner":{"login":"octocat","id":583231,"node_id":"MDQ6VXNlcjU4MzIzMQ==","avatar_url":"https://avatars.githubusercontent.com/u/583231?v=4","gravatar_id":"","url":"https://api.github.com/users/octocat","html_url":"https://github.com/octocat","followers_url":"https://api.github.com/users/octocat/followers","following_url":"https://api.github.com/users/octocat/following{/other_user}","gists_url":"https://api.github.com/users/octocat/gists{/gist_id}","starred_url":"https://api.github.com/users/octocat/starred{/owner}{/repo}","subscriptions_url":"https://api.github.com/users/octocat/subscriptions","organizations_url":"https://api.github.com/users/octocat/orgs","repos_url":"https://api.github.com/users/octocat/repos","events_url":"https://api.github.com/users/octocat/events{/privacy}","received_events_url":"https://api.github.com/users/octocat/received_events","type":"User","user_view_type":"public","site_admin":false},"html_url":"https://github.com/octocat/Hello-World","description":"My first repository on GitHub!","fork":false,"url":"https://api.github.com/repos/octocat/Hello-World","forks_url":"https://api.github.com/repos/octocat/Hello-World/forks","keys_url":"https://api.github.com/repos/octocat/Hello-World/keys{/key_id}","collaborators_url":"https://api.github.com/repos/octocat/Hello-World/collaborators{/collaborator}","teams_url":"https://api.github.com/repos/octocat/Hello-World/teams","hooks_url":"https://api.github.com/repos/octocat/Hello-World/hooks","issue_events_url":"https://api.github.com/repos/octocat/Hello-World/issues/events{/number}","events_url":"https://api.github.com/repos/octocat/Hello-World/events","assignees_url":"https://api.github.com/repos/octocat/Hello-World/assignees{/user}","branches_url":"https://api.github.com/repos/octocat/Hello-World/branches{/branch}","tags_url":"https://api.github.com/repos/octocat/Hello-World/tags","blobs_url":"https://api.github.com/repos/octocat/Hello-World/git/blobs{/sha}","git_tags_url":"https://api.github.com/repos/octocat/Hello-World/git/tags{/sha}","git_refs_url":"https://api.github.com/repos/octocat/Hello-World/git/refs{/sha}","trees_url":"https://api.github.com/repos/octocat/Hello-World/git/trees{/sha}","statuses_url":"https://api.github.com/repos/octocat/Hello-World/statuses/{sha}","languages_url":"https://api.github.com/repos/octocat/Hello-World/languages","stargazers_url":"https://api.github.com/repos/octocat/Hello-World/stargazers","contributors_url":"https://api.github.com/repos/octocat/Hello-World/contributors","subscribers_url":"https://api.github.com/repos/octocat/Hello-World/subscribers","subscription_url":"https://api.github.com/repos/octocat/Hello-World/subscription","commits_url":"https://api.github.com/repos/octocat/Hello-World/commits{/sha}","git_commits_url":"https://api.github.com/repos/octocat/Hello-World/git/commits{/sha}","comments_url":"https://api.github.com/repos/octocat/Hello-World/comments{/number}","issue_comment_url":"https://api.github.com/repos/octocat/Hello-World/issues/comments{/number}","contents_url":"https://api.github.com/repos/octocat/Hello-World/contents/{+path}","compare_url":"https://api.github.com/repos/octocat/Hello-World/compare/{base}...{head}","merges_url":"https://api.github.com/repos/octocat/Hello-World/merges","archive_url":"https://api.github.com/repos/octocat/Hello-World/{archive_format}{/ref}","downloads_url":"https://api.github.com/repos/octocat/Hello-World/downloads","issues_url":"https://api.github.com/repos/octocat/Hello-World/issues{/number}","pulls_url":"https://api.github.com/repos/octocat/Hello-World/pulls{/number}","milestones_url":"https://api.github.com/repos/octocat/Hello-World/milestones{/number}","notifications_url":"https://api.github.com/repos/octocat/Hello-World/notifications{?since,all,participating}","labels_url":"https://api.github.com/repos/octocat/Hello-World/labels{/name}","releases_url":"https://api.github.com/repos/octocat/Hello-World/releases{/id}","deployments_url":"https://api.github.com/repos/octocat/Hello-World/deployments","created_at":"2011-01-26T19:01:12Z","updated_at":"2025-05-20T13:33:01Z","pushed_at":"2024-08-20T23:54:42Z","git_url":"git://github.com/octocat/Hello-World.git","ssh_url":"git@github.com:octocat/Hello-World.git","clone_url":"https://github.com/octocat/Hello-World.git","svn_url":"https://github.com/octocat/Hello-World","homepage":"","size":1,"stargazers_count":2946,"watchers_count":2946,"language":null,"has_issues":true,"has_projects":true,"has_downloads":true,"has_wiki":true,"has_pages":false,"has_discussions":false,"forks_count":2984,"mirror_url":null,"archived":false,"disabled":false,"open_issues_count":1702,"license":null,"allow_forking":true,"is_template":false,"web_commit_signoff_required":false,"topics":[],"visibility":"public","forks":2984,"open_issues":1702,"watchers":2946,"default_branch":"master","temp_clone_token":null,"network_count":2984,"subscribers_count":1733}, $)
00:21:06.993 [main] INFO com.healthmonitor.api.HealthChecker - 
Checking https://api.github.com/repos/octocat/Hello-World:
00:21:06.993 [main] INFO com.healthmonitor.api.HealthChecker - Status: 200
00:21:06.993 [main] INFO com.healthmonitor.api.HealthChecker - Response Time: 281ms
00:21:06.993 [main] INFO com.healthmonitor.api.HealthChecker - Schema Valid: true
00:21:06.993 [main] INFO com.healthmonitor.api.HealthChecker - 
Checking https://api.github.com/repos/octocat/Hello-World:
00:21:06.993 [main] INFO com.healthmonitor.api.HealthChecker - Status: 200
00:21:06.993 [main] INFO com.healthmonitor.api.HealthChecker - Response Time: 281ms
00:21:06.993 [main] INFO com.healthmonitor.api.HealthChecker - Schema Valid: true
00:21:07.021 [main] DEBUG org.apache.http.impl.conn.BasicClientConnectionManager - Get connection for route {s}->https://api.open-meteo.com:443
00:21:07.021 [main] DEBUG org.apache.http.impl.conn.DefaultClientConnectionOperator - Connecting to api.open-meteo.com:443
00:21:07.658 [main] DEBUG org.apache.http.client.protocol.RequestAddCookies - CookieSpec selected: ignoreCookies
00:21:07.658 [main] DEBUG org.apache.http.client.protocol.RequestAuthCache - Auth cache not set in the context
00:21:07.658 [main] DEBUG org.apache.http.client.protocol.RequestTargetAuthentication - Target auth state: UNCHALLENGED
00:21:07.658 [main] DEBUG org.apache.http.client.protocol.RequestProxyAuthentication - Proxy auth state: UNCHALLENGED
00:21:07.658 [main] DEBUG org.apache.http.impl.client.DefaultHttpClient - Attempt 1 to execute request
00:21:07.658 [main] DEBUG org.apache.http.impl.conn.DefaultClientConnection - Sending request: GET /v1/forecast?latitude=35&longitude=139&current_weather=true HTTP/1.1
00:21:07.659 [main] DEBUG org.apache.http.wire -  >> "GET /v1/forecast?latitude=35&longitude=139&current_weather=true HTTP/1.1[\r][\n]"
00:21:07.659 [main] DEBUG org.apache.http.wire -  >> "Accept: */*[\r][\n]"
00:21:07.659 [main] DEBUG org.apache.http.wire -  >> "Host: api.open-meteo.com[\r][\n]"
00:21:07.664 [main] DEBUG org.apache.http.wire -  >> "Connection: Keep-Alive[\r][\n]"
00:21:07.665 [main] DEBUG org.apache.http.wire -  >> "User-Agent: Apache-HttpClient/4.5.14 (Java/16.0.1)[\r][\n]"
00:21:07.665 [main] DEBUG org.apache.http.wire -  >> "Accept-Encoding: gzip,deflate[\r][\n]"
00:21:07.665 [main] DEBUG org.apache.http.wire -  >> "[\r][\n]"
00:21:07.665 [main] DEBUG org.apache.http.headers - >> GET /v1/forecast?latitude=35&longitude=139&current_weather=true HTTP/1.1
00:21:07.665 [main] DEBUG org.apache.http.headers - >> Accept: */*
00:21:07.665 [main] DEBUG org.apache.http.headers - >> Host: api.open-meteo.com
00:21:07.665 [main] DEBUG org.apache.http.headers - >> Connection: Keep-Alive
00:21:07.665 [main] DEBUG org.apache.http.headers - >> User-Agent: Apache-HttpClient/4.5.14 (Java/16.0.1)
00:21:07.665 [main] DEBUG org.apache.http.headers - >> Accept-Encoding: gzip,deflate
00:21:07.875 [main] DEBUG org.apache.http.wire -  << "HTTP/1.1 200 OK[\r][\n]"
00:21:07.876 [main] DEBUG org.apache.http.wire -  << "Date: Tue, 20 May 2025 18:51:07 GMT[\r][\n]"
00:21:07.876 [main] DEBUG org.apache.http.wire -  << "Content-Type: application/json; charset=utf-8[\r][\n]"
00:21:07.876 [main] DEBUG org.apache.http.wire -  << "Transfer-Encoding: chunked[\r][\n]"
00:21:07.876 [main] DEBUG org.apache.http.wire -  << "Connection: keep-alive[\r][\n]"
00:21:07.876 [main] DEBUG org.apache.http.wire -  << "Content-Encoding: deflate[\r][\n]"
00:21:07.876 [main] DEBUG org.apache.http.wire -  << "[\r][\n]"
00:21:07.876 [main] DEBUG org.apache.http.impl.conn.DefaultClientConnection - Receiving response: HTTP/1.1 200 OK
00:21:07.876 [main] DEBUG org.apache.http.headers - << HTTP/1.1 200 OK
00:21:07.876 [main] DEBUG org.apache.http.headers - << Date: Tue, 20 May 2025 18:51:07 GMT
00:21:07.876 [main] DEBUG org.apache.http.headers - << Content-Type: application/json; charset=utf-8
00:21:07.876 [main] DEBUG org.apache.http.headers - << Transfer-Encoding: chunked
00:21:07.876 [main] DEBUG org.apache.http.headers - << Connection: keep-alive
00:21:07.876 [main] DEBUG org.apache.http.headers - << Content-Encoding: deflate
00:21:07.877 [main] DEBUG org.apache.http.impl.client.DefaultHttpClient - Connection can be kept alive indefinitely
00:21:07.880 [main] DEBUG io.restassured.internal.RequestSpecificationImpl$RestAssuredHttpBuilder - Parsing response as: application/json; charset=utf-8
00:21:07.880 [main] DEBUG io.restassured.internal.RequestSpecificationImpl$RestAssuredHttpBuilder - Parsed data to instance of: class org.apache.http.conn.EofSensorInputStream
00:21:07.882 [main] DEBUG org.apache.http.wire -  << "10b[\r][\n]"
00:21:07.883 [main] DEBUG org.apache.http.wire -  << "x[0x9c]d[0x90][0xcd]r[0x82]0[0x14]F_[0xa5][0x93]5[0xd2][0x9b]@[0xf8][0xdb]v[0xd1][0x95];[0xf7][0x19][0x84][0xab]f[0x84][0xc4][0x9][0x1][0xc6]:[0xbc][0x93][0xcf][0xe0][0x93]5[0xa1][0xb4]V[0xdd]%'[0xdf][0xfd][0xee][0x99]\HSZi[0xfb][0x1a]I[0x11][0xf1][0x10][0x2][0xd2]h[0xb5]_[0x0][0x8d]rO[0xf6][0xa8][0xd0][0xb8][0x94]VV[0xb6]([0xda][0x8e][0x14][0x10]B[0xc4]!NyD)Ks[0x96]'y@z[[0x9][0xbd][0xdb]uhE[0x87][0x95]V[0xb5][0xf][0x6][0xc4][0xf]}i[0xe5][0xfa][0xc8][0xe7]zC[0xee]@[0x94][0xdb][0xad][0xc1]A[0xce][0xd5][0xaf][0xd8][0xe0][0xb0][0x10][0x16][0xc5]~[0xd5][0x1b][0x83][0xca][0x8a][0x11]K{@#z%[0xad][0xab][0xbe][0xcc]EnNv:K[0x80][0xba]Y[0xa9],[0x9a][0xa1]l[0x1c][0xfc]5p[0xeb][0xb0]=y[0xff][0xde][0xf8][0xf0][0xed][0xfa][0xe1][0xd8]([0xdd][0xdb][0x9][0xb1]v[0xe4][0xd8][0xbe][0x1f][0x16]TK[0x83][0xd5]bs[0xbb][0xfa][0xc2]N[0xd4][0xe5][0xd9][0xdd]|[0xe0]g}[0xa5][0xfd][0xd7][0x90][0xb1][0xd5]o[0xf3]qz[0x11][0xfc][0xa7][0xc6][0x80][0xf1][0x15][0xf0][0x15][0x83][\r][0xcd][0x8a][0x98]?8[0xe6][0x0]Ov[0xc]B[0xfa] [0x97][0x86][0xc9][0x8b][0x19]K[0xb3][0xbb][0x18]<y[0xb1]i[0xfa][0x6][0x0][0x0][0xff][0xff]"
00:21:07.883 [main] DEBUG org.apache.http.wire -  << "[\r][\n]"
00:21:07.883 [main] DEBUG org.apache.http.wire -  << "6[\r][\n]"
00:21:07.883 [main] DEBUG org.apache.http.wire -  << "[0x3][0x0][0xc4][0xf6][0x98][0xb2]"
00:21:07.883 [main] DEBUG org.apache.http.wire -  << "[\r][\n]"
00:21:07.883 [main] DEBUG org.apache.http.wire -  << "0[\r][\n]"
00:21:07.883 [main] DEBUG org.apache.http.wire -  << "[\r][\n]"
00:21:07.883 [main] DEBUG org.apache.http.impl.conn.BasicClientConnectionManager - Releasing connection org.apache.http.impl.conn.ManagedClientConnectionImpl@7e1ffe70
00:21:07.883 [main] DEBUG org.apache.http.impl.conn.BasicClientConnectionManager - Connection can be kept alive indefinitely
00:21:07.892 [main] DEBUG com.networknt.schema.PropertiesValidator - validate( {"latitude":35.0,"longitude":139.0,"generationtime_ms":0.03504753112792969,"utc_offset_seconds":0,"timezone":"GMT","timezone_abbreviation":"GMT","elevation":234.0,"current_weather_units":{"time":"iso8601","interval":"seconds","temperature":"°C","windspeed":"km/h","winddirection":"°","is_day":"","weathercode":"wmo code"},"current_weather":{"time":"2025-05-20T18:45","interval":900,"temperature":20.1,"windspeed":7.6,"winddirection":278,"is_day":0,"weathercode":2}}, {"latitude":35.0,"longitude":139.0,"generationtime_ms":0.03504753112792969,"utc_offset_seconds":0,"timezone":"GMT","timezone_abbreviation":"GMT","elevation":234.0,"current_weather_units":{"time":"iso8601","interval":"seconds","temperature":"°C","windspeed":"km/h","winddirection":"°","is_day":"","weathercode":"wmo code"},"current_weather":{"time":"2025-05-20T18:45","interval":900,"temperature":20.1,"windspeed":7.6,"winddirection":278,"is_day":0,"weathercode":2}}, $)
00:21:07.894 [main] DEBUG com.networknt.schema.TypeValidator - validate( 35.0, {"latitude":35.0,"longitude":139.0,"generationtime_ms":0.03504753112792969,"utc_offset_seconds":0,"timezone":"GMT","timezone_abbreviation":"GMT","elevation":234.0,"current_weather_units":{"time":"iso8601","interval":"seconds","temperature":"°C","windspeed":"km/h","winddirection":"°","is_day":"","weathercode":"wmo code"},"current_weather":{"time":"2025-05-20T18:45","interval":900,"temperature":20.1,"windspeed":7.6,"winddirection":278,"is_day":0,"weathercode":2}}, $.latitude)
00:21:07.895 [main] DEBUG com.networknt.schema.TypeValidator - validate( 139.0, {"latitude":35.0,"longitude":139.0,"generationtime_ms":0.03504753112792969,"utc_offset_seconds":0,"timezone":"GMT","timezone_abbreviation":"GMT","elevation":234.0,"current_weather_units":{"time":"iso8601","interval":"seconds","temperature":"°C","windspeed":"km/h","winddirection":"°","is_day":"","weathercode":"wmo code"},"current_weather":{"time":"2025-05-20T18:45","interval":900,"temperature":20.1,"windspeed":7.6,"winddirection":278,"is_day":0,"weathercode":2}}, $.longitude)
00:21:07.895 [main] DEBUG com.networknt.schema.PropertiesValidator - validate( {"time":"2025-05-20T18:45","interval":900,"temperature":20.1,"windspeed":7.6,"winddirection":278,"is_day":0,"weathercode":2}, {"latitude":35.0,"longitude":139.0,"generationtime_ms":0.03504753112792969,"utc_offset_seconds":0,"timezone":"GMT","timezone_abbreviation":"GMT","elevation":234.0,"current_weather_units":{"time":"iso8601","interval":"seconds","temperature":"°C","windspeed":"km/h","winddirection":"°","is_day":"","weathercode":"wmo code"},"current_weather":{"time":"2025-05-20T18:45","interval":900,"temperature":20.1,"windspeed":7.6,"winddirection":278,"is_day":0,"weathercode":2}}, $.current_weather)
00:21:07.895 [main] DEBUG com.networknt.schema.TypeValidator - validate( 20.1, {"latitude":35.0,"longitude":139.0,"generationtime_ms":0.03504753112792969,"utc_offset_seconds":0,"timezone":"GMT","timezone_abbreviation":"GMT","elevation":234.0,"current_weather_units":{"time":"iso8601","interval":"seconds","temperature":"°C","windspeed":"km/h","winddirection":"°","is_day":"","weathercode":"wmo code"},"current_weather":{"time":"2025-05-20T18:45","interval":900,"temperature":20.1,"windspeed":7.6,"winddirection":278,"is_day":0,"weathercode":2}}, $.current_weather.temperature)
00:21:07.896 [main] DEBUG com.networknt.schema.TypeValidator - validate( 7.6, {"latitude":35.0,"longitude":139.0,"generationtime_ms":0.03504753112792969,"utc_offset_seconds":0,"timezone":"GMT","timezone_abbreviation":"GMT","elevation":234.0,"current_weather_units":{"time":"iso8601","interval":"seconds","temperature":"°C","windspeed":"km/h","winddirection":"°","is_day":"","weathercode":"wmo code"},"current_weather":{"time":"2025-05-20T18:45","interval":900,"temperature":20.1,"windspeed":7.6,"winddirection":278,"is_day":0,"weathercode":2}}, $.current_weather.windspeed)
00:21:07.896 [main] DEBUG com.networknt.schema.TypeValidator - validate( 278, {"latitude":35.0,"longitude":139.0,"generationtime_ms":0.03504753112792969,"utc_offset_seconds":0,"timezone":"GMT","timezone_abbreviation":"GMT","elevation":234.0,"current_weather_units":{"time":"iso8601","interval":"seconds","temperature":"°C","windspeed":"km/h","winddirection":"°","is_day":"","weathercode":"wmo code"},"current_weather":{"time":"2025-05-20T18:45","interval":900,"temperature":20.1,"windspeed":7.6,"winddirection":278,"is_day":0,"weathercode":2}}, $.current_weather.winddirection)
00:21:07.897 [main] DEBUG com.networknt.schema.TypeValidator - validate( 2, {"latitude":35.0,"longitude":139.0,"generationtime_ms":0.03504753112792969,"utc_offset_seconds":0,"timezone":"GMT","timezone_abbreviation":"GMT","elevation":234.0,"current_weather_units":{"time":"iso8601","interval":"seconds","temperature":"°C","windspeed":"km/h","winddirection":"°","is_day":"","weathercode":"wmo code"},"current_weather":{"time":"2025-05-20T18:45","interval":900,"temperature":20.1,"windspeed":7.6,"winddirection":278,"is_day":0,"weathercode":2}}, $.current_weather.weathercode)
00:21:07.897 [main] DEBUG com.networknt.schema.TypeValidator - validate( "2025-05-20T18:45", {"latitude":35.0,"longitude":139.0,"generationtime_ms":0.03504753112792969,"utc_offset_seconds":0,"timezone":"GMT","timezone_abbreviation":"GMT","elevation":234.0,"current_weather_units":{"time":"iso8601","interval":"seconds","temperature":"°C","windspeed":"km/h","winddirection":"°","is_day":"","weathercode":"wmo code"},"current_weather":{"time":"2025-05-20T18:45","interval":900,"temperature":20.1,"windspeed":7.6,"winddirection":278,"is_day":0,"weathercode":2}}, $.current_weather.time)
00:21:07.897 [main] DEBUG com.networknt.schema.RequiredValidator - validate( {"time":"2025-05-20T18:45","interval":900,"temperature":20.1,"windspeed":7.6,"winddirection":278,"is_day":0,"weathercode":2}, {"latitude":35.0,"longitude":139.0,"generationtime_ms":0.03504753112792969,"utc_offset_seconds":0,"timezone":"GMT","timezone_abbreviation":"GMT","elevation":234.0,"current_weather_units":{"time":"iso8601","interval":"seconds","temperature":"°C","windspeed":"km/h","winddirection":"°","is_day":"","weathercode":"wmo code"},"current_weather":{"time":"2025-05-20T18:45","interval":900,"temperature":20.1,"windspeed":7.6,"winddirection":278,"is_day":0,"weathercode":2}}, $.current_weather)
00:21:07.897 [main] DEBUG com.networknt.schema.TypeValidator - validate( {"time":"2025-05-20T18:45","interval":900,"temperature":20.1,"windspeed":7.6,"winddirection":278,"is_day":0,"weathercode":2}, {"latitude":35.0,"longitude":139.0,"generationtime_ms":0.03504753112792969,"utc_offset_seconds":0,"timezone":"GMT","timezone_abbreviation":"GMT","elevation":234.0,"current_weather_units":{"time":"iso8601","interval":"seconds","temperature":"°C","windspeed":"km/h","winddirection":"°","is_day":"","weathercode":"wmo code"},"current_weather":{"time":"2025-05-20T18:45","interval":900,"temperature":20.1,"windspeed":7.6,"winddirection":278,"is_day":0,"weathercode":2}}, $.current_weather)
00:21:07.898 [main] DEBUG com.networknt.schema.RequiredValidator - validate( {"latitude":35.0,"longitude":139.0,"generationtime_ms":0.03504753112792969,"utc_offset_seconds":0,"timezone":"GMT","timezone_abbreviation":"GMT","elevation":234.0,"current_weather_units":{"time":"iso8601","interval":"seconds","temperature":"°C","windspeed":"km/h","winddirection":"°","is_day":"","weathercode":"wmo code"},"current_weather":{"time":"2025-05-20T18:45","interval":900,"temperature":20.1,"windspeed":7.6,"winddirection":278,"is_day":0,"weathercode":2}}, {"latitude":35.0,"longitude":139.0,"generationtime_ms":0.03504753112792969,"utc_offset_seconds":0,"timezone":"GMT","timezone_abbreviation":"GMT","elevation":234.0,"current_weather_units":{"time":"iso8601","interval":"seconds","temperature":"°C","windspeed":"km/h","winddirection":"°","is_day":"","weathercode":"wmo code"},"current_weather":{"time":"2025-05-20T18:45","interval":900,"temperature":20.1,"windspeed":7.6,"winddirection":278,"is_day":0,"weathercode":2}}, $)
00:21:07.898 [main] DEBUG com.networknt.schema.TypeValidator - validate( {"latitude":35.0,"longitude":139.0,"generationtime_ms":0.03504753112792969,"utc_offset_seconds":0,"timezone":"GMT","timezone_abbreviation":"GMT","elevation":234.0,"current_weather_units":{"time":"iso8601","interval":"seconds","temperature":"°C","windspeed":"km/h","winddirection":"°","is_day":"","weathercode":"wmo code"},"current_weather":{"time":"2025-05-20T18:45","interval":900,"temperature":20.1,"windspeed":7.6,"winddirection":278,"is_day":0,"weathercode":2}}, {"latitude":35.0,"longitude":139.0,"generationtime_ms":0.03504753112792969,"utc_offset_seconds":0,"timezone":"GMT","timezone_abbreviation":"GMT","elevation":234.0,"current_weather_units":{"time":"iso8601","interval":"seconds","temperature":"°C","windspeed":"km/h","winddirection":"°","is_day":"","weathercode":"wmo code"},"current_weather":{"time":"2025-05-20T18:45","interval":900,"temperature":20.1,"windspeed":7.6,"winddirection":278,"is_day":0,"weathercode":2}}, $)
00:21:07.898 [main] INFO com.healthmonitor.api.HealthChecker - 
Checking https://api.open-meteo.com/v1/forecast?latitude=35&longitude=139&current_weather=true:
00:21:07.898 [main] INFO com.healthmonitor.api.HealthChecker - Status: 200
00:21:07.898 [main] INFO com.healthmonitor.api.HealthChecker - Response Time: 888ms
00:21:07.898 [main] INFO com.healthmonitor.api.HealthChecker - Schema Valid: true
00:21:07.898 [main] INFO com.healthmonitor.api.HealthChecker - 
Checking https://api.open-meteo.com/v1/forecast?latitude=35&longitude=139&current_weather=true:
00:21:07.898 [main] INFO com.healthmonitor.api.HealthChecker - Status: 200
00:21:07.898 [main] INFO com.healthmonitor.api.HealthChecker - Response Time: 888ms
00:21:07.898 [main] INFO com.healthmonitor.api.HealthChecker - Schema Valid: true
]]></system-out>
  </testcase>
</testsuite>