<?xml version="1.0" encoding="UTF-8"?>
<!-- Generated by org.testng.reporters.JUnitReportReporter -->
<testsuite hostname="Jonaks-MacBook-Air.local" failures="0" tests="3" name="com.healthmonitor.api.HealthCheckerTest" time="7.983" errors="0" timestamp="2025-05-21T00:21:09 IST" skipped="0">
  <testcase classname="com.healthmonitor.api.HealthCheckerTest" name="testCoinDeskAPI" time="5.461"/>
  <system-out/>
  <testcase classname="com.healthmonitor.api.HealthCheckerTest" name="testGitHubAPI" time="1.272"/>
  <system-out/>
  <testcase classname="com.healthmonitor.api.HealthCheckerTest" name="testOpenMeteoAPI" time="1.250"/>
  <system-out/>
</testsuite> <!-- com.healthmonitor.api.HealthCheckerTest -->
